[1.174s] Invoking command in '/home/flynn/webots_ros2_ws/src/nav2_bt_hw': CMAKE_PREFIX_PATH=/home/flynn/webots_ros2_ws/install/turtlebot3_camera_service_interfaces LD_LIBRARY_PATH=/home/flynn/webots_ros2_ws/install/turtlebot3_camera_service_interfaces/lib:${LD_LIBRARY_PATH} PKG_CONFIG_PATH=/home/flynn/webots_ros2_ws/install/turtlebot3_camera_service_interfaces/lib/x86_64-linux-gnu/pkgconfig:/home/flynn/webots_ros2_ws/install/turtlebot3_camera_service_interfaces/lib/pkgconfig PYTHONPATH=/home/flynn/webots_ros2_ws/build/nav2_bt_hw/prefix_override:/usr/lib/python3/dist-packages/colcon_core/task/python/colcon_distutils_commands:/home/flynn/webots_ros2_ws/install/nav2_bt_hw/lib/python3.10/site-packages:/home/flynn/webots_ros2_ws/install/turtlebot3_camera_service_interfaces/local/lib/python3.10/dist-packages:${PYTHONPATH} ROS_PACKAGE_PATH=/home/flynn/webots_ros2_ws/install/turtlebot3_camera_service_interfaces/share /usr/bin/python3 -W ignore:setup.py install is deprecated -W ignore:easy_install command is deprecated setup.py egg_info --egg-base ../../build/nav2_bt_hw build --build-base /home/flynn/webots_ros2_ws/build/nav2_bt_hw/build install --record /home/flynn/webots_ros2_ws/build/nav2_bt_hw/install.log --install-scripts $base/lib/nav2_bt_hw --single-version-externally-managed install_data
[1.476s] /usr/lib/python3/dist-packages/setuptools/dist.py:723: UserWarning: Usage of dash-separated 'script-dir' will not be supported in future versions. Please use the underscore name 'script_dir' instead
[1.476s]   warnings.warn(
[1.486s] running egg_info
[1.488s] writing ../../build/nav2_bt_hw/nav2_bt_hw.egg-info/PKG-INFO
[1.488s] writing dependency_links to ../../build/nav2_bt_hw/nav2_bt_hw.egg-info/dependency_links.txt
[1.488s] writing entry points to ../../build/nav2_bt_hw/nav2_bt_hw.egg-info/entry_points.txt
[1.488s] writing requirements to ../../build/nav2_bt_hw/nav2_bt_hw.egg-info/requires.txt
[1.488s] writing top-level names to ../../build/nav2_bt_hw/nav2_bt_hw.egg-info/top_level.txt
[1.490s] reading manifest file '../../build/nav2_bt_hw/nav2_bt_hw.egg-info/SOURCES.txt'
[1.491s] writing manifest file '../../build/nav2_bt_hw/nav2_bt_hw.egg-info/SOURCES.txt'
[1.491s] running build
[1.492s] running build_py
[1.492s] running install
[1.492s] running install_lib
[1.494s] running install_data
[1.494s] running install_egg_info
[1.497s] removing '/home/flynn/webots_ros2_ws/install/nav2_bt_hw/lib/python3.10/site-packages/nav2_bt_hw-0.0.0-py3.10.egg-info' (and everything under it)
[1.498s] Copying ../../build/nav2_bt_hw/nav2_bt_hw.egg-info to /home/flynn/webots_ros2_ws/install/nav2_bt_hw/lib/python3.10/site-packages/nav2_bt_hw-0.0.0-py3.10.egg-info
[1.498s] running install_scripts
[1.528s] Installing bt_sequence_node script to /home/flynn/webots_ros2_ws/install/nav2_bt_hw/lib/nav2_bt_hw
[1.528s] writing list of installed files to '/home/flynn/webots_ros2_ws/build/nav2_bt_hw/install.log'
[1.566s] Invoked command in '/home/flynn/webots_ros2_ws/src/nav2_bt_hw' returned '0': CMAKE_PREFIX_PATH=/home/flynn/webots_ros2_ws/install/turtlebot3_camera_service_interfaces LD_LIBRARY_PATH=/home/flynn/webots_ros2_ws/install/turtlebot3_camera_service_interfaces/lib:${LD_LIBRARY_PATH} PKG_CONFIG_PATH=/home/flynn/webots_ros2_ws/install/turtlebot3_camera_service_interfaces/lib/x86_64-linux-gnu/pkgconfig:/home/flynn/webots_ros2_ws/install/turtlebot3_camera_service_interfaces/lib/pkgconfig PYTHONPATH=/home/flynn/webots_ros2_ws/build/nav2_bt_hw/prefix_override:/usr/lib/python3/dist-packages/colcon_core/task/python/colcon_distutils_commands:/home/flynn/webots_ros2_ws/install/nav2_bt_hw/lib/python3.10/site-packages:/home/flynn/webots_ros2_ws/install/turtlebot3_camera_service_interfaces/local/lib/python3.10/dist-packages:${PYTHONPATH} ROS_PACKAGE_PATH=/home/flynn/webots_ros2_ws/install/turtlebot3_camera_service_interfaces/share /usr/bin/python3 -W ignore:setup.py install is deprecated -W ignore:easy_install command is deprecated setup.py egg_info --egg-base ../../build/nav2_bt_hw build --build-base /home/flynn/webots_ros2_ws/build/nav2_bt_hw/build install --record /home/flynn/webots_ros2_ws/build/nav2_bt_hw/install.log --install-scripts $base/lib/nav2_bt_hw --single-version-externally-managed install_data
