[0.778s] Invoking command in '/home/flynn/webots_ros2_ws/src/webots_ros2/webots_ros2_turtlebot': AMENT_PREFIX_PATH=/home/flynn/webots_ros2_ws/install/webots_ros2_control:/home/flynn/webots_ros2_ws/install/webots_ros2_driver:/home/flynn/webots_ros2_ws/install/webots_ros2_msgs:${AMENT_PREFIX_PATH} CMAKE_PREFIX_PATH=/home/flynn/webots_ros2_ws/install/webots_ros2_control:/home/flynn/webots_ros2_ws/install/webots_ros2_driver:/home/flynn/webots_ros2_ws/install/webots_ros2_msgs LD_LIBRARY_PATH=/home/flynn/webots_ros2_ws/install/webots_ros2_control/lib:/home/flynn/webots_ros2_ws/install/webots_ros2_driver/lib:/home/flynn/webots_ros2_ws/install/webots_ros2_msgs/lib:${LD_LIBRARY_PATH} PYTHONPATH=/home/flynn/webots_ros2_ws/build/webots_ros2_turtlebot/prefix_override:/usr/lib/python3/dist-packages/colcon_core/task/python/colcon_distutils_commands:/home/flynn/webots_ros2_ws/install/webots_ros2_turtlebot/lib/python3.10/site-packages:/home/flynn/webots_ros2_ws/install/webots_ros2_driver/local/lib/python3.10/dist-packages:/home/flynn/webots_ros2_ws/install/webots_ros2_msgs/local/lib/python3.10/dist-packages:${PYTHONPATH} /usr/bin/python3 -W ignore:setup.py install is deprecated -W ignore:easy_install command is deprecated setup.py egg_info --egg-base ../../../build/webots_ros2_turtlebot build --build-base /home/flynn/webots_ros2_ws/build/webots_ros2_turtlebot/build install --record /home/flynn/webots_ros2_ws/build/webots_ros2_turtlebot/install.log --single-version-externally-managed install_data
[1.044s] running egg_info
[1.046s] writing ../../../build/webots_ros2_turtlebot/webots_ros2_turtlebot.egg-info/PKG-INFO
[1.047s] writing dependency_links to ../../../build/webots_ros2_turtlebot/webots_ros2_turtlebot.egg-info/dependency_links.txt
[1.047s] writing entry points to ../../../build/webots_ros2_turtlebot/webots_ros2_turtlebot.egg-info/entry_points.txt
[1.047s] writing requirements to ../../../build/webots_ros2_turtlebot/webots_ros2_turtlebot.egg-info/requires.txt
[1.047s] writing top-level names to ../../../build/webots_ros2_turtlebot/webots_ros2_turtlebot.egg-info/top_level.txt
[1.049s] reading manifest file '../../../build/webots_ros2_turtlebot/webots_ros2_turtlebot.egg-info/SOURCES.txt'
[1.050s] writing manifest file '../../../build/webots_ros2_turtlebot/webots_ros2_turtlebot.egg-info/SOURCES.txt'
[1.050s] running build
[1.050s] running build_py
[1.050s] running install
[1.051s] running install_lib
[1.052s] running install_data
[1.052s] running install_egg_info
[1.055s] removing '/home/flynn/webots_ros2_ws/install/webots_ros2_turtlebot/lib/python3.10/site-packages/webots_ros2_turtlebot-2025.0.1-py3.10.egg-info' (and everything under it)
[1.055s] Copying ../../../build/webots_ros2_turtlebot/webots_ros2_turtlebot.egg-info to /home/flynn/webots_ros2_ws/install/webots_ros2_turtlebot/lib/python3.10/site-packages/webots_ros2_turtlebot-2025.0.1-py3.10.egg-info
[1.056s] running install_scripts
[1.081s] writing list of installed files to '/home/flynn/webots_ros2_ws/build/webots_ros2_turtlebot/install.log'
[1.107s] Invoked command in '/home/flynn/webots_ros2_ws/src/webots_ros2/webots_ros2_turtlebot' returned '0': AMENT_PREFIX_PATH=/home/flynn/webots_ros2_ws/install/webots_ros2_control:/home/flynn/webots_ros2_ws/install/webots_ros2_driver:/home/flynn/webots_ros2_ws/install/webots_ros2_msgs:${AMENT_PREFIX_PATH} CMAKE_PREFIX_PATH=/home/flynn/webots_ros2_ws/install/webots_ros2_control:/home/flynn/webots_ros2_ws/install/webots_ros2_driver:/home/flynn/webots_ros2_ws/install/webots_ros2_msgs LD_LIBRARY_PATH=/home/flynn/webots_ros2_ws/install/webots_ros2_control/lib:/home/flynn/webots_ros2_ws/install/webots_ros2_driver/lib:/home/flynn/webots_ros2_ws/install/webots_ros2_msgs/lib:${LD_LIBRARY_PATH} PYTHONPATH=/home/flynn/webots_ros2_ws/build/webots_ros2_turtlebot/prefix_override:/usr/lib/python3/dist-packages/colcon_core/task/python/colcon_distutils_commands:/home/flynn/webots_ros2_ws/install/webots_ros2_turtlebot/lib/python3.10/site-packages:/home/flynn/webots_ros2_ws/install/webots_ros2_driver/local/lib/python3.10/dist-packages:/home/flynn/webots_ros2_ws/install/webots_ros2_msgs/local/lib/python3.10/dist-packages:${PYTHONPATH} /usr/bin/python3 -W ignore:setup.py install is deprecated -W ignore:easy_install command is deprecated setup.py egg_info --egg-base ../../../build/webots_ros2_turtlebot build --build-base /home/flynn/webots_ros2_ws/build/webots_ros2_turtlebot/build install --record /home/flynn/webots_ros2_ws/build/webots_ros2_turtlebot/install.log --single-version-externally-managed install_data
