[2.651s] Invoking command in '/home/flynn/webots_ros2_ws/build/nav2_bt_hw': CMAKE_PREFIX_PATH=/home/flynn/webots_ros2_ws/install/turtlebot3_camera_service_interfaces:/home/flynn/webots_ros2_ws/install/webots_ros2_control:/home/flynn/webots_ros2_ws/install/webots_ros2_driver:/home/flynn/webots_ros2_ws/install/webots_ros2_msgs LD_LIBRARY_PATH=/home/flynn/webots_ros2_ws/install/turtlebot3_camera_service_interfaces/lib:/home/flynn/webots_ros2_ws/install/webots_ros2_control/lib:/home/flynn/webots_ros2_ws/install/webots_ros2_driver/lib:/home/flynn/webots_ros2_ws/install/webots_ros2_msgs/lib:/opt/ros/humble/opt/rviz_ogre_vendor/lib:/opt/ros/humble/lib/x86_64-linux-gnu:/opt/ros/humble/lib PYTHONPATH=/home/flynn/webots_ros2_ws/build/nav2_bt_hw/prefix_override:/usr/lib/python3/dist-packages/colcon_core/task/python/colcon_distutils_commands:/home/flynn/webots_ros2_ws/install/nav2_bt_hw/lib/python3.10/site-packages:/home/flynn/webots_ros2_ws/install/turtlebot3_camera_service_interfaces/local/lib/python3.10/dist-packages:/home/flynn/webots_ros2_ws/build/webots_ros2:/home/flynn/webots_ros2_ws/install/webots_ros2/lib/python3.10/site-packages:/home/flynn/webots_ros2_ws/build/webots_ros2_turtlebot:/home/flynn/webots_ros2_ws/install/webots_ros2_turtlebot/lib/python3.10/site-packages:/home/flynn/webots_ros2_ws/build/webots_ros2_tests:/home/flynn/webots_ros2_ws/install/webots_ros2_tests/lib/python3.10/site-packages:/home/flynn/webots_ros2_ws/install/webots_ros2_driver/local/lib/python3.10/dist-packages:/home/flynn/webots_ros2_ws/install/webots_ros2_msgs/local/lib/python3.10/dist-packages:/home/flynn/webots_ros2_ws/build/turtlebot3_camera_service:/home/flynn/webots_ros2_ws/install/turtlebot3_camera_service/lib/python3.10/site-packages:/opt/ros/humble/lib/python3.10/site-packages:/opt/ros/humble/local/lib/python3.10/dist-packages /usr/bin/python3 -W ignore:setup.py install is deprecated -W ignore:easy_install command is deprecated setup.py develop --editable --build-directory /home/flynn/webots_ros2_ws/build/nav2_bt_hw/build --no-deps symlink_data
[2.959s] /usr/lib/python3/dist-packages/setuptools/dist.py:723: UserWarning: Usage of dash-separated 'script-dir' will not be supported in future versions. Please use the underscore name 'script_dir' instead
[2.960s]   warnings.warn(
[2.997s] running develop
[3.197s] running egg_info
[3.197s] creating nav2_bt_hw.egg-info
[3.197s] writing nav2_bt_hw.egg-info/PKG-INFO
[3.197s] writing dependency_links to nav2_bt_hw.egg-info/dependency_links.txt
[3.198s] writing entry points to nav2_bt_hw.egg-info/entry_points.txt
[3.198s] writing requirements to nav2_bt_hw.egg-info/requires.txt
[3.198s] writing top-level names to nav2_bt_hw.egg-info/top_level.txt
[3.198s] writing manifest file 'nav2_bt_hw.egg-info/SOURCES.txt'
[3.200s] reading manifest file 'nav2_bt_hw.egg-info/SOURCES.txt'
[3.201s] writing manifest file 'nav2_bt_hw.egg-info/SOURCES.txt'
[3.202s] running build_ext
[3.202s] Creating /home/flynn/webots_ros2_ws/install/nav2_bt_hw/lib/python3.10/site-packages/nav2-bt-hw.egg-link (link to .)
[3.204s] Installing bt_sequence_node script to /home/flynn/webots_ros2_ws/install/nav2_bt_hw/lib/nav2_bt_hw
[3.204s] 
[3.204s] Installed /home/flynn/webots_ros2_ws/build/nav2_bt_hw
[3.204s] running symlink_data
[3.204s] creating /home/flynn/webots_ros2_ws/install/nav2_bt_hw/share/ament_index
[3.204s] creating /home/flynn/webots_ros2_ws/install/nav2_bt_hw/share/ament_index/resource_index
[3.204s] creating /home/flynn/webots_ros2_ws/install/nav2_bt_hw/share/ament_index/resource_index/packages
[3.204s] symbolically linking /home/flynn/webots_ros2_ws/build/nav2_bt_hw/resource/nav2_bt_hw -> /home/flynn/webots_ros2_ws/install/nav2_bt_hw/share/ament_index/resource_index/packages
[3.205s] symbolically linking /home/flynn/webots_ros2_ws/build/nav2_bt_hw/package.xml -> /home/flynn/webots_ros2_ws/install/nav2_bt_hw/share/nav2_bt_hw
[3.238s] Invoked command in '/home/flynn/webots_ros2_ws/build/nav2_bt_hw' returned '0': CMAKE_PREFIX_PATH=/home/flynn/webots_ros2_ws/install/turtlebot3_camera_service_interfaces:/home/flynn/webots_ros2_ws/install/webots_ros2_control:/home/flynn/webots_ros2_ws/install/webots_ros2_driver:/home/flynn/webots_ros2_ws/install/webots_ros2_msgs LD_LIBRARY_PATH=/home/flynn/webots_ros2_ws/install/turtlebot3_camera_service_interfaces/lib:/home/flynn/webots_ros2_ws/install/webots_ros2_control/lib:/home/flynn/webots_ros2_ws/install/webots_ros2_driver/lib:/home/flynn/webots_ros2_ws/install/webots_ros2_msgs/lib:/opt/ros/humble/opt/rviz_ogre_vendor/lib:/opt/ros/humble/lib/x86_64-linux-gnu:/opt/ros/humble/lib PYTHONPATH=/home/flynn/webots_ros2_ws/build/nav2_bt_hw/prefix_override:/usr/lib/python3/dist-packages/colcon_core/task/python/colcon_distutils_commands:/home/flynn/webots_ros2_ws/install/nav2_bt_hw/lib/python3.10/site-packages:/home/flynn/webots_ros2_ws/install/turtlebot3_camera_service_interfaces/local/lib/python3.10/dist-packages:/home/flynn/webots_ros2_ws/build/webots_ros2:/home/flynn/webots_ros2_ws/install/webots_ros2/lib/python3.10/site-packages:/home/flynn/webots_ros2_ws/build/webots_ros2_turtlebot:/home/flynn/webots_ros2_ws/install/webots_ros2_turtlebot/lib/python3.10/site-packages:/home/flynn/webots_ros2_ws/build/webots_ros2_tests:/home/flynn/webots_ros2_ws/install/webots_ros2_tests/lib/python3.10/site-packages:/home/flynn/webots_ros2_ws/install/webots_ros2_driver/local/lib/python3.10/dist-packages:/home/flynn/webots_ros2_ws/install/webots_ros2_msgs/local/lib/python3.10/dist-packages:/home/flynn/webots_ros2_ws/build/turtlebot3_camera_service:/home/flynn/webots_ros2_ws/install/turtlebot3_camera_service/lib/python3.10/site-packages:/opt/ros/humble/lib/python3.10/site-packages:/opt/ros/humble/local/lib/python3.10/dist-packages /usr/bin/python3 -W ignore:setup.py install is deprecated -W ignore:easy_install command is deprecated setup.py develop --editable --build-directory /home/flynn/webots_ros2_ws/build/nav2_bt_hw/build --no-deps symlink_data
