[0.018s] Invoking command in '/home/flynn/webots_ros2_ws/build/webots_ros2_msgs': CMAKE_PREFIX_PATH=/opt/ros/humble /usr/bin/cmake /home/flynn/webots_ros2_ws/src/webots_ros2/webots_ros2_msgs -DCMAKE_INSTALL_PREFIX=/home/flynn/webots_ros2_ws/install/webots_ros2_msgs
[0.053s] -- Found ament_cmake: 1.3.12 (/opt/ros/humble/share/ament_cmake/cmake)
[0.227s] -- Override CMake install command with custom implementation using symlinks instead of copying resources
[0.244s] -- Found builtin_interfaces: 1.2.2 (/opt/ros/humble/share/builtin_interfaces/cmake)
[0.281s] -- Found rosidl_generator_c: 3.1.7 (/opt/ros/humble/share/rosidl_generator_c/cmake)
[0.285s] -- Found rosidl_adapter: 3.1.7 (/opt/ros/humble/share/rosidl_adapter/cmake)
[0.293s] -- Found rosidl_generator_cpp: 3.1.7 (/opt/ros/humble/share/rosidl_generator_cpp/cmake)
[0.307s] -- Using all available rosidl_typesupport_c: rosidl_typesupport_fastrtps_c;rosidl_typesupport_introspection_c
[0.323s] -- Using all available rosidl_typesupport_cpp: rosidl_typesupport_fastrtps_cpp;rosidl_typesupport_introspection_cpp
[0.338s] -- Found rosidl_default_generators: 1.2.0 (/opt/ros/humble/share/rosidl_default_generators/cmake)
[0.347s] -- Found geometry_msgs: 4.9.0 (/opt/ros/humble/share/geometry_msgs/cmake)
[0.387s] -- Found vision_msgs: 4.1.1 (/opt/ros/humble/share/vision_msgs/cmake)
[0.925s] -- Found ament_cmake_cppcheck: 0.12.14 (/opt/ros/humble/share/ament_cmake_cppcheck/cmake)
[0.927s] -- Found ament_cmake_cpplint: 0.12.14 (/opt/ros/humble/share/ament_cmake_cpplint/cmake)
[0.928s] -- Found ament_cmake_uncrustify: 0.12.14 (/opt/ros/humble/share/ament_cmake_uncrustify/cmake)
[0.930s] -- Found ament_cmake_ros: 0.10.0 (/opt/ros/humble/share/ament_cmake_ros/cmake)
[1.694s] -- Using all available rosidl_typesupport_c: rosidl_typesupport_fastrtps_c;rosidl_typesupport_introspection_c
[1.970s] -- Using all available rosidl_typesupport_cpp: rosidl_typesupport_fastrtps_cpp;rosidl_typesupport_introspection_cpp
[2.022s] -- Found python_cmake_module: 0.10.0 (/opt/ros/humble/share/python_cmake_module/cmake)
[2.068s] -- Using PYTHON_EXECUTABLE: /usr/bin/python3
[2.068s] -- Using PYTHON_INCLUDE_DIRS: /usr/include/python3.10
[2.068s] -- Using PYTHON_LIBRARIES: /usr/lib/x86_64-linux-gnu/libpython3.10.so
[2.165s] -- Found ament_cmake_flake8: 0.12.14 (/opt/ros/humble/share/ament_cmake_flake8/cmake)
[2.167s] -- Found ament_cmake_pep257: 0.12.14 (/opt/ros/humble/share/ament_cmake_pep257/cmake)
[2.176s] -- Found ament_lint_auto: 0.12.14 (/opt/ros/humble/share/ament_lint_auto/cmake)
[2.200s] -- Added test 'lint_cmake' to check CMake code style
[2.201s] -- Added test 'xmllint' to check XML markup files
[2.207s] -- Configuring done
[2.329s] -- Generating done
[2.358s] -- Build files have been written to: /home/flynn/webots_ros2_ws/build/webots_ros2_msgs
[3.038s] Invoked command in '/home/flynn/webots_ros2_ws/build/webots_ros2_msgs' returned '0': CMAKE_PREFIX_PATH=/opt/ros/humble /usr/bin/cmake /home/flynn/webots_ros2_ws/src/webots_ros2/webots_ros2_msgs -DCMAKE_INSTALL_PREFIX=/home/flynn/webots_ros2_ws/install/webots_ros2_msgs
[3.039s] Invoking command in '/home/flynn/webots_ros2_ws/build/webots_ros2_msgs': CMAKE_PREFIX_PATH=/opt/ros/humble /usr/bin/cmake --build /home/flynn/webots_ros2_ws/build/webots_ros2_msgs -- -j24 -l24
[3.100s] [35m[1mConsolidate compiler generated dependencies of target webots_ros2_msgs__rosidl_generator_c[0m
[3.111s] [  0%] Built target webots_ros2_msgs__cpp
[3.116s] [  0%] Built target ament_cmake_python_symlink_webots_ros2_msgs
[3.126s] [ 12%] Built target webots_ros2_msgs__rosidl_generator_c
[3.136s] [35m[1mConsolidate compiler generated dependencies of target webots_ros2_msgs__rosidl_typesupport_cpp[0m
[3.136s] [35m[1mConsolidate compiler generated dependencies of target webots_ros2_msgs__rosidl_typesupport_fastrtps_cpp[0m
[3.139s] [35m[1mConsolidate compiler generated dependencies of target webots_ros2_msgs__rosidl_typesupport_introspection_cpp[0m
[3.148s] [35m[1mConsolidate compiler generated dependencies of target webots_ros2_msgs__rosidl_typesupport_c[0m
[3.151s] [35m[1mConsolidate compiler generated dependencies of target webots_ros2_msgs__rosidl_typesupport_introspection_c[0m
[3.157s] [35m[1mConsolidate compiler generated dependencies of target webots_ros2_msgs__rosidl_typesupport_fastrtps_c[0m
[3.171s] [ 24%] Built target webots_ros2_msgs__rosidl_typesupport_c
[3.171s] [ 36%] Built target webots_ros2_msgs__rosidl_typesupport_cpp
[3.178s] [ 53%] Built target webots_ros2_msgs__rosidl_typesupport_fastrtps_cpp
[3.178s] [ 59%] Built target webots_ros2_msgs__rosidl_typesupport_introspection_cpp
[3.181s] [ 71%] Built target webots_ros2_msgs__rosidl_typesupport_introspection_c
[3.196s] [ 83%] Built target webots_ros2_msgs__rosidl_typesupport_fastrtps_c
[3.230s] [ 83%] Built target webots_ros2_msgs
[3.270s] [ 84%] Built target webots_ros2_msgs__py
[3.294s] [35m[1mConsolidate compiler generated dependencies of target webots_ros2_msgs__rosidl_generator_py[0m
[3.329s] [ 95%] Built target webots_ros2_msgs__rosidl_generator_py
[3.348s] [35m[1mConsolidate compiler generated dependencies of target webots_ros2_msgs__rosidl_typesupport_introspection_c__pyext[0m
[3.348s] [35m[1mConsolidate compiler generated dependencies of target webots_ros2_msgs__rosidl_typesupport_fastrtps_c__pyext[0m
[3.350s] [35m[1mConsolidate compiler generated dependencies of target webots_ros2_msgs__rosidl_typesupport_c__pyext[0m
[3.370s] [ 97%] Built target webots_ros2_msgs__rosidl_typesupport_fastrtps_c__pyext
[3.372s] [ 99%] Built target webots_ros2_msgs__rosidl_typesupport_introspection_c__pyext
[3.373s] [100%] Built target webots_ros2_msgs__rosidl_typesupport_c__pyext
[3.532s] running egg_info
[3.533s] writing webots_ros2_msgs.egg-info/PKG-INFO
[3.533s] writing dependency_links to webots_ros2_msgs.egg-info/dependency_links.txt
[3.533s] writing top-level names to webots_ros2_msgs.egg-info/top_level.txt
[3.537s] reading manifest file 'webots_ros2_msgs.egg-info/SOURCES.txt'
[3.538s] writing manifest file 'webots_ros2_msgs.egg-info/SOURCES.txt'
[3.583s] [100%] Built target ament_cmake_python_build_webots_ros2_msgs_egg
[3.605s] Invoked command in '/home/flynn/webots_ros2_ws/build/webots_ros2_msgs' returned '0': CMAKE_PREFIX_PATH=/opt/ros/humble /usr/bin/cmake --build /home/flynn/webots_ros2_ws/build/webots_ros2_msgs -- -j24 -l24
[3.609s] Invoking command in '/home/flynn/webots_ros2_ws/build/webots_ros2_msgs': CMAKE_PREFIX_PATH=/opt/ros/humble /usr/bin/cmake --install /home/flynn/webots_ros2_ws/build/webots_ros2_msgs
[3.621s] -- Install configuration: ""
[3.623s] -- Execute custom install script
[3.623s] -- Up-to-date symlink: /home/flynn/webots_ros2_ws/install/webots_ros2_msgs/share/ament_index/resource_index/rosidl_interfaces/webots_ros2_msgs
[3.626s] -- Up-to-date symlink: /home/flynn/webots_ros2_ws/install/webots_ros2_msgs/include/webots_ros2_msgs/webots_ros2_msgs/msg/bool_stamped.h
[3.626s] -- Up-to-date symlink: /home/flynn/webots_ros2_ws/install/webots_ros2_msgs/include/webots_ros2_msgs/webots_ros2_msgs/msg/camera_recognition_object.h
[3.627s] -- Up-to-date symlink: /home/flynn/webots_ros2_ws/install/webots_ros2_msgs/include/webots_ros2_msgs/webots_ros2_msgs/msg/camera_recognition_objects.h
[3.627s] -- Up-to-date symlink: /home/flynn/webots_ros2_ws/install/webots_ros2_msgs/include/webots_ros2_msgs/webots_ros2_msgs/msg/detail/bool_stamped__functions.h
[3.628s] -- Up-to-date symlink: /home/flynn/webots_ros2_ws/install/webots_ros2_msgs/include/webots_ros2_msgs/webots_ros2_msgs/msg/detail/bool_stamped__struct.h
[3.628s] -- Up-to-date symlink: /home/flynn/webots_ros2_ws/install/webots_ros2_msgs/include/webots_ros2_msgs/webots_ros2_msgs/msg/detail/bool_stamped__type_support.h
[3.628s] -- Up-to-date symlink: /home/flynn/webots_ros2_ws/install/webots_ros2_msgs/include/webots_ros2_msgs/webots_ros2_msgs/msg/detail/camera_recognition_object__functions.h
[3.629s] -- Up-to-date symlink: /home/flynn/webots_ros2_ws/install/webots_ros2_msgs/include/webots_ros2_msgs/webots_ros2_msgs/msg/detail/camera_recognition_object__struct.h
[3.629s] -- Up-to-date symlink: /home/flynn/webots_ros2_ws/install/webots_ros2_msgs/include/webots_ros2_msgs/webots_ros2_msgs/msg/detail/camera_recognition_object__type_support.h
[3.629s] -- Up-to-date symlink: /home/flynn/webots_ros2_ws/install/webots_ros2_msgs/include/webots_ros2_msgs/webots_ros2_msgs/msg/detail/camera_recognition_objects__functions.h
[3.629s] -- Up-to-date symlink: /home/flynn/webots_ros2_ws/install/webots_ros2_msgs/include/webots_ros2_msgs/webots_ros2_msgs/msg/detail/camera_recognition_objects__struct.h
[3.629s] -- Up-to-date symlink: /home/flynn/webots_ros2_ws/install/webots_ros2_msgs/include/webots_ros2_msgs/webots_ros2_msgs/msg/detail/camera_recognition_objects__type_support.h
[3.630s] -- Up-to-date symlink: /home/flynn/webots_ros2_ws/install/webots_ros2_msgs/include/webots_ros2_msgs/webots_ros2_msgs/msg/detail/float_stamped__functions.h
[3.630s] -- Up-to-date symlink: /home/flynn/webots_ros2_ws/install/webots_ros2_msgs/include/webots_ros2_msgs/webots_ros2_msgs/msg/detail/float_stamped__struct.h
[3.630s] -- Up-to-date symlink: /home/flynn/webots_ros2_ws/install/webots_ros2_msgs/include/webots_ros2_msgs/webots_ros2_msgs/msg/detail/float_stamped__type_support.h
[3.630s] -- Up-to-date symlink: /home/flynn/webots_ros2_ws/install/webots_ros2_msgs/include/webots_ros2_msgs/webots_ros2_msgs/msg/detail/pen_ink_properties__functions.h
[3.631s] -- Up-to-date symlink: /home/flynn/webots_ros2_ws/install/webots_ros2_msgs/include/webots_ros2_msgs/webots_ros2_msgs/msg/detail/pen_ink_properties__struct.h
[3.631s] -- Up-to-date symlink: /home/flynn/webots_ros2_ws/install/webots_ros2_msgs/include/webots_ros2_msgs/webots_ros2_msgs/msg/detail/pen_ink_properties__type_support.h
[3.631s] -- Up-to-date symlink: /home/flynn/webots_ros2_ws/install/webots_ros2_msgs/include/webots_ros2_msgs/webots_ros2_msgs/msg/detail/string_stamped__functions.h
[3.631s] -- Up-to-date symlink: /home/flynn/webots_ros2_ws/install/webots_ros2_msgs/include/webots_ros2_msgs/webots_ros2_msgs/msg/detail/string_stamped__struct.h
[3.632s] -- Up-to-date symlink: /home/flynn/webots_ros2_ws/install/webots_ros2_msgs/include/webots_ros2_msgs/webots_ros2_msgs/msg/detail/string_stamped__type_support.h
[3.632s] -- Up-to-date symlink: /home/flynn/webots_ros2_ws/install/webots_ros2_msgs/include/webots_ros2_msgs/webots_ros2_msgs/msg/detail/urdf_robot__functions.h
[3.632s] -- Up-to-date symlink: /home/flynn/webots_ros2_ws/install/webots_ros2_msgs/include/webots_ros2_msgs/webots_ros2_msgs/msg/detail/urdf_robot__struct.h
[3.632s] -- Up-to-date symlink: /home/flynn/webots_ros2_ws/install/webots_ros2_msgs/include/webots_ros2_msgs/webots_ros2_msgs/msg/detail/urdf_robot__type_support.h
[3.633s] -- Up-to-date symlink: /home/flynn/webots_ros2_ws/install/webots_ros2_msgs/include/webots_ros2_msgs/webots_ros2_msgs/msg/float_stamped.h
[3.633s] -- Up-to-date symlink: /home/flynn/webots_ros2_ws/install/webots_ros2_msgs/include/webots_ros2_msgs/webots_ros2_msgs/msg/pen_ink_properties.h
[3.633s] -- Up-to-date symlink: /home/flynn/webots_ros2_ws/install/webots_ros2_msgs/include/webots_ros2_msgs/webots_ros2_msgs/msg/rosidl_generator_c__visibility_control.h
[3.633s] -- Up-to-date symlink: /home/flynn/webots_ros2_ws/install/webots_ros2_msgs/include/webots_ros2_msgs/webots_ros2_msgs/msg/string_stamped.h
[3.634s] -- Up-to-date symlink: /home/flynn/webots_ros2_ws/install/webots_ros2_msgs/include/webots_ros2_msgs/webots_ros2_msgs/msg/urdf_robot.h
[3.634s] -- Up-to-date symlink: /home/flynn/webots_ros2_ws/install/webots_ros2_msgs/include/webots_ros2_msgs/webots_ros2_msgs/srv/detail/emitter_send_string__functions.h
[3.634s] -- Up-to-date symlink: /home/flynn/webots_ros2_ws/install/webots_ros2_msgs/include/webots_ros2_msgs/webots_ros2_msgs/srv/detail/emitter_send_string__struct.h
[3.634s] -- Up-to-date symlink: /home/flynn/webots_ros2_ws/install/webots_ros2_msgs/include/webots_ros2_msgs/webots_ros2_msgs/srv/detail/emitter_send_string__type_support.h
[3.635s] -- Up-to-date symlink: /home/flynn/webots_ros2_ws/install/webots_ros2_msgs/include/webots_ros2_msgs/webots_ros2_msgs/srv/detail/get_bool__functions.h
[3.635s] -- Up-to-date symlink: /home/flynn/webots_ros2_ws/install/webots_ros2_msgs/include/webots_ros2_msgs/webots_ros2_msgs/srv/detail/get_bool__struct.h
[3.635s] -- Up-to-date symlink: /home/flynn/webots_ros2_ws/install/webots_ros2_msgs/include/webots_ros2_msgs/webots_ros2_msgs/srv/detail/get_bool__type_support.h
[3.635s] -- Up-to-date symlink: /home/flynn/webots_ros2_ws/install/webots_ros2_msgs/include/webots_ros2_msgs/webots_ros2_msgs/srv/detail/set_string__functions.h
[3.636s] -- Up-to-date symlink: /home/flynn/webots_ros2_ws/install/webots_ros2_msgs/include/webots_ros2_msgs/webots_ros2_msgs/srv/detail/set_string__struct.h
[3.636s] -- Up-to-date symlink: /home/flynn/webots_ros2_ws/install/webots_ros2_msgs/include/webots_ros2_msgs/webots_ros2_msgs/srv/detail/set_string__type_support.h
[3.636s] -- Up-to-date symlink: /home/flynn/webots_ros2_ws/install/webots_ros2_msgs/include/webots_ros2_msgs/webots_ros2_msgs/srv/detail/spawn_node_from_string__functions.h
[3.636s] -- Up-to-date symlink: /home/flynn/webots_ros2_ws/install/webots_ros2_msgs/include/webots_ros2_msgs/webots_ros2_msgs/srv/detail/spawn_node_from_string__struct.h
[3.637s] -- Up-to-date symlink: /home/flynn/webots_ros2_ws/install/webots_ros2_msgs/include/webots_ros2_msgs/webots_ros2_msgs/srv/detail/spawn_node_from_string__type_support.h
[3.637s] -- Up-to-date symlink: /home/flynn/webots_ros2_ws/install/webots_ros2_msgs/include/webots_ros2_msgs/webots_ros2_msgs/srv/detail/spawn_urdf_robot__functions.h
[3.637s] -- Up-to-date symlink: /home/flynn/webots_ros2_ws/install/webots_ros2_msgs/include/webots_ros2_msgs/webots_ros2_msgs/srv/detail/spawn_urdf_robot__struct.h
[3.637s] -- Up-to-date symlink: /home/flynn/webots_ros2_ws/install/webots_ros2_msgs/include/webots_ros2_msgs/webots_ros2_msgs/srv/detail/spawn_urdf_robot__type_support.h
[3.638s] -- Up-to-date symlink: /home/flynn/webots_ros2_ws/install/webots_ros2_msgs/include/webots_ros2_msgs/webots_ros2_msgs/srv/emitter_send_string.h
[3.638s] -- Up-to-date symlink: /home/flynn/webots_ros2_ws/install/webots_ros2_msgs/include/webots_ros2_msgs/webots_ros2_msgs/srv/get_bool.h
[3.638s] -- Up-to-date symlink: /home/flynn/webots_ros2_ws/install/webots_ros2_msgs/include/webots_ros2_msgs/webots_ros2_msgs/srv/set_string.h
[3.638s] -- Up-to-date symlink: /home/flynn/webots_ros2_ws/install/webots_ros2_msgs/include/webots_ros2_msgs/webots_ros2_msgs/srv/spawn_node_from_string.h
[3.639s] -- Up-to-date symlink: /home/flynn/webots_ros2_ws/install/webots_ros2_msgs/include/webots_ros2_msgs/webots_ros2_msgs/srv/spawn_urdf_robot.h
[3.639s] -- Up-to-date symlink: /home/flynn/webots_ros2_ws/install/webots_ros2_msgs/share/webots_ros2_msgs/environment/library_path.sh
[3.639s] -- Up-to-date symlink: /home/flynn/webots_ros2_ws/install/webots_ros2_msgs/share/webots_ros2_msgs/environment/library_path.dsv
[3.641s] -- Up-to-date symlink: /home/flynn/webots_ros2_ws/install/webots_ros2_msgs/include/webots_ros2_msgs/webots_ros2_msgs/msg/detail/bool_stamped__rosidl_typesupport_fastrtps_c.h
[3.641s] -- Up-to-date symlink: /home/flynn/webots_ros2_ws/install/webots_ros2_msgs/include/webots_ros2_msgs/webots_ros2_msgs/msg/detail/camera_recognition_object__rosidl_typesupport_fastrtps_c.h
[3.641s] -- Up-to-date symlink: /home/flynn/webots_ros2_ws/install/webots_ros2_msgs/include/webots_ros2_msgs/webots_ros2_msgs/msg/detail/camera_recognition_objects__rosidl_typesupport_fastrtps_c.h
[3.642s] -- Up-to-date symlink: /home/flynn/webots_ros2_ws/install/webots_ros2_msgs/include/webots_ros2_msgs/webots_ros2_msgs/msg/detail/float_stamped__rosidl_typesupport_fastrtps_c.h
[3.642s] -- Up-to-date symlink: /home/flynn/webots_ros2_ws/install/webots_ros2_msgs/include/webots_ros2_msgs/webots_ros2_msgs/msg/detail/pen_ink_properties__rosidl_typesupport_fastrtps_c.h
[3.642s] -- Up-to-date symlink: /home/flynn/webots_ros2_ws/install/webots_ros2_msgs/include/webots_ros2_msgs/webots_ros2_msgs/msg/detail/string_stamped__rosidl_typesupport_fastrtps_c.h
[3.642s] -- Up-to-date symlink: /home/flynn/webots_ros2_ws/install/webots_ros2_msgs/include/webots_ros2_msgs/webots_ros2_msgs/msg/detail/urdf_robot__rosidl_typesupport_fastrtps_c.h
[3.643s] -- Up-to-date symlink: /home/flynn/webots_ros2_ws/install/webots_ros2_msgs/include/webots_ros2_msgs/webots_ros2_msgs/msg/rosidl_typesupport_fastrtps_c__visibility_control.h
[3.643s] -- Up-to-date symlink: /home/flynn/webots_ros2_ws/install/webots_ros2_msgs/include/webots_ros2_msgs/webots_ros2_msgs/srv/detail/emitter_send_string__rosidl_typesupport_fastrtps_c.h
[3.643s] -- Up-to-date symlink: /home/flynn/webots_ros2_ws/install/webots_ros2_msgs/include/webots_ros2_msgs/webots_ros2_msgs/srv/detail/get_bool__rosidl_typesupport_fastrtps_c.h
[3.643s] -- Up-to-date symlink: /home/flynn/webots_ros2_ws/install/webots_ros2_msgs/include/webots_ros2_msgs/webots_ros2_msgs/srv/detail/set_string__rosidl_typesupport_fastrtps_c.h
[3.644s] -- Up-to-date symlink: /home/flynn/webots_ros2_ws/install/webots_ros2_msgs/include/webots_ros2_msgs/webots_ros2_msgs/srv/detail/spawn_node_from_string__rosidl_typesupport_fastrtps_c.h
[3.644s] -- Up-to-date symlink: /home/flynn/webots_ros2_ws/install/webots_ros2_msgs/include/webots_ros2_msgs/webots_ros2_msgs/srv/detail/spawn_urdf_robot__rosidl_typesupport_fastrtps_c.h
[3.645s] -- Up-to-date symlink: /home/flynn/webots_ros2_ws/install/webots_ros2_msgs/include/webots_ros2_msgs/webots_ros2_msgs/msg/bool_stamped.hpp
[3.645s] -- Up-to-date symlink: /home/flynn/webots_ros2_ws/install/webots_ros2_msgs/include/webots_ros2_msgs/webots_ros2_msgs/msg/camera_recognition_object.hpp
[3.646s] -- Up-to-date symlink: /home/flynn/webots_ros2_ws/install/webots_ros2_msgs/include/webots_ros2_msgs/webots_ros2_msgs/msg/camera_recognition_objects.hpp
[3.646s] -- Up-to-date symlink: /home/flynn/webots_ros2_ws/install/webots_ros2_msgs/include/webots_ros2_msgs/webots_ros2_msgs/msg/detail/bool_stamped__builder.hpp
[3.646s] -- Up-to-date symlink: /home/flynn/webots_ros2_ws/install/webots_ros2_msgs/include/webots_ros2_msgs/webots_ros2_msgs/msg/detail/bool_stamped__struct.hpp
[3.646s] -- Up-to-date symlink: /home/flynn/webots_ros2_ws/install/webots_ros2_msgs/include/webots_ros2_msgs/webots_ros2_msgs/msg/detail/bool_stamped__traits.hpp
[3.647s] -- Up-to-date symlink: /home/flynn/webots_ros2_ws/install/webots_ros2_msgs/include/webots_ros2_msgs/webots_ros2_msgs/msg/detail/bool_stamped__type_support.hpp
[3.647s] -- Up-to-date symlink: /home/flynn/webots_ros2_ws/install/webots_ros2_msgs/include/webots_ros2_msgs/webots_ros2_msgs/msg/detail/camera_recognition_object__builder.hpp
[3.647s] -- Up-to-date symlink: /home/flynn/webots_ros2_ws/install/webots_ros2_msgs/include/webots_ros2_msgs/webots_ros2_msgs/msg/detail/camera_recognition_object__struct.hpp
[3.647s] -- Up-to-date symlink: /home/flynn/webots_ros2_ws/install/webots_ros2_msgs/include/webots_ros2_msgs/webots_ros2_msgs/msg/detail/camera_recognition_object__traits.hpp
[3.648s] -- Up-to-date symlink: /home/flynn/webots_ros2_ws/install/webots_ros2_msgs/include/webots_ros2_msgs/webots_ros2_msgs/msg/detail/camera_recognition_object__type_support.hpp
[3.648s] -- Up-to-date symlink: /home/flynn/webots_ros2_ws/install/webots_ros2_msgs/include/webots_ros2_msgs/webots_ros2_msgs/msg/detail/camera_recognition_objects__builder.hpp
[3.648s] -- Up-to-date symlink: /home/flynn/webots_ros2_ws/install/webots_ros2_msgs/include/webots_ros2_msgs/webots_ros2_msgs/msg/detail/camera_recognition_objects__struct.hpp
[3.648s] -- Up-to-date symlink: /home/flynn/webots_ros2_ws/install/webots_ros2_msgs/include/webots_ros2_msgs/webots_ros2_msgs/msg/detail/camera_recognition_objects__traits.hpp
[3.649s] -- Up-to-date symlink: /home/flynn/webots_ros2_ws/install/webots_ros2_msgs/include/webots_ros2_msgs/webots_ros2_msgs/msg/detail/camera_recognition_objects__type_support.hpp
[3.649s] -- Up-to-date symlink: /home/flynn/webots_ros2_ws/install/webots_ros2_msgs/include/webots_ros2_msgs/webots_ros2_msgs/msg/detail/float_stamped__builder.hpp
[3.649s] -- Up-to-date symlink: /home/flynn/webots_ros2_ws/install/webots_ros2_msgs/include/webots_ros2_msgs/webots_ros2_msgs/msg/detail/float_stamped__struct.hpp
[3.649s] -- Up-to-date symlink: /home/flynn/webots_ros2_ws/install/webots_ros2_msgs/include/webots_ros2_msgs/webots_ros2_msgs/msg/detail/float_stamped__traits.hpp
[3.650s] -- Up-to-date symlink: /home/flynn/webots_ros2_ws/install/webots_ros2_msgs/include/webots_ros2_msgs/webots_ros2_msgs/msg/detail/float_stamped__type_support.hpp
[3.650s] -- Up-to-date symlink: /home/flynn/webots_ros2_ws/install/webots_ros2_msgs/include/webots_ros2_msgs/webots_ros2_msgs/msg/detail/pen_ink_properties__builder.hpp
[3.650s] -- Up-to-date symlink: /home/flynn/webots_ros2_ws/install/webots_ros2_msgs/include/webots_ros2_msgs/webots_ros2_msgs/msg/detail/pen_ink_properties__struct.hpp
[3.651s] -- Up-to-date symlink: /home/flynn/webots_ros2_ws/install/webots_ros2_msgs/include/webots_ros2_msgs/webots_ros2_msgs/msg/detail/pen_ink_properties__traits.hpp
[3.651s] -- Up-to-date symlink: /home/flynn/webots_ros2_ws/install/webots_ros2_msgs/include/webots_ros2_msgs/webots_ros2_msgs/msg/detail/pen_ink_properties__type_support.hpp
[3.651s] -- Up-to-date symlink: /home/flynn/webots_ros2_ws/install/webots_ros2_msgs/include/webots_ros2_msgs/webots_ros2_msgs/msg/detail/string_stamped__builder.hpp
[3.651s] -- Up-to-date symlink: /home/flynn/webots_ros2_ws/install/webots_ros2_msgs/include/webots_ros2_msgs/webots_ros2_msgs/msg/detail/string_stamped__struct.hpp
[3.651s] -- Up-to-date symlink: /home/flynn/webots_ros2_ws/install/webots_ros2_msgs/include/webots_ros2_msgs/webots_ros2_msgs/msg/detail/string_stamped__traits.hpp
[3.651s] -- Up-to-date symlink: /home/flynn/webots_ros2_ws/install/webots_ros2_msgs/include/webots_ros2_msgs/webots_ros2_msgs/msg/detail/string_stamped__type_support.hpp
[3.652s] -- Up-to-date symlink: /home/flynn/webots_ros2_ws/install/webots_ros2_msgs/include/webots_ros2_msgs/webots_ros2_msgs/msg/detail/urdf_robot__builder.hpp
[3.652s] -- Up-to-date symlink: /home/flynn/webots_ros2_ws/install/webots_ros2_msgs/include/webots_ros2_msgs/webots_ros2_msgs/msg/detail/urdf_robot__struct.hpp
[3.652s] -- Up-to-date symlink: /home/flynn/webots_ros2_ws/install/webots_ros2_msgs/include/webots_ros2_msgs/webots_ros2_msgs/msg/detail/urdf_robot__traits.hpp
[3.653s] -- Up-to-date symlink: /home/flynn/webots_ros2_ws/install/webots_ros2_msgs/include/webots_ros2_msgs/webots_ros2_msgs/msg/detail/urdf_robot__type_support.hpp
[3.653s] -- Up-to-date symlink: /home/flynn/webots_ros2_ws/install/webots_ros2_msgs/include/webots_ros2_msgs/webots_ros2_msgs/msg/float_stamped.hpp
[3.653s] -- Up-to-date symlink: /home/flynn/webots_ros2_ws/install/webots_ros2_msgs/include/webots_ros2_msgs/webots_ros2_msgs/msg/pen_ink_properties.hpp
[3.654s] -- Up-to-date symlink: /home/flynn/webots_ros2_ws/install/webots_ros2_msgs/include/webots_ros2_msgs/webots_ros2_msgs/msg/rosidl_generator_cpp__visibility_control.hpp
[3.654s] -- Up-to-date symlink: /home/flynn/webots_ros2_ws/install/webots_ros2_msgs/include/webots_ros2_msgs/webots_ros2_msgs/msg/string_stamped.hpp
[3.654s] -- Up-to-date symlink: /home/flynn/webots_ros2_ws/install/webots_ros2_msgs/include/webots_ros2_msgs/webots_ros2_msgs/msg/urdf_robot.hpp
[3.655s] -- Up-to-date symlink: /home/flynn/webots_ros2_ws/install/webots_ros2_msgs/include/webots_ros2_msgs/webots_ros2_msgs/srv/detail/emitter_send_string__builder.hpp
[3.655s] -- Up-to-date symlink: /home/flynn/webots_ros2_ws/install/webots_ros2_msgs/include/webots_ros2_msgs/webots_ros2_msgs/srv/detail/emitter_send_string__struct.hpp
[3.655s] -- Up-to-date symlink: /home/flynn/webots_ros2_ws/install/webots_ros2_msgs/include/webots_ros2_msgs/webots_ros2_msgs/srv/detail/emitter_send_string__traits.hpp
[3.656s] -- Up-to-date symlink: /home/flynn/webots_ros2_ws/install/webots_ros2_msgs/include/webots_ros2_msgs/webots_ros2_msgs/srv/detail/emitter_send_string__type_support.hpp
[3.656s] -- Up-to-date symlink: /home/flynn/webots_ros2_ws/install/webots_ros2_msgs/include/webots_ros2_msgs/webots_ros2_msgs/srv/detail/get_bool__builder.hpp
[3.656s] -- Up-to-date symlink: /home/flynn/webots_ros2_ws/install/webots_ros2_msgs/include/webots_ros2_msgs/webots_ros2_msgs/srv/detail/get_bool__struct.hpp
[3.656s] -- Up-to-date symlink: /home/flynn/webots_ros2_ws/install/webots_ros2_msgs/include/webots_ros2_msgs/webots_ros2_msgs/srv/detail/get_bool__traits.hpp
[3.657s] -- Up-to-date symlink: /home/flynn/webots_ros2_ws/install/webots_ros2_msgs/include/webots_ros2_msgs/webots_ros2_msgs/srv/detail/get_bool__type_support.hpp
[3.657s] -- Up-to-date symlink: /home/flynn/webots_ros2_ws/install/webots_ros2_msgs/include/webots_ros2_msgs/webots_ros2_msgs/srv/detail/set_string__builder.hpp
[3.657s] -- Up-to-date symlink: /home/flynn/webots_ros2_ws/install/webots_ros2_msgs/include/webots_ros2_msgs/webots_ros2_msgs/srv/detail/set_string__struct.hpp
[3.657s] -- Up-to-date symlink: /home/flynn/webots_ros2_ws/install/webots_ros2_msgs/include/webots_ros2_msgs/webots_ros2_msgs/srv/detail/set_string__traits.hpp
[3.657s] -- Up-to-date symlink: /home/flynn/webots_ros2_ws/install/webots_ros2_msgs/include/webots_ros2_msgs/webots_ros2_msgs/srv/detail/set_string__type_support.hpp
[3.658s] -- Up-to-date symlink: /home/flynn/webots_ros2_ws/install/webots_ros2_msgs/include/webots_ros2_msgs/webots_ros2_msgs/srv/detail/spawn_node_from_string__builder.hpp
[3.658s] -- Up-to-date symlink: /home/flynn/webots_ros2_ws/install/webots_ros2_msgs/include/webots_ros2_msgs/webots_ros2_msgs/srv/detail/spawn_node_from_string__struct.hpp
[3.658s] -- Up-to-date symlink: /home/flynn/webots_ros2_ws/install/webots_ros2_msgs/include/webots_ros2_msgs/webots_ros2_msgs/srv/detail/spawn_node_from_string__traits.hpp
[3.658s] -- Up-to-date symlink: /home/flynn/webots_ros2_ws/install/webots_ros2_msgs/include/webots_ros2_msgs/webots_ros2_msgs/srv/detail/spawn_node_from_string__type_support.hpp
[3.658s] -- Up-to-date symlink: /home/flynn/webots_ros2_ws/install/webots_ros2_msgs/include/webots_ros2_msgs/webots_ros2_msgs/srv/detail/spawn_urdf_robot__builder.hpp
[3.659s] -- Up-to-date symlink: /home/flynn/webots_ros2_ws/install/webots_ros2_msgs/include/webots_ros2_msgs/webots_ros2_msgs/srv/detail/spawn_urdf_robot__struct.hpp
[3.659s] -- Up-to-date symlink: /home/flynn/webots_ros2_ws/install/webots_ros2_msgs/include/webots_ros2_msgs/webots_ros2_msgs/srv/detail/spawn_urdf_robot__traits.hpp
[3.659s] -- Up-to-date symlink: /home/flynn/webots_ros2_ws/install/webots_ros2_msgs/include/webots_ros2_msgs/webots_ros2_msgs/srv/detail/spawn_urdf_robot__type_support.hpp
[3.659s] -- Up-to-date symlink: /home/flynn/webots_ros2_ws/install/webots_ros2_msgs/include/webots_ros2_msgs/webots_ros2_msgs/srv/emitter_send_string.hpp
[3.659s] -- Up-to-date symlink: /home/flynn/webots_ros2_ws/install/webots_ros2_msgs/include/webots_ros2_msgs/webots_ros2_msgs/srv/get_bool.hpp
[3.660s] -- Up-to-date symlink: /home/flynn/webots_ros2_ws/install/webots_ros2_msgs/include/webots_ros2_msgs/webots_ros2_msgs/srv/set_string.hpp
[3.660s] -- Up-to-date symlink: /home/flynn/webots_ros2_ws/install/webots_ros2_msgs/include/webots_ros2_msgs/webots_ros2_msgs/srv/spawn_node_from_string.hpp
[3.660s] -- Up-to-date symlink: /home/flynn/webots_ros2_ws/install/webots_ros2_msgs/include/webots_ros2_msgs/webots_ros2_msgs/srv/spawn_urdf_robot.hpp
[3.661s] -- Up-to-date symlink: /home/flynn/webots_ros2_ws/install/webots_ros2_msgs/include/webots_ros2_msgs/webots_ros2_msgs/msg/detail/bool_stamped__rosidl_typesupport_fastrtps_cpp.hpp
[3.661s] -- Up-to-date symlink: /home/flynn/webots_ros2_ws/install/webots_ros2_msgs/include/webots_ros2_msgs/webots_ros2_msgs/msg/detail/camera_recognition_object__rosidl_typesupport_fastrtps_cpp.hpp
[3.662s] -- Up-to-date symlink: /home/flynn/webots_ros2_ws/install/webots_ros2_msgs/include/webots_ros2_msgs/webots_ros2_msgs/msg/detail/camera_recognition_objects__rosidl_typesupport_fastrtps_cpp.hpp
[3.662s] -- Up-to-date symlink: /home/flynn/webots_ros2_ws/install/webots_ros2_msgs/include/webots_ros2_msgs/webots_ros2_msgs/msg/detail/float_stamped__rosidl_typesupport_fastrtps_cpp.hpp
[3.662s] -- Up-to-date symlink: /home/flynn/webots_ros2_ws/install/webots_ros2_msgs/include/webots_ros2_msgs/webots_ros2_msgs/msg/detail/pen_ink_properties__rosidl_typesupport_fastrtps_cpp.hpp
[3.662s] -- Up-to-date symlink: /home/flynn/webots_ros2_ws/install/webots_ros2_msgs/include/webots_ros2_msgs/webots_ros2_msgs/msg/detail/string_stamped__rosidl_typesupport_fastrtps_cpp.hpp
[3.663s] -- Up-to-date symlink: /home/flynn/webots_ros2_ws/install/webots_ros2_msgs/include/webots_ros2_msgs/webots_ros2_msgs/msg/detail/urdf_robot__rosidl_typesupport_fastrtps_cpp.hpp
[3.663s] -- Up-to-date symlink: /home/flynn/webots_ros2_ws/install/webots_ros2_msgs/include/webots_ros2_msgs/webots_ros2_msgs/msg/rosidl_typesupport_fastrtps_cpp__visibility_control.h
[3.663s] -- Up-to-date symlink: /home/flynn/webots_ros2_ws/install/webots_ros2_msgs/include/webots_ros2_msgs/webots_ros2_msgs/srv/detail/emitter_send_string__rosidl_typesupport_fastrtps_cpp.hpp
[3.663s] -- Up-to-date symlink: /home/flynn/webots_ros2_ws/install/webots_ros2_msgs/include/webots_ros2_msgs/webots_ros2_msgs/srv/detail/get_bool__rosidl_typesupport_fastrtps_cpp.hpp
[3.664s] -- Up-to-date symlink: /home/flynn/webots_ros2_ws/install/webots_ros2_msgs/include/webots_ros2_msgs/webots_ros2_msgs/srv/detail/set_string__rosidl_typesupport_fastrtps_cpp.hpp
[3.664s] -- Up-to-date symlink: /home/flynn/webots_ros2_ws/install/webots_ros2_msgs/include/webots_ros2_msgs/webots_ros2_msgs/srv/detail/spawn_node_from_string__rosidl_typesupport_fastrtps_cpp.hpp
[3.664s] -- Up-to-date symlink: /home/flynn/webots_ros2_ws/install/webots_ros2_msgs/include/webots_ros2_msgs/webots_ros2_msgs/srv/detail/spawn_urdf_robot__rosidl_typesupport_fastrtps_cpp.hpp
[3.665s] -- Up-to-date symlink: /home/flynn/webots_ros2_ws/install/webots_ros2_msgs/include/webots_ros2_msgs/webots_ros2_msgs/msg/detail/bool_stamped__rosidl_typesupport_introspection_c.h
[3.666s] -- Up-to-date symlink: /home/flynn/webots_ros2_ws/install/webots_ros2_msgs/include/webots_ros2_msgs/webots_ros2_msgs/msg/detail/camera_recognition_object__rosidl_typesupport_introspection_c.h
[3.666s] -- Up-to-date symlink: /home/flynn/webots_ros2_ws/install/webots_ros2_msgs/include/webots_ros2_msgs/webots_ros2_msgs/msg/detail/camera_recognition_objects__rosidl_typesupport_introspection_c.h
[3.666s] -- Up-to-date symlink: /home/flynn/webots_ros2_ws/install/webots_ros2_msgs/include/webots_ros2_msgs/webots_ros2_msgs/msg/detail/float_stamped__rosidl_typesupport_introspection_c.h
[3.666s] -- Up-to-date symlink: /home/flynn/webots_ros2_ws/install/webots_ros2_msgs/include/webots_ros2_msgs/webots_ros2_msgs/msg/detail/pen_ink_properties__rosidl_typesupport_introspection_c.h
[3.667s] -- Up-to-date symlink: /home/flynn/webots_ros2_ws/install/webots_ros2_msgs/include/webots_ros2_msgs/webots_ros2_msgs/msg/detail/string_stamped__rosidl_typesupport_introspection_c.h
[3.667s] -- Up-to-date symlink: /home/flynn/webots_ros2_ws/install/webots_ros2_msgs/include/webots_ros2_msgs/webots_ros2_msgs/msg/detail/urdf_robot__rosidl_typesupport_introspection_c.h
[3.667s] -- Up-to-date symlink: /home/flynn/webots_ros2_ws/install/webots_ros2_msgs/include/webots_ros2_msgs/webots_ros2_msgs/msg/rosidl_typesupport_introspection_c__visibility_control.h
[3.667s] -- Up-to-date symlink: /home/flynn/webots_ros2_ws/install/webots_ros2_msgs/include/webots_ros2_msgs/webots_ros2_msgs/srv/detail/emitter_send_string__rosidl_typesupport_introspection_c.h
[3.667s] -- Up-to-date symlink: /home/flynn/webots_ros2_ws/install/webots_ros2_msgs/include/webots_ros2_msgs/webots_ros2_msgs/srv/detail/get_bool__rosidl_typesupport_introspection_c.h
[3.668s] -- Up-to-date symlink: /home/flynn/webots_ros2_ws/install/webots_ros2_msgs/include/webots_ros2_msgs/webots_ros2_msgs/srv/detail/set_string__rosidl_typesupport_introspection_c.h
[3.668s] -- Up-to-date symlink: /home/flynn/webots_ros2_ws/install/webots_ros2_msgs/include/webots_ros2_msgs/webots_ros2_msgs/srv/detail/spawn_node_from_string__rosidl_typesupport_introspection_c.h
[3.668s] -- Up-to-date symlink: /home/flynn/webots_ros2_ws/install/webots_ros2_msgs/include/webots_ros2_msgs/webots_ros2_msgs/srv/detail/spawn_urdf_robot__rosidl_typesupport_introspection_c.h
[3.669s] -- Up-to-date symlink: /home/flynn/webots_ros2_ws/install/webots_ros2_msgs/include/webots_ros2_msgs/webots_ros2_msgs/msg/detail/bool_stamped__rosidl_typesupport_introspection_cpp.hpp
[3.669s] -- Up-to-date symlink: /home/flynn/webots_ros2_ws/install/webots_ros2_msgs/include/webots_ros2_msgs/webots_ros2_msgs/msg/detail/camera_recognition_object__rosidl_typesupport_introspection_cpp.hpp
[3.669s] -- Up-to-date symlink: /home/flynn/webots_ros2_ws/install/webots_ros2_msgs/include/webots_ros2_msgs/webots_ros2_msgs/msg/detail/camera_recognition_objects__rosidl_typesupport_introspection_cpp.hpp
[3.670s] -- Up-to-date symlink: /home/flynn/webots_ros2_ws/install/webots_ros2_msgs/include/webots_ros2_msgs/webots_ros2_msgs/msg/detail/float_stamped__rosidl_typesupport_introspection_cpp.hpp
[3.670s] -- Up-to-date symlink: /home/flynn/webots_ros2_ws/install/webots_ros2_msgs/include/webots_ros2_msgs/webots_ros2_msgs/msg/detail/pen_ink_properties__rosidl_typesupport_introspection_cpp.hpp
[3.670s] -- Up-to-date symlink: /home/flynn/webots_ros2_ws/install/webots_ros2_msgs/include/webots_ros2_msgs/webots_ros2_msgs/msg/detail/string_stamped__rosidl_typesupport_introspection_cpp.hpp
[3.670s] -- Up-to-date symlink: /home/flynn/webots_ros2_ws/install/webots_ros2_msgs/include/webots_ros2_msgs/webots_ros2_msgs/msg/detail/urdf_robot__rosidl_typesupport_introspection_cpp.hpp
[3.671s] -- Up-to-date symlink: /home/flynn/webots_ros2_ws/install/webots_ros2_msgs/include/webots_ros2_msgs/webots_ros2_msgs/srv/detail/emitter_send_string__rosidl_typesupport_introspection_cpp.hpp
[3.671s] -- Up-to-date symlink: /home/flynn/webots_ros2_ws/install/webots_ros2_msgs/include/webots_ros2_msgs/webots_ros2_msgs/srv/detail/get_bool__rosidl_typesupport_introspection_cpp.hpp
[3.671s] -- Up-to-date symlink: /home/flynn/webots_ros2_ws/install/webots_ros2_msgs/include/webots_ros2_msgs/webots_ros2_msgs/srv/detail/set_string__rosidl_typesupport_introspection_cpp.hpp
[3.671s] -- Up-to-date symlink: /home/flynn/webots_ros2_ws/install/webots_ros2_msgs/include/webots_ros2_msgs/webots_ros2_msgs/srv/detail/spawn_node_from_string__rosidl_typesupport_introspection_cpp.hpp
[3.672s] -- Up-to-date symlink: /home/flynn/webots_ros2_ws/install/webots_ros2_msgs/include/webots_ros2_msgs/webots_ros2_msgs/srv/detail/spawn_urdf_robot__rosidl_typesupport_introspection_cpp.hpp
[3.672s] -- Up-to-date symlink: /home/flynn/webots_ros2_ws/install/webots_ros2_msgs/share/webots_ros2_msgs/environment/pythonpath.sh
[3.672s] -- Up-to-date symlink: /home/flynn/webots_ros2_ws/install/webots_ros2_msgs/share/webots_ros2_msgs/environment/pythonpath.dsv
[3.674s] -- Up-to-date symlink: /home/flynn/webots_ros2_ws/install/webots_ros2_msgs/local/lib/python3.10/dist-packages/webots_ros2_msgs-2025.0.1-py3.10.egg-info/PKG-INFO
[3.674s] -- Up-to-date symlink: /home/flynn/webots_ros2_ws/install/webots_ros2_msgs/local/lib/python3.10/dist-packages/webots_ros2_msgs-2025.0.1-py3.10.egg-info/SOURCES.txt
[3.675s] -- Up-to-date symlink: /home/flynn/webots_ros2_ws/install/webots_ros2_msgs/local/lib/python3.10/dist-packages/webots_ros2_msgs-2025.0.1-py3.10.egg-info/dependency_links.txt
[3.675s] -- Up-to-date symlink: /home/flynn/webots_ros2_ws/install/webots_ros2_msgs/local/lib/python3.10/dist-packages/webots_ros2_msgs-2025.0.1-py3.10.egg-info/top_level.txt
[3.677s] -- Up-to-date symlink: /home/flynn/webots_ros2_ws/install/webots_ros2_msgs/local/lib/python3.10/dist-packages/webots_ros2_msgs/__init__.py
[3.677s] -- Up-to-date symlink: /home/flynn/webots_ros2_ws/install/webots_ros2_msgs/local/lib/python3.10/dist-packages/webots_ros2_msgs/_webots_ros2_msgs_s.ep.rosidl_typesupport_c.c
[3.677s] -- Up-to-date symlink: /home/flynn/webots_ros2_ws/install/webots_ros2_msgs/local/lib/python3.10/dist-packages/webots_ros2_msgs/_webots_ros2_msgs_s.ep.rosidl_typesupport_fastrtps_c.c
[3.678s] -- Up-to-date symlink: /home/flynn/webots_ros2_ws/install/webots_ros2_msgs/local/lib/python3.10/dist-packages/webots_ros2_msgs/_webots_ros2_msgs_s.ep.rosidl_typesupport_introspection_c.c
[3.678s] -- Up-to-date symlink: /home/flynn/webots_ros2_ws/install/webots_ros2_msgs/local/lib/python3.10/dist-packages/webots_ros2_msgs/libwebots_ros2_msgs__rosidl_generator_py.so
[3.678s] -- Up-to-date symlink: /home/flynn/webots_ros2_ws/install/webots_ros2_msgs/local/lib/python3.10/dist-packages/webots_ros2_msgs/msg/__init__.py
[3.678s] -- Up-to-date symlink: /home/flynn/webots_ros2_ws/install/webots_ros2_msgs/local/lib/python3.10/dist-packages/webots_ros2_msgs/msg/_bool_stamped.py
[3.678s] -- Up-to-date symlink: /home/flynn/webots_ros2_ws/install/webots_ros2_msgs/local/lib/python3.10/dist-packages/webots_ros2_msgs/msg/_bool_stamped_s.c
[3.679s] -- Up-to-date symlink: /home/flynn/webots_ros2_ws/install/webots_ros2_msgs/local/lib/python3.10/dist-packages/webots_ros2_msgs/msg/_camera_recognition_object.py
[3.679s] -- Up-to-date symlink: /home/flynn/webots_ros2_ws/install/webots_ros2_msgs/local/lib/python3.10/dist-packages/webots_ros2_msgs/msg/_camera_recognition_object_s.c
[3.679s] -- Up-to-date symlink: /home/flynn/webots_ros2_ws/install/webots_ros2_msgs/local/lib/python3.10/dist-packages/webots_ros2_msgs/msg/_camera_recognition_objects.py
[3.679s] -- Up-to-date symlink: /home/flynn/webots_ros2_ws/install/webots_ros2_msgs/local/lib/python3.10/dist-packages/webots_ros2_msgs/msg/_camera_recognition_objects_s.c
[3.680s] -- Up-to-date symlink: /home/flynn/webots_ros2_ws/install/webots_ros2_msgs/local/lib/python3.10/dist-packages/webots_ros2_msgs/msg/_float_stamped.py
[3.680s] -- Up-to-date symlink: /home/flynn/webots_ros2_ws/install/webots_ros2_msgs/local/lib/python3.10/dist-packages/webots_ros2_msgs/msg/_float_stamped_s.c
[3.680s] -- Up-to-date symlink: /home/flynn/webots_ros2_ws/install/webots_ros2_msgs/local/lib/python3.10/dist-packages/webots_ros2_msgs/msg/_pen_ink_properties.py
[3.680s] -- Up-to-date symlink: /home/flynn/webots_ros2_ws/install/webots_ros2_msgs/local/lib/python3.10/dist-packages/webots_ros2_msgs/msg/_pen_ink_properties_s.c
[3.681s] -- Up-to-date symlink: /home/flynn/webots_ros2_ws/install/webots_ros2_msgs/local/lib/python3.10/dist-packages/webots_ros2_msgs/msg/_string_stamped.py
[3.681s] -- Up-to-date symlink: /home/flynn/webots_ros2_ws/install/webots_ros2_msgs/local/lib/python3.10/dist-packages/webots_ros2_msgs/msg/_string_stamped_s.c
[3.681s] -- Up-to-date symlink: /home/flynn/webots_ros2_ws/install/webots_ros2_msgs/local/lib/python3.10/dist-packages/webots_ros2_msgs/msg/_urdf_robot.py
[3.681s] -- Up-to-date symlink: /home/flynn/webots_ros2_ws/install/webots_ros2_msgs/local/lib/python3.10/dist-packages/webots_ros2_msgs/msg/_urdf_robot_s.c
[3.682s] -- Up-to-date symlink: /home/flynn/webots_ros2_ws/install/webots_ros2_msgs/local/lib/python3.10/dist-packages/webots_ros2_msgs/srv/__init__.py
[3.682s] -- Up-to-date symlink: /home/flynn/webots_ros2_ws/install/webots_ros2_msgs/local/lib/python3.10/dist-packages/webots_ros2_msgs/srv/_emitter_send_string.py
[3.682s] -- Up-to-date symlink: /home/flynn/webots_ros2_ws/install/webots_ros2_msgs/local/lib/python3.10/dist-packages/webots_ros2_msgs/srv/_emitter_send_string_s.c
[3.682s] -- Up-to-date symlink: /home/flynn/webots_ros2_ws/install/webots_ros2_msgs/local/lib/python3.10/dist-packages/webots_ros2_msgs/srv/_get_bool.py
[3.682s] -- Up-to-date symlink: /home/flynn/webots_ros2_ws/install/webots_ros2_msgs/local/lib/python3.10/dist-packages/webots_ros2_msgs/srv/_get_bool_s.c
[3.683s] -- Up-to-date symlink: /home/flynn/webots_ros2_ws/install/webots_ros2_msgs/local/lib/python3.10/dist-packages/webots_ros2_msgs/srv/_set_string.py
[3.683s] -- Up-to-date symlink: /home/flynn/webots_ros2_ws/install/webots_ros2_msgs/local/lib/python3.10/dist-packages/webots_ros2_msgs/srv/_set_string_s.c
[3.683s] -- Up-to-date symlink: /home/flynn/webots_ros2_ws/install/webots_ros2_msgs/local/lib/python3.10/dist-packages/webots_ros2_msgs/srv/_spawn_node_from_string.py
[3.683s] -- Up-to-date symlink: /home/flynn/webots_ros2_ws/install/webots_ros2_msgs/local/lib/python3.10/dist-packages/webots_ros2_msgs/srv/_spawn_node_from_string_s.c
[3.684s] -- Up-to-date symlink: /home/flynn/webots_ros2_ws/install/webots_ros2_msgs/local/lib/python3.10/dist-packages/webots_ros2_msgs/srv/_spawn_urdf_robot.py
[3.684s] -- Up-to-date symlink: /home/flynn/webots_ros2_ws/install/webots_ros2_msgs/local/lib/python3.10/dist-packages/webots_ros2_msgs/srv/_spawn_urdf_robot_s.c
[3.684s] -- Up-to-date symlink: /home/flynn/webots_ros2_ws/install/webots_ros2_msgs/local/lib/python3.10/dist-packages/webots_ros2_msgs/webots_ros2_msgs_s__rosidl_typesupport_c.cpython-310-x86_64-linux-gnu.so
[3.684s] -- Up-to-date symlink: /home/flynn/webots_ros2_ws/install/webots_ros2_msgs/local/lib/python3.10/dist-packages/webots_ros2_msgs/webots_ros2_msgs_s__rosidl_typesupport_fastrtps_c.cpython-310-x86_64-linux-gnu.so
[3.685s] -- Up-to-date symlink: /home/flynn/webots_ros2_ws/install/webots_ros2_msgs/local/lib/python3.10/dist-packages/webots_ros2_msgs/webots_ros2_msgs_s__rosidl_typesupport_introspection_c.cpython-310-x86_64-linux-gnu.so
[3.685s] -- Up-to-date symlink: /home/flynn/webots_ros2_ws/install/webots_ros2_msgs/local/lib/python3.10/dist-packages/webots_ros2_msgs/webots_ros2_msgs_s__rosidl_typesupport_fastrtps_c.cpython-310-x86_64-linux-gnu.so
[3.685s] -- Up-to-date symlink: /home/flynn/webots_ros2_ws/install/webots_ros2_msgs/local/lib/python3.10/dist-packages/webots_ros2_msgs/webots_ros2_msgs_s__rosidl_typesupport_introspection_c.cpython-310-x86_64-linux-gnu.so
[3.686s] -- Up-to-date symlink: /home/flynn/webots_ros2_ws/install/webots_ros2_msgs/local/lib/python3.10/dist-packages/webots_ros2_msgs/webots_ros2_msgs_s__rosidl_typesupport_c.cpython-310-x86_64-linux-gnu.so
[3.686s] -- Up-to-date symlink: /home/flynn/webots_ros2_ws/install/webots_ros2_msgs/share/webots_ros2_msgs/msg/BoolStamped.idl
[3.687s] -- Up-to-date symlink: /home/flynn/webots_ros2_ws/install/webots_ros2_msgs/share/webots_ros2_msgs/msg/FloatStamped.idl
[3.687s] -- Up-to-date symlink: /home/flynn/webots_ros2_ws/install/webots_ros2_msgs/share/webots_ros2_msgs/msg/StringStamped.idl
[3.687s] -- Up-to-date symlink: /home/flynn/webots_ros2_ws/install/webots_ros2_msgs/share/webots_ros2_msgs/msg/CameraRecognitionObject.idl
[3.688s] -- Up-to-date symlink: /home/flynn/webots_ros2_ws/install/webots_ros2_msgs/share/webots_ros2_msgs/msg/CameraRecognitionObjects.idl
[3.688s] -- Up-to-date symlink: /home/flynn/webots_ros2_ws/install/webots_ros2_msgs/share/webots_ros2_msgs/msg/UrdfRobot.idl
[3.689s] -- Up-to-date symlink: /home/flynn/webots_ros2_ws/install/webots_ros2_msgs/share/webots_ros2_msgs/msg/PenInkProperties.idl
[3.689s] -- Up-to-date symlink: /home/flynn/webots_ros2_ws/install/webots_ros2_msgs/share/webots_ros2_msgs/srv/EmitterSendString.idl
[3.689s] -- Up-to-date symlink: /home/flynn/webots_ros2_ws/install/webots_ros2_msgs/share/webots_ros2_msgs/srv/GetBool.idl
[3.690s] -- Up-to-date symlink: /home/flynn/webots_ros2_ws/install/webots_ros2_msgs/share/webots_ros2_msgs/srv/SetString.idl
[3.690s] -- Up-to-date symlink: /home/flynn/webots_ros2_ws/install/webots_ros2_msgs/share/webots_ros2_msgs/srv/SpawnNodeFromString.idl
[3.690s] -- Up-to-date symlink: /home/flynn/webots_ros2_ws/install/webots_ros2_msgs/share/webots_ros2_msgs/srv/SpawnUrdfRobot.idl
[3.690s] -- Up-to-date symlink: /home/flynn/webots_ros2_ws/install/webots_ros2_msgs/share/webots_ros2_msgs/msg/BoolStamped.msg
[3.691s] -- Up-to-date symlink: /home/flynn/webots_ros2_ws/install/webots_ros2_msgs/share/webots_ros2_msgs/msg/FloatStamped.msg
[3.691s] -- Up-to-date symlink: /home/flynn/webots_ros2_ws/install/webots_ros2_msgs/share/webots_ros2_msgs/msg/StringStamped.msg
[3.691s] -- Up-to-date symlink: /home/flynn/webots_ros2_ws/install/webots_ros2_msgs/share/webots_ros2_msgs/msg/CameraRecognitionObject.msg
[3.691s] -- Up-to-date symlink: /home/flynn/webots_ros2_ws/install/webots_ros2_msgs/share/webots_ros2_msgs/msg/CameraRecognitionObjects.msg
[3.692s] -- Up-to-date symlink: /home/flynn/webots_ros2_ws/install/webots_ros2_msgs/share/webots_ros2_msgs/msg/UrdfRobot.msg
[3.692s] -- Up-to-date symlink: /home/flynn/webots_ros2_ws/install/webots_ros2_msgs/share/webots_ros2_msgs/msg/PenInkProperties.msg
[3.692s] -- Up-to-date symlink: /home/flynn/webots_ros2_ws/install/webots_ros2_msgs/share/webots_ros2_msgs/srv/EmitterSendString.srv
[3.692s] -- Up-to-date symlink: /home/flynn/webots_ros2_ws/install/webots_ros2_msgs/share/webots_ros2_msgs/srv/EmitterSendString_Request.msg
[3.693s] -- Up-to-date symlink: /home/flynn/webots_ros2_ws/install/webots_ros2_msgs/share/webots_ros2_msgs/srv/EmitterSendString_Response.msg
[3.693s] -- Up-to-date symlink: /home/flynn/webots_ros2_ws/install/webots_ros2_msgs/share/webots_ros2_msgs/srv/GetBool.srv
[3.693s] -- Up-to-date symlink: /home/flynn/webots_ros2_ws/install/webots_ros2_msgs/share/webots_ros2_msgs/srv/GetBool_Request.msg
[3.693s] -- Up-to-date symlink: /home/flynn/webots_ros2_ws/install/webots_ros2_msgs/share/webots_ros2_msgs/srv/GetBool_Response.msg
[3.693s] -- Up-to-date symlink: /home/flynn/webots_ros2_ws/install/webots_ros2_msgs/share/webots_ros2_msgs/srv/SetString.srv
[3.694s] -- Up-to-date symlink: /home/flynn/webots_ros2_ws/install/webots_ros2_msgs/share/webots_ros2_msgs/srv/SetString_Request.msg
[3.694s] -- Up-to-date symlink: /home/flynn/webots_ros2_ws/install/webots_ros2_msgs/share/webots_ros2_msgs/srv/SetString_Response.msg
[3.694s] -- Up-to-date symlink: /home/flynn/webots_ros2_ws/install/webots_ros2_msgs/share/webots_ros2_msgs/srv/SpawnNodeFromString.srv
[3.694s] -- Up-to-date symlink: /home/flynn/webots_ros2_ws/install/webots_ros2_msgs/share/webots_ros2_msgs/srv/SpawnNodeFromString_Request.msg
[3.694s] -- Up-to-date symlink: /home/flynn/webots_ros2_ws/install/webots_ros2_msgs/share/webots_ros2_msgs/srv/SpawnNodeFromString_Response.msg
[3.695s] -- Up-to-date symlink: /home/flynn/webots_ros2_ws/install/webots_ros2_msgs/share/webots_ros2_msgs/srv/SpawnUrdfRobot.srv
[3.695s] -- Up-to-date symlink: /home/flynn/webots_ros2_ws/install/webots_ros2_msgs/share/webots_ros2_msgs/srv/SpawnUrdfRobot_Request.msg
[3.695s] -- Up-to-date symlink: /home/flynn/webots_ros2_ws/install/webots_ros2_msgs/share/webots_ros2_msgs/srv/SpawnUrdfRobot_Response.msg
[3.695s] -- Up-to-date symlink: /home/flynn/webots_ros2_ws/install/webots_ros2_msgs/share/ament_index/resource_index/package_run_dependencies/webots_ros2_msgs
[3.696s] -- Up-to-date symlink: /home/flynn/webots_ros2_ws/install/webots_ros2_msgs/share/ament_index/resource_index/parent_prefix_path/webots_ros2_msgs
[3.696s] -- Up-to-date symlink: /home/flynn/webots_ros2_ws/install/webots_ros2_msgs/share/webots_ros2_msgs/environment/ament_prefix_path.sh
[3.696s] -- Up-to-date symlink: /home/flynn/webots_ros2_ws/install/webots_ros2_msgs/share/webots_ros2_msgs/environment/ament_prefix_path.dsv
[3.696s] -- Up-to-date symlink: /home/flynn/webots_ros2_ws/install/webots_ros2_msgs/share/webots_ros2_msgs/environment/path.sh
[3.697s] -- Up-to-date symlink: /home/flynn/webots_ros2_ws/install/webots_ros2_msgs/share/webots_ros2_msgs/environment/path.dsv
[3.697s] -- Up-to-date symlink: /home/flynn/webots_ros2_ws/install/webots_ros2_msgs/share/webots_ros2_msgs/local_setup.bash
[3.697s] -- Up-to-date symlink: /home/flynn/webots_ros2_ws/install/webots_ros2_msgs/share/webots_ros2_msgs/local_setup.sh
[3.697s] -- Up-to-date symlink: /home/flynn/webots_ros2_ws/install/webots_ros2_msgs/share/webots_ros2_msgs/local_setup.zsh
[3.698s] -- Up-to-date symlink: /home/flynn/webots_ros2_ws/install/webots_ros2_msgs/share/webots_ros2_msgs/local_setup.dsv
[3.698s] -- Symlinking: /home/flynn/webots_ros2_ws/install/webots_ros2_msgs/share/webots_ros2_msgs/package.dsv
[3.711s] -- Up-to-date symlink: /home/flynn/webots_ros2_ws/install/webots_ros2_msgs/share/ament_index/resource_index/packages/webots_ros2_msgs
[3.711s] -- Up-to-date symlink: /home/flynn/webots_ros2_ws/install/webots_ros2_msgs/share/webots_ros2_msgs/cmake/rosidl_cmake-extras.cmake
[3.712s] -- Up-to-date symlink: /home/flynn/webots_ros2_ws/install/webots_ros2_msgs/share/webots_ros2_msgs/cmake/ament_cmake_export_dependencies-extras.cmake
[3.712s] -- Up-to-date symlink: /home/flynn/webots_ros2_ws/install/webots_ros2_msgs/share/webots_ros2_msgs/cmake/ament_cmake_export_include_directories-extras.cmake
[3.712s] -- Up-to-date symlink: /home/flynn/webots_ros2_ws/install/webots_ros2_msgs/share/webots_ros2_msgs/cmake/ament_cmake_export_libraries-extras.cmake
[3.712s] -- Up-to-date symlink: /home/flynn/webots_ros2_ws/install/webots_ros2_msgs/share/webots_ros2_msgs/cmake/ament_cmake_export_targets-extras.cmake
[3.713s] -- Up-to-date symlink: /home/flynn/webots_ros2_ws/install/webots_ros2_msgs/share/webots_ros2_msgs/cmake/rosidl_cmake_export_typesupport_targets-extras.cmake
[3.713s] -- Up-to-date symlink: /home/flynn/webots_ros2_ws/install/webots_ros2_msgs/share/webots_ros2_msgs/cmake/rosidl_cmake_export_typesupport_libraries-extras.cmake
[3.713s] -- Up-to-date symlink: /home/flynn/webots_ros2_ws/install/webots_ros2_msgs/share/webots_ros2_msgs/cmake/webots_ros2_msgsConfig.cmake
[3.713s] -- Up-to-date symlink: /home/flynn/webots_ros2_ws/install/webots_ros2_msgs/share/webots_ros2_msgs/cmake/webots_ros2_msgsConfig-version.cmake
[3.714s] -- Up-to-date symlink: /home/flynn/webots_ros2_ws/install/webots_ros2_msgs/share/webots_ros2_msgs/package.xml
[3.714s] -- Up-to-date: /home/flynn/webots_ros2_ws/install/webots_ros2_msgs/lib/libwebots_ros2_msgs__rosidl_generator_c.so
[3.715s] -- Up-to-date: /home/flynn/webots_ros2_ws/install/webots_ros2_msgs/lib/libwebots_ros2_msgs__rosidl_typesupport_fastrtps_c.so
[3.716s] -- Up-to-date: /home/flynn/webots_ros2_ws/install/webots_ros2_msgs/lib/libwebots_ros2_msgs__rosidl_typesupport_fastrtps_cpp.so
[3.716s] -- Up-to-date: /home/flynn/webots_ros2_ws/install/webots_ros2_msgs/lib/libwebots_ros2_msgs__rosidl_typesupport_introspection_c.so
[3.717s] -- Up-to-date: /home/flynn/webots_ros2_ws/install/webots_ros2_msgs/lib/libwebots_ros2_msgs__rosidl_typesupport_c.so
[3.717s] -- Up-to-date: /home/flynn/webots_ros2_ws/install/webots_ros2_msgs/lib/libwebots_ros2_msgs__rosidl_typesupport_introspection_cpp.so
[3.718s] -- Up-to-date: /home/flynn/webots_ros2_ws/install/webots_ros2_msgs/lib/libwebots_ros2_msgs__rosidl_typesupport_cpp.so
[3.772s] Listing '/home/flynn/webots_ros2_ws/install/webots_ros2_msgs/local/lib/python3.10/dist-packages/webots_ros2_msgs'...
[3.772s] Compiling '/home/flynn/webots_ros2_ws/install/webots_ros2_msgs/local/lib/python3.10/dist-packages/webots_ros2_msgs/__init__.py'...
[3.772s] Listing '/home/flynn/webots_ros2_ws/install/webots_ros2_msgs/local/lib/python3.10/dist-packages/webots_ros2_msgs/msg'...
[3.772s] Listing '/home/flynn/webots_ros2_ws/install/webots_ros2_msgs/local/lib/python3.10/dist-packages/webots_ros2_msgs/srv'...
[3.780s] -- Up-to-date: /home/flynn/webots_ros2_ws/install/webots_ros2_msgs/lib/libwebots_ros2_msgs__rosidl_generator_py.so
[3.780s] -- Up-to-date: /home/flynn/webots_ros2_ws/install/webots_ros2_msgs/share/webots_ros2_msgs/cmake/export_webots_ros2_msgs__rosidl_generator_cExport.cmake
[3.780s] -- Up-to-date: /home/flynn/webots_ros2_ws/install/webots_ros2_msgs/share/webots_ros2_msgs/cmake/export_webots_ros2_msgs__rosidl_generator_cExport-noconfig.cmake
[3.781s] -- Up-to-date: /home/flynn/webots_ros2_ws/install/webots_ros2_msgs/share/webots_ros2_msgs/cmake/export_webots_ros2_msgs__rosidl_typesupport_fastrtps_cExport.cmake
[3.781s] -- Up-to-date: /home/flynn/webots_ros2_ws/install/webots_ros2_msgs/share/webots_ros2_msgs/cmake/export_webots_ros2_msgs__rosidl_typesupport_fastrtps_cExport-noconfig.cmake
[3.781s] -- Up-to-date: /home/flynn/webots_ros2_ws/install/webots_ros2_msgs/share/webots_ros2_msgs/cmake/export_webots_ros2_msgs__rosidl_generator_cppExport.cmake
[3.781s] -- Up-to-date: /home/flynn/webots_ros2_ws/install/webots_ros2_msgs/share/webots_ros2_msgs/cmake/export_webots_ros2_msgs__rosidl_typesupport_fastrtps_cppExport.cmake
[3.781s] -- Up-to-date: /home/flynn/webots_ros2_ws/install/webots_ros2_msgs/share/webots_ros2_msgs/cmake/export_webots_ros2_msgs__rosidl_typesupport_fastrtps_cppExport-noconfig.cmake
[3.781s] -- Up-to-date: /home/flynn/webots_ros2_ws/install/webots_ros2_msgs/share/webots_ros2_msgs/cmake/webots_ros2_msgs__rosidl_typesupport_introspection_cExport.cmake
[3.782s] -- Up-to-date: /home/flynn/webots_ros2_ws/install/webots_ros2_msgs/share/webots_ros2_msgs/cmake/webots_ros2_msgs__rosidl_typesupport_introspection_cExport-noconfig.cmake
[3.782s] -- Up-to-date: /home/flynn/webots_ros2_ws/install/webots_ros2_msgs/share/webots_ros2_msgs/cmake/webots_ros2_msgs__rosidl_typesupport_cExport.cmake
[3.782s] -- Up-to-date: /home/flynn/webots_ros2_ws/install/webots_ros2_msgs/share/webots_ros2_msgs/cmake/webots_ros2_msgs__rosidl_typesupport_cExport-noconfig.cmake
[3.782s] -- Up-to-date: /home/flynn/webots_ros2_ws/install/webots_ros2_msgs/share/webots_ros2_msgs/cmake/webots_ros2_msgs__rosidl_typesupport_introspection_cppExport.cmake
[3.783s] -- Up-to-date: /home/flynn/webots_ros2_ws/install/webots_ros2_msgs/share/webots_ros2_msgs/cmake/webots_ros2_msgs__rosidl_typesupport_introspection_cppExport-noconfig.cmake
[3.783s] -- Up-to-date: /home/flynn/webots_ros2_ws/install/webots_ros2_msgs/share/webots_ros2_msgs/cmake/webots_ros2_msgs__rosidl_typesupport_cppExport.cmake
[3.783s] -- Up-to-date: /home/flynn/webots_ros2_ws/install/webots_ros2_msgs/share/webots_ros2_msgs/cmake/webots_ros2_msgs__rosidl_typesupport_cppExport-noconfig.cmake
[3.783s] -- Up-to-date: /home/flynn/webots_ros2_ws/install/webots_ros2_msgs/share/webots_ros2_msgs/cmake/export_webots_ros2_msgs__rosidl_generator_pyExport.cmake
[3.783s] -- Up-to-date: /home/flynn/webots_ros2_ws/install/webots_ros2_msgs/share/webots_ros2_msgs/cmake/export_webots_ros2_msgs__rosidl_generator_pyExport-noconfig.cmake
[3.786s] Invoked command in '/home/flynn/webots_ros2_ws/build/webots_ros2_msgs' returned '0': CMAKE_PREFIX_PATH=/opt/ros/humble /usr/bin/cmake --install /home/flynn/webots_ros2_ws/build/webots_ros2_msgs
