[0.999s] Invoking command in '/home/flynn/webots_ros2_ws/build/webots_ros2': AMENT_PREFIX_PATH=/home/flynn/webots_ros2_ws/install/webots_ros2_tests:/home/flynn/webots_ros2_ws/install/webots_ros2_turtlebot:/home/flynn/webots_ros2_ws/install/webots_ros2_control:/home/flynn/webots_ros2_ws/install/webots_ros2_driver:/home/flynn/webots_ros2_ws/install/webots_ros2_msgs:${AMENT_PREFIX_PATH} CMAKE_PREFIX_PATH=/home/flynn/webots_ros2_ws/install/webots_ros2_control:/home/flynn/webots_ros2_ws/install/webots_ros2_driver:/home/flynn/webots_ros2_ws/install/webots_ros2_msgs LD_LIBRARY_PATH=/home/flynn/webots_ros2_ws/install/webots_ros2_control/lib:/home/flynn/webots_ros2_ws/install/webots_ros2_driver/lib:/home/flynn/webots_ros2_ws/install/webots_ros2_msgs/lib:${LD_LIBRARY_PATH} PYTHONPATH=/home/flynn/webots_ros2_ws/build/webots_ros2/prefix_override:/usr/lib/python3/dist-packages/colcon_core/task/python/colcon_distutils_commands:/home/flynn/webots_ros2_ws/install/webots_ros2/lib/python3.10/site-packages:/home/flynn/webots_ros2_ws/install/webots_ros2_tests/lib/python3.10/site-packages:/home/flynn/webots_ros2_ws/install/webots_ros2_turtlebot/lib/python3.10/site-packages:/home/flynn/webots_ros2_ws/install/webots_ros2_driver/local/lib/python3.10/dist-packages:/home/flynn/webots_ros2_ws/install/webots_ros2_msgs/local/lib/python3.10/dist-packages:${PYTHONPATH} /usr/bin/python3 -W ignore:setup.py install is deprecated -W ignore:easy_install command is deprecated setup.py develop --uninstall --editable --build-directory /home/flynn/webots_ros2_ws/build/webots_ros2/build
[1.312s] running develop
[1.530s] Removing /home/flynn/webots_ros2_ws/install/webots_ros2/lib/python3.10/site-packages/webots-ros2.egg-link (link to .)
[1.565s] Invoked command in '/home/flynn/webots_ros2_ws/build/webots_ros2' returned '0': AMENT_PREFIX_PATH=/home/flynn/webots_ros2_ws/install/webots_ros2_tests:/home/flynn/webots_ros2_ws/install/webots_ros2_turtlebot:/home/flynn/webots_ros2_ws/install/webots_ros2_control:/home/flynn/webots_ros2_ws/install/webots_ros2_driver:/home/flynn/webots_ros2_ws/install/webots_ros2_msgs:${AMENT_PREFIX_PATH} CMAKE_PREFIX_PATH=/home/flynn/webots_ros2_ws/install/webots_ros2_control:/home/flynn/webots_ros2_ws/install/webots_ros2_driver:/home/flynn/webots_ros2_ws/install/webots_ros2_msgs LD_LIBRARY_PATH=/home/flynn/webots_ros2_ws/install/webots_ros2_control/lib:/home/flynn/webots_ros2_ws/install/webots_ros2_driver/lib:/home/flynn/webots_ros2_ws/install/webots_ros2_msgs/lib:${LD_LIBRARY_PATH} PYTHONPATH=/home/flynn/webots_ros2_ws/build/webots_ros2/prefix_override:/usr/lib/python3/dist-packages/colcon_core/task/python/colcon_distutils_commands:/home/flynn/webots_ros2_ws/install/webots_ros2/lib/python3.10/site-packages:/home/flynn/webots_ros2_ws/install/webots_ros2_tests/lib/python3.10/site-packages:/home/flynn/webots_ros2_ws/install/webots_ros2_turtlebot/lib/python3.10/site-packages:/home/flynn/webots_ros2_ws/install/webots_ros2_driver/local/lib/python3.10/dist-packages:/home/flynn/webots_ros2_ws/install/webots_ros2_msgs/local/lib/python3.10/dist-packages:${PYTHONPATH} /usr/bin/python3 -W ignore:setup.py install is deprecated -W ignore:easy_install command is deprecated setup.py develop --uninstall --editable --build-directory /home/flynn/webots_ros2_ws/build/webots_ros2/build
[1.568s] Invoking command in '/home/flynn/webots_ros2_ws/src/webots_ros2/webots_ros2': AMENT_PREFIX_PATH=/home/flynn/webots_ros2_ws/install/webots_ros2_tests:/home/flynn/webots_ros2_ws/install/webots_ros2_turtlebot:/home/flynn/webots_ros2_ws/install/webots_ros2_control:/home/flynn/webots_ros2_ws/install/webots_ros2_driver:/home/flynn/webots_ros2_ws/install/webots_ros2_msgs:${AMENT_PREFIX_PATH} CMAKE_PREFIX_PATH=/home/flynn/webots_ros2_ws/install/webots_ros2_control:/home/flynn/webots_ros2_ws/install/webots_ros2_driver:/home/flynn/webots_ros2_ws/install/webots_ros2_msgs LD_LIBRARY_PATH=/home/flynn/webots_ros2_ws/install/webots_ros2_control/lib:/home/flynn/webots_ros2_ws/install/webots_ros2_driver/lib:/home/flynn/webots_ros2_ws/install/webots_ros2_msgs/lib:${LD_LIBRARY_PATH} PYTHONPATH=/home/flynn/webots_ros2_ws/build/webots_ros2/prefix_override:/usr/lib/python3/dist-packages/colcon_core/task/python/colcon_distutils_commands:/home/flynn/webots_ros2_ws/install/webots_ros2/lib/python3.10/site-packages:/home/flynn/webots_ros2_ws/install/webots_ros2_tests/lib/python3.10/site-packages:/home/flynn/webots_ros2_ws/install/webots_ros2_turtlebot/lib/python3.10/site-packages:/home/flynn/webots_ros2_ws/install/webots_ros2_driver/local/lib/python3.10/dist-packages:/home/flynn/webots_ros2_ws/install/webots_ros2_msgs/local/lib/python3.10/dist-packages:${PYTHONPATH} /usr/bin/python3 -W ignore:setup.py install is deprecated -W ignore:easy_install command is deprecated setup.py egg_info --egg-base ../../../build/webots_ros2 build --build-base /home/flynn/webots_ros2_ws/build/webots_ros2/build install --record /home/flynn/webots_ros2_ws/build/webots_ros2/install.log --single-version-externally-managed install_data --force
[1.916s] running egg_info
[1.917s] writing ../../../build/webots_ros2/webots_ros2.egg-info/PKG-INFO
[1.917s] writing dependency_links to ../../../build/webots_ros2/webots_ros2.egg-info/dependency_links.txt
[1.918s] writing requirements to ../../../build/webots_ros2/webots_ros2.egg-info/requires.txt
[1.918s] writing top-level names to ../../../build/webots_ros2/webots_ros2.egg-info/top_level.txt
[1.928s] reading manifest file '../../../build/webots_ros2/webots_ros2.egg-info/SOURCES.txt'
[1.929s] writing manifest file '../../../build/webots_ros2/webots_ros2.egg-info/SOURCES.txt'
[1.929s] running build
[1.930s] running build_py
[1.930s] creating /home/flynn/webots_ros2_ws/build/webots_ros2/build
[1.930s] creating /home/flynn/webots_ros2_ws/build/webots_ros2/build/lib
[1.930s] creating /home/flynn/webots_ros2_ws/build/webots_ros2/build/lib/webots_ros2
[1.930s] copying webots_ros2/__init__.py -> /home/flynn/webots_ros2_ws/build/webots_ros2/build/lib/webots_ros2
[1.930s] running install
[1.930s] running install_lib
[1.932s] creating /home/flynn/webots_ros2_ws/install/webots_ros2/lib/python3.10/site-packages/webots_ros2
[1.932s] copying /home/flynn/webots_ros2_ws/build/webots_ros2/build/lib/webots_ros2/__init__.py -> /home/flynn/webots_ros2_ws/install/webots_ros2/lib/python3.10/site-packages/webots_ros2
[1.933s] byte-compiling /home/flynn/webots_ros2_ws/install/webots_ros2/lib/python3.10/site-packages/webots_ros2/__init__.py to __init__.cpython-310.pyc
[1.933s] running install_data
[1.933s] copying package.xml -> /home/flynn/webots_ros2_ws/install/webots_ros2/share/webots_ros2
[1.933s] copying resource/webots_ros2 -> /home/flynn/webots_ros2_ws/install/webots_ros2/share/ament_index/resource_index/packages
[1.934s] running install_egg_info
[1.936s] Copying ../../../build/webots_ros2/webots_ros2.egg-info to /home/flynn/webots_ros2_ws/install/webots_ros2/lib/python3.10/site-packages/webots_ros2-2025.0.1-py3.10.egg-info
[1.937s] running install_scripts
[1.974s] writing list of installed files to '/home/flynn/webots_ros2_ws/build/webots_ros2/install.log'
[2.012s] Invoked command in '/home/flynn/webots_ros2_ws/src/webots_ros2/webots_ros2' returned '0': AMENT_PREFIX_PATH=/home/flynn/webots_ros2_ws/install/webots_ros2_tests:/home/flynn/webots_ros2_ws/install/webots_ros2_turtlebot:/home/flynn/webots_ros2_ws/install/webots_ros2_control:/home/flynn/webots_ros2_ws/install/webots_ros2_driver:/home/flynn/webots_ros2_ws/install/webots_ros2_msgs:${AMENT_PREFIX_PATH} CMAKE_PREFIX_PATH=/home/flynn/webots_ros2_ws/install/webots_ros2_control:/home/flynn/webots_ros2_ws/install/webots_ros2_driver:/home/flynn/webots_ros2_ws/install/webots_ros2_msgs LD_LIBRARY_PATH=/home/flynn/webots_ros2_ws/install/webots_ros2_control/lib:/home/flynn/webots_ros2_ws/install/webots_ros2_driver/lib:/home/flynn/webots_ros2_ws/install/webots_ros2_msgs/lib:${LD_LIBRARY_PATH} PYTHONPATH=/home/flynn/webots_ros2_ws/build/webots_ros2/prefix_override:/usr/lib/python3/dist-packages/colcon_core/task/python/colcon_distutils_commands:/home/flynn/webots_ros2_ws/install/webots_ros2/lib/python3.10/site-packages:/home/flynn/webots_ros2_ws/install/webots_ros2_tests/lib/python3.10/site-packages:/home/flynn/webots_ros2_ws/install/webots_ros2_turtlebot/lib/python3.10/site-packages:/home/flynn/webots_ros2_ws/install/webots_ros2_driver/local/lib/python3.10/dist-packages:/home/flynn/webots_ros2_ws/install/webots_ros2_msgs/local/lib/python3.10/dist-packages:${PYTHONPATH} /usr/bin/python3 -W ignore:setup.py install is deprecated -W ignore:easy_install command is deprecated setup.py egg_info --egg-base ../../../build/webots_ros2 build --build-base /home/flynn/webots_ros2_ws/build/webots_ros2/build install --record /home/flynn/webots_ros2_ws/build/webots_ros2/install.log --single-version-externally-managed install_data --force
