[2.712s] Invoking command in '/home/flynn/webots_ros2_ws/build/turtlebot3_camera_service': CMAKE_PREFIX_PATH=/home/flynn/webots_ros2_ws/install/turtlebot3_camera_service_interfaces:/home/flynn/webots_ros2_ws/install/webots_ros2_control:/home/flynn/webots_ros2_ws/install/webots_ros2_driver:/home/flynn/webots_ros2_ws/install/webots_ros2_msgs LD_LIBRARY_PATH=/home/flynn/webots_ros2_ws/install/turtlebot3_camera_service_interfaces/lib:/home/flynn/webots_ros2_ws/install/webots_ros2_control/lib:/home/flynn/webots_ros2_ws/install/webots_ros2_driver/lib:/home/flynn/webots_ros2_ws/install/webots_ros2_msgs/lib:/opt/ros/humble/opt/rviz_ogre_vendor/lib:/opt/ros/humble/lib/x86_64-linux-gnu:/opt/ros/humble/lib PYTHONPATH=/home/flynn/webots_ros2_ws/build/turtlebot3_camera_service/prefix_override:/usr/lib/python3/dist-packages/colcon_core/task/python/colcon_distutils_commands:/home/flynn/webots_ros2_ws/install/turtlebot3_camera_service/lib/python3.10/site-packages:/home/flynn/webots_ros2_ws/install/turtlebot3_camera_service_interfaces/local/lib/python3.10/dist-packages:/home/flynn/webots_ros2_ws/build/webots_ros2:/home/flynn/webots_ros2_ws/install/webots_ros2/lib/python3.10/site-packages:/home/flynn/webots_ros2_ws/build/webots_ros2_turtlebot:/home/flynn/webots_ros2_ws/install/webots_ros2_turtlebot/lib/python3.10/site-packages:/home/flynn/webots_ros2_ws/build/webots_ros2_tests:/home/flynn/webots_ros2_ws/install/webots_ros2_tests/lib/python3.10/site-packages:/home/flynn/webots_ros2_ws/install/webots_ros2_driver/local/lib/python3.10/dist-packages:/home/flynn/webots_ros2_ws/install/webots_ros2_msgs/local/lib/python3.10/dist-packages:/home/flynn/webots_ros2_ws/build/turtlebot3_camera_service:/home/flynn/webots_ros2_ws/install/turtlebot3_camera_service/lib/python3.10/site-packages:/opt/ros/humble/lib/python3.10/site-packages:/opt/ros/humble/local/lib/python3.10/dist-packages /usr/bin/python3 -W ignore:setup.py install is deprecated -W ignore:easy_install command is deprecated setup.py develop --editable --build-directory /home/flynn/webots_ros2_ws/build/turtlebot3_camera_service/build --no-deps symlink_data
[3.049s] running develop
[3.247s] running egg_info
[3.247s] creating turtlebot3_camera_service.egg-info
[3.247s] writing turtlebot3_camera_service.egg-info/PKG-INFO
[3.248s] writing dependency_links to turtlebot3_camera_service.egg-info/dependency_links.txt
[3.248s] writing entry points to turtlebot3_camera_service.egg-info/entry_points.txt
[3.248s] writing requirements to turtlebot3_camera_service.egg-info/requires.txt
[3.248s] writing top-level names to turtlebot3_camera_service.egg-info/top_level.txt
[3.248s] writing manifest file 'turtlebot3_camera_service.egg-info/SOURCES.txt'
[3.250s] reading manifest file 'turtlebot3_camera_service.egg-info/SOURCES.txt'
[3.251s] writing manifest file 'turtlebot3_camera_service.egg-info/SOURCES.txt'
[3.252s] running build_ext
[3.252s] Creating /home/flynn/webots_ros2_ws/install/turtlebot3_camera_service/lib/python3.10/site-packages/turtlebot3-camera-service.egg-link (link to .)
[3.253s] Installing image_service_server script to /home/flynn/webots_ros2_ws/install/turtlebot3_camera_service/lib/turtlebot3_camera_service
[3.254s] 
[3.254s] Installed /home/flynn/webots_ros2_ws/build/turtlebot3_camera_service
[3.254s] running symlink_data
[3.254s] creating /home/flynn/webots_ros2_ws/install/turtlebot3_camera_service/share/ament_index
[3.254s] creating /home/flynn/webots_ros2_ws/install/turtlebot3_camera_service/share/ament_index/resource_index
[3.254s] creating /home/flynn/webots_ros2_ws/install/turtlebot3_camera_service/share/ament_index/resource_index/packages
[3.254s] symbolically linking /home/flynn/webots_ros2_ws/build/turtlebot3_camera_service/resource/turtlebot3_camera_service -> /home/flynn/webots_ros2_ws/install/turtlebot3_camera_service/share/ament_index/resource_index/packages
[3.254s] symbolically linking /home/flynn/webots_ros2_ws/build/turtlebot3_camera_service/package.xml -> /home/flynn/webots_ros2_ws/install/turtlebot3_camera_service/share/turtlebot3_camera_service
[3.288s] Invoked command in '/home/flynn/webots_ros2_ws/build/turtlebot3_camera_service' returned '0': CMAKE_PREFIX_PATH=/home/flynn/webots_ros2_ws/install/turtlebot3_camera_service_interfaces:/home/flynn/webots_ros2_ws/install/webots_ros2_control:/home/flynn/webots_ros2_ws/install/webots_ros2_driver:/home/flynn/webots_ros2_ws/install/webots_ros2_msgs LD_LIBRARY_PATH=/home/flynn/webots_ros2_ws/install/turtlebot3_camera_service_interfaces/lib:/home/flynn/webots_ros2_ws/install/webots_ros2_control/lib:/home/flynn/webots_ros2_ws/install/webots_ros2_driver/lib:/home/flynn/webots_ros2_ws/install/webots_ros2_msgs/lib:/opt/ros/humble/opt/rviz_ogre_vendor/lib:/opt/ros/humble/lib/x86_64-linux-gnu:/opt/ros/humble/lib PYTHONPATH=/home/flynn/webots_ros2_ws/build/turtlebot3_camera_service/prefix_override:/usr/lib/python3/dist-packages/colcon_core/task/python/colcon_distutils_commands:/home/flynn/webots_ros2_ws/install/turtlebot3_camera_service/lib/python3.10/site-packages:/home/flynn/webots_ros2_ws/install/turtlebot3_camera_service_interfaces/local/lib/python3.10/dist-packages:/home/flynn/webots_ros2_ws/build/webots_ros2:/home/flynn/webots_ros2_ws/install/webots_ros2/lib/python3.10/site-packages:/home/flynn/webots_ros2_ws/build/webots_ros2_turtlebot:/home/flynn/webots_ros2_ws/install/webots_ros2_turtlebot/lib/python3.10/site-packages:/home/flynn/webots_ros2_ws/build/webots_ros2_tests:/home/flynn/webots_ros2_ws/install/webots_ros2_tests/lib/python3.10/site-packages:/home/flynn/webots_ros2_ws/install/webots_ros2_driver/local/lib/python3.10/dist-packages:/home/flynn/webots_ros2_ws/install/webots_ros2_msgs/local/lib/python3.10/dist-packages:/home/flynn/webots_ros2_ws/build/turtlebot3_camera_service:/home/flynn/webots_ros2_ws/install/turtlebot3_camera_service/lib/python3.10/site-packages:/opt/ros/humble/lib/python3.10/site-packages:/opt/ros/humble/local/lib/python3.10/dist-packages /usr/bin/python3 -W ignore:setup.py install is deprecated -W ignore:easy_install command is deprecated setup.py develop --editable --build-directory /home/flynn/webots_ros2_ws/build/turtlebot3_camera_service/build --no-deps symlink_data
