[1.174s] Invoking command in '/home/flynn/webots_ros2_ws/src/turtlebot3_camera_service': CMAKE_PREFIX_PATH=/home/flynn/webots_ros2_ws/install/turtlebot3_camera_service_interfaces LD_LIBRARY_PATH=/home/flynn/webots_ros2_ws/install/turtlebot3_camera_service_interfaces/lib:${LD_LIBRARY_PATH} PKG_CONFIG_PATH=/home/flynn/webots_ros2_ws/install/turtlebot3_camera_service_interfaces/lib/x86_64-linux-gnu/pkgconfig:/home/flynn/webots_ros2_ws/install/turtlebot3_camera_service_interfaces/lib/pkgconfig PYTHONPATH=/home/flynn/webots_ros2_ws/build/turtlebot3_camera_service/prefix_override:/usr/lib/python3/dist-packages/colcon_core/task/python/colcon_distutils_commands:/home/flynn/webots_ros2_ws/install/turtlebot3_camera_service/lib/python3.10/site-packages:/home/flynn/webots_ros2_ws/install/turtlebot3_camera_service_interfaces/local/lib/python3.10/dist-packages:${PYTHONPATH} ROS_PACKAGE_PATH=/home/flynn/webots_ros2_ws/install/turtlebot3_camera_service_interfaces/share /usr/bin/python3 -W ignore:setup.py install is deprecated -W ignore:easy_install command is deprecated setup.py egg_info --egg-base ../../build/turtlebot3_camera_service build --build-base /home/flynn/webots_ros2_ws/build/turtlebot3_camera_service/build install --record /home/flynn/webots_ros2_ws/build/turtlebot3_camera_service/install.log --single-version-externally-managed install_data
[1.489s] running egg_info
[1.490s] writing ../../build/turtlebot3_camera_service/turtlebot3_camera_service.egg-info/PKG-INFO
[1.490s] writing dependency_links to ../../build/turtlebot3_camera_service/turtlebot3_camera_service.egg-info/dependency_links.txt
[1.490s] writing entry points to ../../build/turtlebot3_camera_service/turtlebot3_camera_service.egg-info/entry_points.txt
[1.490s] writing requirements to ../../build/turtlebot3_camera_service/turtlebot3_camera_service.egg-info/requires.txt
[1.490s] writing top-level names to ../../build/turtlebot3_camera_service/turtlebot3_camera_service.egg-info/top_level.txt
[1.492s] reading manifest file '../../build/turtlebot3_camera_service/turtlebot3_camera_service.egg-info/SOURCES.txt'
[1.495s] writing manifest file '../../build/turtlebot3_camera_service/turtlebot3_camera_service.egg-info/SOURCES.txt'
[1.495s] running build
[1.495s] running build_py
[1.495s] running install
[1.496s] running install_lib
[1.497s] running install_data
[1.497s] running install_egg_info
[1.500s] removing '/home/flynn/webots_ros2_ws/install/turtlebot3_camera_service/lib/python3.10/site-packages/turtlebot3_camera_service-0.0.0-py3.10.egg-info' (and everything under it)
[1.500s] Copying ../../build/turtlebot3_camera_service/turtlebot3_camera_service.egg-info to /home/flynn/webots_ros2_ws/install/turtlebot3_camera_service/lib/python3.10/site-packages/turtlebot3_camera_service-0.0.0-py3.10.egg-info
[1.501s] running install_scripts
[1.532s] Installing image_service_server script to /home/flynn/webots_ros2_ws/install/turtlebot3_camera_service/lib/turtlebot3_camera_service
[1.532s] writing list of installed files to '/home/flynn/webots_ros2_ws/build/turtlebot3_camera_service/install.log'
[1.574s] Invoked command in '/home/flynn/webots_ros2_ws/src/turtlebot3_camera_service' returned '0': CMAKE_PREFIX_PATH=/home/flynn/webots_ros2_ws/install/turtlebot3_camera_service_interfaces LD_LIBRARY_PATH=/home/flynn/webots_ros2_ws/install/turtlebot3_camera_service_interfaces/lib:${LD_LIBRARY_PATH} PKG_CONFIG_PATH=/home/flynn/webots_ros2_ws/install/turtlebot3_camera_service_interfaces/lib/x86_64-linux-gnu/pkgconfig:/home/flynn/webots_ros2_ws/install/turtlebot3_camera_service_interfaces/lib/pkgconfig PYTHONPATH=/home/flynn/webots_ros2_ws/build/turtlebot3_camera_service/prefix_override:/usr/lib/python3/dist-packages/colcon_core/task/python/colcon_distutils_commands:/home/flynn/webots_ros2_ws/install/turtlebot3_camera_service/lib/python3.10/site-packages:/home/flynn/webots_ros2_ws/install/turtlebot3_camera_service_interfaces/local/lib/python3.10/dist-packages:${PYTHONPATH} ROS_PACKAGE_PATH=/home/flynn/webots_ros2_ws/install/turtlebot3_camera_service_interfaces/share /usr/bin/python3 -W ignore:setup.py install is deprecated -W ignore:easy_install command is deprecated setup.py egg_info --egg-base ../../build/turtlebot3_camera_service build --build-base /home/flynn/webots_ros2_ws/build/turtlebot3_camera_service/build install --record /home/flynn/webots_ros2_ws/build/turtlebot3_camera_service/install.log --single-version-externally-managed install_data
