-- The C compiler identification is GNU 11.4.0
-- The CXX compiler identification is GNU 11.4.0
-- Detecting C compiler ABI info
-- Detecting C compiler ABI info - done
-- Check for working C compiler: /usr/bin/cc - skipped
-- Detecting C compile features
-- Detecting C compile features - done
-- Detecting CXX compiler ABI info
-- Detecting CXX compiler ABI info - done
-- Check for working CXX compiler: /usr/bin/c++ - skipped
-- Detecting CXX compile features
-- Detecting CXX compile features - done
-- Found ament_cmake: 1.3.12 (/opt/ros/humble/share/ament_cmake/cmake)
-- Found Python3: /usr/bin/python3 (found version "3.10.12") found components: Interpreter 
-- Found rosidl_default_generators: 1.2.0 (/opt/ros/humble/share/rosidl_default_generators/cmake)
-- Using all available rosidl_typesupport_c: rosidl_typesupport_fastrtps_c;rosidl_typesupport_introspection_c
-- Found rosidl_adapter: 3.1.7 (/opt/ros/humble/share/rosidl_adapter/cmake)
-- Using all available rosidl_typesupport_cpp: rosidl_typesupport_fastrtps_cpp;rosidl_typesupport_introspection_cpp
-- Found ament_cmake_ros: 0.10.0 (/opt/ros/humble/share/ament_cmake_ros/cmake)
-- Using all available rosidl_typesupport_c: rosidl_typesupport_fastrtps_c;rosidl_typesupport_introspection_c
-- Using all available rosidl_typesupport_cpp: rosidl_typesupport_fastrtps_cpp;rosidl_typesupport_introspection_cpp
-- Found PythonInterp: /usr/bin/python3 (found suitable version "3.10.12", minimum required is "3.6") 
-- Found python_cmake_module: 0.10.0 (/opt/ros/humble/share/python_cmake_module/cmake)
-- Found PythonLibs: /usr/lib/x86_64-linux-gnu/libpython3.10.so (found suitable version "3.10.12", minimum required is "3.5") 
-- Using PYTHON_EXECUTABLE: /usr/bin/python3
-- Using PYTHON_INCLUDE_DIRS: /usr/include/python3.10
-- Using PYTHON_LIBRARIES: /usr/lib/x86_64-linux-gnu/libpython3.10.so
-- Found PythonExtra: .so  
-- Configuring done
-- Generating done
-- Build files have been written to: /home/flynn/webots_ros2_ws/build/turtlebot3_camera_service_interfaces
[  3%] [34m[1mGenerating C code for ROS interfaces[0m
[  6%] [34m[1mGenerating C++ code for ROS interfaces[0m
[  6%] Built target ament_cmake_python_copy_turtlebot3_camera_service_interfaces
running egg_info
creating turtlebot3_camera_service_interfaces.egg-info
writing turtlebot3_camera_service_interfaces.egg-info/PKG-INFO
writing dependency_links to turtlebot3_camera_service_interfaces.egg-info/dependency_links.txt
writing top-level names to turtlebot3_camera_service_interfaces.egg-info/top_level.txt
writing manifest file 'turtlebot3_camera_service_interfaces.egg-info/SOURCES.txt'
reading manifest file 'turtlebot3_camera_service_interfaces.egg-info/SOURCES.txt'
writing manifest file 'turtlebot3_camera_service_interfaces.egg-info/SOURCES.txt'
[  6%] Built target turtlebot3_camera_service_interfaces__cpp
[  9%] [32mBuilding C object CMakeFiles/turtlebot3_camera_service_interfaces__rosidl_generator_c.dir/rosidl_generator_c/turtlebot3_camera_service_interfaces/srv/detail/image_capture__functions.c.o[0m
[ 12%] [34m[1mGenerating C++ type support for eProsima Fast-RTPS[0m
[ 16%] [34m[1mGenerating C++ type support dispatch for ROS interfaces[0m
[ 16%] Built target ament_cmake_python_build_turtlebot3_camera_service_interfaces_egg
[ 19%] [34m[1mGenerating C++ introspection for ROS interfaces[0m
[ 22%] [32m[1mLinking C shared library libturtlebot3_camera_service_interfaces__rosidl_generator_c.so[0m
[ 22%] Built target turtlebot3_camera_service_interfaces__rosidl_generator_c
[ 25%] [34m[1mGenerating C type support for eProsima Fast-RTPS[0m
[ 32%] [34m[1mGenerating C introspection for ROS interfaces[0m
[ 32%] [34m[1mGenerating C type support dispatch for ROS interfaces[0m
[ 35%] [32mBuilding CXX object CMakeFiles/turtlebot3_camera_service_interfaces__rosidl_typesupport_cpp.dir/rosidl_typesupport_cpp/turtlebot3_camera_service_interfaces/srv/image_capture__type_support.cpp.o[0m
[ 38%] [32mBuilding CXX object CMakeFiles/turtlebot3_camera_service_interfaces__rosidl_typesupport_introspection_cpp.dir/rosidl_typesupport_introspection_cpp/turtlebot3_camera_service_interfaces/srv/detail/image_capture__type_support.cpp.o[0m
[ 41%] [32mBuilding CXX object CMakeFiles/turtlebot3_camera_service_interfaces__rosidl_typesupport_fastrtps_cpp.dir/rosidl_typesupport_fastrtps_cpp/turtlebot3_camera_service_interfaces/srv/detail/dds_fastrtps/image_capture__type_support.cpp.o[0m
[ 45%] [32mBuilding CXX object CMakeFiles/turtlebot3_camera_service_interfaces__rosidl_typesupport_c.dir/rosidl_typesupport_c/turtlebot3_camera_service_interfaces/srv/image_capture__type_support.cpp.o[0m
[ 48%] [32mBuilding CXX object CMakeFiles/turtlebot3_camera_service_interfaces__rosidl_typesupport_fastrtps_c.dir/rosidl_typesupport_fastrtps_c/turtlebot3_camera_service_interfaces/srv/detail/image_capture__type_support_c.cpp.o[0m
[ 51%] [32mBuilding C object CMakeFiles/turtlebot3_camera_service_interfaces__rosidl_typesupport_introspection_c.dir/rosidl_typesupport_introspection_c/turtlebot3_camera_service_interfaces/srv/detail/image_capture__type_support.c.o[0m
[ 54%] [32m[1mLinking CXX shared library libturtlebot3_camera_service_interfaces__rosidl_typesupport_c.so[0m
[ 58%] [32m[1mLinking C shared library libturtlebot3_camera_service_interfaces__rosidl_typesupport_introspection_c.so[0m
[ 58%] Built target turtlebot3_camera_service_interfaces__rosidl_typesupport_c
[ 58%] Built target turtlebot3_camera_service_interfaces__rosidl_typesupport_introspection_c
[ 61%] [32m[1mLinking CXX shared library libturtlebot3_camera_service_interfaces__rosidl_typesupport_cpp.so[0m
[ 61%] Built target turtlebot3_camera_service_interfaces__rosidl_typesupport_cpp
[ 64%] [32m[1mLinking CXX shared library libturtlebot3_camera_service_interfaces__rosidl_typesupport_introspection_cpp.so[0m
[ 67%] [32m[1mLinking CXX shared library libturtlebot3_camera_service_interfaces__rosidl_typesupport_fastrtps_cpp.so[0m
[ 67%] Built target turtlebot3_camera_service_interfaces__rosidl_typesupport_introspection_cpp
[ 70%] [32m[1mLinking CXX shared library libturtlebot3_camera_service_interfaces__rosidl_typesupport_fastrtps_c.so[0m
[ 70%] Built target turtlebot3_camera_service_interfaces__rosidl_typesupport_fastrtps_cpp
[ 70%] Built target turtlebot3_camera_service_interfaces__rosidl_typesupport_fastrtps_c
[ 70%] Built target turtlebot3_camera_service_interfaces
[ 74%] [34m[1mGenerating Python code for ROS interfaces[0m
[ 74%] Built target turtlebot3_camera_service_interfaces__py
[ 77%] [32mBuilding C object CMakeFiles/turtlebot3_camera_service_interfaces__rosidl_generator_py.dir/rosidl_generator_py/turtlebot3_camera_service_interfaces/srv/_image_capture_s.c.o[0m
[ 80%] [32m[1mLinking C shared library rosidl_generator_py/turtlebot3_camera_service_interfaces/libturtlebot3_camera_service_interfaces__rosidl_generator_py.so[0m
[ 80%] Built target turtlebot3_camera_service_interfaces__rosidl_generator_py
[ 83%] [32mBuilding C object CMakeFiles/turtlebot3_camera_service_interfaces__rosidl_typesupport_c__pyext.dir/rosidl_generator_py/turtlebot3_camera_service_interfaces/_turtlebot3_camera_service_interfaces_s.ep.rosidl_typesupport_c.c.o[0m
[ 87%] [32mBuilding C object CMakeFiles/turtlebot3_camera_service_interfaces__rosidl_typesupport_fastrtps_c__pyext.dir/rosidl_generator_py/turtlebot3_camera_service_interfaces/_turtlebot3_camera_service_interfaces_s.ep.rosidl_typesupport_fastrtps_c.c.o[0m
[ 90%] [32mBuilding C object CMakeFiles/turtlebot3_camera_service_interfaces__rosidl_typesupport_introspection_c__pyext.dir/rosidl_generator_py/turtlebot3_camera_service_interfaces/_turtlebot3_camera_service_interfaces_s.ep.rosidl_typesupport_introspection_c.c.o[0m
[ 93%] [32m[1mLinking C shared library rosidl_generator_py/turtlebot3_camera_service_interfaces/turtlebot3_camera_service_interfaces_s__rosidl_typesupport_introspection_c.cpython-310-x86_64-linux-gnu.so[0m
[ 96%] [32m[1mLinking C shared library rosidl_generator_py/turtlebot3_camera_service_interfaces/turtlebot3_camera_service_interfaces_s__rosidl_typesupport_fastrtps_c.cpython-310-x86_64-linux-gnu.so[0m
[100%] [32m[1mLinking C shared library rosidl_generator_py/turtlebot3_camera_service_interfaces/turtlebot3_camera_service_interfaces_s__rosidl_typesupport_c.cpython-310-x86_64-linux-gnu.so[0m
[100%] Built target turtlebot3_camera_service_interfaces__rosidl_typesupport_introspection_c__pyext
[100%] Built target turtlebot3_camera_service_interfaces__rosidl_typesupport_fastrtps_c__pyext
[100%] Built target turtlebot3_camera_service_interfaces__rosidl_typesupport_c__pyext
-- Install configuration: ""
-- Installing: /home/flynn/webots_ros2_ws/install/turtlebot3_camera_service_interfaces/share/ament_index/resource_index/rosidl_interfaces/turtlebot3_camera_service_interfaces
-- Installing: /home/flynn/webots_ros2_ws/install/turtlebot3_camera_service_interfaces/include/turtlebot3_camera_service_interfaces/turtlebot3_camera_service_interfaces
-- Installing: /home/flynn/webots_ros2_ws/install/turtlebot3_camera_service_interfaces/include/turtlebot3_camera_service_interfaces/turtlebot3_camera_service_interfaces/msg
-- Installing: /home/flynn/webots_ros2_ws/install/turtlebot3_camera_service_interfaces/include/turtlebot3_camera_service_interfaces/turtlebot3_camera_service_interfaces/msg/rosidl_generator_c__visibility_control.h
-- Installing: /home/flynn/webots_ros2_ws/install/turtlebot3_camera_service_interfaces/include/turtlebot3_camera_service_interfaces/turtlebot3_camera_service_interfaces/srv
-- Installing: /home/flynn/webots_ros2_ws/install/turtlebot3_camera_service_interfaces/include/turtlebot3_camera_service_interfaces/turtlebot3_camera_service_interfaces/srv/detail
-- Installing: /home/flynn/webots_ros2_ws/install/turtlebot3_camera_service_interfaces/include/turtlebot3_camera_service_interfaces/turtlebot3_camera_service_interfaces/srv/detail/image_capture__functions.c
-- Installing: /home/flynn/webots_ros2_ws/install/turtlebot3_camera_service_interfaces/include/turtlebot3_camera_service_interfaces/turtlebot3_camera_service_interfaces/srv/detail/image_capture__struct.h
-- Installing: /home/flynn/webots_ros2_ws/install/turtlebot3_camera_service_interfaces/include/turtlebot3_camera_service_interfaces/turtlebot3_camera_service_interfaces/srv/detail/image_capture__functions.h
-- Installing: /home/flynn/webots_ros2_ws/install/turtlebot3_camera_service_interfaces/include/turtlebot3_camera_service_interfaces/turtlebot3_camera_service_interfaces/srv/detail/image_capture__type_support.h
-- Installing: /home/flynn/webots_ros2_ws/install/turtlebot3_camera_service_interfaces/include/turtlebot3_camera_service_interfaces/turtlebot3_camera_service_interfaces/srv/image_capture.h
-- Installing: /home/flynn/webots_ros2_ws/install/turtlebot3_camera_service_interfaces/share/turtlebot3_camera_service_interfaces/environment/library_path.sh
-- Installing: /home/flynn/webots_ros2_ws/install/turtlebot3_camera_service_interfaces/share/turtlebot3_camera_service_interfaces/environment/library_path.dsv
-- Installing: /home/flynn/webots_ros2_ws/install/turtlebot3_camera_service_interfaces/lib/libturtlebot3_camera_service_interfaces__rosidl_generator_c.so
-- Set runtime path of "/home/flynn/webots_ros2_ws/install/turtlebot3_camera_service_interfaces/lib/libturtlebot3_camera_service_interfaces__rosidl_generator_c.so" to ""
-- Up-to-date: /home/flynn/webots_ros2_ws/install/turtlebot3_camera_service_interfaces/include/turtlebot3_camera_service_interfaces/turtlebot3_camera_service_interfaces
-- Up-to-date: /home/flynn/webots_ros2_ws/install/turtlebot3_camera_service_interfaces/include/turtlebot3_camera_service_interfaces/turtlebot3_camera_service_interfaces/msg
-- Installing: /home/flynn/webots_ros2_ws/install/turtlebot3_camera_service_interfaces/include/turtlebot3_camera_service_interfaces/turtlebot3_camera_service_interfaces/msg/rosidl_typesupport_fastrtps_c__visibility_control.h
-- Up-to-date: /home/flynn/webots_ros2_ws/install/turtlebot3_camera_service_interfaces/include/turtlebot3_camera_service_interfaces/turtlebot3_camera_service_interfaces/srv
-- Up-to-date: /home/flynn/webots_ros2_ws/install/turtlebot3_camera_service_interfaces/include/turtlebot3_camera_service_interfaces/turtlebot3_camera_service_interfaces/srv/detail
-- Installing: /home/flynn/webots_ros2_ws/install/turtlebot3_camera_service_interfaces/include/turtlebot3_camera_service_interfaces/turtlebot3_camera_service_interfaces/srv/detail/image_capture__rosidl_typesupport_fastrtps_c.h
-- Installing: /home/flynn/webots_ros2_ws/install/turtlebot3_camera_service_interfaces/lib/libturtlebot3_camera_service_interfaces__rosidl_typesupport_fastrtps_c.so
-- Set runtime path of "/home/flynn/webots_ros2_ws/install/turtlebot3_camera_service_interfaces/lib/libturtlebot3_camera_service_interfaces__rosidl_typesupport_fastrtps_c.so" to ""
-- Up-to-date: /home/flynn/webots_ros2_ws/install/turtlebot3_camera_service_interfaces/include/turtlebot3_camera_service_interfaces/turtlebot3_camera_service_interfaces
-- Up-to-date: /home/flynn/webots_ros2_ws/install/turtlebot3_camera_service_interfaces/include/turtlebot3_camera_service_interfaces/turtlebot3_camera_service_interfaces/msg
-- Installing: /home/flynn/webots_ros2_ws/install/turtlebot3_camera_service_interfaces/include/turtlebot3_camera_service_interfaces/turtlebot3_camera_service_interfaces/msg/rosidl_typesupport_introspection_c__visibility_control.h
-- Up-to-date: /home/flynn/webots_ros2_ws/install/turtlebot3_camera_service_interfaces/include/turtlebot3_camera_service_interfaces/turtlebot3_camera_service_interfaces/srv
-- Up-to-date: /home/flynn/webots_ros2_ws/install/turtlebot3_camera_service_interfaces/include/turtlebot3_camera_service_interfaces/turtlebot3_camera_service_interfaces/srv/detail
-- Installing: /home/flynn/webots_ros2_ws/install/turtlebot3_camera_service_interfaces/include/turtlebot3_camera_service_interfaces/turtlebot3_camera_service_interfaces/srv/detail/image_capture__rosidl_typesupport_introspection_c.h
-- Installing: /home/flynn/webots_ros2_ws/install/turtlebot3_camera_service_interfaces/include/turtlebot3_camera_service_interfaces/turtlebot3_camera_service_interfaces/srv/detail/image_capture__type_support.c
-- Installing: /home/flynn/webots_ros2_ws/install/turtlebot3_camera_service_interfaces/lib/libturtlebot3_camera_service_interfaces__rosidl_typesupport_introspection_c.so
-- Set runtime path of "/home/flynn/webots_ros2_ws/install/turtlebot3_camera_service_interfaces/lib/libturtlebot3_camera_service_interfaces__rosidl_typesupport_introspection_c.so" to ""
-- Installing: /home/flynn/webots_ros2_ws/install/turtlebot3_camera_service_interfaces/lib/libturtlebot3_camera_service_interfaces__rosidl_typesupport_c.so
-- Set runtime path of "/home/flynn/webots_ros2_ws/install/turtlebot3_camera_service_interfaces/lib/libturtlebot3_camera_service_interfaces__rosidl_typesupport_c.so" to ""
-- Up-to-date: /home/flynn/webots_ros2_ws/install/turtlebot3_camera_service_interfaces/include/turtlebot3_camera_service_interfaces/turtlebot3_camera_service_interfaces
-- Up-to-date: /home/flynn/webots_ros2_ws/install/turtlebot3_camera_service_interfaces/include/turtlebot3_camera_service_interfaces/turtlebot3_camera_service_interfaces/msg
-- Installing: /home/flynn/webots_ros2_ws/install/turtlebot3_camera_service_interfaces/include/turtlebot3_camera_service_interfaces/turtlebot3_camera_service_interfaces/msg/rosidl_generator_cpp__visibility_control.hpp
-- Up-to-date: /home/flynn/webots_ros2_ws/install/turtlebot3_camera_service_interfaces/include/turtlebot3_camera_service_interfaces/turtlebot3_camera_service_interfaces/srv
-- Up-to-date: /home/flynn/webots_ros2_ws/install/turtlebot3_camera_service_interfaces/include/turtlebot3_camera_service_interfaces/turtlebot3_camera_service_interfaces/srv/detail
-- Installing: /home/flynn/webots_ros2_ws/install/turtlebot3_camera_service_interfaces/include/turtlebot3_camera_service_interfaces/turtlebot3_camera_service_interfaces/srv/detail/image_capture__builder.hpp
-- Installing: /home/flynn/webots_ros2_ws/install/turtlebot3_camera_service_interfaces/include/turtlebot3_camera_service_interfaces/turtlebot3_camera_service_interfaces/srv/detail/image_capture__type_support.hpp
-- Installing: /home/flynn/webots_ros2_ws/install/turtlebot3_camera_service_interfaces/include/turtlebot3_camera_service_interfaces/turtlebot3_camera_service_interfaces/srv/detail/image_capture__traits.hpp
-- Installing: /home/flynn/webots_ros2_ws/install/turtlebot3_camera_service_interfaces/include/turtlebot3_camera_service_interfaces/turtlebot3_camera_service_interfaces/srv/detail/image_capture__struct.hpp
-- Installing: /home/flynn/webots_ros2_ws/install/turtlebot3_camera_service_interfaces/include/turtlebot3_camera_service_interfaces/turtlebot3_camera_service_interfaces/srv/image_capture.hpp
-- Up-to-date: /home/flynn/webots_ros2_ws/install/turtlebot3_camera_service_interfaces/include/turtlebot3_camera_service_interfaces/turtlebot3_camera_service_interfaces
-- Up-to-date: /home/flynn/webots_ros2_ws/install/turtlebot3_camera_service_interfaces/include/turtlebot3_camera_service_interfaces/turtlebot3_camera_service_interfaces/msg
-- Installing: /home/flynn/webots_ros2_ws/install/turtlebot3_camera_service_interfaces/include/turtlebot3_camera_service_interfaces/turtlebot3_camera_service_interfaces/msg/rosidl_typesupport_fastrtps_cpp__visibility_control.h
-- Up-to-date: /home/flynn/webots_ros2_ws/install/turtlebot3_camera_service_interfaces/include/turtlebot3_camera_service_interfaces/turtlebot3_camera_service_interfaces/srv
-- Up-to-date: /home/flynn/webots_ros2_ws/install/turtlebot3_camera_service_interfaces/include/turtlebot3_camera_service_interfaces/turtlebot3_camera_service_interfaces/srv/detail
-- Installing: /home/flynn/webots_ros2_ws/install/turtlebot3_camera_service_interfaces/include/turtlebot3_camera_service_interfaces/turtlebot3_camera_service_interfaces/srv/detail/dds_fastrtps
-- Installing: /home/flynn/webots_ros2_ws/install/turtlebot3_camera_service_interfaces/include/turtlebot3_camera_service_interfaces/turtlebot3_camera_service_interfaces/srv/detail/image_capture__rosidl_typesupport_fastrtps_cpp.hpp
-- Installing: /home/flynn/webots_ros2_ws/install/turtlebot3_camera_service_interfaces/lib/libturtlebot3_camera_service_interfaces__rosidl_typesupport_fastrtps_cpp.so
-- Set runtime path of "/home/flynn/webots_ros2_ws/install/turtlebot3_camera_service_interfaces/lib/libturtlebot3_camera_service_interfaces__rosidl_typesupport_fastrtps_cpp.so" to ""
-- Up-to-date: /home/flynn/webots_ros2_ws/install/turtlebot3_camera_service_interfaces/include/turtlebot3_camera_service_interfaces/turtlebot3_camera_service_interfaces
-- Up-to-date: /home/flynn/webots_ros2_ws/install/turtlebot3_camera_service_interfaces/include/turtlebot3_camera_service_interfaces/turtlebot3_camera_service_interfaces/srv
-- Up-to-date: /home/flynn/webots_ros2_ws/install/turtlebot3_camera_service_interfaces/include/turtlebot3_camera_service_interfaces/turtlebot3_camera_service_interfaces/srv/detail
-- Installing: /home/flynn/webots_ros2_ws/install/turtlebot3_camera_service_interfaces/include/turtlebot3_camera_service_interfaces/turtlebot3_camera_service_interfaces/srv/detail/image_capture__type_support.cpp
-- Installing: /home/flynn/webots_ros2_ws/install/turtlebot3_camera_service_interfaces/include/turtlebot3_camera_service_interfaces/turtlebot3_camera_service_interfaces/srv/detail/image_capture__rosidl_typesupport_introspection_cpp.hpp
-- Installing: /home/flynn/webots_ros2_ws/install/turtlebot3_camera_service_interfaces/lib/libturtlebot3_camera_service_interfaces__rosidl_typesupport_introspection_cpp.so
-- Set runtime path of "/home/flynn/webots_ros2_ws/install/turtlebot3_camera_service_interfaces/lib/libturtlebot3_camera_service_interfaces__rosidl_typesupport_introspection_cpp.so" to ""
-- Installing: /home/flynn/webots_ros2_ws/install/turtlebot3_camera_service_interfaces/lib/libturtlebot3_camera_service_interfaces__rosidl_typesupport_cpp.so
-- Set runtime path of "/home/flynn/webots_ros2_ws/install/turtlebot3_camera_service_interfaces/lib/libturtlebot3_camera_service_interfaces__rosidl_typesupport_cpp.so" to ""
-- Installing: /home/flynn/webots_ros2_ws/install/turtlebot3_camera_service_interfaces/share/turtlebot3_camera_service_interfaces/environment/pythonpath.sh
-- Installing: /home/flynn/webots_ros2_ws/install/turtlebot3_camera_service_interfaces/share/turtlebot3_camera_service_interfaces/environment/pythonpath.dsv
-- Installing: /home/flynn/webots_ros2_ws/install/turtlebot3_camera_service_interfaces/local/lib/python3.10/dist-packages/turtlebot3_camera_service_interfaces-0.0.0-py3.10.egg-info
-- Installing: /home/flynn/webots_ros2_ws/install/turtlebot3_camera_service_interfaces/local/lib/python3.10/dist-packages/turtlebot3_camera_service_interfaces-0.0.0-py3.10.egg-info/dependency_links.txt
-- Installing: /home/flynn/webots_ros2_ws/install/turtlebot3_camera_service_interfaces/local/lib/python3.10/dist-packages/turtlebot3_camera_service_interfaces-0.0.0-py3.10.egg-info/PKG-INFO
-- Installing: /home/flynn/webots_ros2_ws/install/turtlebot3_camera_service_interfaces/local/lib/python3.10/dist-packages/turtlebot3_camera_service_interfaces-0.0.0-py3.10.egg-info/top_level.txt
-- Installing: /home/flynn/webots_ros2_ws/install/turtlebot3_camera_service_interfaces/local/lib/python3.10/dist-packages/turtlebot3_camera_service_interfaces-0.0.0-py3.10.egg-info/SOURCES.txt
-- Installing: /home/flynn/webots_ros2_ws/install/turtlebot3_camera_service_interfaces/local/lib/python3.10/dist-packages/turtlebot3_camera_service_interfaces
-- Installing: /home/flynn/webots_ros2_ws/install/turtlebot3_camera_service_interfaces/local/lib/python3.10/dist-packages/turtlebot3_camera_service_interfaces/__init__.py
-- Installing: /home/flynn/webots_ros2_ws/install/turtlebot3_camera_service_interfaces/local/lib/python3.10/dist-packages/turtlebot3_camera_service_interfaces/turtlebot3_camera_service_interfaces_s__rosidl_typesupport_introspection_c.cpython-310-x86_64-linux-gnu.so
-- Installing: /home/flynn/webots_ros2_ws/install/turtlebot3_camera_service_interfaces/local/lib/python3.10/dist-packages/turtlebot3_camera_service_interfaces/libturtlebot3_camera_service_interfaces__rosidl_generator_py.so
-- Installing: /home/flynn/webots_ros2_ws/install/turtlebot3_camera_service_interfaces/local/lib/python3.10/dist-packages/turtlebot3_camera_service_interfaces/_turtlebot3_camera_service_interfaces_s.ep.rosidl_typesupport_fastrtps_c.c
-- Installing: /home/flynn/webots_ros2_ws/install/turtlebot3_camera_service_interfaces/local/lib/python3.10/dist-packages/turtlebot3_camera_service_interfaces/_turtlebot3_camera_service_interfaces_s.ep.rosidl_typesupport_c.c
-- Installing: /home/flynn/webots_ros2_ws/install/turtlebot3_camera_service_interfaces/local/lib/python3.10/dist-packages/turtlebot3_camera_service_interfaces/turtlebot3_camera_service_interfaces_s__rosidl_typesupport_fastrtps_c.cpython-310-x86_64-linux-gnu.so
-- Installing: /home/flynn/webots_ros2_ws/install/turtlebot3_camera_service_interfaces/local/lib/python3.10/dist-packages/turtlebot3_camera_service_interfaces/_turtlebot3_camera_service_interfaces_s.ep.rosidl_typesupport_introspection_c.c
-- Installing: /home/flynn/webots_ros2_ws/install/turtlebot3_camera_service_interfaces/local/lib/python3.10/dist-packages/turtlebot3_camera_service_interfaces/srv
-- Installing: /home/flynn/webots_ros2_ws/install/turtlebot3_camera_service_interfaces/local/lib/python3.10/dist-packages/turtlebot3_camera_service_interfaces/srv/__init__.py
-- Installing: /home/flynn/webots_ros2_ws/install/turtlebot3_camera_service_interfaces/local/lib/python3.10/dist-packages/turtlebot3_camera_service_interfaces/srv/_image_capture_s.c
-- Installing: /home/flynn/webots_ros2_ws/install/turtlebot3_camera_service_interfaces/local/lib/python3.10/dist-packages/turtlebot3_camera_service_interfaces/srv/_image_capture.py
-- Installing: /home/flynn/webots_ros2_ws/install/turtlebot3_camera_service_interfaces/local/lib/python3.10/dist-packages/turtlebot3_camera_service_interfaces/turtlebot3_camera_service_interfaces_s__rosidl_typesupport_c.cpython-310-x86_64-linux-gnu.so
Listing '/home/flynn/webots_ros2_ws/install/turtlebot3_camera_service_interfaces/local/lib/python3.10/dist-packages/turtlebot3_camera_service_interfaces'...
Compiling '/home/flynn/webots_ros2_ws/install/turtlebot3_camera_service_interfaces/local/lib/python3.10/dist-packages/turtlebot3_camera_service_interfaces/__init__.py'...
Listing '/home/flynn/webots_ros2_ws/install/turtlebot3_camera_service_interfaces/local/lib/python3.10/dist-packages/turtlebot3_camera_service_interfaces/srv'...
Compiling '/home/flynn/webots_ros2_ws/install/turtlebot3_camera_service_interfaces/local/lib/python3.10/dist-packages/turtlebot3_camera_service_interfaces/srv/__init__.py'...
Compiling '/home/flynn/webots_ros2_ws/install/turtlebot3_camera_service_interfaces/local/lib/python3.10/dist-packages/turtlebot3_camera_service_interfaces/srv/_image_capture.py'...
-- Installing: /home/flynn/webots_ros2_ws/install/turtlebot3_camera_service_interfaces/local/lib/python3.10/dist-packages/turtlebot3_camera_service_interfaces/turtlebot3_camera_service_interfaces_s__rosidl_typesupport_fastrtps_c.cpython-310-x86_64-linux-gnu.so
-- Set runtime path of "/home/flynn/webots_ros2_ws/install/turtlebot3_camera_service_interfaces/local/lib/python3.10/dist-packages/turtlebot3_camera_service_interfaces/turtlebot3_camera_service_interfaces_s__rosidl_typesupport_fastrtps_c.cpython-310-x86_64-linux-gnu.so" to ""
-- Installing: /home/flynn/webots_ros2_ws/install/turtlebot3_camera_service_interfaces/local/lib/python3.10/dist-packages/turtlebot3_camera_service_interfaces/turtlebot3_camera_service_interfaces_s__rosidl_typesupport_introspection_c.cpython-310-x86_64-linux-gnu.so
-- Set runtime path of "/home/flynn/webots_ros2_ws/install/turtlebot3_camera_service_interfaces/local/lib/python3.10/dist-packages/turtlebot3_camera_service_interfaces/turtlebot3_camera_service_interfaces_s__rosidl_typesupport_introspection_c.cpython-310-x86_64-linux-gnu.so" to ""
-- Installing: /home/flynn/webots_ros2_ws/install/turtlebot3_camera_service_interfaces/local/lib/python3.10/dist-packages/turtlebot3_camera_service_interfaces/turtlebot3_camera_service_interfaces_s__rosidl_typesupport_c.cpython-310-x86_64-linux-gnu.so
-- Set runtime path of "/home/flynn/webots_ros2_ws/install/turtlebot3_camera_service_interfaces/local/lib/python3.10/dist-packages/turtlebot3_camera_service_interfaces/turtlebot3_camera_service_interfaces_s__rosidl_typesupport_c.cpython-310-x86_64-linux-gnu.so" to ""
-- Installing: /home/flynn/webots_ros2_ws/install/turtlebot3_camera_service_interfaces/lib/libturtlebot3_camera_service_interfaces__rosidl_generator_py.so
-- Set runtime path of "/home/flynn/webots_ros2_ws/install/turtlebot3_camera_service_interfaces/lib/libturtlebot3_camera_service_interfaces__rosidl_generator_py.so" to ""
-- Installing: /home/flynn/webots_ros2_ws/install/turtlebot3_camera_service_interfaces/share/turtlebot3_camera_service_interfaces/srv/ImageCapture.idl
-- Installing: /home/flynn/webots_ros2_ws/install/turtlebot3_camera_service_interfaces/share/turtlebot3_camera_service_interfaces/srv/ImageCapture.srv
-- Installing: /home/flynn/webots_ros2_ws/install/turtlebot3_camera_service_interfaces/share/turtlebot3_camera_service_interfaces/srv/ImageCapture_Request.msg
-- Installing: /home/flynn/webots_ros2_ws/install/turtlebot3_camera_service_interfaces/share/turtlebot3_camera_service_interfaces/srv/ImageCapture_Response.msg
-- Installing: /home/flynn/webots_ros2_ws/install/turtlebot3_camera_service_interfaces/share/ament_index/resource_index/package_run_dependencies/turtlebot3_camera_service_interfaces
-- Installing: /home/flynn/webots_ros2_ws/install/turtlebot3_camera_service_interfaces/share/ament_index/resource_index/parent_prefix_path/turtlebot3_camera_service_interfaces
-- Installing: /home/flynn/webots_ros2_ws/install/turtlebot3_camera_service_interfaces/share/turtlebot3_camera_service_interfaces/environment/ament_prefix_path.sh
-- Installing: /home/flynn/webots_ros2_ws/install/turtlebot3_camera_service_interfaces/share/turtlebot3_camera_service_interfaces/environment/ament_prefix_path.dsv
-- Installing: /home/flynn/webots_ros2_ws/install/turtlebot3_camera_service_interfaces/share/turtlebot3_camera_service_interfaces/environment/path.sh
-- Installing: /home/flynn/webots_ros2_ws/install/turtlebot3_camera_service_interfaces/share/turtlebot3_camera_service_interfaces/environment/path.dsv
-- Installing: /home/flynn/webots_ros2_ws/install/turtlebot3_camera_service_interfaces/share/turtlebot3_camera_service_interfaces/local_setup.bash
-- Installing: /home/flynn/webots_ros2_ws/install/turtlebot3_camera_service_interfaces/share/turtlebot3_camera_service_interfaces/local_setup.sh
-- Installing: /home/flynn/webots_ros2_ws/install/turtlebot3_camera_service_interfaces/share/turtlebot3_camera_service_interfaces/local_setup.zsh
-- Installing: /home/flynn/webots_ros2_ws/install/turtlebot3_camera_service_interfaces/share/turtlebot3_camera_service_interfaces/local_setup.dsv
-- Installing: /home/flynn/webots_ros2_ws/install/turtlebot3_camera_service_interfaces/share/turtlebot3_camera_service_interfaces/package.dsv
-- Installing: /home/flynn/webots_ros2_ws/install/turtlebot3_camera_service_interfaces/share/ament_index/resource_index/packages/turtlebot3_camera_service_interfaces
-- Installing: /home/flynn/webots_ros2_ws/install/turtlebot3_camera_service_interfaces/share/turtlebot3_camera_service_interfaces/cmake/export_turtlebot3_camera_service_interfaces__rosidl_generator_cExport.cmake
-- Installing: /home/flynn/webots_ros2_ws/install/turtlebot3_camera_service_interfaces/share/turtlebot3_camera_service_interfaces/cmake/export_turtlebot3_camera_service_interfaces__rosidl_generator_cExport-noconfig.cmake
-- Installing: /home/flynn/webots_ros2_ws/install/turtlebot3_camera_service_interfaces/share/turtlebot3_camera_service_interfaces/cmake/export_turtlebot3_camera_service_interfaces__rosidl_typesupport_fastrtps_cExport.cmake
-- Installing: /home/flynn/webots_ros2_ws/install/turtlebot3_camera_service_interfaces/share/turtlebot3_camera_service_interfaces/cmake/export_turtlebot3_camera_service_interfaces__rosidl_typesupport_fastrtps_cExport-noconfig.cmake
-- Installing: /home/flynn/webots_ros2_ws/install/turtlebot3_camera_service_interfaces/share/turtlebot3_camera_service_interfaces/cmake/turtlebot3_camera_service_interfaces__rosidl_typesupport_introspection_cExport.cmake
-- Installing: /home/flynn/webots_ros2_ws/install/turtlebot3_camera_service_interfaces/share/turtlebot3_camera_service_interfaces/cmake/turtlebot3_camera_service_interfaces__rosidl_typesupport_introspection_cExport-noconfig.cmake
-- Installing: /home/flynn/webots_ros2_ws/install/turtlebot3_camera_service_interfaces/share/turtlebot3_camera_service_interfaces/cmake/turtlebot3_camera_service_interfaces__rosidl_typesupport_cExport.cmake
-- Installing: /home/flynn/webots_ros2_ws/install/turtlebot3_camera_service_interfaces/share/turtlebot3_camera_service_interfaces/cmake/turtlebot3_camera_service_interfaces__rosidl_typesupport_cExport-noconfig.cmake
-- Installing: /home/flynn/webots_ros2_ws/install/turtlebot3_camera_service_interfaces/share/turtlebot3_camera_service_interfaces/cmake/export_turtlebot3_camera_service_interfaces__rosidl_generator_cppExport.cmake
-- Installing: /home/flynn/webots_ros2_ws/install/turtlebot3_camera_service_interfaces/share/turtlebot3_camera_service_interfaces/cmake/export_turtlebot3_camera_service_interfaces__rosidl_typesupport_fastrtps_cppExport.cmake
-- Installing: /home/flynn/webots_ros2_ws/install/turtlebot3_camera_service_interfaces/share/turtlebot3_camera_service_interfaces/cmake/export_turtlebot3_camera_service_interfaces__rosidl_typesupport_fastrtps_cppExport-noconfig.cmake
-- Installing: /home/flynn/webots_ros2_ws/install/turtlebot3_camera_service_interfaces/share/turtlebot3_camera_service_interfaces/cmake/turtlebot3_camera_service_interfaces__rosidl_typesupport_introspection_cppExport.cmake
-- Installing: /home/flynn/webots_ros2_ws/install/turtlebot3_camera_service_interfaces/share/turtlebot3_camera_service_interfaces/cmake/turtlebot3_camera_service_interfaces__rosidl_typesupport_introspection_cppExport-noconfig.cmake
-- Installing: /home/flynn/webots_ros2_ws/install/turtlebot3_camera_service_interfaces/share/turtlebot3_camera_service_interfaces/cmake/turtlebot3_camera_service_interfaces__rosidl_typesupport_cppExport.cmake
-- Installing: /home/flynn/webots_ros2_ws/install/turtlebot3_camera_service_interfaces/share/turtlebot3_camera_service_interfaces/cmake/turtlebot3_camera_service_interfaces__rosidl_typesupport_cppExport-noconfig.cmake
-- Installing: /home/flynn/webots_ros2_ws/install/turtlebot3_camera_service_interfaces/share/turtlebot3_camera_service_interfaces/cmake/export_turtlebot3_camera_service_interfaces__rosidl_generator_pyExport.cmake
-- Installing: /home/flynn/webots_ros2_ws/install/turtlebot3_camera_service_interfaces/share/turtlebot3_camera_service_interfaces/cmake/export_turtlebot3_camera_service_interfaces__rosidl_generator_pyExport-noconfig.cmake
-- Installing: /home/flynn/webots_ros2_ws/install/turtlebot3_camera_service_interfaces/share/turtlebot3_camera_service_interfaces/cmake/rosidl_cmake-extras.cmake
-- Installing: /home/flynn/webots_ros2_ws/install/turtlebot3_camera_service_interfaces/share/turtlebot3_camera_service_interfaces/cmake/ament_cmake_export_include_directories-extras.cmake
-- Installing: /home/flynn/webots_ros2_ws/install/turtlebot3_camera_service_interfaces/share/turtlebot3_camera_service_interfaces/cmake/ament_cmake_export_libraries-extras.cmake
-- Installing: /home/flynn/webots_ros2_ws/install/turtlebot3_camera_service_interfaces/share/turtlebot3_camera_service_interfaces/cmake/ament_cmake_export_targets-extras.cmake
-- Installing: /home/flynn/webots_ros2_ws/install/turtlebot3_camera_service_interfaces/share/turtlebot3_camera_service_interfaces/cmake/rosidl_cmake_export_typesupport_targets-extras.cmake
-- Installing: /home/flynn/webots_ros2_ws/install/turtlebot3_camera_service_interfaces/share/turtlebot3_camera_service_interfaces/cmake/ament_cmake_export_dependencies-extras.cmake
-- Installing: /home/flynn/webots_ros2_ws/install/turtlebot3_camera_service_interfaces/share/turtlebot3_camera_service_interfaces/cmake/rosidl_cmake_export_typesupport_libraries-extras.cmake
-- Installing: /home/flynn/webots_ros2_ws/install/turtlebot3_camera_service_interfaces/share/turtlebot3_camera_service_interfaces/cmake/turtlebot3_camera_service_interfacesConfig.cmake
-- Installing: /home/flynn/webots_ros2_ws/install/turtlebot3_camera_service_interfaces/share/turtlebot3_camera_service_interfaces/cmake/turtlebot3_camera_service_interfacesConfig-version.cmake
-- Installing: /home/flynn/webots_ros2_ws/install/turtlebot3_camera_service_interfaces/share/turtlebot3_camera_service_interfaces/package.xml
