[0.015s] Invoking command in '/home/flynn/webots_ros2_ws/build/turtlebot3_camera_service_interfaces': /usr/bin/cmake /home/flynn/webots_ros2_ws/src/turtlebot3_camera_service_interfaces -DCATKIN_INSTALL_INTO_PREFIX_ROOT=0 -DCMAKE_INSTALL_PREFIX=/home/flynn/webots_ros2_ws/install/turtlebot3_camera_service_interfaces
[0.045s] -- Found ament_cmake: 1.3.12 (/opt/ros/humble/share/ament_cmake/cmake)
[0.235s] -- Found rosidl_default_generators: 1.2.0 (/opt/ros/humble/share/rosidl_default_generators/cmake)
[0.240s] -- Using all available rosidl_typesupport_c: rosidl_typesupport_fastrtps_c;rosidl_typesupport_introspection_c
[0.244s] -- Found rosidl_adapter: 3.1.7 (/opt/ros/humble/share/rosidl_adapter/cmake)
[0.291s] -- Using all available rosidl_typesupport_cpp: rosidl_typesupport_fastrtps_cpp;rosidl_typesupport_introspection_cpp
[0.649s] -- Found ament_cmake_ros: 0.10.0 (/opt/ros/humble/share/ament_cmake_ros/cmake)
[0.936s] -- Using all available rosidl_typesupport_c: rosidl_typesupport_fastrtps_c;rosidl_typesupport_introspection_c
[1.329s] -- Using all available rosidl_typesupport_cpp: rosidl_typesupport_fastrtps_cpp;rosidl_typesupport_introspection_cpp
[1.365s] -- Found python_cmake_module: 0.10.0 (/opt/ros/humble/share/python_cmake_module/cmake)
[1.407s] -- Using PYTHON_EXECUTABLE: /usr/bin/python3
[1.407s] -- Using PYTHON_INCLUDE_DIRS: /usr/include/python3.10
[1.407s] -- Using PYTHON_LIBRARIES: /usr/lib/x86_64-linux-gnu/libpython3.10.so
[1.442s] -- Configuring done
[1.498s] -- Generating done
[1.517s] -- Build files have been written to: /home/flynn/webots_ros2_ws/build/turtlebot3_camera_service_interfaces
[1.529s] Invoked command in '/home/flynn/webots_ros2_ws/build/turtlebot3_camera_service_interfaces' returned '0': /usr/bin/cmake /home/flynn/webots_ros2_ws/src/turtlebot3_camera_service_interfaces -DCATKIN_INSTALL_INTO_PREFIX_ROOT=0 -DCMAKE_INSTALL_PREFIX=/home/flynn/webots_ros2_ws/install/turtlebot3_camera_service_interfaces
[1.533s] Invoking command in '/home/flynn/webots_ros2_ws/build/turtlebot3_camera_service_interfaces': /usr/bin/cmake --build /home/flynn/webots_ros2_ws/build/turtlebot3_camera_service_interfaces -- -j24 -l24
[1.593s] [35m[1mConsolidate compiler generated dependencies of target turtlebot3_camera_service_interfaces__rosidl_generator_c[0m
[1.611s] [  3%] Built target turtlebot3_camera_service_interfaces__cpp
[1.614s] [ 12%] Built target turtlebot3_camera_service_interfaces__rosidl_generator_c
[1.629s] [35m[1mConsolidate compiler generated dependencies of target turtlebot3_camera_service_interfaces__rosidl_typesupport_cpp[0m
[1.630s] [35m[1mConsolidate compiler generated dependencies of target turtlebot3_camera_service_interfaces__rosidl_typesupport_fastrtps_cpp[0m
[1.631s] [35m[1mConsolidate compiler generated dependencies of target turtlebot3_camera_service_interfaces__rosidl_typesupport_introspection_cpp[0m
[1.631s] [ 12%] Built target ament_cmake_python_copy_turtlebot3_camera_service_interfaces
[1.632s] [35m[1mConsolidate compiler generated dependencies of target turtlebot3_camera_service_interfaces__rosidl_typesupport_introspection_c[0m
[1.633s] [35m[1mConsolidate compiler generated dependencies of target turtlebot3_camera_service_interfaces__rosidl_typesupport_c[0m
[1.634s] [35m[1mConsolidate compiler generated dependencies of target turtlebot3_camera_service_interfaces__rosidl_typesupport_fastrtps_c[0m
[1.653s] [ 22%] Built target turtlebot3_camera_service_interfaces__rosidl_typesupport_c
[1.654s] [ 32%] Built target turtlebot3_camera_service_interfaces__rosidl_typesupport_introspection_c
[1.655s] [ 41%] Built target turtlebot3_camera_service_interfaces__rosidl_typesupport_cpp
[1.655s] [ 51%] Built target turtlebot3_camera_service_interfaces__rosidl_typesupport_introspection_cpp
[1.657s] [ 61%] Built target turtlebot3_camera_service_interfaces__rosidl_typesupport_fastrtps_cpp
[1.657s] [ 70%] Built target turtlebot3_camera_service_interfaces__rosidl_typesupport_fastrtps_c
[1.692s] [ 70%] Built target turtlebot3_camera_service_interfaces
[1.727s] [ 74%] Built target turtlebot3_camera_service_interfaces__py
[1.743s] [35m[1mConsolidate compiler generated dependencies of target turtlebot3_camera_service_interfaces__rosidl_generator_py[0m
[1.763s] [ 80%] Built target turtlebot3_camera_service_interfaces__rosidl_generator_py
[1.778s] [35m[1mConsolidate compiler generated dependencies of target turtlebot3_camera_service_interfaces__rosidl_typesupport_fastrtps_c__pyext[0m
[1.779s] [35m[1mConsolidate compiler generated dependencies of target turtlebot3_camera_service_interfaces__rosidl_typesupport_introspection_c__pyext[0m
[1.781s] [35m[1mConsolidate compiler generated dependencies of target turtlebot3_camera_service_interfaces__rosidl_typesupport_c__pyext[0m
[1.796s] [ 87%] Built target turtlebot3_camera_service_interfaces__rosidl_typesupport_fastrtps_c__pyext
[1.796s] [ 93%] Built target turtlebot3_camera_service_interfaces__rosidl_typesupport_introspection_c__pyext
[1.798s] [100%] Built target turtlebot3_camera_service_interfaces__rosidl_typesupport_c__pyext
[2.012s] running egg_info
[2.014s] writing turtlebot3_camera_service_interfaces.egg-info/PKG-INFO
[2.014s] writing dependency_links to turtlebot3_camera_service_interfaces.egg-info/dependency_links.txt
[2.015s] writing top-level names to turtlebot3_camera_service_interfaces.egg-info/top_level.txt
[2.020s] reading manifest file 'turtlebot3_camera_service_interfaces.egg-info/SOURCES.txt'
[2.021s] writing manifest file 'turtlebot3_camera_service_interfaces.egg-info/SOURCES.txt'
[2.070s] [100%] Built target ament_cmake_python_build_turtlebot3_camera_service_interfaces_egg
[2.091s] Invoked command in '/home/flynn/webots_ros2_ws/build/turtlebot3_camera_service_interfaces' returned '0': /usr/bin/cmake --build /home/flynn/webots_ros2_ws/build/turtlebot3_camera_service_interfaces -- -j24 -l24
[2.111s] Invoking command in '/home/flynn/webots_ros2_ws/build/turtlebot3_camera_service_interfaces': /usr/bin/cmake --install /home/flynn/webots_ros2_ws/build/turtlebot3_camera_service_interfaces
[2.129s] -- Install configuration: ""
[2.129s] -- Up-to-date: /home/flynn/webots_ros2_ws/install/turtlebot3_camera_service_interfaces/share/ament_index/resource_index/rosidl_interfaces/turtlebot3_camera_service_interfaces
[2.130s] -- Up-to-date: /home/flynn/webots_ros2_ws/install/turtlebot3_camera_service_interfaces/include/turtlebot3_camera_service_interfaces/turtlebot3_camera_service_interfaces
[2.130s] -- Up-to-date: /home/flynn/webots_ros2_ws/install/turtlebot3_camera_service_interfaces/include/turtlebot3_camera_service_interfaces/turtlebot3_camera_service_interfaces/msg
[2.131s] -- Up-to-date: /home/flynn/webots_ros2_ws/install/turtlebot3_camera_service_interfaces/include/turtlebot3_camera_service_interfaces/turtlebot3_camera_service_interfaces/msg/rosidl_generator_c__visibility_control.h
[2.131s] -- Up-to-date: /home/flynn/webots_ros2_ws/install/turtlebot3_camera_service_interfaces/include/turtlebot3_camera_service_interfaces/turtlebot3_camera_service_interfaces/srv
[2.131s] -- Up-to-date: /home/flynn/webots_ros2_ws/install/turtlebot3_camera_service_interfaces/include/turtlebot3_camera_service_interfaces/turtlebot3_camera_service_interfaces/srv/detail
[2.132s] -- Up-to-date: /home/flynn/webots_ros2_ws/install/turtlebot3_camera_service_interfaces/include/turtlebot3_camera_service_interfaces/turtlebot3_camera_service_interfaces/srv/detail/image_capture__functions.c
[2.132s] -- Up-to-date: /home/flynn/webots_ros2_ws/install/turtlebot3_camera_service_interfaces/include/turtlebot3_camera_service_interfaces/turtlebot3_camera_service_interfaces/srv/detail/image_capture__struct.h
[2.132s] -- Up-to-date: /home/flynn/webots_ros2_ws/install/turtlebot3_camera_service_interfaces/include/turtlebot3_camera_service_interfaces/turtlebot3_camera_service_interfaces/srv/detail/image_capture__functions.h
[2.132s] -- Up-to-date: /home/flynn/webots_ros2_ws/install/turtlebot3_camera_service_interfaces/include/turtlebot3_camera_service_interfaces/turtlebot3_camera_service_interfaces/srv/detail/image_capture__type_support.h
[2.132s] -- Up-to-date: /home/flynn/webots_ros2_ws/install/turtlebot3_camera_service_interfaces/include/turtlebot3_camera_service_interfaces/turtlebot3_camera_service_interfaces/srv/image_capture.h
[2.132s] -- Up-to-date: /home/flynn/webots_ros2_ws/install/turtlebot3_camera_service_interfaces/share/turtlebot3_camera_service_interfaces/environment/library_path.sh
[2.132s] -- Installing: /home/flynn/webots_ros2_ws/install/turtlebot3_camera_service_interfaces/share/turtlebot3_camera_service_interfaces/environment/library_path.dsv
[2.132s] -- Up-to-date: /home/flynn/webots_ros2_ws/install/turtlebot3_camera_service_interfaces/lib/libturtlebot3_camera_service_interfaces__rosidl_generator_c.so
[2.133s] -- Up-to-date: /home/flynn/webots_ros2_ws/install/turtlebot3_camera_service_interfaces/include/turtlebot3_camera_service_interfaces/turtlebot3_camera_service_interfaces
[2.133s] -- Up-to-date: /home/flynn/webots_ros2_ws/install/turtlebot3_camera_service_interfaces/include/turtlebot3_camera_service_interfaces/turtlebot3_camera_service_interfaces/msg
[2.133s] -- Up-to-date: /home/flynn/webots_ros2_ws/install/turtlebot3_camera_service_interfaces/include/turtlebot3_camera_service_interfaces/turtlebot3_camera_service_interfaces/msg/rosidl_typesupport_fastrtps_c__visibility_control.h
[2.133s] -- Up-to-date: /home/flynn/webots_ros2_ws/install/turtlebot3_camera_service_interfaces/include/turtlebot3_camera_service_interfaces/turtlebot3_camera_service_interfaces/srv
[2.133s] -- Up-to-date: /home/flynn/webots_ros2_ws/install/turtlebot3_camera_service_interfaces/include/turtlebot3_camera_service_interfaces/turtlebot3_camera_service_interfaces/srv/detail
[2.134s] -- Up-to-date: /home/flynn/webots_ros2_ws/install/turtlebot3_camera_service_interfaces/include/turtlebot3_camera_service_interfaces/turtlebot3_camera_service_interfaces/srv/detail/image_capture__rosidl_typesupport_fastrtps_c.h
[2.134s] -- Up-to-date: /home/flynn/webots_ros2_ws/install/turtlebot3_camera_service_interfaces/lib/libturtlebot3_camera_service_interfaces__rosidl_typesupport_fastrtps_c.so
[2.135s] -- Up-to-date: /home/flynn/webots_ros2_ws/install/turtlebot3_camera_service_interfaces/include/turtlebot3_camera_service_interfaces/turtlebot3_camera_service_interfaces
[2.135s] -- Up-to-date: /home/flynn/webots_ros2_ws/install/turtlebot3_camera_service_interfaces/include/turtlebot3_camera_service_interfaces/turtlebot3_camera_service_interfaces/msg
[2.135s] -- Up-to-date: /home/flynn/webots_ros2_ws/install/turtlebot3_camera_service_interfaces/include/turtlebot3_camera_service_interfaces/turtlebot3_camera_service_interfaces/msg/rosidl_typesupport_introspection_c__visibility_control.h
[2.136s] -- Up-to-date: /home/flynn/webots_ros2_ws/install/turtlebot3_camera_service_interfaces/include/turtlebot3_camera_service_interfaces/turtlebot3_camera_service_interfaces/srv
[2.136s] -- Up-to-date: /home/flynn/webots_ros2_ws/install/turtlebot3_camera_service_interfaces/include/turtlebot3_camera_service_interfaces/turtlebot3_camera_service_interfaces/srv/detail
[2.137s] -- Up-to-date: /home/flynn/webots_ros2_ws/install/turtlebot3_camera_service_interfaces/include/turtlebot3_camera_service_interfaces/turtlebot3_camera_service_interfaces/srv/detail/image_capture__rosidl_typesupport_introspection_c.h
[2.137s] -- Up-to-date: /home/flynn/webots_ros2_ws/install/turtlebot3_camera_service_interfaces/include/turtlebot3_camera_service_interfaces/turtlebot3_camera_service_interfaces/srv/detail/image_capture__type_support.c
[2.137s] -- Up-to-date: /home/flynn/webots_ros2_ws/install/turtlebot3_camera_service_interfaces/lib/libturtlebot3_camera_service_interfaces__rosidl_typesupport_introspection_c.so
[2.138s] -- Up-to-date: /home/flynn/webots_ros2_ws/install/turtlebot3_camera_service_interfaces/lib/libturtlebot3_camera_service_interfaces__rosidl_typesupport_c.so
[2.138s] -- Up-to-date: /home/flynn/webots_ros2_ws/install/turtlebot3_camera_service_interfaces/include/turtlebot3_camera_service_interfaces/turtlebot3_camera_service_interfaces
[2.138s] -- Up-to-date: /home/flynn/webots_ros2_ws/install/turtlebot3_camera_service_interfaces/include/turtlebot3_camera_service_interfaces/turtlebot3_camera_service_interfaces/msg
[2.138s] -- Up-to-date: /home/flynn/webots_ros2_ws/install/turtlebot3_camera_service_interfaces/include/turtlebot3_camera_service_interfaces/turtlebot3_camera_service_interfaces/msg/rosidl_generator_cpp__visibility_control.hpp
[2.139s] -- Up-to-date: /home/flynn/webots_ros2_ws/install/turtlebot3_camera_service_interfaces/include/turtlebot3_camera_service_interfaces/turtlebot3_camera_service_interfaces/srv
[2.139s] -- Up-to-date: /home/flynn/webots_ros2_ws/install/turtlebot3_camera_service_interfaces/include/turtlebot3_camera_service_interfaces/turtlebot3_camera_service_interfaces/srv/detail
[2.139s] -- Up-to-date: /home/flynn/webots_ros2_ws/install/turtlebot3_camera_service_interfaces/include/turtlebot3_camera_service_interfaces/turtlebot3_camera_service_interfaces/srv/detail/image_capture__builder.hpp
[2.139s] -- Up-to-date: /home/flynn/webots_ros2_ws/install/turtlebot3_camera_service_interfaces/include/turtlebot3_camera_service_interfaces/turtlebot3_camera_service_interfaces/srv/detail/image_capture__type_support.hpp
[2.139s] -- Up-to-date: /home/flynn/webots_ros2_ws/install/turtlebot3_camera_service_interfaces/include/turtlebot3_camera_service_interfaces/turtlebot3_camera_service_interfaces/srv/detail/image_capture__traits.hpp
[2.139s] -- Up-to-date: /home/flynn/webots_ros2_ws/install/turtlebot3_camera_service_interfaces/include/turtlebot3_camera_service_interfaces/turtlebot3_camera_service_interfaces/srv/detail/image_capture__struct.hpp
[2.139s] -- Up-to-date: /home/flynn/webots_ros2_ws/install/turtlebot3_camera_service_interfaces/include/turtlebot3_camera_service_interfaces/turtlebot3_camera_service_interfaces/srv/image_capture.hpp
[2.139s] -- Up-to-date: /home/flynn/webots_ros2_ws/install/turtlebot3_camera_service_interfaces/include/turtlebot3_camera_service_interfaces/turtlebot3_camera_service_interfaces
[2.139s] -- Up-to-date: /home/flynn/webots_ros2_ws/install/turtlebot3_camera_service_interfaces/include/turtlebot3_camera_service_interfaces/turtlebot3_camera_service_interfaces/msg
[2.140s] -- Up-to-date: /home/flynn/webots_ros2_ws/install/turtlebot3_camera_service_interfaces/include/turtlebot3_camera_service_interfaces/turtlebot3_camera_service_interfaces/msg/rosidl_typesupport_fastrtps_cpp__visibility_control.h
[2.140s] -- Up-to-date: /home/flynn/webots_ros2_ws/install/turtlebot3_camera_service_interfaces/include/turtlebot3_camera_service_interfaces/turtlebot3_camera_service_interfaces/srv
[2.140s] -- Up-to-date: /home/flynn/webots_ros2_ws/install/turtlebot3_camera_service_interfaces/include/turtlebot3_camera_service_interfaces/turtlebot3_camera_service_interfaces/srv/detail
[2.140s] -- Up-to-date: /home/flynn/webots_ros2_ws/install/turtlebot3_camera_service_interfaces/include/turtlebot3_camera_service_interfaces/turtlebot3_camera_service_interfaces/srv/detail/dds_fastrtps
[2.140s] -- Up-to-date: /home/flynn/webots_ros2_ws/install/turtlebot3_camera_service_interfaces/include/turtlebot3_camera_service_interfaces/turtlebot3_camera_service_interfaces/srv/detail/image_capture__rosidl_typesupport_fastrtps_cpp.hpp
[2.140s] -- Up-to-date: /home/flynn/webots_ros2_ws/install/turtlebot3_camera_service_interfaces/lib/libturtlebot3_camera_service_interfaces__rosidl_typesupport_fastrtps_cpp.so
[2.140s] -- Up-to-date: /home/flynn/webots_ros2_ws/install/turtlebot3_camera_service_interfaces/include/turtlebot3_camera_service_interfaces/turtlebot3_camera_service_interfaces
[2.140s] -- Up-to-date: /home/flynn/webots_ros2_ws/install/turtlebot3_camera_service_interfaces/include/turtlebot3_camera_service_interfaces/turtlebot3_camera_service_interfaces/srv
[2.140s] -- Up-to-date: /home/flynn/webots_ros2_ws/install/turtlebot3_camera_service_interfaces/include/turtlebot3_camera_service_interfaces/turtlebot3_camera_service_interfaces/srv/detail
[2.140s] -- Up-to-date: /home/flynn/webots_ros2_ws/install/turtlebot3_camera_service_interfaces/include/turtlebot3_camera_service_interfaces/turtlebot3_camera_service_interfaces/srv/detail/image_capture__type_support.cpp
[2.141s] -- Up-to-date: /home/flynn/webots_ros2_ws/install/turtlebot3_camera_service_interfaces/include/turtlebot3_camera_service_interfaces/turtlebot3_camera_service_interfaces/srv/detail/image_capture__rosidl_typesupport_introspection_cpp.hpp
[2.141s] -- Up-to-date: /home/flynn/webots_ros2_ws/install/turtlebot3_camera_service_interfaces/lib/libturtlebot3_camera_service_interfaces__rosidl_typesupport_introspection_cpp.so
[2.141s] -- Up-to-date: /home/flynn/webots_ros2_ws/install/turtlebot3_camera_service_interfaces/lib/libturtlebot3_camera_service_interfaces__rosidl_typesupport_cpp.so
[2.141s] -- Up-to-date: /home/flynn/webots_ros2_ws/install/turtlebot3_camera_service_interfaces/share/turtlebot3_camera_service_interfaces/environment/pythonpath.sh
[2.141s] -- Installing: /home/flynn/webots_ros2_ws/install/turtlebot3_camera_service_interfaces/share/turtlebot3_camera_service_interfaces/environment/pythonpath.dsv
[2.141s] -- Up-to-date: /home/flynn/webots_ros2_ws/install/turtlebot3_camera_service_interfaces/local/lib/python3.10/dist-packages/turtlebot3_camera_service_interfaces-0.0.0-py3.10.egg-info
[2.141s] -- Installing: /home/flynn/webots_ros2_ws/install/turtlebot3_camera_service_interfaces/local/lib/python3.10/dist-packages/turtlebot3_camera_service_interfaces-0.0.0-py3.10.egg-info/dependency_links.txt
[2.142s] -- Installing: /home/flynn/webots_ros2_ws/install/turtlebot3_camera_service_interfaces/local/lib/python3.10/dist-packages/turtlebot3_camera_service_interfaces-0.0.0-py3.10.egg-info/PKG-INFO
[2.142s] -- Installing: /home/flynn/webots_ros2_ws/install/turtlebot3_camera_service_interfaces/local/lib/python3.10/dist-packages/turtlebot3_camera_service_interfaces-0.0.0-py3.10.egg-info/top_level.txt
[2.142s] -- Installing: /home/flynn/webots_ros2_ws/install/turtlebot3_camera_service_interfaces/local/lib/python3.10/dist-packages/turtlebot3_camera_service_interfaces-0.0.0-py3.10.egg-info/SOURCES.txt
[2.142s] -- Up-to-date: /home/flynn/webots_ros2_ws/install/turtlebot3_camera_service_interfaces/local/lib/python3.10/dist-packages/turtlebot3_camera_service_interfaces
[2.142s] -- Installing: /home/flynn/webots_ros2_ws/install/turtlebot3_camera_service_interfaces/local/lib/python3.10/dist-packages/turtlebot3_camera_service_interfaces/__init__.py
[2.143s] -- Up-to-date: /home/flynn/webots_ros2_ws/install/turtlebot3_camera_service_interfaces/local/lib/python3.10/dist-packages/turtlebot3_camera_service_interfaces/turtlebot3_camera_service_interfaces_s__rosidl_typesupport_introspection_c.cpython-310-x86_64-linux-gnu.so
[2.143s] -- Up-to-date: /home/flynn/webots_ros2_ws/install/turtlebot3_camera_service_interfaces/local/lib/python3.10/dist-packages/turtlebot3_camera_service_interfaces/libturtlebot3_camera_service_interfaces__rosidl_generator_py.so
[2.143s] -- Up-to-date: /home/flynn/webots_ros2_ws/install/turtlebot3_camera_service_interfaces/local/lib/python3.10/dist-packages/turtlebot3_camera_service_interfaces/_turtlebot3_camera_service_interfaces_s.ep.rosidl_typesupport_fastrtps_c.c
[2.143s] -- Up-to-date: /home/flynn/webots_ros2_ws/install/turtlebot3_camera_service_interfaces/local/lib/python3.10/dist-packages/turtlebot3_camera_service_interfaces/_turtlebot3_camera_service_interfaces_s.ep.rosidl_typesupport_c.c
[2.143s] -- Up-to-date: /home/flynn/webots_ros2_ws/install/turtlebot3_camera_service_interfaces/local/lib/python3.10/dist-packages/turtlebot3_camera_service_interfaces/turtlebot3_camera_service_interfaces_s__rosidl_typesupport_fastrtps_c.cpython-310-x86_64-linux-gnu.so
[2.143s] -- Up-to-date: /home/flynn/webots_ros2_ws/install/turtlebot3_camera_service_interfaces/local/lib/python3.10/dist-packages/turtlebot3_camera_service_interfaces/_turtlebot3_camera_service_interfaces_s.ep.rosidl_typesupport_introspection_c.c
[2.144s] -- Up-to-date: /home/flynn/webots_ros2_ws/install/turtlebot3_camera_service_interfaces/local/lib/python3.10/dist-packages/turtlebot3_camera_service_interfaces/srv
[2.144s] -- Up-to-date: /home/flynn/webots_ros2_ws/install/turtlebot3_camera_service_interfaces/local/lib/python3.10/dist-packages/turtlebot3_camera_service_interfaces/srv/__init__.py
[2.144s] -- Up-to-date: /home/flynn/webots_ros2_ws/install/turtlebot3_camera_service_interfaces/local/lib/python3.10/dist-packages/turtlebot3_camera_service_interfaces/srv/_image_capture_s.c
[2.144s] -- Up-to-date: /home/flynn/webots_ros2_ws/install/turtlebot3_camera_service_interfaces/local/lib/python3.10/dist-packages/turtlebot3_camera_service_interfaces/srv/_image_capture.py
[2.144s] -- Up-to-date: /home/flynn/webots_ros2_ws/install/turtlebot3_camera_service_interfaces/local/lib/python3.10/dist-packages/turtlebot3_camera_service_interfaces/turtlebot3_camera_service_interfaces_s__rosidl_typesupport_c.cpython-310-x86_64-linux-gnu.so
[2.215s] Listing '/home/flynn/webots_ros2_ws/install/turtlebot3_camera_service_interfaces/local/lib/python3.10/dist-packages/turtlebot3_camera_service_interfaces'...
[2.215s] Compiling '/home/flynn/webots_ros2_ws/install/turtlebot3_camera_service_interfaces/local/lib/python3.10/dist-packages/turtlebot3_camera_service_interfaces/__init__.py'...
[2.215s] Listing '/home/flynn/webots_ros2_ws/install/turtlebot3_camera_service_interfaces/local/lib/python3.10/dist-packages/turtlebot3_camera_service_interfaces/srv'...
[2.224s] -- Up-to-date: /home/flynn/webots_ros2_ws/install/turtlebot3_camera_service_interfaces/local/lib/python3.10/dist-packages/turtlebot3_camera_service_interfaces/turtlebot3_camera_service_interfaces_s__rosidl_typesupport_fastrtps_c.cpython-310-x86_64-linux-gnu.so
[2.224s] -- Up-to-date: /home/flynn/webots_ros2_ws/install/turtlebot3_camera_service_interfaces/local/lib/python3.10/dist-packages/turtlebot3_camera_service_interfaces/turtlebot3_camera_service_interfaces_s__rosidl_typesupport_introspection_c.cpython-310-x86_64-linux-gnu.so
[2.225s] -- Up-to-date: /home/flynn/webots_ros2_ws/install/turtlebot3_camera_service_interfaces/local/lib/python3.10/dist-packages/turtlebot3_camera_service_interfaces/turtlebot3_camera_service_interfaces_s__rosidl_typesupport_c.cpython-310-x86_64-linux-gnu.so
[2.225s] -- Up-to-date: /home/flynn/webots_ros2_ws/install/turtlebot3_camera_service_interfaces/lib/libturtlebot3_camera_service_interfaces__rosidl_generator_py.so
[2.226s] -- Up-to-date: /home/flynn/webots_ros2_ws/install/turtlebot3_camera_service_interfaces/share/turtlebot3_camera_service_interfaces/srv/ImageCapture.idl
[2.226s] -- Up-to-date: /home/flynn/webots_ros2_ws/install/turtlebot3_camera_service_interfaces/share/turtlebot3_camera_service_interfaces/srv/ImageCapture.srv
[2.226s] -- Up-to-date: /home/flynn/webots_ros2_ws/install/turtlebot3_camera_service_interfaces/share/turtlebot3_camera_service_interfaces/srv/ImageCapture_Request.msg
[2.226s] -- Up-to-date: /home/flynn/webots_ros2_ws/install/turtlebot3_camera_service_interfaces/share/turtlebot3_camera_service_interfaces/srv/ImageCapture_Response.msg
[2.227s] -- Up-to-date: /home/flynn/webots_ros2_ws/install/turtlebot3_camera_service_interfaces/share/ament_index/resource_index/package_run_dependencies/turtlebot3_camera_service_interfaces
[2.227s] -- Installing: /home/flynn/webots_ros2_ws/install/turtlebot3_camera_service_interfaces/share/ament_index/resource_index/parent_prefix_path/turtlebot3_camera_service_interfaces
[2.227s] -- Up-to-date: /home/flynn/webots_ros2_ws/install/turtlebot3_camera_service_interfaces/share/turtlebot3_camera_service_interfaces/environment/ament_prefix_path.sh
[2.227s] -- Installing: /home/flynn/webots_ros2_ws/install/turtlebot3_camera_service_interfaces/share/turtlebot3_camera_service_interfaces/environment/ament_prefix_path.dsv
[2.227s] -- Up-to-date: /home/flynn/webots_ros2_ws/install/turtlebot3_camera_service_interfaces/share/turtlebot3_camera_service_interfaces/environment/path.sh
[2.227s] -- Installing: /home/flynn/webots_ros2_ws/install/turtlebot3_camera_service_interfaces/share/turtlebot3_camera_service_interfaces/environment/path.dsv
[2.227s] -- Up-to-date: /home/flynn/webots_ros2_ws/install/turtlebot3_camera_service_interfaces/share/turtlebot3_camera_service_interfaces/local_setup.bash
[2.227s] -- Up-to-date: /home/flynn/webots_ros2_ws/install/turtlebot3_camera_service_interfaces/share/turtlebot3_camera_service_interfaces/local_setup.sh
[2.227s] -- Up-to-date: /home/flynn/webots_ros2_ws/install/turtlebot3_camera_service_interfaces/share/turtlebot3_camera_service_interfaces/local_setup.zsh
[2.227s] -- Installing: /home/flynn/webots_ros2_ws/install/turtlebot3_camera_service_interfaces/share/turtlebot3_camera_service_interfaces/local_setup.dsv
[2.228s] -- Installing: /home/flynn/webots_ros2_ws/install/turtlebot3_camera_service_interfaces/share/turtlebot3_camera_service_interfaces/package.dsv
[2.228s] -- Up-to-date: /home/flynn/webots_ros2_ws/install/turtlebot3_camera_service_interfaces/share/ament_index/resource_index/packages/turtlebot3_camera_service_interfaces
[2.228s] -- Up-to-date: /home/flynn/webots_ros2_ws/install/turtlebot3_camera_service_interfaces/share/turtlebot3_camera_service_interfaces/cmake/export_turtlebot3_camera_service_interfaces__rosidl_generator_cExport.cmake
[2.228s] -- Up-to-date: /home/flynn/webots_ros2_ws/install/turtlebot3_camera_service_interfaces/share/turtlebot3_camera_service_interfaces/cmake/export_turtlebot3_camera_service_interfaces__rosidl_generator_cExport-noconfig.cmake
[2.228s] -- Up-to-date: /home/flynn/webots_ros2_ws/install/turtlebot3_camera_service_interfaces/share/turtlebot3_camera_service_interfaces/cmake/export_turtlebot3_camera_service_interfaces__rosidl_typesupport_fastrtps_cExport.cmake
[2.228s] -- Up-to-date: /home/flynn/webots_ros2_ws/install/turtlebot3_camera_service_interfaces/share/turtlebot3_camera_service_interfaces/cmake/export_turtlebot3_camera_service_interfaces__rosidl_typesupport_fastrtps_cExport-noconfig.cmake
[2.229s] -- Up-to-date: /home/flynn/webots_ros2_ws/install/turtlebot3_camera_service_interfaces/share/turtlebot3_camera_service_interfaces/cmake/turtlebot3_camera_service_interfaces__rosidl_typesupport_introspection_cExport.cmake
[2.229s] -- Up-to-date: /home/flynn/webots_ros2_ws/install/turtlebot3_camera_service_interfaces/share/turtlebot3_camera_service_interfaces/cmake/turtlebot3_camera_service_interfaces__rosidl_typesupport_introspection_cExport-noconfig.cmake
[2.229s] -- Up-to-date: /home/flynn/webots_ros2_ws/install/turtlebot3_camera_service_interfaces/share/turtlebot3_camera_service_interfaces/cmake/turtlebot3_camera_service_interfaces__rosidl_typesupport_cExport.cmake
[2.229s] -- Up-to-date: /home/flynn/webots_ros2_ws/install/turtlebot3_camera_service_interfaces/share/turtlebot3_camera_service_interfaces/cmake/turtlebot3_camera_service_interfaces__rosidl_typesupport_cExport-noconfig.cmake
[2.229s] -- Up-to-date: /home/flynn/webots_ros2_ws/install/turtlebot3_camera_service_interfaces/share/turtlebot3_camera_service_interfaces/cmake/export_turtlebot3_camera_service_interfaces__rosidl_generator_cppExport.cmake
[2.229s] -- Up-to-date: /home/flynn/webots_ros2_ws/install/turtlebot3_camera_service_interfaces/share/turtlebot3_camera_service_interfaces/cmake/export_turtlebot3_camera_service_interfaces__rosidl_typesupport_fastrtps_cppExport.cmake
[2.230s] -- Up-to-date: /home/flynn/webots_ros2_ws/install/turtlebot3_camera_service_interfaces/share/turtlebot3_camera_service_interfaces/cmake/export_turtlebot3_camera_service_interfaces__rosidl_typesupport_fastrtps_cppExport-noconfig.cmake
[2.230s] -- Up-to-date: /home/flynn/webots_ros2_ws/install/turtlebot3_camera_service_interfaces/share/turtlebot3_camera_service_interfaces/cmake/turtlebot3_camera_service_interfaces__rosidl_typesupport_introspection_cppExport.cmake
[2.230s] -- Up-to-date: /home/flynn/webots_ros2_ws/install/turtlebot3_camera_service_interfaces/share/turtlebot3_camera_service_interfaces/cmake/turtlebot3_camera_service_interfaces__rosidl_typesupport_introspection_cppExport-noconfig.cmake
[2.230s] -- Up-to-date: /home/flynn/webots_ros2_ws/install/turtlebot3_camera_service_interfaces/share/turtlebot3_camera_service_interfaces/cmake/turtlebot3_camera_service_interfaces__rosidl_typesupport_cppExport.cmake
[2.231s] -- Up-to-date: /home/flynn/webots_ros2_ws/install/turtlebot3_camera_service_interfaces/share/turtlebot3_camera_service_interfaces/cmake/turtlebot3_camera_service_interfaces__rosidl_typesupport_cppExport-noconfig.cmake
[2.231s] -- Up-to-date: /home/flynn/webots_ros2_ws/install/turtlebot3_camera_service_interfaces/share/turtlebot3_camera_service_interfaces/cmake/export_turtlebot3_camera_service_interfaces__rosidl_generator_pyExport.cmake
[2.231s] -- Up-to-date: /home/flynn/webots_ros2_ws/install/turtlebot3_camera_service_interfaces/share/turtlebot3_camera_service_interfaces/cmake/export_turtlebot3_camera_service_interfaces__rosidl_generator_pyExport-noconfig.cmake
[2.232s] -- Up-to-date: /home/flynn/webots_ros2_ws/install/turtlebot3_camera_service_interfaces/share/turtlebot3_camera_service_interfaces/cmake/rosidl_cmake-extras.cmake
[2.232s] -- Up-to-date: /home/flynn/webots_ros2_ws/install/turtlebot3_camera_service_interfaces/share/turtlebot3_camera_service_interfaces/cmake/ament_cmake_export_include_directories-extras.cmake
[2.233s] -- Up-to-date: /home/flynn/webots_ros2_ws/install/turtlebot3_camera_service_interfaces/share/turtlebot3_camera_service_interfaces/cmake/ament_cmake_export_libraries-extras.cmake
[2.233s] -- Up-to-date: /home/flynn/webots_ros2_ws/install/turtlebot3_camera_service_interfaces/share/turtlebot3_camera_service_interfaces/cmake/ament_cmake_export_targets-extras.cmake
[2.233s] -- Up-to-date: /home/flynn/webots_ros2_ws/install/turtlebot3_camera_service_interfaces/share/turtlebot3_camera_service_interfaces/cmake/rosidl_cmake_export_typesupport_targets-extras.cmake
[2.233s] -- Up-to-date: /home/flynn/webots_ros2_ws/install/turtlebot3_camera_service_interfaces/share/turtlebot3_camera_service_interfaces/cmake/ament_cmake_export_dependencies-extras.cmake
[2.233s] -- Up-to-date: /home/flynn/webots_ros2_ws/install/turtlebot3_camera_service_interfaces/share/turtlebot3_camera_service_interfaces/cmake/rosidl_cmake_export_typesupport_libraries-extras.cmake
[2.233s] -- Up-to-date: /home/flynn/webots_ros2_ws/install/turtlebot3_camera_service_interfaces/share/turtlebot3_camera_service_interfaces/cmake/turtlebot3_camera_service_interfacesConfig.cmake
[2.234s] -- Up-to-date: /home/flynn/webots_ros2_ws/install/turtlebot3_camera_service_interfaces/share/turtlebot3_camera_service_interfaces/cmake/turtlebot3_camera_service_interfacesConfig-version.cmake
[2.234s] -- Up-to-date: /home/flynn/webots_ros2_ws/install/turtlebot3_camera_service_interfaces/share/turtlebot3_camera_service_interfaces/package.xml
[2.237s] Invoked command in '/home/flynn/webots_ros2_ws/build/turtlebot3_camera_service_interfaces' returned '0': /usr/bin/cmake --install /home/flynn/webots_ros2_ws/build/turtlebot3_camera_service_interfaces
