[0.781s] Invoking command in '/home/flynn/webots_ros2_ws/build/webots_ros2_turtlebot': AMENT_PREFIX_PATH=/home/flynn/webots_ros2_ws/install/webots_ros2_control:/home/flynn/webots_ros2_ws/install/webots_ros2_driver:/home/flynn/webots_ros2_ws/install/webots_ros2_msgs:${AMENT_PREFIX_PATH} CMAKE_PREFIX_PATH=/home/flynn/webots_ros2_ws/install/webots_ros2_control:/home/flynn/webots_ros2_ws/install/webots_ros2_driver:/home/flynn/webots_ros2_ws/install/webots_ros2_msgs LD_LIBRARY_PATH=/home/flynn/webots_ros2_ws/install/webots_ros2_control/lib:/home/flynn/webots_ros2_ws/install/webots_ros2_driver/lib:/home/flynn/webots_ros2_ws/install/webots_ros2_msgs/lib:${LD_LIBRARY_PATH} PYTHONPATH=/home/flynn/webots_ros2_ws/build/webots_ros2_turtlebot/prefix_override:/usr/lib/python3/dist-packages/colcon_core/task/python/colcon_distutils_commands:/home/flynn/webots_ros2_ws/install/webots_ros2_turtlebot/lib/python3.10/site-packages:/home/flynn/webots_ros2_ws/install/webots_ros2_driver/local/lib/python3.10/dist-packages:/home/flynn/webots_ros2_ws/install/webots_ros2_msgs/local/lib/python3.10/dist-packages:${PYTHONPATH} /usr/bin/python3 -W ignore:setup.py install is deprecated -W ignore:easy_install command is deprecated setup.py develop --uninstall --editable --build-directory /home/flynn/webots_ros2_ws/build/webots_ros2_turtlebot/build
[1.098s] running develop
[1.292s] Removing /home/flynn/webots_ros2_ws/install/webots_ros2_turtlebot/lib/python3.10/site-packages/webots-ros2-turtlebot.egg-link (link to .)
[1.325s] Invoked command in '/home/flynn/webots_ros2_ws/build/webots_ros2_turtlebot' returned '0': AMENT_PREFIX_PATH=/home/flynn/webots_ros2_ws/install/webots_ros2_control:/home/flynn/webots_ros2_ws/install/webots_ros2_driver:/home/flynn/webots_ros2_ws/install/webots_ros2_msgs:${AMENT_PREFIX_PATH} CMAKE_PREFIX_PATH=/home/flynn/webots_ros2_ws/install/webots_ros2_control:/home/flynn/webots_ros2_ws/install/webots_ros2_driver:/home/flynn/webots_ros2_ws/install/webots_ros2_msgs LD_LIBRARY_PATH=/home/flynn/webots_ros2_ws/install/webots_ros2_control/lib:/home/flynn/webots_ros2_ws/install/webots_ros2_driver/lib:/home/flynn/webots_ros2_ws/install/webots_ros2_msgs/lib:${LD_LIBRARY_PATH} PYTHONPATH=/home/flynn/webots_ros2_ws/build/webots_ros2_turtlebot/prefix_override:/usr/lib/python3/dist-packages/colcon_core/task/python/colcon_distutils_commands:/home/flynn/webots_ros2_ws/install/webots_ros2_turtlebot/lib/python3.10/site-packages:/home/flynn/webots_ros2_ws/install/webots_ros2_driver/local/lib/python3.10/dist-packages:/home/flynn/webots_ros2_ws/install/webots_ros2_msgs/local/lib/python3.10/dist-packages:${PYTHONPATH} /usr/bin/python3 -W ignore:setup.py install is deprecated -W ignore:easy_install command is deprecated setup.py develop --uninstall --editable --build-directory /home/flynn/webots_ros2_ws/build/webots_ros2_turtlebot/build
[1.328s] Invoking command in '/home/flynn/webots_ros2_ws/src/webots_ros2/webots_ros2_turtlebot': AMENT_PREFIX_PATH=/home/flynn/webots_ros2_ws/install/webots_ros2_control:/home/flynn/webots_ros2_ws/install/webots_ros2_driver:/home/flynn/webots_ros2_ws/install/webots_ros2_msgs:${AMENT_PREFIX_PATH} CMAKE_PREFIX_PATH=/home/flynn/webots_ros2_ws/install/webots_ros2_control:/home/flynn/webots_ros2_ws/install/webots_ros2_driver:/home/flynn/webots_ros2_ws/install/webots_ros2_msgs LD_LIBRARY_PATH=/home/flynn/webots_ros2_ws/install/webots_ros2_control/lib:/home/flynn/webots_ros2_ws/install/webots_ros2_driver/lib:/home/flynn/webots_ros2_ws/install/webots_ros2_msgs/lib:${LD_LIBRARY_PATH} PYTHONPATH=/home/flynn/webots_ros2_ws/build/webots_ros2_turtlebot/prefix_override:/usr/lib/python3/dist-packages/colcon_core/task/python/colcon_distutils_commands:/home/flynn/webots_ros2_ws/install/webots_ros2_turtlebot/lib/python3.10/site-packages:/home/flynn/webots_ros2_ws/install/webots_ros2_driver/local/lib/python3.10/dist-packages:/home/flynn/webots_ros2_ws/install/webots_ros2_msgs/local/lib/python3.10/dist-packages:${PYTHONPATH} /usr/bin/python3 -W ignore:setup.py install is deprecated -W ignore:easy_install command is deprecated setup.py egg_info --egg-base ../../../build/webots_ros2_turtlebot build --build-base /home/flynn/webots_ros2_ws/build/webots_ros2_turtlebot/build install --record /home/flynn/webots_ros2_ws/build/webots_ros2_turtlebot/install.log --single-version-externally-managed install_data --force
[1.639s] running egg_info
[1.642s] writing ../../../build/webots_ros2_turtlebot/webots_ros2_turtlebot.egg-info/PKG-INFO
[1.642s] writing dependency_links to ../../../build/webots_ros2_turtlebot/webots_ros2_turtlebot.egg-info/dependency_links.txt
[1.642s] writing entry points to ../../../build/webots_ros2_turtlebot/webots_ros2_turtlebot.egg-info/entry_points.txt
[1.642s] writing requirements to ../../../build/webots_ros2_turtlebot/webots_ros2_turtlebot.egg-info/requires.txt
[1.643s] writing top-level names to ../../../build/webots_ros2_turtlebot/webots_ros2_turtlebot.egg-info/top_level.txt
[1.646s] reading manifest file '../../../build/webots_ros2_turtlebot/webots_ros2_turtlebot.egg-info/SOURCES.txt'
[1.648s] writing manifest file '../../../build/webots_ros2_turtlebot/webots_ros2_turtlebot.egg-info/SOURCES.txt'
[1.648s] running build
[1.648s] running build_py
[1.649s] creating /home/flynn/webots_ros2_ws/build/webots_ros2_turtlebot/build
[1.649s] creating /home/flynn/webots_ros2_ws/build/webots_ros2_turtlebot/build/lib
[1.649s] creating /home/flynn/webots_ros2_ws/build/webots_ros2_turtlebot/build/lib/webots_ros2_turtlebot
[1.649s] copying webots_ros2_turtlebot/__init__.py -> /home/flynn/webots_ros2_ws/build/webots_ros2_turtlebot/build/lib/webots_ros2_turtlebot
[1.649s] copying webots_ros2_turtlebot/plugin_example.py -> /home/flynn/webots_ros2_ws/build/webots_ros2_turtlebot/build/lib/webots_ros2_turtlebot
[1.649s] running install
[1.649s] running install_lib
[1.651s] creating /home/flynn/webots_ros2_ws/install/webots_ros2_turtlebot/lib/python3.10/site-packages/webots_ros2_turtlebot
[1.651s] copying /home/flynn/webots_ros2_ws/build/webots_ros2_turtlebot/build/lib/webots_ros2_turtlebot/__init__.py -> /home/flynn/webots_ros2_ws/install/webots_ros2_turtlebot/lib/python3.10/site-packages/webots_ros2_turtlebot
[1.651s] copying /home/flynn/webots_ros2_ws/build/webots_ros2_turtlebot/build/lib/webots_ros2_turtlebot/plugin_example.py -> /home/flynn/webots_ros2_ws/install/webots_ros2_turtlebot/lib/python3.10/site-packages/webots_ros2_turtlebot
[1.652s] byte-compiling /home/flynn/webots_ros2_ws/install/webots_ros2_turtlebot/lib/python3.10/site-packages/webots_ros2_turtlebot/__init__.py to __init__.cpython-310.pyc
[1.652s] byte-compiling /home/flynn/webots_ros2_ws/install/webots_ros2_turtlebot/lib/python3.10/site-packages/webots_ros2_turtlebot/plugin_example.py to plugin_example.cpython-310.pyc
[1.653s] running install_data
[1.653s] copying resource/webots_ros2_turtlebot -> /home/flynn/webots_ros2_ws/install/webots_ros2_turtlebot/share/ament_index/resource_index/packages
[1.654s] copying launch/robot_launch.py -> /home/flynn/webots_ros2_ws/install/webots_ros2_turtlebot/share/webots_ros2_turtlebot/launch
[1.655s] copying resource/turtlebot3_burger_example_map.pgm -> /home/flynn/webots_ros2_ws/install/webots_ros2_turtlebot/share/webots_ros2_turtlebot/resource
[1.656s] copying resource/turtlebot3_burger_example_map.yaml -> /home/flynn/webots_ros2_ws/install/webots_ros2_turtlebot/share/webots_ros2_turtlebot/resource
[1.656s] copying resource/turtlebot_webots.urdf -> /home/flynn/webots_ros2_ws/install/webots_ros2_turtlebot/share/webots_ros2_turtlebot/resource
[1.657s] copying resource/ros2control.yml -> /home/flynn/webots_ros2_ws/install/webots_ros2_turtlebot/share/webots_ros2_turtlebot/resource
[1.657s] copying resource/nav2_params.yaml -> /home/flynn/webots_ros2_ws/install/webots_ros2_turtlebot/share/webots_ros2_turtlebot/resource
[1.658s] copying worlds/turtlebot3_burger_example.wbt -> /home/flynn/webots_ros2_ws/install/webots_ros2_turtlebot/share/webots_ros2_turtlebot/worlds
[1.659s] copying worlds/.turtlebot3_burger_example.wbproj -> /home/flynn/webots_ros2_ws/install/webots_ros2_turtlebot/share/webots_ros2_turtlebot/worlds
[1.659s] copying package.xml -> /home/flynn/webots_ros2_ws/install/webots_ros2_turtlebot/share/webots_ros2_turtlebot
[1.660s] running install_egg_info
[1.663s] Copying ../../../build/webots_ros2_turtlebot/webots_ros2_turtlebot.egg-info to /home/flynn/webots_ros2_ws/install/webots_ros2_turtlebot/lib/python3.10/site-packages/webots_ros2_turtlebot-2025.0.1-py3.10.egg-info
[1.664s] running install_scripts
[1.696s] writing list of installed files to '/home/flynn/webots_ros2_ws/build/webots_ros2_turtlebot/install.log'
[1.731s] Invoked command in '/home/flynn/webots_ros2_ws/src/webots_ros2/webots_ros2_turtlebot' returned '0': AMENT_PREFIX_PATH=/home/flynn/webots_ros2_ws/install/webots_ros2_control:/home/flynn/webots_ros2_ws/install/webots_ros2_driver:/home/flynn/webots_ros2_ws/install/webots_ros2_msgs:${AMENT_PREFIX_PATH} CMAKE_PREFIX_PATH=/home/flynn/webots_ros2_ws/install/webots_ros2_control:/home/flynn/webots_ros2_ws/install/webots_ros2_driver:/home/flynn/webots_ros2_ws/install/webots_ros2_msgs LD_LIBRARY_PATH=/home/flynn/webots_ros2_ws/install/webots_ros2_control/lib:/home/flynn/webots_ros2_ws/install/webots_ros2_driver/lib:/home/flynn/webots_ros2_ws/install/webots_ros2_msgs/lib:${LD_LIBRARY_PATH} PYTHONPATH=/home/flynn/webots_ros2_ws/build/webots_ros2_turtlebot/prefix_override:/usr/lib/python3/dist-packages/colcon_core/task/python/colcon_distutils_commands:/home/flynn/webots_ros2_ws/install/webots_ros2_turtlebot/lib/python3.10/site-packages:/home/flynn/webots_ros2_ws/install/webots_ros2_driver/local/lib/python3.10/dist-packages:/home/flynn/webots_ros2_ws/install/webots_ros2_msgs/local/lib/python3.10/dist-packages:${PYTHONPATH} /usr/bin/python3 -W ignore:setup.py install is deprecated -W ignore:easy_install command is deprecated setup.py egg_info --egg-base ../../../build/webots_ros2_turtlebot build --build-base /home/flynn/webots_ros2_ws/build/webots_ros2_turtlebot/build install --record /home/flynn/webots_ros2_ws/build/webots_ros2_turtlebot/install.log --single-version-externally-managed install_data --force
