[0.011s] Invoking command in '/home/flynn/webots_ros2_ws/build/turtlebot3_camera_service_interfaces': /usr/bin/cmake --build /home/flynn/webots_ros2_ws/build/turtlebot3_camera_service_interfaces -- -j24 -l24
[0.061s] [35m[1mConsolidate compiler generated dependencies of target turtlebot3_camera_service_interfaces__rosidl_generator_c[0m
[0.076s] [  3%] Built target turtlebot3_camera_service_interfaces__cpp
[0.078s] [ 12%] Built target turtlebot3_camera_service_interfaces__rosidl_generator_c
[0.091s] [35m[1mConsolidate compiler generated dependencies of target turtlebot3_camera_service_interfaces__rosidl_typesupport_cpp[0m
[0.092s] [35m[1mConsolidate compiler generated dependencies of target turtlebot3_camera_service_interfaces__rosidl_typesupport_introspection_cpp[0m
[0.092s] [ 12%] Built target ament_cmake_python_copy_turtlebot3_camera_service_interfaces
[0.093s] [35m[1mConsolidate compiler generated dependencies of target turtlebot3_camera_service_interfaces__rosidl_typesupport_c[0m
[0.095s] [35m[1mConsolidate compiler generated dependencies of target turtlebot3_camera_service_interfaces__rosidl_typesupport_fastrtps_cpp[0m
[0.097s] [35m[1mConsolidate compiler generated dependencies of target turtlebot3_camera_service_interfaces__rosidl_typesupport_fastrtps_c[0m
[0.098s] [35m[1mConsolidate compiler generated dependencies of target turtlebot3_camera_service_interfaces__rosidl_typesupport_introspection_c[0m
[0.112s] [ 22%] Built target turtlebot3_camera_service_interfaces__rosidl_typesupport_c
[0.113s] [ 32%] Built target turtlebot3_camera_service_interfaces__rosidl_typesupport_cpp
[0.114s] [ 41%] Built target turtlebot3_camera_service_interfaces__rosidl_typesupport_fastrtps_cpp
[0.115s] [ 51%] Built target turtlebot3_camera_service_interfaces__rosidl_typesupport_introspection_cpp
[0.121s] [ 61%] Built target turtlebot3_camera_service_interfaces__rosidl_typesupport_fastrtps_c
[0.121s] [ 70%] Built target turtlebot3_camera_service_interfaces__rosidl_typesupport_introspection_c
[0.155s] [ 70%] Built target turtlebot3_camera_service_interfaces
[0.187s] [ 74%] Built target turtlebot3_camera_service_interfaces__py
[0.202s] [35m[1mConsolidate compiler generated dependencies of target turtlebot3_camera_service_interfaces__rosidl_generator_py[0m
[0.218s] [ 80%] Built target turtlebot3_camera_service_interfaces__rosidl_generator_py
[0.234s] [35m[1mConsolidate compiler generated dependencies of target turtlebot3_camera_service_interfaces__rosidl_typesupport_introspection_c__pyext[0m
[0.235s] [35m[1mConsolidate compiler generated dependencies of target turtlebot3_camera_service_interfaces__rosidl_typesupport_c__pyext[0m
[0.235s] [35m[1mConsolidate compiler generated dependencies of target turtlebot3_camera_service_interfaces__rosidl_typesupport_fastrtps_c__pyext[0m
[0.253s] [ 87%] Built target turtlebot3_camera_service_interfaces__rosidl_typesupport_introspection_c__pyext
[0.254s] [ 93%] Built target turtlebot3_camera_service_interfaces__rosidl_typesupport_fastrtps_c__pyext
[0.256s] [100%] Built target turtlebot3_camera_service_interfaces__rosidl_typesupport_c__pyext
[0.460s] running egg_info
[0.461s] writing turtlebot3_camera_service_interfaces.egg-info/PKG-INFO
[0.461s] writing dependency_links to turtlebot3_camera_service_interfaces.egg-info/dependency_links.txt
[0.462s] writing top-level names to turtlebot3_camera_service_interfaces.egg-info/top_level.txt
[0.464s] reading manifest file 'turtlebot3_camera_service_interfaces.egg-info/SOURCES.txt'
[0.465s] writing manifest file 'turtlebot3_camera_service_interfaces.egg-info/SOURCES.txt'
[0.499s] [100%] Built target ament_cmake_python_build_turtlebot3_camera_service_interfaces_egg
[0.518s] Invoked command in '/home/flynn/webots_ros2_ws/build/turtlebot3_camera_service_interfaces' returned '0': /usr/bin/cmake --build /home/flynn/webots_ros2_ws/build/turtlebot3_camera_service_interfaces -- -j24 -l24
[0.520s] Invoking command in '/home/flynn/webots_ros2_ws/build/turtlebot3_camera_service_interfaces': /usr/bin/cmake --install /home/flynn/webots_ros2_ws/build/turtlebot3_camera_service_interfaces
[0.532s] -- Install configuration: ""
[0.532s] -- Up-to-date: /home/flynn/webots_ros2_ws/install/turtlebot3_camera_service_interfaces/share/ament_index/resource_index/rosidl_interfaces/turtlebot3_camera_service_interfaces
[0.533s] -- Up-to-date: /home/flynn/webots_ros2_ws/install/turtlebot3_camera_service_interfaces/include/turtlebot3_camera_service_interfaces/turtlebot3_camera_service_interfaces
[0.533s] -- Up-to-date: /home/flynn/webots_ros2_ws/install/turtlebot3_camera_service_interfaces/include/turtlebot3_camera_service_interfaces/turtlebot3_camera_service_interfaces/msg
[0.533s] -- Up-to-date: /home/flynn/webots_ros2_ws/install/turtlebot3_camera_service_interfaces/include/turtlebot3_camera_service_interfaces/turtlebot3_camera_service_interfaces/msg/rosidl_generator_c__visibility_control.h
[0.533s] -- Up-to-date: /home/flynn/webots_ros2_ws/install/turtlebot3_camera_service_interfaces/include/turtlebot3_camera_service_interfaces/turtlebot3_camera_service_interfaces/srv
[0.533s] -- Up-to-date: /home/flynn/webots_ros2_ws/install/turtlebot3_camera_service_interfaces/include/turtlebot3_camera_service_interfaces/turtlebot3_camera_service_interfaces/srv/detail
[0.534s] -- Up-to-date: /home/flynn/webots_ros2_ws/install/turtlebot3_camera_service_interfaces/include/turtlebot3_camera_service_interfaces/turtlebot3_camera_service_interfaces/srv/detail/image_capture__functions.c
[0.534s] -- Up-to-date: /home/flynn/webots_ros2_ws/install/turtlebot3_camera_service_interfaces/include/turtlebot3_camera_service_interfaces/turtlebot3_camera_service_interfaces/srv/detail/image_capture__struct.h
[0.534s] -- Up-to-date: /home/flynn/webots_ros2_ws/install/turtlebot3_camera_service_interfaces/include/turtlebot3_camera_service_interfaces/turtlebot3_camera_service_interfaces/srv/detail/image_capture__functions.h
[0.534s] -- Up-to-date: /home/flynn/webots_ros2_ws/install/turtlebot3_camera_service_interfaces/include/turtlebot3_camera_service_interfaces/turtlebot3_camera_service_interfaces/srv/detail/image_capture__type_support.h
[0.534s] -- Up-to-date: /home/flynn/webots_ros2_ws/install/turtlebot3_camera_service_interfaces/include/turtlebot3_camera_service_interfaces/turtlebot3_camera_service_interfaces/srv/image_capture.h
[0.534s] -- Up-to-date: /home/flynn/webots_ros2_ws/install/turtlebot3_camera_service_interfaces/share/turtlebot3_camera_service_interfaces/environment/library_path.sh
[0.534s] -- Up-to-date: /home/flynn/webots_ros2_ws/install/turtlebot3_camera_service_interfaces/share/turtlebot3_camera_service_interfaces/environment/library_path.dsv
[0.534s] -- Up-to-date: /home/flynn/webots_ros2_ws/install/turtlebot3_camera_service_interfaces/lib/libturtlebot3_camera_service_interfaces__rosidl_generator_c.so
[0.535s] -- Up-to-date: /home/flynn/webots_ros2_ws/install/turtlebot3_camera_service_interfaces/include/turtlebot3_camera_service_interfaces/turtlebot3_camera_service_interfaces
[0.535s] -- Up-to-date: /home/flynn/webots_ros2_ws/install/turtlebot3_camera_service_interfaces/include/turtlebot3_camera_service_interfaces/turtlebot3_camera_service_interfaces/msg
[0.535s] -- Up-to-date: /home/flynn/webots_ros2_ws/install/turtlebot3_camera_service_interfaces/include/turtlebot3_camera_service_interfaces/turtlebot3_camera_service_interfaces/msg/rosidl_typesupport_fastrtps_c__visibility_control.h
[0.535s] -- Up-to-date: /home/flynn/webots_ros2_ws/install/turtlebot3_camera_service_interfaces/include/turtlebot3_camera_service_interfaces/turtlebot3_camera_service_interfaces/srv
[0.536s] -- Up-to-date: /home/flynn/webots_ros2_ws/install/turtlebot3_camera_service_interfaces/include/turtlebot3_camera_service_interfaces/turtlebot3_camera_service_interfaces/srv/detail
[0.536s] -- Up-to-date: /home/flynn/webots_ros2_ws/install/turtlebot3_camera_service_interfaces/include/turtlebot3_camera_service_interfaces/turtlebot3_camera_service_interfaces/srv/detail/image_capture__rosidl_typesupport_fastrtps_c.h
[0.536s] -- Up-to-date: /home/flynn/webots_ros2_ws/install/turtlebot3_camera_service_interfaces/lib/libturtlebot3_camera_service_interfaces__rosidl_typesupport_fastrtps_c.so
[0.536s] -- Up-to-date: /home/flynn/webots_ros2_ws/install/turtlebot3_camera_service_interfaces/include/turtlebot3_camera_service_interfaces/turtlebot3_camera_service_interfaces
[0.536s] -- Up-to-date: /home/flynn/webots_ros2_ws/install/turtlebot3_camera_service_interfaces/include/turtlebot3_camera_service_interfaces/turtlebot3_camera_service_interfaces/msg
[0.536s] -- Up-to-date: /home/flynn/webots_ros2_ws/install/turtlebot3_camera_service_interfaces/include/turtlebot3_camera_service_interfaces/turtlebot3_camera_service_interfaces/msg/rosidl_typesupport_introspection_c__visibility_control.h
[0.536s] -- Up-to-date: /home/flynn/webots_ros2_ws/install/turtlebot3_camera_service_interfaces/include/turtlebot3_camera_service_interfaces/turtlebot3_camera_service_interfaces/srv
[0.536s] -- Up-to-date: /home/flynn/webots_ros2_ws/install/turtlebot3_camera_service_interfaces/include/turtlebot3_camera_service_interfaces/turtlebot3_camera_service_interfaces/srv/detail
[0.536s] -- Up-to-date: /home/flynn/webots_ros2_ws/install/turtlebot3_camera_service_interfaces/include/turtlebot3_camera_service_interfaces/turtlebot3_camera_service_interfaces/srv/detail/image_capture__rosidl_typesupport_introspection_c.h
[0.537s] -- Up-to-date: /home/flynn/webots_ros2_ws/install/turtlebot3_camera_service_interfaces/include/turtlebot3_camera_service_interfaces/turtlebot3_camera_service_interfaces/srv/detail/image_capture__type_support.c
[0.537s] -- Up-to-date: /home/flynn/webots_ros2_ws/install/turtlebot3_camera_service_interfaces/lib/libturtlebot3_camera_service_interfaces__rosidl_typesupport_introspection_c.so
[0.537s] -- Up-to-date: /home/flynn/webots_ros2_ws/install/turtlebot3_camera_service_interfaces/lib/libturtlebot3_camera_service_interfaces__rosidl_typesupport_c.so
[0.537s] -- Up-to-date: /home/flynn/webots_ros2_ws/install/turtlebot3_camera_service_interfaces/include/turtlebot3_camera_service_interfaces/turtlebot3_camera_service_interfaces
[0.538s] -- Up-to-date: /home/flynn/webots_ros2_ws/install/turtlebot3_camera_service_interfaces/include/turtlebot3_camera_service_interfaces/turtlebot3_camera_service_interfaces/msg
[0.538s] -- Up-to-date: /home/flynn/webots_ros2_ws/install/turtlebot3_camera_service_interfaces/include/turtlebot3_camera_service_interfaces/turtlebot3_camera_service_interfaces/msg/rosidl_generator_cpp__visibility_control.hpp
[0.538s] -- Up-to-date: /home/flynn/webots_ros2_ws/install/turtlebot3_camera_service_interfaces/include/turtlebot3_camera_service_interfaces/turtlebot3_camera_service_interfaces/srv
[0.538s] -- Up-to-date: /home/flynn/webots_ros2_ws/install/turtlebot3_camera_service_interfaces/include/turtlebot3_camera_service_interfaces/turtlebot3_camera_service_interfaces/srv/detail
[0.538s] -- Up-to-date: /home/flynn/webots_ros2_ws/install/turtlebot3_camera_service_interfaces/include/turtlebot3_camera_service_interfaces/turtlebot3_camera_service_interfaces/srv/detail/image_capture__builder.hpp
[0.538s] -- Up-to-date: /home/flynn/webots_ros2_ws/install/turtlebot3_camera_service_interfaces/include/turtlebot3_camera_service_interfaces/turtlebot3_camera_service_interfaces/srv/detail/image_capture__type_support.hpp
[0.538s] -- Up-to-date: /home/flynn/webots_ros2_ws/install/turtlebot3_camera_service_interfaces/include/turtlebot3_camera_service_interfaces/turtlebot3_camera_service_interfaces/srv/detail/image_capture__traits.hpp
[0.539s] -- Up-to-date: /home/flynn/webots_ros2_ws/install/turtlebot3_camera_service_interfaces/include/turtlebot3_camera_service_interfaces/turtlebot3_camera_service_interfaces/srv/detail/image_capture__struct.hpp
[0.539s] -- Up-to-date: /home/flynn/webots_ros2_ws/install/turtlebot3_camera_service_interfaces/include/turtlebot3_camera_service_interfaces/turtlebot3_camera_service_interfaces/srv/image_capture.hpp
[0.539s] -- Up-to-date: /home/flynn/webots_ros2_ws/install/turtlebot3_camera_service_interfaces/include/turtlebot3_camera_service_interfaces/turtlebot3_camera_service_interfaces
[0.539s] -- Up-to-date: /home/flynn/webots_ros2_ws/install/turtlebot3_camera_service_interfaces/include/turtlebot3_camera_service_interfaces/turtlebot3_camera_service_interfaces/msg
[0.539s] -- Up-to-date: /home/flynn/webots_ros2_ws/install/turtlebot3_camera_service_interfaces/include/turtlebot3_camera_service_interfaces/turtlebot3_camera_service_interfaces/msg/rosidl_typesupport_fastrtps_cpp__visibility_control.h
[0.539s] -- Up-to-date: /home/flynn/webots_ros2_ws/install/turtlebot3_camera_service_interfaces/include/turtlebot3_camera_service_interfaces/turtlebot3_camera_service_interfaces/srv
[0.539s] -- Up-to-date: /home/flynn/webots_ros2_ws/install/turtlebot3_camera_service_interfaces/include/turtlebot3_camera_service_interfaces/turtlebot3_camera_service_interfaces/srv/detail
[0.539s] -- Up-to-date: /home/flynn/webots_ros2_ws/install/turtlebot3_camera_service_interfaces/include/turtlebot3_camera_service_interfaces/turtlebot3_camera_service_interfaces/srv/detail/dds_fastrtps
[0.539s] -- Up-to-date: /home/flynn/webots_ros2_ws/install/turtlebot3_camera_service_interfaces/include/turtlebot3_camera_service_interfaces/turtlebot3_camera_service_interfaces/srv/detail/image_capture__rosidl_typesupport_fastrtps_cpp.hpp
[0.539s] -- Up-to-date: /home/flynn/webots_ros2_ws/install/turtlebot3_camera_service_interfaces/lib/libturtlebot3_camera_service_interfaces__rosidl_typesupport_fastrtps_cpp.so
[0.539s] -- Up-to-date: /home/flynn/webots_ros2_ws/install/turtlebot3_camera_service_interfaces/include/turtlebot3_camera_service_interfaces/turtlebot3_camera_service_interfaces
[0.539s] -- Up-to-date: /home/flynn/webots_ros2_ws/install/turtlebot3_camera_service_interfaces/include/turtlebot3_camera_service_interfaces/turtlebot3_camera_service_interfaces/srv
[0.540s] -- Up-to-date: /home/flynn/webots_ros2_ws/install/turtlebot3_camera_service_interfaces/include/turtlebot3_camera_service_interfaces/turtlebot3_camera_service_interfaces/srv/detail
[0.540s] -- Up-to-date: /home/flynn/webots_ros2_ws/install/turtlebot3_camera_service_interfaces/include/turtlebot3_camera_service_interfaces/turtlebot3_camera_service_interfaces/srv/detail/image_capture__type_support.cpp
[0.540s] -- Up-to-date: /home/flynn/webots_ros2_ws/install/turtlebot3_camera_service_interfaces/include/turtlebot3_camera_service_interfaces/turtlebot3_camera_service_interfaces/srv/detail/image_capture__rosidl_typesupport_introspection_cpp.hpp
[0.540s] -- Up-to-date: /home/flynn/webots_ros2_ws/install/turtlebot3_camera_service_interfaces/lib/libturtlebot3_camera_service_interfaces__rosidl_typesupport_introspection_cpp.so
[0.540s] -- Up-to-date: /home/flynn/webots_ros2_ws/install/turtlebot3_camera_service_interfaces/lib/libturtlebot3_camera_service_interfaces__rosidl_typesupport_cpp.so
[0.540s] -- Up-to-date: /home/flynn/webots_ros2_ws/install/turtlebot3_camera_service_interfaces/share/turtlebot3_camera_service_interfaces/environment/pythonpath.sh
[0.540s] -- Up-to-date: /home/flynn/webots_ros2_ws/install/turtlebot3_camera_service_interfaces/share/turtlebot3_camera_service_interfaces/environment/pythonpath.dsv
[0.540s] -- Up-to-date: /home/flynn/webots_ros2_ws/install/turtlebot3_camera_service_interfaces/local/lib/python3.10/dist-packages/turtlebot3_camera_service_interfaces-0.0.0-py3.10.egg-info
[0.540s] -- Installing: /home/flynn/webots_ros2_ws/install/turtlebot3_camera_service_interfaces/local/lib/python3.10/dist-packages/turtlebot3_camera_service_interfaces-0.0.0-py3.10.egg-info/dependency_links.txt
[0.540s] -- Installing: /home/flynn/webots_ros2_ws/install/turtlebot3_camera_service_interfaces/local/lib/python3.10/dist-packages/turtlebot3_camera_service_interfaces-0.0.0-py3.10.egg-info/PKG-INFO
[0.540s] -- Installing: /home/flynn/webots_ros2_ws/install/turtlebot3_camera_service_interfaces/local/lib/python3.10/dist-packages/turtlebot3_camera_service_interfaces-0.0.0-py3.10.egg-info/top_level.txt
[0.540s] -- Installing: /home/flynn/webots_ros2_ws/install/turtlebot3_camera_service_interfaces/local/lib/python3.10/dist-packages/turtlebot3_camera_service_interfaces-0.0.0-py3.10.egg-info/SOURCES.txt
[0.540s] -- Up-to-date: /home/flynn/webots_ros2_ws/install/turtlebot3_camera_service_interfaces/local/lib/python3.10/dist-packages/turtlebot3_camera_service_interfaces
[0.540s] -- Up-to-date: /home/flynn/webots_ros2_ws/install/turtlebot3_camera_service_interfaces/local/lib/python3.10/dist-packages/turtlebot3_camera_service_interfaces/__init__.py
[0.541s] -- Up-to-date: /home/flynn/webots_ros2_ws/install/turtlebot3_camera_service_interfaces/local/lib/python3.10/dist-packages/turtlebot3_camera_service_interfaces/turtlebot3_camera_service_interfaces_s__rosidl_typesupport_introspection_c.cpython-310-x86_64-linux-gnu.so
[0.541s] -- Up-to-date: /home/flynn/webots_ros2_ws/install/turtlebot3_camera_service_interfaces/local/lib/python3.10/dist-packages/turtlebot3_camera_service_interfaces/libturtlebot3_camera_service_interfaces__rosidl_generator_py.so
[0.541s] -- Up-to-date: /home/flynn/webots_ros2_ws/install/turtlebot3_camera_service_interfaces/local/lib/python3.10/dist-packages/turtlebot3_camera_service_interfaces/_turtlebot3_camera_service_interfaces_s.ep.rosidl_typesupport_fastrtps_c.c
[0.541s] -- Up-to-date: /home/flynn/webots_ros2_ws/install/turtlebot3_camera_service_interfaces/local/lib/python3.10/dist-packages/turtlebot3_camera_service_interfaces/_turtlebot3_camera_service_interfaces_s.ep.rosidl_typesupport_c.c
[0.541s] -- Up-to-date: /home/flynn/webots_ros2_ws/install/turtlebot3_camera_service_interfaces/local/lib/python3.10/dist-packages/turtlebot3_camera_service_interfaces/turtlebot3_camera_service_interfaces_s__rosidl_typesupport_fastrtps_c.cpython-310-x86_64-linux-gnu.so
[0.541s] -- Up-to-date: /home/flynn/webots_ros2_ws/install/turtlebot3_camera_service_interfaces/local/lib/python3.10/dist-packages/turtlebot3_camera_service_interfaces/_turtlebot3_camera_service_interfaces_s.ep.rosidl_typesupport_introspection_c.c
[0.541s] -- Up-to-date: /home/flynn/webots_ros2_ws/install/turtlebot3_camera_service_interfaces/local/lib/python3.10/dist-packages/turtlebot3_camera_service_interfaces/srv
[0.541s] -- Up-to-date: /home/flynn/webots_ros2_ws/install/turtlebot3_camera_service_interfaces/local/lib/python3.10/dist-packages/turtlebot3_camera_service_interfaces/srv/__init__.py
[0.542s] -- Up-to-date: /home/flynn/webots_ros2_ws/install/turtlebot3_camera_service_interfaces/local/lib/python3.10/dist-packages/turtlebot3_camera_service_interfaces/srv/_image_capture_s.c
[0.542s] -- Up-to-date: /home/flynn/webots_ros2_ws/install/turtlebot3_camera_service_interfaces/local/lib/python3.10/dist-packages/turtlebot3_camera_service_interfaces/srv/_image_capture.py
[0.542s] -- Up-to-date: /home/flynn/webots_ros2_ws/install/turtlebot3_camera_service_interfaces/local/lib/python3.10/dist-packages/turtlebot3_camera_service_interfaces/turtlebot3_camera_service_interfaces_s__rosidl_typesupport_c.cpython-310-x86_64-linux-gnu.so
[0.580s] Listing '/home/flynn/webots_ros2_ws/install/turtlebot3_camera_service_interfaces/local/lib/python3.10/dist-packages/turtlebot3_camera_service_interfaces'...
[0.580s] Listing '/home/flynn/webots_ros2_ws/install/turtlebot3_camera_service_interfaces/local/lib/python3.10/dist-packages/turtlebot3_camera_service_interfaces/srv'...
[0.586s] -- Up-to-date: /home/flynn/webots_ros2_ws/install/turtlebot3_camera_service_interfaces/local/lib/python3.10/dist-packages/turtlebot3_camera_service_interfaces/turtlebot3_camera_service_interfaces_s__rosidl_typesupport_fastrtps_c.cpython-310-x86_64-linux-gnu.so
[0.587s] -- Up-to-date: /home/flynn/webots_ros2_ws/install/turtlebot3_camera_service_interfaces/local/lib/python3.10/dist-packages/turtlebot3_camera_service_interfaces/turtlebot3_camera_service_interfaces_s__rosidl_typesupport_introspection_c.cpython-310-x86_64-linux-gnu.so
[0.587s] -- Up-to-date: /home/flynn/webots_ros2_ws/install/turtlebot3_camera_service_interfaces/local/lib/python3.10/dist-packages/turtlebot3_camera_service_interfaces/turtlebot3_camera_service_interfaces_s__rosidl_typesupport_c.cpython-310-x86_64-linux-gnu.so
[0.587s] -- Up-to-date: /home/flynn/webots_ros2_ws/install/turtlebot3_camera_service_interfaces/lib/libturtlebot3_camera_service_interfaces__rosidl_generator_py.so
[0.587s] -- Up-to-date: /home/flynn/webots_ros2_ws/install/turtlebot3_camera_service_interfaces/share/turtlebot3_camera_service_interfaces/srv/ImageCapture.idl
[0.587s] -- Up-to-date: /home/flynn/webots_ros2_ws/install/turtlebot3_camera_service_interfaces/share/turtlebot3_camera_service_interfaces/srv/ImageCapture.srv
[0.587s] -- Up-to-date: /home/flynn/webots_ros2_ws/install/turtlebot3_camera_service_interfaces/share/turtlebot3_camera_service_interfaces/srv/ImageCapture_Request.msg
[0.588s] -- Up-to-date: /home/flynn/webots_ros2_ws/install/turtlebot3_camera_service_interfaces/share/turtlebot3_camera_service_interfaces/srv/ImageCapture_Response.msg
[0.588s] -- Up-to-date: /home/flynn/webots_ros2_ws/install/turtlebot3_camera_service_interfaces/share/ament_index/resource_index/package_run_dependencies/turtlebot3_camera_service_interfaces
[0.588s] -- Up-to-date: /home/flynn/webots_ros2_ws/install/turtlebot3_camera_service_interfaces/share/ament_index/resource_index/parent_prefix_path/turtlebot3_camera_service_interfaces
[0.588s] -- Up-to-date: /home/flynn/webots_ros2_ws/install/turtlebot3_camera_service_interfaces/share/turtlebot3_camera_service_interfaces/environment/ament_prefix_path.sh
[0.588s] -- Up-to-date: /home/flynn/webots_ros2_ws/install/turtlebot3_camera_service_interfaces/share/turtlebot3_camera_service_interfaces/environment/ament_prefix_path.dsv
[0.588s] -- Up-to-date: /home/flynn/webots_ros2_ws/install/turtlebot3_camera_service_interfaces/share/turtlebot3_camera_service_interfaces/environment/path.sh
[0.588s] -- Up-to-date: /home/flynn/webots_ros2_ws/install/turtlebot3_camera_service_interfaces/share/turtlebot3_camera_service_interfaces/environment/path.dsv
[0.588s] -- Up-to-date: /home/flynn/webots_ros2_ws/install/turtlebot3_camera_service_interfaces/share/turtlebot3_camera_service_interfaces/local_setup.bash
[0.588s] -- Up-to-date: /home/flynn/webots_ros2_ws/install/turtlebot3_camera_service_interfaces/share/turtlebot3_camera_service_interfaces/local_setup.sh
[0.588s] -- Up-to-date: /home/flynn/webots_ros2_ws/install/turtlebot3_camera_service_interfaces/share/turtlebot3_camera_service_interfaces/local_setup.zsh
[0.588s] -- Up-to-date: /home/flynn/webots_ros2_ws/install/turtlebot3_camera_service_interfaces/share/turtlebot3_camera_service_interfaces/local_setup.dsv
[0.588s] -- Installing: /home/flynn/webots_ros2_ws/install/turtlebot3_camera_service_interfaces/share/turtlebot3_camera_service_interfaces/package.dsv
[0.588s] -- Up-to-date: /home/flynn/webots_ros2_ws/install/turtlebot3_camera_service_interfaces/share/ament_index/resource_index/packages/turtlebot3_camera_service_interfaces
[0.588s] -- Up-to-date: /home/flynn/webots_ros2_ws/install/turtlebot3_camera_service_interfaces/share/turtlebot3_camera_service_interfaces/cmake/export_turtlebot3_camera_service_interfaces__rosidl_generator_cExport.cmake
[0.589s] -- Up-to-date: /home/flynn/webots_ros2_ws/install/turtlebot3_camera_service_interfaces/share/turtlebot3_camera_service_interfaces/cmake/export_turtlebot3_camera_service_interfaces__rosidl_generator_cExport-noconfig.cmake
[0.589s] -- Up-to-date: /home/flynn/webots_ros2_ws/install/turtlebot3_camera_service_interfaces/share/turtlebot3_camera_service_interfaces/cmake/export_turtlebot3_camera_service_interfaces__rosidl_typesupport_fastrtps_cExport.cmake
[0.589s] -- Up-to-date: /home/flynn/webots_ros2_ws/install/turtlebot3_camera_service_interfaces/share/turtlebot3_camera_service_interfaces/cmake/export_turtlebot3_camera_service_interfaces__rosidl_typesupport_fastrtps_cExport-noconfig.cmake
[0.589s] -- Up-to-date: /home/flynn/webots_ros2_ws/install/turtlebot3_camera_service_interfaces/share/turtlebot3_camera_service_interfaces/cmake/turtlebot3_camera_service_interfaces__rosidl_typesupport_introspection_cExport.cmake
[0.589s] -- Up-to-date: /home/flynn/webots_ros2_ws/install/turtlebot3_camera_service_interfaces/share/turtlebot3_camera_service_interfaces/cmake/turtlebot3_camera_service_interfaces__rosidl_typesupport_introspection_cExport-noconfig.cmake
[0.589s] -- Up-to-date: /home/flynn/webots_ros2_ws/install/turtlebot3_camera_service_interfaces/share/turtlebot3_camera_service_interfaces/cmake/turtlebot3_camera_service_interfaces__rosidl_typesupport_cExport.cmake
[0.589s] -- Up-to-date: /home/flynn/webots_ros2_ws/install/turtlebot3_camera_service_interfaces/share/turtlebot3_camera_service_interfaces/cmake/turtlebot3_camera_service_interfaces__rosidl_typesupport_cExport-noconfig.cmake
[0.589s] -- Up-to-date: /home/flynn/webots_ros2_ws/install/turtlebot3_camera_service_interfaces/share/turtlebot3_camera_service_interfaces/cmake/export_turtlebot3_camera_service_interfaces__rosidl_generator_cppExport.cmake
[0.589s] -- Up-to-date: /home/flynn/webots_ros2_ws/install/turtlebot3_camera_service_interfaces/share/turtlebot3_camera_service_interfaces/cmake/export_turtlebot3_camera_service_interfaces__rosidl_typesupport_fastrtps_cppExport.cmake
[0.589s] -- Up-to-date: /home/flynn/webots_ros2_ws/install/turtlebot3_camera_service_interfaces/share/turtlebot3_camera_service_interfaces/cmake/export_turtlebot3_camera_service_interfaces__rosidl_typesupport_fastrtps_cppExport-noconfig.cmake
[0.589s] -- Up-to-date: /home/flynn/webots_ros2_ws/install/turtlebot3_camera_service_interfaces/share/turtlebot3_camera_service_interfaces/cmake/turtlebot3_camera_service_interfaces__rosidl_typesupport_introspection_cppExport.cmake
[0.589s] -- Up-to-date: /home/flynn/webots_ros2_ws/install/turtlebot3_camera_service_interfaces/share/turtlebot3_camera_service_interfaces/cmake/turtlebot3_camera_service_interfaces__rosidl_typesupport_introspection_cppExport-noconfig.cmake
[0.589s] -- Up-to-date: /home/flynn/webots_ros2_ws/install/turtlebot3_camera_service_interfaces/share/turtlebot3_camera_service_interfaces/cmake/turtlebot3_camera_service_interfaces__rosidl_typesupport_cppExport.cmake
[0.589s] -- Up-to-date: /home/flynn/webots_ros2_ws/install/turtlebot3_camera_service_interfaces/share/turtlebot3_camera_service_interfaces/cmake/turtlebot3_camera_service_interfaces__rosidl_typesupport_cppExport-noconfig.cmake
[0.590s] -- Up-to-date: /home/flynn/webots_ros2_ws/install/turtlebot3_camera_service_interfaces/share/turtlebot3_camera_service_interfaces/cmake/export_turtlebot3_camera_service_interfaces__rosidl_generator_pyExport.cmake
[0.590s] -- Up-to-date: /home/flynn/webots_ros2_ws/install/turtlebot3_camera_service_interfaces/share/turtlebot3_camera_service_interfaces/cmake/export_turtlebot3_camera_service_interfaces__rosidl_generator_pyExport-noconfig.cmake
[0.590s] -- Up-to-date: /home/flynn/webots_ros2_ws/install/turtlebot3_camera_service_interfaces/share/turtlebot3_camera_service_interfaces/cmake/rosidl_cmake-extras.cmake
[0.590s] -- Up-to-date: /home/flynn/webots_ros2_ws/install/turtlebot3_camera_service_interfaces/share/turtlebot3_camera_service_interfaces/cmake/ament_cmake_export_include_directories-extras.cmake
[0.590s] -- Up-to-date: /home/flynn/webots_ros2_ws/install/turtlebot3_camera_service_interfaces/share/turtlebot3_camera_service_interfaces/cmake/ament_cmake_export_libraries-extras.cmake
[0.590s] -- Up-to-date: /home/flynn/webots_ros2_ws/install/turtlebot3_camera_service_interfaces/share/turtlebot3_camera_service_interfaces/cmake/ament_cmake_export_targets-extras.cmake
[0.590s] -- Up-to-date: /home/flynn/webots_ros2_ws/install/turtlebot3_camera_service_interfaces/share/turtlebot3_camera_service_interfaces/cmake/rosidl_cmake_export_typesupport_targets-extras.cmake
[0.590s] -- Up-to-date: /home/flynn/webots_ros2_ws/install/turtlebot3_camera_service_interfaces/share/turtlebot3_camera_service_interfaces/cmake/ament_cmake_export_dependencies-extras.cmake
[0.590s] -- Up-to-date: /home/flynn/webots_ros2_ws/install/turtlebot3_camera_service_interfaces/share/turtlebot3_camera_service_interfaces/cmake/rosidl_cmake_export_typesupport_libraries-extras.cmake
[0.590s] -- Up-to-date: /home/flynn/webots_ros2_ws/install/turtlebot3_camera_service_interfaces/share/turtlebot3_camera_service_interfaces/cmake/turtlebot3_camera_service_interfacesConfig.cmake
[0.590s] -- Up-to-date: /home/flynn/webots_ros2_ws/install/turtlebot3_camera_service_interfaces/share/turtlebot3_camera_service_interfaces/cmake/turtlebot3_camera_service_interfacesConfig-version.cmake
[0.590s] -- Up-to-date: /home/flynn/webots_ros2_ws/install/turtlebot3_camera_service_interfaces/share/turtlebot3_camera_service_interfaces/package.xml
[0.592s] Invoked command in '/home/flynn/webots_ros2_ws/build/turtlebot3_camera_service_interfaces' returned '0': /usr/bin/cmake --install /home/flynn/webots_ros2_ws/build/turtlebot3_camera_service_interfaces
