running develop
Removing /home/flynn/webots_ros2_ws/install/turtlebot3_camera_service/lib/python3.10/site-packages/turtlebot3-camera-service.egg-link (link to .)
running egg_info
writing ../../build/turtlebot3_camera_service/turtlebot3_camera_service.egg-info/PKG-INFO
writing dependency_links to ../../build/turtlebot3_camera_service/turtlebot3_camera_service.egg-info/dependency_links.txt
writing entry points to ../../build/turtlebot3_camera_service/turtlebot3_camera_service.egg-info/entry_points.txt
writing requirements to ../../build/turtlebot3_camera_service/turtlebot3_camera_service.egg-info/requires.txt
writing top-level names to ../../build/turtlebot3_camera_service/turtlebot3_camera_service.egg-info/top_level.txt
reading manifest file '../../build/turtlebot3_camera_service/turtlebot3_camera_service.egg-info/SOURCES.txt'
writing manifest file '../../build/turtlebot3_camera_service/turtlebot3_camera_service.egg-info/SOURCES.txt'
running build
running build_py
creating /home/flynn/webots_ros2_ws/build/turtlebot3_camera_service/build
creating /home/flynn/webots_ros2_ws/build/turtlebot3_camera_service/build/lib
creating /home/flynn/webots_ros2_ws/build/turtlebot3_camera_service/build/lib/turtlebot3_camera_service
copying turtlebot3_camera_service/__init__.py -> /home/flynn/webots_ros2_ws/build/turtlebot3_camera_service/build/lib/turtlebot3_camera_service
copying turtlebot3_camera_service/image_service_server.py -> /home/flynn/webots_ros2_ws/build/turtlebot3_camera_service/build/lib/turtlebot3_camera_service
running install
running install_lib
creating /home/flynn/webots_ros2_ws/install/turtlebot3_camera_service/lib/python3.10/site-packages/turtlebot3_camera_service
copying /home/flynn/webots_ros2_ws/build/turtlebot3_camera_service/build/lib/turtlebot3_camera_service/__init__.py -> /home/flynn/webots_ros2_ws/install/turtlebot3_camera_service/lib/python3.10/site-packages/turtlebot3_camera_service
copying /home/flynn/webots_ros2_ws/build/turtlebot3_camera_service/build/lib/turtlebot3_camera_service/image_service_server.py -> /home/flynn/webots_ros2_ws/install/turtlebot3_camera_service/lib/python3.10/site-packages/turtlebot3_camera_service
byte-compiling /home/flynn/webots_ros2_ws/install/turtlebot3_camera_service/lib/python3.10/site-packages/turtlebot3_camera_service/__init__.py to __init__.cpython-310.pyc
byte-compiling /home/flynn/webots_ros2_ws/install/turtlebot3_camera_service/lib/python3.10/site-packages/turtlebot3_camera_service/image_service_server.py to image_service_server.cpython-310.pyc
running install_data
copying resource/turtlebot3_camera_service -> /home/flynn/webots_ros2_ws/install/turtlebot3_camera_service/share/ament_index/resource_index/packages
copying package.xml -> /home/flynn/webots_ros2_ws/install/turtlebot3_camera_service/share/turtlebot3_camera_service
running install_egg_info
Copying ../../build/turtlebot3_camera_service/turtlebot3_camera_service.egg-info to /home/flynn/webots_ros2_ws/install/turtlebot3_camera_service/lib/python3.10/site-packages/turtlebot3_camera_service-0.0.0-py3.10.egg-info
running install_scripts
Installing image_service_server script to /home/flynn/webots_ros2_ws/install/turtlebot3_camera_service/lib/turtlebot3_camera_service
writing list of installed files to '/home/flynn/webots_ros2_ws/build/turtlebot3_camera_service/install.log'
