[1.396s] Invoking command in '/home/flynn/webots_ros2_ws/build/turtlebot3_camera_service': CMAKE_PREFIX_PATH=/home/flynn/webots_ros2_ws/install/turtlebot3_camera_service_interfaces LD_LIBRARY_PATH=/home/flynn/webots_ros2_ws/install/turtlebot3_camera_service_interfaces/lib:${LD_LIBRARY_PATH} PKG_CONFIG_PATH=/home/flynn/webots_ros2_ws/install/turtlebot3_camera_service_interfaces/lib/x86_64-linux-gnu/pkgconfig:/home/flynn/webots_ros2_ws/install/turtlebot3_camera_service_interfaces/lib/pkgconfig PYTHONPATH=/home/flynn/webots_ros2_ws/build/turtlebot3_camera_service/prefix_override:/usr/lib/python3/dist-packages/colcon_core/task/python/colcon_distutils_commands:/home/flynn/webots_ros2_ws/install/turtlebot3_camera_service/lib/python3.10/site-packages:/home/flynn/webots_ros2_ws/install/turtlebot3_camera_service_interfaces/local/lib/python3.10/dist-packages:${PYTHONPATH} ROS_PACKAGE_PATH=/home/flynn/webots_ros2_ws/install/turtlebot3_camera_service_interfaces/share /usr/bin/python3 -W ignore:setup.py install is deprecated -W ignore:easy_install command is deprecated setup.py develop --uninstall --editable --build-directory /home/flynn/webots_ros2_ws/build/turtlebot3_camera_service/build
[1.804s] running develop
[2.049s] Removing /home/flynn/webots_ros2_ws/install/turtlebot3_camera_service/lib/python3.10/site-packages/turtlebot3-camera-service.egg-link (link to .)
[2.089s] Invoked command in '/home/flynn/webots_ros2_ws/build/turtlebot3_camera_service' returned '0': CMAKE_PREFIX_PATH=/home/flynn/webots_ros2_ws/install/turtlebot3_camera_service_interfaces LD_LIBRARY_PATH=/home/flynn/webots_ros2_ws/install/turtlebot3_camera_service_interfaces/lib:${LD_LIBRARY_PATH} PKG_CONFIG_PATH=/home/flynn/webots_ros2_ws/install/turtlebot3_camera_service_interfaces/lib/x86_64-linux-gnu/pkgconfig:/home/flynn/webots_ros2_ws/install/turtlebot3_camera_service_interfaces/lib/pkgconfig PYTHONPATH=/home/flynn/webots_ros2_ws/build/turtlebot3_camera_service/prefix_override:/usr/lib/python3/dist-packages/colcon_core/task/python/colcon_distutils_commands:/home/flynn/webots_ros2_ws/install/turtlebot3_camera_service/lib/python3.10/site-packages:/home/flynn/webots_ros2_ws/install/turtlebot3_camera_service_interfaces/local/lib/python3.10/dist-packages:${PYTHONPATH} ROS_PACKAGE_PATH=/home/flynn/webots_ros2_ws/install/turtlebot3_camera_service_interfaces/share /usr/bin/python3 -W ignore:setup.py install is deprecated -W ignore:easy_install command is deprecated setup.py develop --uninstall --editable --build-directory /home/flynn/webots_ros2_ws/build/turtlebot3_camera_service/build
[2.092s] Invoking command in '/home/flynn/webots_ros2_ws/src/turtlebot3_camera_service': CMAKE_PREFIX_PATH=/home/flynn/webots_ros2_ws/install/turtlebot3_camera_service_interfaces LD_LIBRARY_PATH=/home/flynn/webots_ros2_ws/install/turtlebot3_camera_service_interfaces/lib:${LD_LIBRARY_PATH} PKG_CONFIG_PATH=/home/flynn/webots_ros2_ws/install/turtlebot3_camera_service_interfaces/lib/x86_64-linux-gnu/pkgconfig:/home/flynn/webots_ros2_ws/install/turtlebot3_camera_service_interfaces/lib/pkgconfig PYTHONPATH=/home/flynn/webots_ros2_ws/build/turtlebot3_camera_service/prefix_override:/usr/lib/python3/dist-packages/colcon_core/task/python/colcon_distutils_commands:/home/flynn/webots_ros2_ws/install/turtlebot3_camera_service/lib/python3.10/site-packages:/home/flynn/webots_ros2_ws/install/turtlebot3_camera_service_interfaces/local/lib/python3.10/dist-packages:${PYTHONPATH} ROS_PACKAGE_PATH=/home/flynn/webots_ros2_ws/install/turtlebot3_camera_service_interfaces/share /usr/bin/python3 -W ignore:setup.py install is deprecated -W ignore:easy_install command is deprecated setup.py egg_info --egg-base ../../build/turtlebot3_camera_service build --build-base /home/flynn/webots_ros2_ws/build/turtlebot3_camera_service/build install --record /home/flynn/webots_ros2_ws/build/turtlebot3_camera_service/install.log --single-version-externally-managed install_data --force
[2.431s] running egg_info
[2.432s] writing ../../build/turtlebot3_camera_service/turtlebot3_camera_service.egg-info/PKG-INFO
[2.433s] writing dependency_links to ../../build/turtlebot3_camera_service/turtlebot3_camera_service.egg-info/dependency_links.txt
[2.433s] writing entry points to ../../build/turtlebot3_camera_service/turtlebot3_camera_service.egg-info/entry_points.txt
[2.433s] writing requirements to ../../build/turtlebot3_camera_service/turtlebot3_camera_service.egg-info/requires.txt
[2.433s] writing top-level names to ../../build/turtlebot3_camera_service/turtlebot3_camera_service.egg-info/top_level.txt
[2.436s] reading manifest file '../../build/turtlebot3_camera_service/turtlebot3_camera_service.egg-info/SOURCES.txt'
[2.438s] writing manifest file '../../build/turtlebot3_camera_service/turtlebot3_camera_service.egg-info/SOURCES.txt'
[2.438s] running build
[2.438s] running build_py
[2.439s] creating /home/flynn/webots_ros2_ws/build/turtlebot3_camera_service/build
[2.439s] creating /home/flynn/webots_ros2_ws/build/turtlebot3_camera_service/build/lib
[2.439s] creating /home/flynn/webots_ros2_ws/build/turtlebot3_camera_service/build/lib/turtlebot3_camera_service
[2.439s] copying turtlebot3_camera_service/__init__.py -> /home/flynn/webots_ros2_ws/build/turtlebot3_camera_service/build/lib/turtlebot3_camera_service
[2.439s] copying turtlebot3_camera_service/image_service_server.py -> /home/flynn/webots_ros2_ws/build/turtlebot3_camera_service/build/lib/turtlebot3_camera_service
[2.439s] running install
[2.440s] running install_lib
[2.441s] creating /home/flynn/webots_ros2_ws/install/turtlebot3_camera_service/lib/python3.10/site-packages/turtlebot3_camera_service
[2.441s] copying /home/flynn/webots_ros2_ws/build/turtlebot3_camera_service/build/lib/turtlebot3_camera_service/__init__.py -> /home/flynn/webots_ros2_ws/install/turtlebot3_camera_service/lib/python3.10/site-packages/turtlebot3_camera_service
[2.441s] copying /home/flynn/webots_ros2_ws/build/turtlebot3_camera_service/build/lib/turtlebot3_camera_service/image_service_server.py -> /home/flynn/webots_ros2_ws/install/turtlebot3_camera_service/lib/python3.10/site-packages/turtlebot3_camera_service
[2.442s] byte-compiling /home/flynn/webots_ros2_ws/install/turtlebot3_camera_service/lib/python3.10/site-packages/turtlebot3_camera_service/__init__.py to __init__.cpython-310.pyc
[2.442s] byte-compiling /home/flynn/webots_ros2_ws/install/turtlebot3_camera_service/lib/python3.10/site-packages/turtlebot3_camera_service/image_service_server.py to image_service_server.cpython-310.pyc
[2.442s] running install_data
[2.443s] copying resource/turtlebot3_camera_service -> /home/flynn/webots_ros2_ws/install/turtlebot3_camera_service/share/ament_index/resource_index/packages
[2.443s] copying package.xml -> /home/flynn/webots_ros2_ws/install/turtlebot3_camera_service/share/turtlebot3_camera_service
[2.444s] running install_egg_info
[2.445s] Copying ../../build/turtlebot3_camera_service/turtlebot3_camera_service.egg-info to /home/flynn/webots_ros2_ws/install/turtlebot3_camera_service/lib/python3.10/site-packages/turtlebot3_camera_service-0.0.0-py3.10.egg-info
[2.446s] running install_scripts
[2.475s] Installing image_service_server script to /home/flynn/webots_ros2_ws/install/turtlebot3_camera_service/lib/turtlebot3_camera_service
[2.475s] writing list of installed files to '/home/flynn/webots_ros2_ws/build/turtlebot3_camera_service/install.log'
[2.507s] Invoked command in '/home/flynn/webots_ros2_ws/src/turtlebot3_camera_service' returned '0': CMAKE_PREFIX_PATH=/home/flynn/webots_ros2_ws/install/turtlebot3_camera_service_interfaces LD_LIBRARY_PATH=/home/flynn/webots_ros2_ws/install/turtlebot3_camera_service_interfaces/lib:${LD_LIBRARY_PATH} PKG_CONFIG_PATH=/home/flynn/webots_ros2_ws/install/turtlebot3_camera_service_interfaces/lib/x86_64-linux-gnu/pkgconfig:/home/flynn/webots_ros2_ws/install/turtlebot3_camera_service_interfaces/lib/pkgconfig PYTHONPATH=/home/flynn/webots_ros2_ws/build/turtlebot3_camera_service/prefix_override:/usr/lib/python3/dist-packages/colcon_core/task/python/colcon_distutils_commands:/home/flynn/webots_ros2_ws/install/turtlebot3_camera_service/lib/python3.10/site-packages:/home/flynn/webots_ros2_ws/install/turtlebot3_camera_service_interfaces/local/lib/python3.10/dist-packages:${PYTHONPATH} ROS_PACKAGE_PATH=/home/flynn/webots_ros2_ws/install/turtlebot3_camera_service_interfaces/share /usr/bin/python3 -W ignore:setup.py install is deprecated -W ignore:easy_install command is deprecated setup.py egg_info --egg-base ../../build/turtlebot3_camera_service build --build-base /home/flynn/webots_ros2_ws/build/turtlebot3_camera_service/build install --record /home/flynn/webots_ros2_ws/build/turtlebot3_camera_service/install.log --single-version-externally-managed install_data --force
