[0.016s] Invoking command in '/home/flynn/webots_ros2_ws/build/webots_ros2_driver': AMENT_PREFIX_PATH=/home/flynn/webots_ros2_ws/install/webots_ros2_msgs:${AMENT_PREFIX_PATH} CMAKE_PREFIX_PATH=/home/flynn/webots_ros2_ws/install/webots_ros2_msgs:/opt/ros/humble LD_LIBRARY_PATH=/home/flynn/webots_ros2_ws/install/webots_ros2_msgs/lib:${LD_LIBRARY_PATH} PYTHONPATH=/home/flynn/webots_ros2_ws/install/webots_ros2_msgs/local/lib/python3.10/dist-packages:${PYTHONPATH} /usr/bin/cmake /home/flynn/webots_ros2_ws/src/webots_ros2/webots_ros2_driver -DCMAKE_INSTALL_PREFIX=/home/flynn/webots_ros2_ws/install/webots_ros2_driver
[0.037s] -- Found ament_cmake: 1.3.12 (/opt/ros/humble/share/ament_cmake/cmake)
[0.263s] -- Override CMake install command with custom implementation using symlinks instead of copying resources
[0.275s] -- Found rosgraph_msgs: 1.2.2 (/opt/ros/humble/share/rosgraph_msgs/cmake)
[0.313s] -- Found rosidl_generator_c: 3.1.7 (/opt/ros/humble/share/rosidl_generator_c/cmake)
[0.316s] -- Found rosidl_adapter: 3.1.7 (/opt/ros/humble/share/rosidl_adapter/cmake)
[0.325s] -- Found rosidl_generator_cpp: 3.1.7 (/opt/ros/humble/share/rosidl_generator_cpp/cmake)
[0.343s] -- Using all available rosidl_typesupport_c: rosidl_typesupport_fastrtps_c;rosidl_typesupport_introspection_c
[0.364s] -- Using all available rosidl_typesupport_cpp: rosidl_typesupport_fastrtps_cpp;rosidl_typesupport_introspection_cpp
[0.406s] -- Found rclcpp: 16.0.15 (/opt/ros/humble/share/rclcpp/cmake)
[0.461s] -- Found rmw_implementation_cmake: 6.1.2 (/opt/ros/humble/share/rmw_implementation_cmake/cmake)
[0.465s] -- Found rmw_fastrtps_cpp: 6.2.9 (/opt/ros/humble/share/rmw_fastrtps_cpp/cmake)
[0.652s] -- Using RMW implementation 'rmw_fastrtps_cpp' as default
[0.718s] -- Found pluginlib: 5.1.2 (/opt/ros/humble/share/pluginlib/cmake)
[0.746s] -- Found sensor_msgs: 4.9.0 (/opt/ros/humble/share/sensor_msgs/cmake)
[0.795s] -- Found tf2_geometry_msgs: 0.25.16 (/opt/ros/humble/share/tf2_geometry_msgs/cmake)
[0.803s] -- Found eigen3_cmake_module: 0.1.1 (/opt/ros/humble/share/eigen3_cmake_module/cmake)
[0.805s] -- Ensuring Eigen3 include directory is part of orocos-kdl CMake target
[0.943s] -- Found vision_msgs: 4.1.1 (/opt/ros/humble/share/vision_msgs/cmake)
[0.965s] -- Found webots_ros2_msgs: 2025.0.1 (/home/flynn/webots_ros2_ws/install/webots_ros2_msgs/share/webots_ros2_msgs/cmake)
[0.995s] -- Found TinyXML2 via Config file: TinyXML2_DIR-NOTFOUND
[1.635s] -- Configuring done
[1.680s] -- Generating done
[1.696s] -- Build files have been written to: /home/flynn/webots_ros2_ws/build/webots_ros2_driver
[1.708s] Invoked command in '/home/flynn/webots_ros2_ws/build/webots_ros2_driver' returned '0': AMENT_PREFIX_PATH=/home/flynn/webots_ros2_ws/install/webots_ros2_msgs:${AMENT_PREFIX_PATH} CMAKE_PREFIX_PATH=/home/flynn/webots_ros2_ws/install/webots_ros2_msgs:/opt/ros/humble LD_LIBRARY_PATH=/home/flynn/webots_ros2_ws/install/webots_ros2_msgs/lib:${LD_LIBRARY_PATH} PYTHONPATH=/home/flynn/webots_ros2_ws/install/webots_ros2_msgs/local/lib/python3.10/dist-packages:${PYTHONPATH} /usr/bin/cmake /home/flynn/webots_ros2_ws/src/webots_ros2/webots_ros2_driver -DCMAKE_INSTALL_PREFIX=/home/flynn/webots_ros2_ws/install/webots_ros2_driver
[1.711s] Invoking command in '/home/flynn/webots_ros2_ws/build/webots_ros2_driver': AMENT_PREFIX_PATH=/home/flynn/webots_ros2_ws/install/webots_ros2_msgs:${AMENT_PREFIX_PATH} CMAKE_PREFIX_PATH=/home/flynn/webots_ros2_ws/install/webots_ros2_msgs:/opt/ros/humble LD_LIBRARY_PATH=/home/flynn/webots_ros2_ws/install/webots_ros2_msgs/lib:${LD_LIBRARY_PATH} PYTHONPATH=/home/flynn/webots_ros2_ws/install/webots_ros2_msgs/local/lib/python3.10/dist-packages:${PYTHONPATH} /usr/bin/cmake --build /home/flynn/webots_ros2_ws/build/webots_ros2_driver -- -j24 -l24
[1.802s] [  0%] Built target ament_cmake_python_symlink_controller
[1.804s] [  0%] Built target ament_cmake_python_symlink_webots_ros2_driver
[1.804s] [  0%] Built target ament_cmake_python_symlink_vehicle
[2.247s] running egg_info
[2.249s] writing webots_ros2_driver.egg-info/PKG-INFO
[2.249s] writing dependency_links to webots_ros2_driver.egg-info/dependency_links.txt
[2.250s] writing top-level names to webots_ros2_driver.egg-info/top_level.txt
[2.253s] reading manifest file 'webots_ros2_driver.egg-info/SOURCES.txt'
[2.254s] writing manifest file 'webots_ros2_driver.egg-info/SOURCES.txt'
[2.257s] running egg_info
[2.258s] writing vehicle.egg-info/PKG-INFO
[2.258s] writing dependency_links to vehicle.egg-info/dependency_links.txt
[2.258s] writing top-level names to vehicle.egg-info/top_level.txt
[2.259s] running egg_info
[2.260s] writing controller.egg-info/PKG-INFO
[2.260s] writing dependency_links to controller.egg-info/dependency_links.txt
[2.261s] writing top-level names to controller.egg-info/top_level.txt
[2.263s] reading manifest file 'vehicle.egg-info/SOURCES.txt'
[2.264s] writing manifest file 'vehicle.egg-info/SOURCES.txt'
[2.265s] reading manifest file 'controller.egg-info/SOURCES.txt'
[2.267s] writing manifest file 'controller.egg-info/SOURCES.txt'
[2.302s] [  0%] Built target ament_cmake_python_build_webots_ros2_driver_egg
[2.312s] [  0%] Built target ament_cmake_python_build_vehicle_egg
[2.315s] [  0%] Built target ament_cmake_python_build_controller_egg
[2.709s] [  0%] Built target compile-lib-controller
[2.835s] [  0%] Built target compile-generic-window
[3.595s] [  0%] Built target compile-lib-vehicle
[3.620s] [35m[1mConsolidate compiler generated dependencies of target webots_ros2_driver_rgbd[0m
[3.621s] [35m[1mConsolidate compiler generated dependencies of target webots_ros2_driver_imu[0m
[3.651s] [35m[1mConsolidate compiler generated dependencies of target driver[0m
[3.667s] [ 14%] Built target webots_ros2_driver_rgbd
[3.668s] [ 29%] Built target webots_ros2_driver_imu
[3.737s] [100%] Built target driver
[3.754s] Invoked command in '/home/flynn/webots_ros2_ws/build/webots_ros2_driver' returned '0': AMENT_PREFIX_PATH=/home/flynn/webots_ros2_ws/install/webots_ros2_msgs:${AMENT_PREFIX_PATH} CMAKE_PREFIX_PATH=/home/flynn/webots_ros2_ws/install/webots_ros2_msgs:/opt/ros/humble LD_LIBRARY_PATH=/home/flynn/webots_ros2_ws/install/webots_ros2_msgs/lib:${LD_LIBRARY_PATH} PYTHONPATH=/home/flynn/webots_ros2_ws/install/webots_ros2_msgs/local/lib/python3.10/dist-packages:${PYTHONPATH} /usr/bin/cmake --build /home/flynn/webots_ros2_ws/build/webots_ros2_driver -- -j24 -l24
[3.758s] Invoking command in '/home/flynn/webots_ros2_ws/build/webots_ros2_driver': AMENT_PREFIX_PATH=/home/flynn/webots_ros2_ws/install/webots_ros2_msgs:${AMENT_PREFIX_PATH} CMAKE_PREFIX_PATH=/home/flynn/webots_ros2_ws/install/webots_ros2_msgs:/opt/ros/humble LD_LIBRARY_PATH=/home/flynn/webots_ros2_ws/install/webots_ros2_msgs/lib:${LD_LIBRARY_PATH} PYTHONPATH=/home/flynn/webots_ros2_ws/install/webots_ros2_msgs/local/lib/python3.10/dist-packages:${PYTHONPATH} /usr/bin/cmake --install /home/flynn/webots_ros2_ws/build/webots_ros2_driver
[3.767s] -- Install configuration: ""
[3.768s] -- Execute custom install script
[3.768s] -- Up-to-date symlink: /home/flynn/webots_ros2_ws/install/webots_ros2_driver/share/webots_ros2_driver/environment/pythonpath.sh
[3.769s] -- Up-to-date symlink: /home/flynn/webots_ros2_ws/install/webots_ros2_driver/share/webots_ros2_driver/environment/pythonpath.dsv
[3.770s] -- Up-to-date symlink: /home/flynn/webots_ros2_ws/install/webots_ros2_driver/local/lib/python3.10/dist-packages/controller-2025.0.1-py3.10.egg-info/PKG-INFO
[3.770s] -- Up-to-date symlink: /home/flynn/webots_ros2_ws/install/webots_ros2_driver/local/lib/python3.10/dist-packages/controller-2025.0.1-py3.10.egg-info/SOURCES.txt
[3.770s] -- Up-to-date symlink: /home/flynn/webots_ros2_ws/install/webots_ros2_driver/local/lib/python3.10/dist-packages/controller-2025.0.1-py3.10.egg-info/dependency_links.txt
[3.770s] -- Up-to-date symlink: /home/flynn/webots_ros2_ws/install/webots_ros2_driver/local/lib/python3.10/dist-packages/controller-2025.0.1-py3.10.egg-info/top_level.txt
[3.772s] -- Up-to-date symlink: /home/flynn/webots_ros2_ws/install/webots_ros2_driver/local/lib/python3.10/dist-packages/controller/__init__.py
[3.772s] -- Up-to-date symlink: /home/flynn/webots_ros2_ws/install/webots_ros2_driver/local/lib/python3.10/dist-packages/controller/accelerometer.py
[3.772s] -- Up-to-date symlink: /home/flynn/webots_ros2_ws/install/webots_ros2_driver/local/lib/python3.10/dist-packages/controller/altimeter.py
[3.773s] -- Up-to-date symlink: /home/flynn/webots_ros2_ws/install/webots_ros2_driver/local/lib/python3.10/dist-packages/controller/ansi_codes.py
[3.773s] -- Up-to-date symlink: /home/flynn/webots_ros2_ws/install/webots_ros2_driver/local/lib/python3.10/dist-packages/controller/brake.py
[3.773s] -- Up-to-date symlink: /home/flynn/webots_ros2_ws/install/webots_ros2_driver/local/lib/python3.10/dist-packages/controller/camera.py
[3.773s] -- Up-to-date symlink: /home/flynn/webots_ros2_ws/install/webots_ros2_driver/local/lib/python3.10/dist-packages/controller/compass.py
[3.774s] -- Up-to-date symlink: /home/flynn/webots_ros2_ws/install/webots_ros2_driver/local/lib/python3.10/dist-packages/controller/connector.py
[3.774s] -- Up-to-date symlink: /home/flynn/webots_ros2_ws/install/webots_ros2_driver/local/lib/python3.10/dist-packages/controller/constants.py
[3.774s] -- Up-to-date symlink: /home/flynn/webots_ros2_ws/install/webots_ros2_driver/local/lib/python3.10/dist-packages/controller/device.py
[3.774s] -- Up-to-date symlink: /home/flynn/webots_ros2_ws/install/webots_ros2_driver/local/lib/python3.10/dist-packages/controller/display.py
[3.774s] -- Up-to-date symlink: /home/flynn/webots_ros2_ws/install/webots_ros2_driver/local/lib/python3.10/dist-packages/controller/distance_sensor.py
[3.775s] -- Up-to-date symlink: /home/flynn/webots_ros2_ws/install/webots_ros2_driver/local/lib/python3.10/dist-packages/controller/emitter.py
[3.775s] -- Up-to-date symlink: /home/flynn/webots_ros2_ws/install/webots_ros2_driver/local/lib/python3.10/dist-packages/controller/field.py
[3.775s] -- Up-to-date symlink: /home/flynn/webots_ros2_ws/install/webots_ros2_driver/local/lib/python3.10/dist-packages/controller/gps.py
[3.775s] -- Up-to-date symlink: /home/flynn/webots_ros2_ws/install/webots_ros2_driver/local/lib/python3.10/dist-packages/controller/gyro.py
[3.776s] -- Up-to-date symlink: /home/flynn/webots_ros2_ws/install/webots_ros2_driver/local/lib/python3.10/dist-packages/controller/inertial_unit.py
[3.776s] -- Up-to-date symlink: /home/flynn/webots_ros2_ws/install/webots_ros2_driver/local/lib/python3.10/dist-packages/controller/joystick.py
[3.776s] -- Up-to-date symlink: /home/flynn/webots_ros2_ws/install/webots_ros2_driver/local/lib/python3.10/dist-packages/controller/keyboard.py
[3.776s] -- Up-to-date symlink: /home/flynn/webots_ros2_ws/install/webots_ros2_driver/local/lib/python3.10/dist-packages/controller/led.py
[3.776s] -- Up-to-date symlink: /home/flynn/webots_ros2_ws/install/webots_ros2_driver/local/lib/python3.10/dist-packages/controller/lidar.py
[3.777s] -- Up-to-date symlink: /home/flynn/webots_ros2_ws/install/webots_ros2_driver/local/lib/python3.10/dist-packages/controller/lidar_point.py
[3.777s] -- Up-to-date symlink: /home/flynn/webots_ros2_ws/install/webots_ros2_driver/local/lib/python3.10/dist-packages/controller/light_sensor.py
[3.777s] -- Up-to-date symlink: /home/flynn/webots_ros2_ws/install/webots_ros2_driver/local/lib/python3.10/dist-packages/controller/motion.py
[3.777s] -- Up-to-date symlink: /home/flynn/webots_ros2_ws/install/webots_ros2_driver/local/lib/python3.10/dist-packages/controller/motor.py
[3.778s] -- Up-to-date symlink: /home/flynn/webots_ros2_ws/install/webots_ros2_driver/local/lib/python3.10/dist-packages/controller/mouse.py
[3.778s] -- Up-to-date symlink: /home/flynn/webots_ros2_ws/install/webots_ros2_driver/local/lib/python3.10/dist-packages/controller/node.py
[3.778s] -- Up-to-date symlink: /home/flynn/webots_ros2_ws/install/webots_ros2_driver/local/lib/python3.10/dist-packages/controller/pen.py
[3.778s] -- Up-to-date symlink: /home/flynn/webots_ros2_ws/install/webots_ros2_driver/local/lib/python3.10/dist-packages/controller/position_sensor.py
[3.779s] -- Up-to-date symlink: /home/flynn/webots_ros2_ws/install/webots_ros2_driver/local/lib/python3.10/dist-packages/controller/proto.py
[3.779s] -- Up-to-date symlink: /home/flynn/webots_ros2_ws/install/webots_ros2_driver/local/lib/python3.10/dist-packages/controller/radar.py
[3.779s] -- Up-to-date symlink: /home/flynn/webots_ros2_ws/install/webots_ros2_driver/local/lib/python3.10/dist-packages/controller/radar_target.py
[3.779s] -- Up-to-date symlink: /home/flynn/webots_ros2_ws/install/webots_ros2_driver/local/lib/python3.10/dist-packages/controller/range_finder.py
[3.780s] -- Up-to-date symlink: /home/flynn/webots_ros2_ws/install/webots_ros2_driver/local/lib/python3.10/dist-packages/controller/receiver.py
[3.780s] -- Up-to-date symlink: /home/flynn/webots_ros2_ws/install/webots_ros2_driver/local/lib/python3.10/dist-packages/controller/robot.py
[3.780s] -- Up-to-date symlink: /home/flynn/webots_ros2_ws/install/webots_ros2_driver/local/lib/python3.10/dist-packages/controller/sensor.py
[3.780s] -- Up-to-date symlink: /home/flynn/webots_ros2_ws/install/webots_ros2_driver/local/lib/python3.10/dist-packages/controller/skin.py
[3.781s] -- Up-to-date symlink: /home/flynn/webots_ros2_ws/install/webots_ros2_driver/local/lib/python3.10/dist-packages/controller/speaker.py
[3.781s] -- Up-to-date symlink: /home/flynn/webots_ros2_ws/install/webots_ros2_driver/local/lib/python3.10/dist-packages/controller/supervisor.py
[3.781s] -- Up-to-date symlink: /home/flynn/webots_ros2_ws/install/webots_ros2_driver/local/lib/python3.10/dist-packages/controller/touch_sensor.py
[3.782s] -- Up-to-date symlink: /home/flynn/webots_ros2_ws/install/webots_ros2_driver/local/lib/python3.10/dist-packages/controller/vacuum_gripper.py
[3.782s] -- Up-to-date symlink: /home/flynn/webots_ros2_ws/install/webots_ros2_driver/local/lib/python3.10/dist-packages/controller/wb.py
[3.783s] -- Up-to-date symlink: /home/flynn/webots_ros2_ws/install/webots_ros2_driver/local/lib/python3.10/dist-packages/vehicle-2025.0.1-py3.10.egg-info/PKG-INFO
[3.783s] -- Up-to-date symlink: /home/flynn/webots_ros2_ws/install/webots_ros2_driver/local/lib/python3.10/dist-packages/vehicle-2025.0.1-py3.10.egg-info/SOURCES.txt
[3.783s] -- Up-to-date symlink: /home/flynn/webots_ros2_ws/install/webots_ros2_driver/local/lib/python3.10/dist-packages/vehicle-2025.0.1-py3.10.egg-info/dependency_links.txt
[3.783s] -- Up-to-date symlink: /home/flynn/webots_ros2_ws/install/webots_ros2_driver/local/lib/python3.10/dist-packages/vehicle-2025.0.1-py3.10.egg-info/top_level.txt
[3.784s] -- Up-to-date symlink: /home/flynn/webots_ros2_ws/install/webots_ros2_driver/local/lib/python3.10/dist-packages/vehicle/__init__.py
[3.784s] -- Up-to-date symlink: /home/flynn/webots_ros2_ws/install/webots_ros2_driver/local/lib/python3.10/dist-packages/vehicle/car.py
[3.784s] -- Up-to-date symlink: /home/flynn/webots_ros2_ws/install/webots_ros2_driver/local/lib/python3.10/dist-packages/vehicle/driver.py
[3.785s] -- Up-to-date symlink: /home/flynn/webots_ros2_ws/install/webots_ros2_driver/local/lib/python3.10/dist-packages/webots_ros2_driver-2025.0.1-py3.10.egg-info/PKG-INFO
[3.785s] -- Up-to-date symlink: /home/flynn/webots_ros2_ws/install/webots_ros2_driver/local/lib/python3.10/dist-packages/webots_ros2_driver-2025.0.1-py3.10.egg-info/SOURCES.txt
[3.785s] -- Up-to-date symlink: /home/flynn/webots_ros2_ws/install/webots_ros2_driver/local/lib/python3.10/dist-packages/webots_ros2_driver-2025.0.1-py3.10.egg-info/dependency_links.txt
[3.785s] -- Up-to-date symlink: /home/flynn/webots_ros2_ws/install/webots_ros2_driver/local/lib/python3.10/dist-packages/webots_ros2_driver-2025.0.1-py3.10.egg-info/top_level.txt
[3.786s] -- Up-to-date symlink: /home/flynn/webots_ros2_ws/install/webots_ros2_driver/local/lib/python3.10/dist-packages/webots_ros2_driver/__init__.py
[3.787s] -- Up-to-date symlink: /home/flynn/webots_ros2_ws/install/webots_ros2_driver/local/lib/python3.10/dist-packages/webots_ros2_driver/ros2_supervisor.py
[3.787s] -- Up-to-date symlink: /home/flynn/webots_ros2_ws/install/webots_ros2_driver/local/lib/python3.10/dist-packages/webots_ros2_driver/urdf_spawner.py
[3.787s] -- Up-to-date symlink: /home/flynn/webots_ros2_ws/install/webots_ros2_driver/local/lib/python3.10/dist-packages/webots_ros2_driver/utils.py
[3.787s] -- Up-to-date symlink: /home/flynn/webots_ros2_ws/install/webots_ros2_driver/local/lib/python3.10/dist-packages/webots_ros2_driver/wait_for_controller_connection.py
[3.787s] -- Up-to-date symlink: /home/flynn/webots_ros2_ws/install/webots_ros2_driver/local/lib/python3.10/dist-packages/webots_ros2_driver/webots_controller.py
[3.788s] -- Up-to-date symlink: /home/flynn/webots_ros2_ws/install/webots_ros2_driver/local/lib/python3.10/dist-packages/webots_ros2_driver/webots_launcher.py
[3.789s] -- Up-to-date symlink: /home/flynn/webots_ros2_ws/install/webots_ros2_driver/include/webots_ros2_driver/PluginInterface.hpp
[3.789s] -- Up-to-date symlink: /home/flynn/webots_ros2_ws/install/webots_ros2_driver/include/webots_ros2_driver/PythonPlugin.hpp
[3.789s] -- Up-to-date symlink: /home/flynn/webots_ros2_ws/install/webots_ros2_driver/include/webots_ros2_driver/WebotsNode.hpp
[3.789s] -- Up-to-date symlink: /home/flynn/webots_ros2_ws/install/webots_ros2_driver/include/webots_ros2_driver/plugins/Ros2SensorPlugin.hpp
[3.790s] -- Up-to-date symlink: /home/flynn/webots_ros2_ws/install/webots_ros2_driver/include/webots_ros2_driver/plugins/dynamic/Ros2IMU.hpp
[3.790s] -- Up-to-date symlink: /home/flynn/webots_ros2_ws/install/webots_ros2_driver/include/webots_ros2_driver/plugins/dynamic/Ros2RGBD.hpp
[3.790s] -- Up-to-date symlink: /home/flynn/webots_ros2_ws/install/webots_ros2_driver/include/webots_ros2_driver/plugins/static/Ros2Camera.hpp
[3.790s] -- Up-to-date symlink: /home/flynn/webots_ros2_ws/install/webots_ros2_driver/include/webots_ros2_driver/plugins/static/Ros2Compass.hpp
[3.791s] -- Up-to-date symlink: /home/flynn/webots_ros2_ws/install/webots_ros2_driver/include/webots_ros2_driver/plugins/static/Ros2DistanceSensor.hpp
[3.791s] -- Up-to-date symlink: /home/flynn/webots_ros2_ws/install/webots_ros2_driver/include/webots_ros2_driver/plugins/static/Ros2Emitter.hpp
[3.791s] -- Up-to-date symlink: /home/flynn/webots_ros2_ws/install/webots_ros2_driver/include/webots_ros2_driver/plugins/static/Ros2GPS.hpp
[3.791s] -- Up-to-date symlink: /home/flynn/webots_ros2_ws/install/webots_ros2_driver/include/webots_ros2_driver/plugins/static/Ros2LED.hpp
[3.791s] -- Up-to-date symlink: /home/flynn/webots_ros2_ws/install/webots_ros2_driver/include/webots_ros2_driver/plugins/static/Ros2Lidar.hpp
[3.792s] -- Up-to-date symlink: /home/flynn/webots_ros2_ws/install/webots_ros2_driver/include/webots_ros2_driver/plugins/static/Ros2LightSensor.hpp
[3.792s] -- Up-to-date symlink: /home/flynn/webots_ros2_ws/install/webots_ros2_driver/include/webots_ros2_driver/plugins/static/Ros2Pen.hpp
[3.792s] -- Up-to-date symlink: /home/flynn/webots_ros2_ws/install/webots_ros2_driver/include/webots_ros2_driver/plugins/static/Ros2RangeFinder.hpp
[3.792s] -- Up-to-date symlink: /home/flynn/webots_ros2_ws/install/webots_ros2_driver/include/webots_ros2_driver/plugins/static/Ros2Receiver.hpp
[3.793s] -- Up-to-date symlink: /home/flynn/webots_ros2_ws/install/webots_ros2_driver/include/webots_ros2_driver/plugins/static/Ros2VacuumGripper.hpp
[3.793s] -- Up-to-date symlink: /home/flynn/webots_ros2_ws/install/webots_ros2_driver/include/webots_ros2_driver/utils/Math.hpp
[3.793s] -- Up-to-date symlink: /home/flynn/webots_ros2_ws/install/webots_ros2_driver/include/webots_ros2_driver/utils/Utils.hpp
[3.794s] -- Up-to-date symlink: /home/flynn/webots_ros2_ws/install/webots_ros2_driver/lib/webots_ros2_driver/driver
[3.794s] -- Up-to-date symlink: /home/flynn/webots_ros2_ws/install/webots_ros2_driver/lib/libwebots_ros2_driver_imu.so
[3.795s] -- Up-to-date symlink: /home/flynn/webots_ros2_ws/install/webots_ros2_driver/lib/libwebots_ros2_driver_rgbd.so
[3.796s] -- Up-to-date symlink: /home/flynn/webots_ros2_ws/install/webots_ros2_driver/include/webots/c/webots/accelerometer.h
[3.796s] -- Up-to-date symlink: /home/flynn/webots_ros2_ws/install/webots_ros2_driver/include/webots/c/webots/altimeter.h
[3.797s] -- Up-to-date symlink: /home/flynn/webots_ros2_ws/install/webots_ros2_driver/include/webots/c/webots/brake.h
[3.797s] -- Up-to-date symlink: /home/flynn/webots_ros2_ws/install/webots_ros2_driver/include/webots/c/webots/camera.h
[3.797s] -- Up-to-date symlink: /home/flynn/webots_ros2_ws/install/webots_ros2_driver/include/webots/c/webots/camera_recognition_object.h
[3.797s] -- Up-to-date symlink: /home/flynn/webots_ros2_ws/install/webots_ros2_driver/include/webots/c/webots/compass.h
[3.797s] -- Up-to-date symlink: /home/flynn/webots_ros2_ws/install/webots_ros2_driver/include/webots/c/webots/connector.h
[3.798s] -- Up-to-date symlink: /home/flynn/webots_ros2_ws/install/webots_ros2_driver/include/webots/c/webots/console.h
[3.798s] -- Up-to-date symlink: /home/flynn/webots_ros2_ws/install/webots_ros2_driver/include/webots/c/webots/contact_point.h
[3.798s] -- Up-to-date symlink: /home/flynn/webots_ros2_ws/install/webots_ros2_driver/include/webots/c/webots/device.h
[3.798s] -- Up-to-date symlink: /home/flynn/webots_ros2_ws/install/webots_ros2_driver/include/webots/c/webots/display.h
[3.799s] -- Up-to-date symlink: /home/flynn/webots_ros2_ws/install/webots_ros2_driver/include/webots/c/webots/distance_sensor.h
[3.799s] -- Up-to-date symlink: /home/flynn/webots_ros2_ws/install/webots_ros2_driver/include/webots/c/webots/emitter.h
[3.799s] -- Up-to-date symlink: /home/flynn/webots_ros2_ws/install/webots_ros2_driver/include/webots/c/webots/gps.h
[3.799s] -- Up-to-date symlink: /home/flynn/webots_ros2_ws/install/webots_ros2_driver/include/webots/c/webots/gyro.h
[3.800s] -- Up-to-date symlink: /home/flynn/webots_ros2_ws/install/webots_ros2_driver/include/webots/c/webots/inertial_unit.h
[3.800s] -- Up-to-date symlink: /home/flynn/webots_ros2_ws/install/webots_ros2_driver/include/webots/c/webots/joystick.h
[3.800s] -- Up-to-date symlink: /home/flynn/webots_ros2_ws/install/webots_ros2_driver/include/webots/c/webots/keyboard.h
[3.800s] -- Up-to-date symlink: /home/flynn/webots_ros2_ws/install/webots_ros2_driver/include/webots/c/webots/led.h
[3.800s] -- Up-to-date symlink: /home/flynn/webots_ros2_ws/install/webots_ros2_driver/include/webots/c/webots/lidar.h
[3.801s] -- Up-to-date symlink: /home/flynn/webots_ros2_ws/install/webots_ros2_driver/include/webots/c/webots/lidar_point.h
[3.801s] -- Up-to-date symlink: /home/flynn/webots_ros2_ws/install/webots_ros2_driver/include/webots/c/webots/light_sensor.h
[3.801s] -- Up-to-date symlink: /home/flynn/webots_ros2_ws/install/webots_ros2_driver/include/webots/c/webots/microphone.h
[3.801s] -- Up-to-date symlink: /home/flynn/webots_ros2_ws/install/webots_ros2_driver/include/webots/c/webots/motor.h
[3.801s] -- Up-to-date symlink: /home/flynn/webots_ros2_ws/install/webots_ros2_driver/include/webots/c/webots/mouse.h
[3.802s] -- Up-to-date symlink: /home/flynn/webots_ros2_ws/install/webots_ros2_driver/include/webots/c/webots/mouse_state.h
[3.802s] -- Up-to-date symlink: /home/flynn/webots_ros2_ws/install/webots_ros2_driver/include/webots/c/webots/nodes.h
[3.802s] -- Up-to-date symlink: /home/flynn/webots_ros2_ws/install/webots_ros2_driver/include/webots/c/webots/pen.h
[3.802s] -- Up-to-date symlink: /home/flynn/webots_ros2_ws/install/webots_ros2_driver/include/webots/c/webots/plugins/robot_window/default.h
[3.803s] -- Up-to-date symlink: /home/flynn/webots_ros2_ws/install/webots_ros2_driver/include/webots/c/webots/plugins/robot_window/generic_robot_window/generic.h
[3.803s] -- Up-to-date symlink: /home/flynn/webots_ros2_ws/install/webots_ros2_driver/include/webots/c/webots/plugins/robot_window/robot_window.h
[3.803s] -- Up-to-date symlink: /home/flynn/webots_ros2_ws/install/webots_ros2_driver/include/webots/c/webots/plugins/robot_window/robot_wwi.h
[3.803s] -- Up-to-date symlink: /home/flynn/webots_ros2_ws/install/webots_ros2_driver/include/webots/c/webots/position_sensor.h
[3.804s] -- Up-to-date symlink: /home/flynn/webots_ros2_ws/install/webots_ros2_driver/include/webots/c/webots/radar.h
[3.804s] -- Up-to-date symlink: /home/flynn/webots_ros2_ws/install/webots_ros2_driver/include/webots/c/webots/radar_target.h
[3.804s] -- Up-to-date symlink: /home/flynn/webots_ros2_ws/install/webots_ros2_driver/include/webots/c/webots/radio.h
[3.804s] -- Up-to-date symlink: /home/flynn/webots_ros2_ws/install/webots_ros2_driver/include/webots/c/webots/range_finder.h
[3.805s] -- Up-to-date symlink: /home/flynn/webots_ros2_ws/install/webots_ros2_driver/include/webots/c/webots/receiver.h
[3.805s] -- Up-to-date symlink: /home/flynn/webots_ros2_ws/install/webots_ros2_driver/include/webots/c/webots/remote_control.h
[3.805s] -- Up-to-date symlink: /home/flynn/webots_ros2_ws/install/webots_ros2_driver/include/webots/c/webots/robot.h
[3.805s] -- Up-to-date symlink: /home/flynn/webots_ros2_ws/install/webots_ros2_driver/include/webots/c/webots/skin.h
[3.805s] -- Up-to-date symlink: /home/flynn/webots_ros2_ws/install/webots_ros2_driver/include/webots/c/webots/speaker.h
[3.806s] -- Up-to-date symlink: /home/flynn/webots_ros2_ws/install/webots_ros2_driver/include/webots/c/webots/supervisor.h
[3.806s] -- Up-to-date symlink: /home/flynn/webots_ros2_ws/install/webots_ros2_driver/include/webots/c/webots/touch_sensor.h
[3.806s] -- Up-to-date symlink: /home/flynn/webots_ros2_ws/install/webots_ros2_driver/include/webots/c/webots/types.h
[3.806s] -- Up-to-date symlink: /home/flynn/webots_ros2_ws/install/webots_ros2_driver/include/webots/c/webots/utils/ansi_codes.h
[3.806s] -- Up-to-date symlink: /home/flynn/webots_ros2_ws/install/webots_ros2_driver/include/webots/c/webots/utils/motion.h
[3.807s] -- Up-to-date symlink: /home/flynn/webots_ros2_ws/install/webots_ros2_driver/include/webots/c/webots/utils/string.h
[3.807s] -- Up-to-date symlink: /home/flynn/webots_ros2_ws/install/webots_ros2_driver/include/webots/c/webots/utils/system.h
[3.807s] -- Up-to-date symlink: /home/flynn/webots_ros2_ws/install/webots_ros2_driver/include/webots/c/webots/vacuum_gripper.h
[3.808s] -- Up-to-date symlink: /home/flynn/webots_ros2_ws/install/webots_ros2_driver/include/webots/c/webots/vehicle/car.h
[3.808s] -- Up-to-date symlink: /home/flynn/webots_ros2_ws/install/webots_ros2_driver/include/webots/c/webots/vehicle/driver.h
[3.809s] -- Up-to-date symlink: /home/flynn/webots_ros2_ws/install/webots_ros2_driver/include/webots/cpp/webots/Accelerometer.hpp
[3.809s] -- Up-to-date symlink: /home/flynn/webots_ros2_ws/install/webots_ros2_driver/include/webots/cpp/webots/Altimeter.hpp
[3.809s] -- Up-to-date symlink: /home/flynn/webots_ros2_ws/install/webots_ros2_driver/include/webots/cpp/webots/Brake.hpp
[3.809s] -- Up-to-date symlink: /home/flynn/webots_ros2_ws/install/webots_ros2_driver/include/webots/cpp/webots/Camera.hpp
[3.810s] -- Up-to-date symlink: /home/flynn/webots_ros2_ws/install/webots_ros2_driver/include/webots/cpp/webots/Compass.hpp
[3.810s] -- Up-to-date symlink: /home/flynn/webots_ros2_ws/install/webots_ros2_driver/include/webots/cpp/webots/Connector.hpp
[3.810s] -- Up-to-date symlink: /home/flynn/webots_ros2_ws/install/webots_ros2_driver/include/webots/cpp/webots/Device.hpp
[3.810s] -- Up-to-date symlink: /home/flynn/webots_ros2_ws/install/webots_ros2_driver/include/webots/cpp/webots/Display.hpp
[3.811s] -- Up-to-date symlink: /home/flynn/webots_ros2_ws/install/webots_ros2_driver/include/webots/cpp/webots/DistanceSensor.hpp
[3.811s] -- Up-to-date symlink: /home/flynn/webots_ros2_ws/install/webots_ros2_driver/include/webots/cpp/webots/Emitter.hpp
[3.811s] -- Up-to-date symlink: /home/flynn/webots_ros2_ws/install/webots_ros2_driver/include/webots/cpp/webots/Field.hpp
[3.811s] -- Up-to-date symlink: /home/flynn/webots_ros2_ws/install/webots_ros2_driver/include/webots/cpp/webots/GPS.hpp
[3.811s] -- Up-to-date symlink: /home/flynn/webots_ros2_ws/install/webots_ros2_driver/include/webots/cpp/webots/Gyro.hpp
[3.812s] -- Up-to-date symlink: /home/flynn/webots_ros2_ws/install/webots_ros2_driver/include/webots/cpp/webots/ImageRef.hpp
[3.812s] -- Up-to-date symlink: /home/flynn/webots_ros2_ws/install/webots_ros2_driver/include/webots/cpp/webots/InertialUnit.hpp
[3.812s] -- Up-to-date symlink: /home/flynn/webots_ros2_ws/install/webots_ros2_driver/include/webots/cpp/webots/Joystick.hpp
[3.812s] -- Up-to-date symlink: /home/flynn/webots_ros2_ws/install/webots_ros2_driver/include/webots/cpp/webots/Keyboard.hpp
[3.812s] -- Up-to-date symlink: /home/flynn/webots_ros2_ws/install/webots_ros2_driver/include/webots/cpp/webots/LED.hpp
[3.813s] -- Up-to-date symlink: /home/flynn/webots_ros2_ws/install/webots_ros2_driver/include/webots/cpp/webots/Lidar.hpp
[3.813s] -- Up-to-date symlink: /home/flynn/webots_ros2_ws/install/webots_ros2_driver/include/webots/cpp/webots/LightSensor.hpp
[3.813s] -- Up-to-date symlink: /home/flynn/webots_ros2_ws/install/webots_ros2_driver/include/webots/cpp/webots/Motor.hpp
[3.813s] -- Up-to-date symlink: /home/flynn/webots_ros2_ws/install/webots_ros2_driver/include/webots/cpp/webots/Mouse.hpp
[3.813s] -- Up-to-date symlink: /home/flynn/webots_ros2_ws/install/webots_ros2_driver/include/webots/cpp/webots/Node.hpp
[3.813s] -- Up-to-date symlink: /home/flynn/webots_ros2_ws/install/webots_ros2_driver/include/webots/cpp/webots/Pen.hpp
[3.814s] -- Up-to-date symlink: /home/flynn/webots_ros2_ws/install/webots_ros2_driver/include/webots/cpp/webots/PositionSensor.hpp
[3.814s] -- Up-to-date symlink: /home/flynn/webots_ros2_ws/install/webots_ros2_driver/include/webots/cpp/webots/Proto.hpp
[3.814s] -- Up-to-date symlink: /home/flynn/webots_ros2_ws/install/webots_ros2_driver/include/webots/cpp/webots/Radar.hpp
[3.814s] -- Up-to-date symlink: /home/flynn/webots_ros2_ws/install/webots_ros2_driver/include/webots/cpp/webots/RangeFinder.hpp
[3.814s] -- Up-to-date symlink: /home/flynn/webots_ros2_ws/install/webots_ros2_driver/include/webots/cpp/webots/Receiver.hpp
[3.814s] -- Up-to-date symlink: /home/flynn/webots_ros2_ws/install/webots_ros2_driver/include/webots/cpp/webots/Robot.hpp
[3.815s] -- Up-to-date symlink: /home/flynn/webots_ros2_ws/install/webots_ros2_driver/include/webots/cpp/webots/Skin.hpp
[3.815s] -- Up-to-date symlink: /home/flynn/webots_ros2_ws/install/webots_ros2_driver/include/webots/cpp/webots/Speaker.hpp
[3.815s] -- Up-to-date symlink: /home/flynn/webots_ros2_ws/install/webots_ros2_driver/include/webots/cpp/webots/Supervisor.hpp
[3.815s] -- Up-to-date symlink: /home/flynn/webots_ros2_ws/install/webots_ros2_driver/include/webots/cpp/webots/TouchSensor.hpp
[3.815s] -- Up-to-date symlink: /home/flynn/webots_ros2_ws/install/webots_ros2_driver/include/webots/cpp/webots/VacuumGripper.hpp
[3.815s] -- Up-to-date symlink: /home/flynn/webots_ros2_ws/install/webots_ros2_driver/include/webots/cpp/webots/utils/AnsiCodes.hpp
[3.815s] -- Up-to-date symlink: /home/flynn/webots_ros2_ws/install/webots_ros2_driver/include/webots/cpp/webots/utils/Motion.hpp
[3.815s] -- Up-to-date symlink: /home/flynn/webots_ros2_ws/install/webots_ros2_driver/include/webots/cpp/webots/vehicle/Car.hpp
[3.816s] -- Up-to-date symlink: /home/flynn/webots_ros2_ws/install/webots_ros2_driver/include/webots/cpp/webots/vehicle/Driver.hpp
[3.818s] -- Up-to-date symlink: /home/flynn/webots_ros2_ws/install/webots_ros2_driver/lib/controller/libController.so
[3.818s] -- Up-to-date symlink: /home/flynn/webots_ros2_ws/install/webots_ros2_driver/lib/controller/libCppCar.so
[3.818s] -- Up-to-date symlink: /home/flynn/webots_ros2_ws/install/webots_ros2_driver/lib/controller/libCppController.so
[3.818s] -- Up-to-date symlink: /home/flynn/webots_ros2_ws/install/webots_ros2_driver/lib/controller/libCppController.so
[3.818s] -- Up-to-date symlink: /home/flynn/webots_ros2_ws/install/webots_ros2_driver/lib/controller/libCppDriver.so
[3.819s] -- Up-to-date symlink: /home/flynn/webots_ros2_ws/install/webots_ros2_driver/lib/controller/libcar.so
[3.819s] -- Up-to-date symlink: /home/flynn/webots_ros2_ws/install/webots_ros2_driver/lib/controller/libdriver.so
[3.819s] -- Up-to-date symlink: /home/flynn/webots_ros2_ws/install/webots_ros2_driver/lib/controller/libgeneric_robot_window.so
[3.819s] -- Up-to-date symlink: /home/flynn/webots_ros2_ws/install/webots_ros2_driver/lib/controller/python/vehicle/car.py
[3.819s] -- Up-to-date symlink: /home/flynn/webots_ros2_ws/install/webots_ros2_driver/lib/controller/python/vehicle/driver.py
[3.819s] -- Up-to-date symlink: /home/flynn/webots_ros2_ws/install/webots_ros2_driver/share/webots_ros2_driver//webots_ros2_imu.xml
[3.820s] -- Up-to-date symlink: /home/flynn/webots_ros2_ws/install/webots_ros2_driver/share/webots_ros2_driver//webots_ros2_rgbd.xml
[3.820s] -- Up-to-date symlink: /home/flynn/webots_ros2_ws/install/webots_ros2_driver/lib/webots_ros2_driver/ros2_supervisor.py
[3.820s] -- Up-to-date symlink: /home/flynn/webots_ros2_ws/install/webots_ros2_driver/share/webots_ros2_driver/scripts/webots_tcp_client.py
[3.820s] -- Up-to-date symlink: /home/flynn/webots_ros2_ws/install/webots_ros2_driver/share/webots_ros2_driver/scripts/webots-controller
[3.821s] -- Up-to-date symlink: /home/flynn/webots_ros2_ws/install/webots_ros2_driver/share/webots_ros2_driver/environment/library_path.sh
[3.821s] -- Up-to-date symlink: /home/flynn/webots_ros2_ws/install/webots_ros2_driver/share/webots_ros2_driver/environment/library_path.dsv
[3.821s] -- Up-to-date symlink: /home/flynn/webots_ros2_ws/install/webots_ros2_driver/share/ament_index/resource_index/package_run_dependencies/webots_ros2_driver
[3.821s] -- Up-to-date symlink: /home/flynn/webots_ros2_ws/install/webots_ros2_driver/share/ament_index/resource_index/parent_prefix_path/webots_ros2_driver
[3.821s] -- Up-to-date symlink: /home/flynn/webots_ros2_ws/install/webots_ros2_driver/share/webots_ros2_driver/environment/ament_prefix_path.sh
[3.822s] -- Up-to-date symlink: /home/flynn/webots_ros2_ws/install/webots_ros2_driver/share/webots_ros2_driver/environment/ament_prefix_path.dsv
[3.822s] -- Up-to-date symlink: /home/flynn/webots_ros2_ws/install/webots_ros2_driver/share/webots_ros2_driver/environment/path.sh
[3.822s] -- Up-to-date symlink: /home/flynn/webots_ros2_ws/install/webots_ros2_driver/share/webots_ros2_driver/environment/path.dsv
[3.822s] -- Up-to-date symlink: /home/flynn/webots_ros2_ws/install/webots_ros2_driver/share/webots_ros2_driver/local_setup.bash
[3.822s] -- Up-to-date symlink: /home/flynn/webots_ros2_ws/install/webots_ros2_driver/share/webots_ros2_driver/local_setup.sh
[3.822s] -- Up-to-date symlink: /home/flynn/webots_ros2_ws/install/webots_ros2_driver/share/webots_ros2_driver/local_setup.zsh
[3.823s] -- Up-to-date symlink: /home/flynn/webots_ros2_ws/install/webots_ros2_driver/share/webots_ros2_driver/local_setup.dsv
[3.823s] -- Symlinking: /home/flynn/webots_ros2_ws/install/webots_ros2_driver/share/webots_ros2_driver/package.dsv
[3.834s] -- Up-to-date symlink: /home/flynn/webots_ros2_ws/install/webots_ros2_driver/share/ament_index/resource_index/packages/webots_ros2_driver
[3.834s] -- Up-to-date symlink: /home/flynn/webots_ros2_ws/install/webots_ros2_driver/share/ament_index/resource_index/webots_ros2_driver__pluginlib__plugin/webots_ros2_driver
[3.834s] -- Up-to-date symlink: /home/flynn/webots_ros2_ws/install/webots_ros2_driver/share/webots_ros2_driver/cmake/ament_cmake_export_include_directories-extras.cmake
[3.835s] -- Up-to-date symlink: /home/flynn/webots_ros2_ws/install/webots_ros2_driver/share/webots_ros2_driver/cmake/ament_cmake_export_dependencies-extras.cmake
[3.835s] -- Up-to-date symlink: /home/flynn/webots_ros2_ws/install/webots_ros2_driver/share/webots_ros2_driver/cmake/ament_cmake_export_libraries-extras.cmake
[3.835s] -- Up-to-date symlink: /home/flynn/webots_ros2_ws/install/webots_ros2_driver/share/webots_ros2_driver/cmake/webots_ros2_driverConfig.cmake
[3.835s] -- Up-to-date symlink: /home/flynn/webots_ros2_ws/install/webots_ros2_driver/share/webots_ros2_driver/cmake/webots_ros2_driverConfig-version.cmake
[3.835s] -- Up-to-date symlink: /home/flynn/webots_ros2_ws/install/webots_ros2_driver/share/webots_ros2_driver/package.xml
[3.889s] Listing '/home/flynn/webots_ros2_ws/install/webots_ros2_driver/local/lib/python3.10/dist-packages/controller'...
[3.932s] Listing '/home/flynn/webots_ros2_ws/install/webots_ros2_driver/local/lib/python3.10/dist-packages/vehicle'...
[3.976s] Listing '/home/flynn/webots_ros2_ws/install/webots_ros2_driver/local/lib/python3.10/dist-packages/webots_ros2_driver'...
[3.984s] Invoked command in '/home/flynn/webots_ros2_ws/build/webots_ros2_driver' returned '0': AMENT_PREFIX_PATH=/home/flynn/webots_ros2_ws/install/webots_ros2_msgs:${AMENT_PREFIX_PATH} CMAKE_PREFIX_PATH=/home/flynn/webots_ros2_ws/install/webots_ros2_msgs:/opt/ros/humble LD_LIBRARY_PATH=/home/flynn/webots_ros2_ws/install/webots_ros2_msgs/lib:${LD_LIBRARY_PATH} PYTHONPATH=/home/flynn/webots_ros2_ws/install/webots_ros2_msgs/local/lib/python3.10/dist-packages:${PYTHONPATH} /usr/bin/cmake --install /home/flynn/webots_ros2_ws/build/webots_ros2_driver
