/home/flynn/webots_ros2_ws/install/nav2_bt_hw/lib/python3.10/site-packages/nav2_bt_hw/bt_sequence_node.py
/home/flynn/webots_ros2_ws/install/nav2_bt_hw/lib/python3.10/site-packages/nav2_bt_hw/move_to_goal.py
/home/flynn/webots_ros2_ws/install/nav2_bt_hw/lib/python3.10/site-packages/nav2_bt_hw/__init__.py
/home/flynn/webots_ros2_ws/install/nav2_bt_hw/lib/python3.10/site-packages/nav2_bt_hw/start_pose_saver.py
/home/flynn/webots_ros2_ws/install/nav2_bt_hw/lib/python3.10/site-packages/nav2_bt_hw/return_to_start.py
/home/flynn/webots_ros2_ws/install/nav2_bt_hw/lib/python3.10/site-packages/nav2_bt_hw/__pycache__/bt_sequence_node.cpython-310.pyc
/home/flynn/webots_ros2_ws/install/nav2_bt_hw/lib/python3.10/site-packages/nav2_bt_hw/__pycache__/move_to_goal.cpython-310.pyc
/home/flynn/webots_ros2_ws/install/nav2_bt_hw/lib/python3.10/site-packages/nav2_bt_hw/__pycache__/__init__.cpython-310.pyc
/home/flynn/webots_ros2_ws/install/nav2_bt_hw/lib/python3.10/site-packages/nav2_bt_hw/__pycache__/start_pose_saver.cpython-310.pyc
/home/flynn/webots_ros2_ws/install/nav2_bt_hw/lib/python3.10/site-packages/nav2_bt_hw/__pycache__/return_to_start.cpython-310.pyc
/home/flynn/webots_ros2_ws/install/nav2_bt_hw/share/ament_index/resource_index/packages/nav2_bt_hw
/home/flynn/webots_ros2_ws/install/nav2_bt_hw/share/nav2_bt_hw/package.xml
/home/flynn/webots_ros2_ws/install/nav2_bt_hw/lib/python3.10/site-packages/nav2_bt_hw-0.0.0-py3.10.egg-info/requires.txt
/home/flynn/webots_ros2_ws/install/nav2_bt_hw/lib/python3.10/site-packages/nav2_bt_hw-0.0.0-py3.10.egg-info/dependency_links.txt
/home/flynn/webots_ros2_ws/install/nav2_bt_hw/lib/python3.10/site-packages/nav2_bt_hw-0.0.0-py3.10.egg-info/entry_points.txt
/home/flynn/webots_ros2_ws/install/nav2_bt_hw/lib/python3.10/site-packages/nav2_bt_hw-0.0.0-py3.10.egg-info/PKG-INFO
/home/flynn/webots_ros2_ws/install/nav2_bt_hw/lib/python3.10/site-packages/nav2_bt_hw-0.0.0-py3.10.egg-info/top_level.txt
/home/flynn/webots_ros2_ws/install/nav2_bt_hw/lib/python3.10/site-packages/nav2_bt_hw-0.0.0-py3.10.egg-info/zip-safe
/home/flynn/webots_ros2_ws/install/nav2_bt_hw/lib/python3.10/site-packages/nav2_bt_hw-0.0.0-py3.10.egg-info/SOURCES.txt
/home/flynn/webots_ros2_ws/install/nav2_bt_hw/lib/nav2_bt_hw/bt_sequence_node
