[0.019s] Invoking command in '/home/flynn/webots_ros2_ws/build/webots_ros2_control': CMAKE_PREFIX_PATH=/home/flynn/webots_ros2_ws/install/webots_ros2_driver:/home/flynn/webots_ros2_ws/install/webots_ros2_msgs:/home/flynn/webots_ros2_ws/install/webots_ros2_control:/home/flynn/webots_ros2_ws/install/webots_ros2:/home/flynn/webots_ros2_ws/install/webots_ros2_turtlebot:/home/flynn/webots_ros2_ws/install/webots_ros2_tests:/home/flynn/webots_ros2_ws/install/turtlebot3_camera_service:/opt/ros/humble:/home/flynn/webots_ros2_ws/install/turtlebot3_camera_service_interfaces LD_LIBRARY_PATH=/home/flynn/webots_ros2_ws/install/webots_ros2_driver/lib:/home/flynn/webots_ros2_ws/install/webots_ros2_msgs/lib:/home/flynn/webots_ros2_ws/install/webots_ros2_control/lib:/home/flynn/webots_ros2_ws/install/turtlebot3_camera_service_interfaces/lib:/opt/ros/humble/opt/rviz_ogre_vendor/lib:/opt/ros/humble/lib/x86_64-linux-gnu:/opt/ros/humble/lib /usr/bin/cmake /home/flynn/webots_ros2_ws/src/webots_ros2/webots_ros2_control -DAMENT_CMAKE_SYMLINK_INSTALL=1 -DCMAKE_INSTALL_PREFIX=/home/flynn/webots_ros2_ws/install/webots_ros2_control
[0.099s] -- The C compiler identification is GNU 11.4.0
[0.170s] -- The CXX compiler identification is GNU 11.4.0
[0.181s] -- Detecting C compiler ABI info
[0.271s] -- Detecting C compiler ABI info - done
[0.281s] -- Check for working C compiler: /usr/bin/cc - skipped
[0.281s] -- Detecting C compile features
[0.281s] -- Detecting C compile features - done
[0.286s] -- Detecting CXX compiler ABI info
[0.388s] -- Detecting CXX compiler ABI info - done
[0.398s] -- Check for working CXX compiler: /usr/bin/c++ - skipped
[0.398s] -- Detecting CXX compile features
[0.399s] -- Detecting CXX compile features - done
[0.402s] -- Found ament_cmake: 1.3.12 (/opt/ros/humble/share/ament_cmake/cmake)
[0.597s] -- Found Python3: /usr/bin/python3 (found version "3.10.12") found components: Interpreter 
[0.678s] -- Override CMake install command with custom implementation using symlinks instead of copying resources
[0.709s] -- Found hardware_interface: 2.52.0 (/opt/ros/humble/share/hardware_interface/cmake)
[0.756s] -- Found rosidl_generator_c: 3.1.7 (/opt/ros/humble/share/rosidl_generator_c/cmake)
[0.763s] -- Found rosidl_adapter: 3.1.7 (/opt/ros/humble/share/rosidl_adapter/cmake)
[0.776s] -- Found rosidl_generator_cpp: 3.1.7 (/opt/ros/humble/share/rosidl_generator_cpp/cmake)
[0.792s] -- Using all available rosidl_typesupport_c: rosidl_typesupport_fastrtps_c;rosidl_typesupport_introspection_c
[0.815s] -- Using all available rosidl_typesupport_cpp: rosidl_typesupport_fastrtps_cpp;rosidl_typesupport_introspection_cpp
[1.080s] -- Found rmw_implementation_cmake: 6.1.2 (/opt/ros/humble/share/rmw_implementation_cmake/cmake)
[1.084s] -- Found rmw_fastrtps_cpp: 6.2.9 (/opt/ros/humble/share/rmw_fastrtps_cpp/cmake)
[1.113s] -- Found TinyXML2 via Config file: TinyXML2_DIR-NOTFOUND
[1.187s] -- Found OpenSSL: /usr/lib/x86_64-linux-gnu/libcrypto.so (found version "3.0.2")  
[1.191s] -- Found TinyXML2 via Config file: TinyXML2_DIR-NOTFOUND
[1.214s] -- Found FastRTPS: /opt/ros/humble/include  
[1.218s] -- Found TinyXML2 via Config file: TinyXML2_DIR-NOTFOUND
[1.230s] -- Found TinyXML2 via Config file: TinyXML2_DIR-NOTFOUND
[1.244s] -- Using RMW implementation 'rmw_fastrtps_cpp' as default
[1.255s] -- Looking for pthread.h
[1.349s] -- Looking for pthread.h - found
[1.349s] -- Performing Test CMAKE_HAVE_LIBC_PTHREAD
[1.446s] -- Performing Test CMAKE_HAVE_LIBC_PTHREAD - Success
[1.448s] -- Found Threads: TRUE  
[1.507s] -- Found controller_manager: 2.52.0 (/opt/ros/humble/share/controller_manager/cmake)
[1.549s] -- Found webots_ros2_driver: 2025.0.1 (/home/flynn/webots_ros2_ws/install/webots_ros2_driver/share/webots_ros2_driver/cmake)
[1.575s] -- Found eigen3_cmake_module: 0.1.1 (/opt/ros/humble/share/eigen3_cmake_module/cmake)
[1.577s] -- Found Eigen3: TRUE (found version "3.4.0") 
[1.577s] -- Ensuring Eigen3 include directory is part of orocos-kdl CMake target
[1.805s] -- Configuring done
[1.860s] -- Generating done
[1.871s] -- Build files have been written to: /home/flynn/webots_ros2_ws/build/webots_ros2_control
[1.887s] Invoked command in '/home/flynn/webots_ros2_ws/build/webots_ros2_control' returned '0': CMAKE_PREFIX_PATH=/home/flynn/webots_ros2_ws/install/webots_ros2_driver:/home/flynn/webots_ros2_ws/install/webots_ros2_msgs:/home/flynn/webots_ros2_ws/install/webots_ros2_control:/home/flynn/webots_ros2_ws/install/webots_ros2:/home/flynn/webots_ros2_ws/install/webots_ros2_turtlebot:/home/flynn/webots_ros2_ws/install/webots_ros2_tests:/home/flynn/webots_ros2_ws/install/turtlebot3_camera_service:/opt/ros/humble:/home/flynn/webots_ros2_ws/install/turtlebot3_camera_service_interfaces LD_LIBRARY_PATH=/home/flynn/webots_ros2_ws/install/webots_ros2_driver/lib:/home/flynn/webots_ros2_ws/install/webots_ros2_msgs/lib:/home/flynn/webots_ros2_ws/install/webots_ros2_control/lib:/home/flynn/webots_ros2_ws/install/turtlebot3_camera_service_interfaces/lib:/opt/ros/humble/opt/rviz_ogre_vendor/lib:/opt/ros/humble/lib/x86_64-linux-gnu:/opt/ros/humble/lib /usr/bin/cmake /home/flynn/webots_ros2_ws/src/webots_ros2/webots_ros2_control -DAMENT_CMAKE_SYMLINK_INSTALL=1 -DCMAKE_INSTALL_PREFIX=/home/flynn/webots_ros2_ws/install/webots_ros2_control
[1.890s] Invoking command in '/home/flynn/webots_ros2_ws/build/webots_ros2_control': CMAKE_PREFIX_PATH=/home/flynn/webots_ros2_ws/install/webots_ros2_driver:/home/flynn/webots_ros2_ws/install/webots_ros2_msgs:/home/flynn/webots_ros2_ws/install/webots_ros2_control:/home/flynn/webots_ros2_ws/install/webots_ros2:/home/flynn/webots_ros2_ws/install/webots_ros2_turtlebot:/home/flynn/webots_ros2_ws/install/webots_ros2_tests:/home/flynn/webots_ros2_ws/install/turtlebot3_camera_service:/opt/ros/humble:/home/flynn/webots_ros2_ws/install/turtlebot3_camera_service_interfaces LD_LIBRARY_PATH=/home/flynn/webots_ros2_ws/install/webots_ros2_driver/lib:/home/flynn/webots_ros2_ws/install/webots_ros2_msgs/lib:/home/flynn/webots_ros2_ws/install/webots_ros2_control/lib:/home/flynn/webots_ros2_ws/install/turtlebot3_camera_service_interfaces/lib:/opt/ros/humble/opt/rviz_ogre_vendor/lib:/opt/ros/humble/lib/x86_64-linux-gnu:/opt/ros/humble/lib /usr/bin/cmake --build /home/flynn/webots_ros2_ws/build/webots_ros2_control -- -j24 -l24
[1.954s] [ 25%] [32mBuilding CXX object CMakeFiles/webots_ros2_control.dir/src/Ros2Control.cpp.o[0m
[1.955s] [ 50%] [32mBuilding CXX object CMakeFiles/webots_ros2_control_system.dir/src/Ros2ControlSystem.cpp.o[0m
[6.687s] [ 75%] [32m[1mLinking CXX shared library libwebots_ros2_control_system.so[0m
[6.932s] [ 75%] Built target webots_ros2_control_system
[9.165s] [100%] [32m[1mLinking CXX shared library libwebots_ros2_control.so[0m
[9.594s] [100%] Built target webots_ros2_control
[9.607s] Invoked command in '/home/flynn/webots_ros2_ws/build/webots_ros2_control' returned '0': CMAKE_PREFIX_PATH=/home/flynn/webots_ros2_ws/install/webots_ros2_driver:/home/flynn/webots_ros2_ws/install/webots_ros2_msgs:/home/flynn/webots_ros2_ws/install/webots_ros2_control:/home/flynn/webots_ros2_ws/install/webots_ros2:/home/flynn/webots_ros2_ws/install/webots_ros2_turtlebot:/home/flynn/webots_ros2_ws/install/webots_ros2_tests:/home/flynn/webots_ros2_ws/install/turtlebot3_camera_service:/opt/ros/humble:/home/flynn/webots_ros2_ws/install/turtlebot3_camera_service_interfaces LD_LIBRARY_PATH=/home/flynn/webots_ros2_ws/install/webots_ros2_driver/lib:/home/flynn/webots_ros2_ws/install/webots_ros2_msgs/lib:/home/flynn/webots_ros2_ws/install/webots_ros2_control/lib:/home/flynn/webots_ros2_ws/install/turtlebot3_camera_service_interfaces/lib:/opt/ros/humble/opt/rviz_ogre_vendor/lib:/opt/ros/humble/lib/x86_64-linux-gnu:/opt/ros/humble/lib /usr/bin/cmake --build /home/flynn/webots_ros2_ws/build/webots_ros2_control -- -j24 -l24
[9.609s] Invoking command in '/home/flynn/webots_ros2_ws/build/webots_ros2_control': CMAKE_PREFIX_PATH=/home/flynn/webots_ros2_ws/install/webots_ros2_driver:/home/flynn/webots_ros2_ws/install/webots_ros2_msgs:/home/flynn/webots_ros2_ws/install/webots_ros2_control:/home/flynn/webots_ros2_ws/install/webots_ros2:/home/flynn/webots_ros2_ws/install/webots_ros2_turtlebot:/home/flynn/webots_ros2_ws/install/webots_ros2_tests:/home/flynn/webots_ros2_ws/install/turtlebot3_camera_service:/opt/ros/humble:/home/flynn/webots_ros2_ws/install/turtlebot3_camera_service_interfaces LD_LIBRARY_PATH=/home/flynn/webots_ros2_ws/install/webots_ros2_driver/lib:/home/flynn/webots_ros2_ws/install/webots_ros2_msgs/lib:/home/flynn/webots_ros2_ws/install/webots_ros2_control/lib:/home/flynn/webots_ros2_ws/install/turtlebot3_camera_service_interfaces/lib:/opt/ros/humble/opt/rviz_ogre_vendor/lib:/opt/ros/humble/lib/x86_64-linux-gnu:/opt/ros/humble/lib /usr/bin/cmake --install /home/flynn/webots_ros2_ws/build/webots_ros2_control
[9.617s] -- Install configuration: ""
[9.617s] -- Execute custom install script
[9.617s] -- Symlinking: /home/flynn/webots_ros2_ws/install/webots_ros2_control/share/webots_ros2_control//webots_ros2_control.xml
[9.630s] -- Symlinking: /home/flynn/webots_ros2_ws/install/webots_ros2_control/share/webots_ros2_control//webots_ros2_control_system.xml
[9.640s] -- Symlinking: /home/flynn/webots_ros2_ws/install/webots_ros2_control/lib/libwebots_ros2_control.so
[9.650s] -- Symlinking: /home/flynn/webots_ros2_ws/install/webots_ros2_control/lib/libwebots_ros2_control_system.so
[9.660s] -- Symlinking: /home/flynn/webots_ros2_ws/install/webots_ros2_control/include/webots_ros2_control/Ros2Control.hpp
[9.670s] -- Symlinking: /home/flynn/webots_ros2_ws/install/webots_ros2_control/include/webots_ros2_control/Ros2ControlSystem.hpp
[9.680s] -- Symlinking: /home/flynn/webots_ros2_ws/install/webots_ros2_control/include/webots_ros2_control/Ros2ControlSystemInterface.hpp
[9.690s] -- Symlinking: /home/flynn/webots_ros2_ws/install/webots_ros2_control/share/webots_ros2_control/environment/library_path.sh
[9.701s] -- Symlinking: /home/flynn/webots_ros2_ws/install/webots_ros2_control/share/webots_ros2_control/environment/library_path.dsv
[9.710s] -- Symlinking: /home/flynn/webots_ros2_ws/install/webots_ros2_control/share/ament_index/resource_index/package_run_dependencies/webots_ros2_control
[9.720s] -- Symlinking: /home/flynn/webots_ros2_ws/install/webots_ros2_control/share/ament_index/resource_index/parent_prefix_path/webots_ros2_control
[9.730s] -- Symlinking: /home/flynn/webots_ros2_ws/install/webots_ros2_control/share/webots_ros2_control/environment/ament_prefix_path.sh
[9.740s] -- Symlinking: /home/flynn/webots_ros2_ws/install/webots_ros2_control/share/webots_ros2_control/environment/ament_prefix_path.dsv
[9.750s] -- Symlinking: /home/flynn/webots_ros2_ws/install/webots_ros2_control/share/webots_ros2_control/environment/path.sh
[9.759s] -- Symlinking: /home/flynn/webots_ros2_ws/install/webots_ros2_control/share/webots_ros2_control/environment/path.dsv
[9.769s] -- Symlinking: /home/flynn/webots_ros2_ws/install/webots_ros2_control/share/webots_ros2_control/local_setup.bash
[9.779s] -- Symlinking: /home/flynn/webots_ros2_ws/install/webots_ros2_control/share/webots_ros2_control/local_setup.sh
[9.788s] -- Symlinking: /home/flynn/webots_ros2_ws/install/webots_ros2_control/share/webots_ros2_control/local_setup.zsh
[9.798s] -- Symlinking: /home/flynn/webots_ros2_ws/install/webots_ros2_control/share/webots_ros2_control/local_setup.dsv
[9.808s] -- Symlinking: /home/flynn/webots_ros2_ws/install/webots_ros2_control/share/webots_ros2_control/package.dsv
[9.820s] -- Symlinking: /home/flynn/webots_ros2_ws/install/webots_ros2_control/share/ament_index/resource_index/packages/webots_ros2_control
[9.830s] -- Symlinking: /home/flynn/webots_ros2_ws/install/webots_ros2_control/share/ament_index/resource_index/webots_ros2_driver__pluginlib__plugin/webots_ros2_control
[9.839s] -- Symlinking: /home/flynn/webots_ros2_ws/install/webots_ros2_control/share/ament_index/resource_index/webots_ros2_control__pluginlib__plugin/webots_ros2_control
[9.849s] -- Symlinking: /home/flynn/webots_ros2_ws/install/webots_ros2_control/share/webots_ros2_control/cmake/ament_cmake_export_include_directories-extras.cmake
[9.858s] -- Symlinking: /home/flynn/webots_ros2_ws/install/webots_ros2_control/share/webots_ros2_control/cmake/ament_cmake_export_dependencies-extras.cmake
[9.869s] -- Symlinking: /home/flynn/webots_ros2_ws/install/webots_ros2_control/share/webots_ros2_control/cmake/ament_cmake_export_libraries-extras.cmake
[9.879s] -- Symlinking: /home/flynn/webots_ros2_ws/install/webots_ros2_control/share/webots_ros2_control/cmake/webots_ros2_controlConfig.cmake
[9.890s] -- Symlinking: /home/flynn/webots_ros2_ws/install/webots_ros2_control/share/webots_ros2_control/cmake/webots_ros2_controlConfig-version.cmake
[9.900s] -- Symlinking: /home/flynn/webots_ros2_ws/install/webots_ros2_control/share/webots_ros2_control/package.xml
[9.914s] Invoked command in '/home/flynn/webots_ros2_ws/build/webots_ros2_control' returned '0': CMAKE_PREFIX_PATH=/home/flynn/webots_ros2_ws/install/webots_ros2_driver:/home/flynn/webots_ros2_ws/install/webots_ros2_msgs:/home/flynn/webots_ros2_ws/install/webots_ros2_control:/home/flynn/webots_ros2_ws/install/webots_ros2:/home/flynn/webots_ros2_ws/install/webots_ros2_turtlebot:/home/flynn/webots_ros2_ws/install/webots_ros2_tests:/home/flynn/webots_ros2_ws/install/turtlebot3_camera_service:/opt/ros/humble:/home/flynn/webots_ros2_ws/install/turtlebot3_camera_service_interfaces LD_LIBRARY_PATH=/home/flynn/webots_ros2_ws/install/webots_ros2_driver/lib:/home/flynn/webots_ros2_ws/install/webots_ros2_msgs/lib:/home/flynn/webots_ros2_ws/install/webots_ros2_control/lib:/home/flynn/webots_ros2_ws/install/turtlebot3_camera_service_interfaces/lib:/opt/ros/humble/opt/rviz_ogre_vendor/lib:/opt/ros/humble/lib/x86_64-linux-gnu:/opt/ros/humble/lib /usr/bin/cmake --install /home/flynn/webots_ros2_ws/build/webots_ros2_control
