[0.016s] Invoking command in '/home/flynn/webots_ros2_ws/build/webots_ros2_control': AMENT_PREFIX_PATH=/home/flynn/webots_ros2_ws/install/webots_ros2_driver:/home/flynn/webots_ros2_ws/install/webots_ros2_msgs:${AMENT_PREFIX_PATH} CMAKE_PREFIX_PATH=/home/flynn/webots_ros2_ws/install/webots_ros2_driver:/home/flynn/webots_ros2_ws/install/webots_ros2_msgs:/opt/ros/humble LD_LIBRARY_PATH=/home/flynn/webots_ros2_ws/install/webots_ros2_driver/lib:/home/flynn/webots_ros2_ws/install/webots_ros2_msgs/lib:${LD_LIBRARY_PATH} PYTHONPATH=/home/flynn/webots_ros2_ws/install/webots_ros2_driver/local/lib/python3.10/dist-packages:/home/flynn/webots_ros2_ws/install/webots_ros2_msgs/local/lib/python3.10/dist-packages:${PYTHONPATH} /usr/bin/cmake /home/flynn/webots_ros2_ws/src/webots_ros2/webots_ros2_control -DCMAKE_INSTALL_PREFIX=/home/flynn/webots_ros2_ws/install/webots_ros2_control
[0.032s] -- Found ament_cmake: 1.3.12 (/opt/ros/humble/share/ament_cmake/cmake)
[0.183s] -- Override CMake install command with custom implementation using symlinks instead of copying resources
[0.191s] -- Found hardware_interface: 2.52.0 (/opt/ros/humble/share/hardware_interface/cmake)
[0.222s] -- Found rosidl_generator_c: 3.1.7 (/opt/ros/humble/share/rosidl_generator_c/cmake)
[0.225s] -- Found rosidl_adapter: 3.1.7 (/opt/ros/humble/share/rosidl_adapter/cmake)
[0.231s] -- Found rosidl_generator_cpp: 3.1.7 (/opt/ros/humble/share/rosidl_generator_cpp/cmake)
[0.243s] -- Using all available rosidl_typesupport_c: rosidl_typesupport_fastrtps_c;rosidl_typesupport_introspection_c
[0.259s] -- Using all available rosidl_typesupport_cpp: rosidl_typesupport_fastrtps_cpp;rosidl_typesupport_introspection_cpp
[0.491s] -- Found rmw_implementation_cmake: 6.1.2 (/opt/ros/humble/share/rmw_implementation_cmake/cmake)
[0.493s] -- Found rmw_fastrtps_cpp: 6.2.9 (/opt/ros/humble/share/rmw_fastrtps_cpp/cmake)
[0.518s] -- Found TinyXML2 via Config file: TinyXML2_DIR-NOTFOUND
[0.531s] -- Found TinyXML2 via Config file: TinyXML2_DIR-NOTFOUND
[0.554s] -- Found TinyXML2 via Config file: TinyXML2_DIR-NOTFOUND
[0.567s] -- Found TinyXML2 via Config file: TinyXML2_DIR-NOTFOUND
[0.582s] -- Using RMW implementation 'rmw_fastrtps_cpp' as default
[0.644s] -- Found controller_manager: 2.52.0 (/opt/ros/humble/share/controller_manager/cmake)
[0.691s] -- Found webots_ros2_driver: 2025.0.1 (/home/flynn/webots_ros2_ws/install/webots_ros2_driver/share/webots_ros2_driver/cmake)
[0.699s] -- Found eigen3_cmake_module: 0.1.1 (/opt/ros/humble/share/eigen3_cmake_module/cmake)
[0.701s] -- Ensuring Eigen3 include directory is part of orocos-kdl CMake target
[0.900s] -- Configuring done
[0.993s] -- Generating done
[1.005s] -- Build files have been written to: /home/flynn/webots_ros2_ws/build/webots_ros2_control
[1.017s] Invoked command in '/home/flynn/webots_ros2_ws/build/webots_ros2_control' returned '0': AMENT_PREFIX_PATH=/home/flynn/webots_ros2_ws/install/webots_ros2_driver:/home/flynn/webots_ros2_ws/install/webots_ros2_msgs:${AMENT_PREFIX_PATH} CMAKE_PREFIX_PATH=/home/flynn/webots_ros2_ws/install/webots_ros2_driver:/home/flynn/webots_ros2_ws/install/webots_ros2_msgs:/opt/ros/humble LD_LIBRARY_PATH=/home/flynn/webots_ros2_ws/install/webots_ros2_driver/lib:/home/flynn/webots_ros2_ws/install/webots_ros2_msgs/lib:${LD_LIBRARY_PATH} PYTHONPATH=/home/flynn/webots_ros2_ws/install/webots_ros2_driver/local/lib/python3.10/dist-packages:/home/flynn/webots_ros2_ws/install/webots_ros2_msgs/local/lib/python3.10/dist-packages:${PYTHONPATH} /usr/bin/cmake /home/flynn/webots_ros2_ws/src/webots_ros2/webots_ros2_control -DCMAKE_INSTALL_PREFIX=/home/flynn/webots_ros2_ws/install/webots_ros2_control
[1.021s] Invoking command in '/home/flynn/webots_ros2_ws/build/webots_ros2_control': AMENT_PREFIX_PATH=/home/flynn/webots_ros2_ws/install/webots_ros2_driver:/home/flynn/webots_ros2_ws/install/webots_ros2_msgs:${AMENT_PREFIX_PATH} CMAKE_PREFIX_PATH=/home/flynn/webots_ros2_ws/install/webots_ros2_driver:/home/flynn/webots_ros2_ws/install/webots_ros2_msgs:/opt/ros/humble LD_LIBRARY_PATH=/home/flynn/webots_ros2_ws/install/webots_ros2_driver/lib:/home/flynn/webots_ros2_ws/install/webots_ros2_msgs/lib:${LD_LIBRARY_PATH} PYTHONPATH=/home/flynn/webots_ros2_ws/install/webots_ros2_driver/local/lib/python3.10/dist-packages:/home/flynn/webots_ros2_ws/install/webots_ros2_msgs/local/lib/python3.10/dist-packages:${PYTHONPATH} /usr/bin/cmake --build /home/flynn/webots_ros2_ws/build/webots_ros2_control -- -j24 -l24
[1.085s] [35m[1mConsolidate compiler generated dependencies of target webots_ros2_control_system[0m
[1.085s] [35m[1mConsolidate compiler generated dependencies of target webots_ros2_control[0m
[1.109s] [ 25%] [32m[1mLinking CXX shared library libwebots_ros2_control_system.so[0m
[1.111s] [ 50%] [32m[1mLinking CXX shared library libwebots_ros2_control.so[0m
[1.378s] [ 75%] Built target webots_ros2_control_system
[1.617s] [100%] Built target webots_ros2_control
[1.632s] Invoked command in '/home/flynn/webots_ros2_ws/build/webots_ros2_control' returned '0': AMENT_PREFIX_PATH=/home/flynn/webots_ros2_ws/install/webots_ros2_driver:/home/flynn/webots_ros2_ws/install/webots_ros2_msgs:${AMENT_PREFIX_PATH} CMAKE_PREFIX_PATH=/home/flynn/webots_ros2_ws/install/webots_ros2_driver:/home/flynn/webots_ros2_ws/install/webots_ros2_msgs:/opt/ros/humble LD_LIBRARY_PATH=/home/flynn/webots_ros2_ws/install/webots_ros2_driver/lib:/home/flynn/webots_ros2_ws/install/webots_ros2_msgs/lib:${LD_LIBRARY_PATH} PYTHONPATH=/home/flynn/webots_ros2_ws/install/webots_ros2_driver/local/lib/python3.10/dist-packages:/home/flynn/webots_ros2_ws/install/webots_ros2_msgs/local/lib/python3.10/dist-packages:${PYTHONPATH} /usr/bin/cmake --build /home/flynn/webots_ros2_ws/build/webots_ros2_control -- -j24 -l24
[1.634s] Invoking command in '/home/flynn/webots_ros2_ws/build/webots_ros2_control': AMENT_PREFIX_PATH=/home/flynn/webots_ros2_ws/install/webots_ros2_driver:/home/flynn/webots_ros2_ws/install/webots_ros2_msgs:${AMENT_PREFIX_PATH} CMAKE_PREFIX_PATH=/home/flynn/webots_ros2_ws/install/webots_ros2_driver:/home/flynn/webots_ros2_ws/install/webots_ros2_msgs:/opt/ros/humble LD_LIBRARY_PATH=/home/flynn/webots_ros2_ws/install/webots_ros2_driver/lib:/home/flynn/webots_ros2_ws/install/webots_ros2_msgs/lib:${LD_LIBRARY_PATH} PYTHONPATH=/home/flynn/webots_ros2_ws/install/webots_ros2_driver/local/lib/python3.10/dist-packages:/home/flynn/webots_ros2_ws/install/webots_ros2_msgs/local/lib/python3.10/dist-packages:${PYTHONPATH} /usr/bin/cmake --install /home/flynn/webots_ros2_ws/build/webots_ros2_control
[1.644s] -- Install configuration: ""
[1.644s] -- Execute custom install script
[1.645s] -- Up-to-date symlink: /home/flynn/webots_ros2_ws/install/webots_ros2_control/share/webots_ros2_control//webots_ros2_control.xml
[1.645s] -- Up-to-date symlink: /home/flynn/webots_ros2_ws/install/webots_ros2_control/share/webots_ros2_control//webots_ros2_control_system.xml
[1.646s] -- Up-to-date symlink: /home/flynn/webots_ros2_ws/install/webots_ros2_control/lib/libwebots_ros2_control.so
[1.646s] -- Up-to-date symlink: /home/flynn/webots_ros2_ws/install/webots_ros2_control/lib/libwebots_ros2_control_system.so
[1.647s] -- Up-to-date symlink: /home/flynn/webots_ros2_ws/install/webots_ros2_control/include/webots_ros2_control/Ros2Control.hpp
[1.647s] -- Up-to-date symlink: /home/flynn/webots_ros2_ws/install/webots_ros2_control/include/webots_ros2_control/Ros2ControlSystem.hpp
[1.648s] -- Up-to-date symlink: /home/flynn/webots_ros2_ws/install/webots_ros2_control/include/webots_ros2_control/Ros2ControlSystemInterface.hpp
[1.648s] -- Up-to-date symlink: /home/flynn/webots_ros2_ws/install/webots_ros2_control/share/webots_ros2_control/environment/library_path.sh
[1.648s] -- Up-to-date symlink: /home/flynn/webots_ros2_ws/install/webots_ros2_control/share/webots_ros2_control/environment/library_path.dsv
[1.648s] -- Up-to-date symlink: /home/flynn/webots_ros2_ws/install/webots_ros2_control/share/ament_index/resource_index/package_run_dependencies/webots_ros2_control
[1.649s] -- Up-to-date symlink: /home/flynn/webots_ros2_ws/install/webots_ros2_control/share/ament_index/resource_index/parent_prefix_path/webots_ros2_control
[1.649s] -- Up-to-date symlink: /home/flynn/webots_ros2_ws/install/webots_ros2_control/share/webots_ros2_control/environment/ament_prefix_path.sh
[1.649s] -- Up-to-date symlink: /home/flynn/webots_ros2_ws/install/webots_ros2_control/share/webots_ros2_control/environment/ament_prefix_path.dsv
[1.650s] -- Up-to-date symlink: /home/flynn/webots_ros2_ws/install/webots_ros2_control/share/webots_ros2_control/environment/path.sh
[1.650s] -- Up-to-date symlink: /home/flynn/webots_ros2_ws/install/webots_ros2_control/share/webots_ros2_control/environment/path.dsv
[1.650s] -- Up-to-date symlink: /home/flynn/webots_ros2_ws/install/webots_ros2_control/share/webots_ros2_control/local_setup.bash
[1.651s] -- Up-to-date symlink: /home/flynn/webots_ros2_ws/install/webots_ros2_control/share/webots_ros2_control/local_setup.sh
[1.651s] -- Up-to-date symlink: /home/flynn/webots_ros2_ws/install/webots_ros2_control/share/webots_ros2_control/local_setup.zsh
[1.651s] -- Up-to-date symlink: /home/flynn/webots_ros2_ws/install/webots_ros2_control/share/webots_ros2_control/local_setup.dsv
[1.651s] -- Symlinking: /home/flynn/webots_ros2_ws/install/webots_ros2_control/share/webots_ros2_control/package.dsv
[1.666s] -- Up-to-date symlink: /home/flynn/webots_ros2_ws/install/webots_ros2_control/share/ament_index/resource_index/packages/webots_ros2_control
[1.666s] -- Up-to-date symlink: /home/flynn/webots_ros2_ws/install/webots_ros2_control/share/ament_index/resource_index/webots_ros2_driver__pluginlib__plugin/webots_ros2_control
[1.667s] -- Up-to-date symlink: /home/flynn/webots_ros2_ws/install/webots_ros2_control/share/ament_index/resource_index/webots_ros2_control__pluginlib__plugin/webots_ros2_control
[1.668s] -- Up-to-date symlink: /home/flynn/webots_ros2_ws/install/webots_ros2_control/share/webots_ros2_control/cmake/ament_cmake_export_include_directories-extras.cmake
[1.669s] -- Up-to-date symlink: /home/flynn/webots_ros2_ws/install/webots_ros2_control/share/webots_ros2_control/cmake/ament_cmake_export_dependencies-extras.cmake
[1.669s] -- Up-to-date symlink: /home/flynn/webots_ros2_ws/install/webots_ros2_control/share/webots_ros2_control/cmake/ament_cmake_export_libraries-extras.cmake
[1.670s] -- Up-to-date symlink: /home/flynn/webots_ros2_ws/install/webots_ros2_control/share/webots_ros2_control/cmake/webots_ros2_controlConfig.cmake
[1.670s] -- Up-to-date symlink: /home/flynn/webots_ros2_ws/install/webots_ros2_control/share/webots_ros2_control/cmake/webots_ros2_controlConfig-version.cmake
[1.670s] -- Up-to-date symlink: /home/flynn/webots_ros2_ws/install/webots_ros2_control/share/webots_ros2_control/package.xml
[1.674s] Invoked command in '/home/flynn/webots_ros2_ws/build/webots_ros2_control' returned '0': AMENT_PREFIX_PATH=/home/flynn/webots_ros2_ws/install/webots_ros2_driver:/home/flynn/webots_ros2_ws/install/webots_ros2_msgs:${AMENT_PREFIX_PATH} CMAKE_PREFIX_PATH=/home/flynn/webots_ros2_ws/install/webots_ros2_driver:/home/flynn/webots_ros2_ws/install/webots_ros2_msgs:/opt/ros/humble LD_LIBRARY_PATH=/home/flynn/webots_ros2_ws/install/webots_ros2_driver/lib:/home/flynn/webots_ros2_ws/install/webots_ros2_msgs/lib:${LD_LIBRARY_PATH} PYTHONPATH=/home/flynn/webots_ros2_ws/install/webots_ros2_driver/local/lib/python3.10/dist-packages:/home/flynn/webots_ros2_ws/install/webots_ros2_msgs/local/lib/python3.10/dist-packages:${PYTHONPATH} /usr/bin/cmake --install /home/flynn/webots_ros2_ws/build/webots_ros2_control
