[0.760s] Invoking command in '/home/flynn/webots_ros2_ws/build/webots_ros2': AMENT_PREFIX_PATH=/home/flynn/webots_ros2_ws/install/webots_ros2_tests:/home/flynn/webots_ros2_ws/install/webots_ros2_turtlebot:/home/flynn/webots_ros2_ws/install/webots_ros2:/home/flynn/webots_ros2_ws/install/webots_ros2_control:/home/flynn/webots_ros2_ws/install/webots_ros2_driver:/home/flynn/webots_ros2_ws/install/webots_ros2_msgs:/home/flynn/webots_ros2_ws/install/turtlebot3_camera_service:/opt/ros/humble PYTHONPATH=/home/flynn/webots_ros2_ws/build/webots_ros2/prefix_override:/usr/lib/python3/dist-packages/colcon_core/task/python/colcon_distutils_commands:/home/flynn/webots_ros2_ws/install/webots_ros2/lib/python3.10/site-packages:/home/flynn/webots_ros2_ws/build/webots_ros2_tests:/home/flynn/webots_ros2_ws/install/webots_ros2_tests/lib/python3.10/site-packages:/home/flynn/webots_ros2_ws/build/webots_ros2_turtlebot:/home/flynn/webots_ros2_ws/install/webots_ros2_turtlebot/lib/python3.10/site-packages:/home/flynn/webots_ros2_ws/build/webots_ros2:/home/flynn/webots_ros2_ws/install/webots_ros2/lib/python3.10/site-packages:/home/flynn/webots_ros2_ws/install/webots_ros2_driver/local/lib/python3.10/dist-packages:/home/flynn/webots_ros2_ws/install/webots_ros2_msgs/local/lib/python3.10/dist-packages:/home/flynn/webots_ros2_ws/build/turtlebot3_camera_service:/home/flynn/webots_ros2_ws/install/turtlebot3_camera_service/lib/python3.10/site-packages:/home/flynn/webots_ros2_ws/install/turtlebot3_camera_service_interfaces/local/lib/python3.10/dist-packages:/opt/ros/humble/lib/python3.10/site-packages:/opt/ros/humble/local/lib/python3.10/dist-packages /usr/bin/python3 -W ignore:setup.py install is deprecated -W ignore:easy_install command is deprecated setup.py develop --editable --build-directory /home/flynn/webots_ros2_ws/build/webots_ros2/build --no-deps symlink_data
[1.046s] running develop
[1.226s] running egg_info
[1.226s] creating webots_ros2.egg-info
[1.226s] writing webots_ros2.egg-info/PKG-INFO
[1.226s] writing dependency_links to webots_ros2.egg-info/dependency_links.txt
[1.226s] writing requirements to webots_ros2.egg-info/requires.txt
[1.226s] writing top-level names to webots_ros2.egg-info/top_level.txt
[1.227s] writing manifest file 'webots_ros2.egg-info/SOURCES.txt'
[1.228s] reading manifest file 'webots_ros2.egg-info/SOURCES.txt'
[1.229s] writing manifest file 'webots_ros2.egg-info/SOURCES.txt'
[1.231s] running build_ext
[1.231s] Creating /home/flynn/webots_ros2_ws/install/webots_ros2/lib/python3.10/site-packages/webots-ros2.egg-link (link to .)
[1.232s] 
[1.232s] Installed /home/flynn/webots_ros2_ws/build/webots_ros2
[1.232s] running symlink_data
[1.232s] symbolically linking /home/flynn/webots_ros2_ws/build/webots_ros2/package.xml -> /home/flynn/webots_ros2_ws/install/webots_ros2/share/webots_ros2
[1.232s] creating /home/flynn/webots_ros2_ws/install/webots_ros2/share/ament_index
[1.232s] creating /home/flynn/webots_ros2_ws/install/webots_ros2/share/ament_index/resource_index
[1.232s] creating /home/flynn/webots_ros2_ws/install/webots_ros2/share/ament_index/resource_index/packages
[1.232s] symbolically linking /home/flynn/webots_ros2_ws/build/webots_ros2/resource/webots_ros2 -> /home/flynn/webots_ros2_ws/install/webots_ros2/share/ament_index/resource_index/packages
[1.260s] Invoked command in '/home/flynn/webots_ros2_ws/build/webots_ros2' returned '0': AMENT_PREFIX_PATH=/home/flynn/webots_ros2_ws/install/webots_ros2_tests:/home/flynn/webots_ros2_ws/install/webots_ros2_turtlebot:/home/flynn/webots_ros2_ws/install/webots_ros2:/home/flynn/webots_ros2_ws/install/webots_ros2_control:/home/flynn/webots_ros2_ws/install/webots_ros2_driver:/home/flynn/webots_ros2_ws/install/webots_ros2_msgs:/home/flynn/webots_ros2_ws/install/turtlebot3_camera_service:/opt/ros/humble PYTHONPATH=/home/flynn/webots_ros2_ws/build/webots_ros2/prefix_override:/usr/lib/python3/dist-packages/colcon_core/task/python/colcon_distutils_commands:/home/flynn/webots_ros2_ws/install/webots_ros2/lib/python3.10/site-packages:/home/flynn/webots_ros2_ws/build/webots_ros2_tests:/home/flynn/webots_ros2_ws/install/webots_ros2_tests/lib/python3.10/site-packages:/home/flynn/webots_ros2_ws/build/webots_ros2_turtlebot:/home/flynn/webots_ros2_ws/install/webots_ros2_turtlebot/lib/python3.10/site-packages:/home/flynn/webots_ros2_ws/build/webots_ros2:/home/flynn/webots_ros2_ws/install/webots_ros2/lib/python3.10/site-packages:/home/flynn/webots_ros2_ws/install/webots_ros2_driver/local/lib/python3.10/dist-packages:/home/flynn/webots_ros2_ws/install/webots_ros2_msgs/local/lib/python3.10/dist-packages:/home/flynn/webots_ros2_ws/build/turtlebot3_camera_service:/home/flynn/webots_ros2_ws/install/turtlebot3_camera_service/lib/python3.10/site-packages:/home/flynn/webots_ros2_ws/install/turtlebot3_camera_service_interfaces/local/lib/python3.10/dist-packages:/opt/ros/humble/lib/python3.10/site-packages:/opt/ros/humble/local/lib/python3.10/dist-packages /usr/bin/python3 -W ignore:setup.py install is deprecated -W ignore:easy_install command is deprecated setup.py develop --editable --build-directory /home/flynn/webots_ros2_ws/build/webots_ros2/build --no-deps symlink_data
