[0.013s] Invoking command in '/home/flynn/webots_ros2_ws/build/webots_ros2_msgs': CMAKE_PREFIX_PATH=/opt/ros/humble /usr/bin/cmake --build /home/flynn/webots_ros2_ws/build/webots_ros2_msgs -- -j24 -l24
[0.067s] [35m[1mConsolidate compiler generated dependencies of target webots_ros2_msgs__rosidl_generator_c[0m
[0.082s] [  0%] Built target webots_ros2_msgs__cpp
[0.087s] [  0%] Built target ament_cmake_python_symlink_webots_ros2_msgs
[0.088s] [ 12%] Built target webots_ros2_msgs__rosidl_generator_c
[0.101s] [35m[1mConsolidate compiler generated dependencies of target webots_ros2_msgs__rosidl_typesupport_cpp[0m
[0.104s] [35m[1mConsolidate compiler generated dependencies of target webots_ros2_msgs__rosidl_typesupport_introspection_cpp[0m
[0.105s] [35m[1mConsolidate compiler generated dependencies of target webots_ros2_msgs__rosidl_typesupport_fastrtps_cpp[0m
[0.110s] [35m[1mConsolidate compiler generated dependencies of target webots_ros2_msgs__rosidl_typesupport_fastrtps_c[0m
[0.112s] [35m[1mConsolidate compiler generated dependencies of target webots_ros2_msgs__rosidl_typesupport_introspection_c[0m
[0.113s] [35m[1mConsolidate compiler generated dependencies of target webots_ros2_msgs__rosidl_typesupport_c[0m
[0.132s] [ 24%] Built target webots_ros2_msgs__rosidl_typesupport_cpp
[0.135s] [ 36%] Built target webots_ros2_msgs__rosidl_typesupport_c
[0.141s] [ 52%] Built target webots_ros2_msgs__rosidl_typesupport_fastrtps_cpp
[0.141s] [ 59%] Built target webots_ros2_msgs__rosidl_typesupport_introspection_c
[0.141s] [ 71%] Built target webots_ros2_msgs__rosidl_typesupport_introspection_cpp
[0.143s] [ 83%] Built target webots_ros2_msgs__rosidl_typesupport_fastrtps_c
[0.176s] [ 83%] Built target webots_ros2_msgs
[0.205s] [ 84%] Built target webots_ros2_msgs__py
[0.224s] [35m[1mConsolidate compiler generated dependencies of target webots_ros2_msgs__rosidl_generator_py[0m
[0.256s] [ 95%] Built target webots_ros2_msgs__rosidl_generator_py
[0.271s] [35m[1mConsolidate compiler generated dependencies of target webots_ros2_msgs__rosidl_typesupport_fastrtps_c__pyext[0m
[0.272s] [35m[1mConsolidate compiler generated dependencies of target webots_ros2_msgs__rosidl_typesupport_introspection_c__pyext[0m
[0.275s] [35m[1mConsolidate compiler generated dependencies of target webots_ros2_msgs__rosidl_typesupport_c__pyext[0m
[0.292s] [ 97%] Built target webots_ros2_msgs__rosidl_typesupport_fastrtps_c__pyext
[0.294s] [ 99%] Built target webots_ros2_msgs__rosidl_typesupport_introspection_c__pyext
[0.295s] [100%] Built target webots_ros2_msgs__rosidl_typesupport_c__pyext
[0.453s] running egg_info
[0.454s] writing webots_ros2_msgs.egg-info/PKG-INFO
[0.454s] writing dependency_links to webots_ros2_msgs.egg-info/dependency_links.txt
[0.455s] writing top-level names to webots_ros2_msgs.egg-info/top_level.txt
[0.457s] reading manifest file 'webots_ros2_msgs.egg-info/SOURCES.txt'
[0.458s] writing manifest file 'webots_ros2_msgs.egg-info/SOURCES.txt'
[0.493s] [100%] Built target ament_cmake_python_build_webots_ros2_msgs_egg
[0.510s] Invoked command in '/home/flynn/webots_ros2_ws/build/webots_ros2_msgs' returned '0': CMAKE_PREFIX_PATH=/opt/ros/humble /usr/bin/cmake --build /home/flynn/webots_ros2_ws/build/webots_ros2_msgs -- -j24 -l24
[0.522s] Invoking command in '/home/flynn/webots_ros2_ws/build/webots_ros2_msgs': CMAKE_PREFIX_PATH=/opt/ros/humble /usr/bin/cmake --install /home/flynn/webots_ros2_ws/build/webots_ros2_msgs
[0.531s] -- Install configuration: ""
[0.532s] -- Execute custom install script
[0.532s] -- Up-to-date symlink: /home/flynn/webots_ros2_ws/install/webots_ros2_msgs/share/ament_index/resource_index/rosidl_interfaces/webots_ros2_msgs
[0.533s] -- Up-to-date symlink: /home/flynn/webots_ros2_ws/install/webots_ros2_msgs/include/webots_ros2_msgs/webots_ros2_msgs/msg/bool_stamped.h
[0.534s] -- Up-to-date symlink: /home/flynn/webots_ros2_ws/install/webots_ros2_msgs/include/webots_ros2_msgs/webots_ros2_msgs/msg/camera_recognition_object.h
[0.534s] -- Up-to-date symlink: /home/flynn/webots_ros2_ws/install/webots_ros2_msgs/include/webots_ros2_msgs/webots_ros2_msgs/msg/camera_recognition_objects.h
[0.534s] -- Up-to-date symlink: /home/flynn/webots_ros2_ws/install/webots_ros2_msgs/include/webots_ros2_msgs/webots_ros2_msgs/msg/detail/bool_stamped__functions.h
[0.534s] -- Up-to-date symlink: /home/flynn/webots_ros2_ws/install/webots_ros2_msgs/include/webots_ros2_msgs/webots_ros2_msgs/msg/detail/bool_stamped__struct.h
[0.534s] -- Up-to-date symlink: /home/flynn/webots_ros2_ws/install/webots_ros2_msgs/include/webots_ros2_msgs/webots_ros2_msgs/msg/detail/bool_stamped__type_support.h
[0.534s] -- Up-to-date symlink: /home/flynn/webots_ros2_ws/install/webots_ros2_msgs/include/webots_ros2_msgs/webots_ros2_msgs/msg/detail/camera_recognition_object__functions.h
[0.534s] -- Up-to-date symlink: /home/flynn/webots_ros2_ws/install/webots_ros2_msgs/include/webots_ros2_msgs/webots_ros2_msgs/msg/detail/camera_recognition_object__struct.h
[0.534s] -- Up-to-date symlink: /home/flynn/webots_ros2_ws/install/webots_ros2_msgs/include/webots_ros2_msgs/webots_ros2_msgs/msg/detail/camera_recognition_object__type_support.h
[0.535s] -- Up-to-date symlink: /home/flynn/webots_ros2_ws/install/webots_ros2_msgs/include/webots_ros2_msgs/webots_ros2_msgs/msg/detail/camera_recognition_objects__functions.h
[0.535s] -- Up-to-date symlink: /home/flynn/webots_ros2_ws/install/webots_ros2_msgs/include/webots_ros2_msgs/webots_ros2_msgs/msg/detail/camera_recognition_objects__struct.h
[0.535s] -- Up-to-date symlink: /home/flynn/webots_ros2_ws/install/webots_ros2_msgs/include/webots_ros2_msgs/webots_ros2_msgs/msg/detail/camera_recognition_objects__type_support.h
[0.535s] -- Up-to-date symlink: /home/flynn/webots_ros2_ws/install/webots_ros2_msgs/include/webots_ros2_msgs/webots_ros2_msgs/msg/detail/float_stamped__functions.h
[0.535s] -- Up-to-date symlink: /home/flynn/webots_ros2_ws/install/webots_ros2_msgs/include/webots_ros2_msgs/webots_ros2_msgs/msg/detail/float_stamped__struct.h
[0.535s] -- Up-to-date symlink: /home/flynn/webots_ros2_ws/install/webots_ros2_msgs/include/webots_ros2_msgs/webots_ros2_msgs/msg/detail/float_stamped__type_support.h
[0.535s] -- Up-to-date symlink: /home/flynn/webots_ros2_ws/install/webots_ros2_msgs/include/webots_ros2_msgs/webots_ros2_msgs/msg/detail/pen_ink_properties__functions.h
[0.536s] -- Up-to-date symlink: /home/flynn/webots_ros2_ws/install/webots_ros2_msgs/include/webots_ros2_msgs/webots_ros2_msgs/msg/detail/pen_ink_properties__struct.h
[0.536s] -- Up-to-date symlink: /home/flynn/webots_ros2_ws/install/webots_ros2_msgs/include/webots_ros2_msgs/webots_ros2_msgs/msg/detail/pen_ink_properties__type_support.h
[0.536s] -- Up-to-date symlink: /home/flynn/webots_ros2_ws/install/webots_ros2_msgs/include/webots_ros2_msgs/webots_ros2_msgs/msg/detail/string_stamped__functions.h
[0.536s] -- Up-to-date symlink: /home/flynn/webots_ros2_ws/install/webots_ros2_msgs/include/webots_ros2_msgs/webots_ros2_msgs/msg/detail/string_stamped__struct.h
[0.537s] -- Up-to-date symlink: /home/flynn/webots_ros2_ws/install/webots_ros2_msgs/include/webots_ros2_msgs/webots_ros2_msgs/msg/detail/string_stamped__type_support.h
[0.537s] -- Up-to-date symlink: /home/flynn/webots_ros2_ws/install/webots_ros2_msgs/include/webots_ros2_msgs/webots_ros2_msgs/msg/detail/urdf_robot__functions.h
[0.537s] -- Up-to-date symlink: /home/flynn/webots_ros2_ws/install/webots_ros2_msgs/include/webots_ros2_msgs/webots_ros2_msgs/msg/detail/urdf_robot__struct.h
[0.537s] -- Up-to-date symlink: /home/flynn/webots_ros2_ws/install/webots_ros2_msgs/include/webots_ros2_msgs/webots_ros2_msgs/msg/detail/urdf_robot__type_support.h
[0.537s] -- Up-to-date symlink: /home/flynn/webots_ros2_ws/install/webots_ros2_msgs/include/webots_ros2_msgs/webots_ros2_msgs/msg/float_stamped.h
[0.537s] -- Up-to-date symlink: /home/flynn/webots_ros2_ws/install/webots_ros2_msgs/include/webots_ros2_msgs/webots_ros2_msgs/msg/pen_ink_properties.h
[0.538s] -- Up-to-date symlink: /home/flynn/webots_ros2_ws/install/webots_ros2_msgs/include/webots_ros2_msgs/webots_ros2_msgs/msg/rosidl_generator_c__visibility_control.h
[0.538s] -- Up-to-date symlink: /home/flynn/webots_ros2_ws/install/webots_ros2_msgs/include/webots_ros2_msgs/webots_ros2_msgs/msg/string_stamped.h
[0.538s] -- Up-to-date symlink: /home/flynn/webots_ros2_ws/install/webots_ros2_msgs/include/webots_ros2_msgs/webots_ros2_msgs/msg/urdf_robot.h
[0.539s] -- Up-to-date symlink: /home/flynn/webots_ros2_ws/install/webots_ros2_msgs/include/webots_ros2_msgs/webots_ros2_msgs/srv/detail/emitter_send_string__functions.h
[0.540s] -- Up-to-date symlink: /home/flynn/webots_ros2_ws/install/webots_ros2_msgs/include/webots_ros2_msgs/webots_ros2_msgs/srv/detail/emitter_send_string__struct.h
[0.540s] -- Up-to-date symlink: /home/flynn/webots_ros2_ws/install/webots_ros2_msgs/include/webots_ros2_msgs/webots_ros2_msgs/srv/detail/emitter_send_string__type_support.h
[0.540s] -- Up-to-date symlink: /home/flynn/webots_ros2_ws/install/webots_ros2_msgs/include/webots_ros2_msgs/webots_ros2_msgs/srv/detail/get_bool__functions.h
[0.541s] -- Up-to-date symlink: /home/flynn/webots_ros2_ws/install/webots_ros2_msgs/include/webots_ros2_msgs/webots_ros2_msgs/srv/detail/get_bool__struct.h
[0.541s] -- Up-to-date symlink: /home/flynn/webots_ros2_ws/install/webots_ros2_msgs/include/webots_ros2_msgs/webots_ros2_msgs/srv/detail/get_bool__type_support.h
[0.541s] -- Up-to-date symlink: /home/flynn/webots_ros2_ws/install/webots_ros2_msgs/include/webots_ros2_msgs/webots_ros2_msgs/srv/detail/set_string__functions.h
[0.541s] -- Up-to-date symlink: /home/flynn/webots_ros2_ws/install/webots_ros2_msgs/include/webots_ros2_msgs/webots_ros2_msgs/srv/detail/set_string__struct.h
[0.541s] -- Up-to-date symlink: /home/flynn/webots_ros2_ws/install/webots_ros2_msgs/include/webots_ros2_msgs/webots_ros2_msgs/srv/detail/set_string__type_support.h
[0.541s] -- Up-to-date symlink: /home/flynn/webots_ros2_ws/install/webots_ros2_msgs/include/webots_ros2_msgs/webots_ros2_msgs/srv/detail/spawn_node_from_string__functions.h
[0.543s] -- Up-to-date symlink: /home/flynn/webots_ros2_ws/install/webots_ros2_msgs/include/webots_ros2_msgs/webots_ros2_msgs/srv/detail/spawn_node_from_string__struct.h
[0.543s] -- Up-to-date symlink: /home/flynn/webots_ros2_ws/install/webots_ros2_msgs/include/webots_ros2_msgs/webots_ros2_msgs/srv/detail/spawn_node_from_string__type_support.h
[0.543s] -- Up-to-date symlink: /home/flynn/webots_ros2_ws/install/webots_ros2_msgs/include/webots_ros2_msgs/webots_ros2_msgs/srv/detail/spawn_urdf_robot__functions.h
[0.543s] -- Up-to-date symlink: /home/flynn/webots_ros2_ws/install/webots_ros2_msgs/include/webots_ros2_msgs/webots_ros2_msgs/srv/detail/spawn_urdf_robot__struct.h
[0.543s] -- Up-to-date symlink: /home/flynn/webots_ros2_ws/install/webots_ros2_msgs/include/webots_ros2_msgs/webots_ros2_msgs/srv/detail/spawn_urdf_robot__type_support.h
[0.543s] -- Up-to-date symlink: /home/flynn/webots_ros2_ws/install/webots_ros2_msgs/include/webots_ros2_msgs/webots_ros2_msgs/srv/emitter_send_string.h
[0.543s] -- Up-to-date symlink: /home/flynn/webots_ros2_ws/install/webots_ros2_msgs/include/webots_ros2_msgs/webots_ros2_msgs/srv/get_bool.h
[0.544s] -- Up-to-date symlink: /home/flynn/webots_ros2_ws/install/webots_ros2_msgs/include/webots_ros2_msgs/webots_ros2_msgs/srv/set_string.h
[0.544s] -- Up-to-date symlink: /home/flynn/webots_ros2_ws/install/webots_ros2_msgs/include/webots_ros2_msgs/webots_ros2_msgs/srv/spawn_node_from_string.h
[0.544s] -- Up-to-date symlink: /home/flynn/webots_ros2_ws/install/webots_ros2_msgs/include/webots_ros2_msgs/webots_ros2_msgs/srv/spawn_urdf_robot.h
[0.544s] -- Up-to-date symlink: /home/flynn/webots_ros2_ws/install/webots_ros2_msgs/share/webots_ros2_msgs/environment/library_path.sh
[0.544s] -- Up-to-date symlink: /home/flynn/webots_ros2_ws/install/webots_ros2_msgs/share/webots_ros2_msgs/environment/library_path.dsv
[0.547s] -- Up-to-date symlink: /home/flynn/webots_ros2_ws/install/webots_ros2_msgs/include/webots_ros2_msgs/webots_ros2_msgs/msg/detail/bool_stamped__rosidl_typesupport_fastrtps_c.h
[0.547s] -- Up-to-date symlink: /home/flynn/webots_ros2_ws/install/webots_ros2_msgs/include/webots_ros2_msgs/webots_ros2_msgs/msg/detail/camera_recognition_object__rosidl_typesupport_fastrtps_c.h
[0.547s] -- Up-to-date symlink: /home/flynn/webots_ros2_ws/install/webots_ros2_msgs/include/webots_ros2_msgs/webots_ros2_msgs/msg/detail/camera_recognition_objects__rosidl_typesupport_fastrtps_c.h
[0.547s] -- Up-to-date symlink: /home/flynn/webots_ros2_ws/install/webots_ros2_msgs/include/webots_ros2_msgs/webots_ros2_msgs/msg/detail/float_stamped__rosidl_typesupport_fastrtps_c.h
[0.548s] -- Up-to-date symlink: /home/flynn/webots_ros2_ws/install/webots_ros2_msgs/include/webots_ros2_msgs/webots_ros2_msgs/msg/detail/pen_ink_properties__rosidl_typesupport_fastrtps_c.h
[0.548s] -- Up-to-date symlink: /home/flynn/webots_ros2_ws/install/webots_ros2_msgs/include/webots_ros2_msgs/webots_ros2_msgs/msg/detail/string_stamped__rosidl_typesupport_fastrtps_c.h
[0.548s] -- Up-to-date symlink: /home/flynn/webots_ros2_ws/install/webots_ros2_msgs/include/webots_ros2_msgs/webots_ros2_msgs/msg/detail/urdf_robot__rosidl_typesupport_fastrtps_c.h
[0.548s] -- Up-to-date symlink: /home/flynn/webots_ros2_ws/install/webots_ros2_msgs/include/webots_ros2_msgs/webots_ros2_msgs/msg/rosidl_typesupport_fastrtps_c__visibility_control.h
[0.548s] -- Up-to-date symlink: /home/flynn/webots_ros2_ws/install/webots_ros2_msgs/include/webots_ros2_msgs/webots_ros2_msgs/srv/detail/emitter_send_string__rosidl_typesupport_fastrtps_c.h
[0.548s] -- Up-to-date symlink: /home/flynn/webots_ros2_ws/install/webots_ros2_msgs/include/webots_ros2_msgs/webots_ros2_msgs/srv/detail/get_bool__rosidl_typesupport_fastrtps_c.h
[0.548s] -- Up-to-date symlink: /home/flynn/webots_ros2_ws/install/webots_ros2_msgs/include/webots_ros2_msgs/webots_ros2_msgs/srv/detail/set_string__rosidl_typesupport_fastrtps_c.h
[0.548s] -- Up-to-date symlink: /home/flynn/webots_ros2_ws/install/webots_ros2_msgs/include/webots_ros2_msgs/webots_ros2_msgs/srv/detail/spawn_node_from_string__rosidl_typesupport_fastrtps_c.h
[0.548s] -- Up-to-date symlink: /home/flynn/webots_ros2_ws/install/webots_ros2_msgs/include/webots_ros2_msgs/webots_ros2_msgs/srv/detail/spawn_urdf_robot__rosidl_typesupport_fastrtps_c.h
[0.548s] -- Up-to-date symlink: /home/flynn/webots_ros2_ws/install/webots_ros2_msgs/include/webots_ros2_msgs/webots_ros2_msgs/msg/bool_stamped.hpp
[0.548s] -- Up-to-date symlink: /home/flynn/webots_ros2_ws/install/webots_ros2_msgs/include/webots_ros2_msgs/webots_ros2_msgs/msg/camera_recognition_object.hpp
[0.549s] -- Up-to-date symlink: /home/flynn/webots_ros2_ws/install/webots_ros2_msgs/include/webots_ros2_msgs/webots_ros2_msgs/msg/camera_recognition_objects.hpp
[0.549s] -- Up-to-date symlink: /home/flynn/webots_ros2_ws/install/webots_ros2_msgs/include/webots_ros2_msgs/webots_ros2_msgs/msg/detail/bool_stamped__builder.hpp
[0.549s] -- Up-to-date symlink: /home/flynn/webots_ros2_ws/install/webots_ros2_msgs/include/webots_ros2_msgs/webots_ros2_msgs/msg/detail/bool_stamped__struct.hpp
[0.549s] -- Up-to-date symlink: /home/flynn/webots_ros2_ws/install/webots_ros2_msgs/include/webots_ros2_msgs/webots_ros2_msgs/msg/detail/bool_stamped__traits.hpp
[0.549s] -- Up-to-date symlink: /home/flynn/webots_ros2_ws/install/webots_ros2_msgs/include/webots_ros2_msgs/webots_ros2_msgs/msg/detail/bool_stamped__type_support.hpp
[0.549s] -- Up-to-date symlink: /home/flynn/webots_ros2_ws/install/webots_ros2_msgs/include/webots_ros2_msgs/webots_ros2_msgs/msg/detail/camera_recognition_object__builder.hpp
[0.549s] -- Up-to-date symlink: /home/flynn/webots_ros2_ws/install/webots_ros2_msgs/include/webots_ros2_msgs/webots_ros2_msgs/msg/detail/camera_recognition_object__struct.hpp
[0.549s] -- Up-to-date symlink: /home/flynn/webots_ros2_ws/install/webots_ros2_msgs/include/webots_ros2_msgs/webots_ros2_msgs/msg/detail/camera_recognition_object__traits.hpp
[0.549s] -- Up-to-date symlink: /home/flynn/webots_ros2_ws/install/webots_ros2_msgs/include/webots_ros2_msgs/webots_ros2_msgs/msg/detail/camera_recognition_object__type_support.hpp
[0.549s] -- Up-to-date symlink: /home/flynn/webots_ros2_ws/install/webots_ros2_msgs/include/webots_ros2_msgs/webots_ros2_msgs/msg/detail/camera_recognition_objects__builder.hpp
[0.549s] -- Up-to-date symlink: /home/flynn/webots_ros2_ws/install/webots_ros2_msgs/include/webots_ros2_msgs/webots_ros2_msgs/msg/detail/camera_recognition_objects__struct.hpp
[0.549s] -- Up-to-date symlink: /home/flynn/webots_ros2_ws/install/webots_ros2_msgs/include/webots_ros2_msgs/webots_ros2_msgs/msg/detail/camera_recognition_objects__traits.hpp
[0.549s] -- Up-to-date symlink: /home/flynn/webots_ros2_ws/install/webots_ros2_msgs/include/webots_ros2_msgs/webots_ros2_msgs/msg/detail/camera_recognition_objects__type_support.hpp
[0.549s] -- Up-to-date symlink: /home/flynn/webots_ros2_ws/install/webots_ros2_msgs/include/webots_ros2_msgs/webots_ros2_msgs/msg/detail/float_stamped__builder.hpp
[0.549s] -- Up-to-date symlink: /home/flynn/webots_ros2_ws/install/webots_ros2_msgs/include/webots_ros2_msgs/webots_ros2_msgs/msg/detail/float_stamped__struct.hpp
[0.550s] -- Up-to-date symlink: /home/flynn/webots_ros2_ws/install/webots_ros2_msgs/include/webots_ros2_msgs/webots_ros2_msgs/msg/detail/float_stamped__traits.hpp
[0.550s] -- Up-to-date symlink: /home/flynn/webots_ros2_ws/install/webots_ros2_msgs/include/webots_ros2_msgs/webots_ros2_msgs/msg/detail/float_stamped__type_support.hpp
[0.550s] -- Up-to-date symlink: /home/flynn/webots_ros2_ws/install/webots_ros2_msgs/include/webots_ros2_msgs/webots_ros2_msgs/msg/detail/pen_ink_properties__builder.hpp
[0.550s] -- Up-to-date symlink: /home/flynn/webots_ros2_ws/install/webots_ros2_msgs/include/webots_ros2_msgs/webots_ros2_msgs/msg/detail/pen_ink_properties__struct.hpp
[0.550s] -- Up-to-date symlink: /home/flynn/webots_ros2_ws/install/webots_ros2_msgs/include/webots_ros2_msgs/webots_ros2_msgs/msg/detail/pen_ink_properties__traits.hpp
[0.550s] -- Up-to-date symlink: /home/flynn/webots_ros2_ws/install/webots_ros2_msgs/include/webots_ros2_msgs/webots_ros2_msgs/msg/detail/pen_ink_properties__type_support.hpp
[0.550s] -- Up-to-date symlink: /home/flynn/webots_ros2_ws/install/webots_ros2_msgs/include/webots_ros2_msgs/webots_ros2_msgs/msg/detail/string_stamped__builder.hpp
[0.550s] -- Up-to-date symlink: /home/flynn/webots_ros2_ws/install/webots_ros2_msgs/include/webots_ros2_msgs/webots_ros2_msgs/msg/detail/string_stamped__struct.hpp
[0.550s] -- Up-to-date symlink: /home/flynn/webots_ros2_ws/install/webots_ros2_msgs/include/webots_ros2_msgs/webots_ros2_msgs/msg/detail/string_stamped__traits.hpp
[0.550s] -- Up-to-date symlink: /home/flynn/webots_ros2_ws/install/webots_ros2_msgs/include/webots_ros2_msgs/webots_ros2_msgs/msg/detail/string_stamped__type_support.hpp
[0.550s] -- Up-to-date symlink: /home/flynn/webots_ros2_ws/install/webots_ros2_msgs/include/webots_ros2_msgs/webots_ros2_msgs/msg/detail/urdf_robot__builder.hpp
[0.550s] -- Up-to-date symlink: /home/flynn/webots_ros2_ws/install/webots_ros2_msgs/include/webots_ros2_msgs/webots_ros2_msgs/msg/detail/urdf_robot__struct.hpp
[0.550s] -- Up-to-date symlink: /home/flynn/webots_ros2_ws/install/webots_ros2_msgs/include/webots_ros2_msgs/webots_ros2_msgs/msg/detail/urdf_robot__traits.hpp
[0.550s] -- Up-to-date symlink: /home/flynn/webots_ros2_ws/install/webots_ros2_msgs/include/webots_ros2_msgs/webots_ros2_msgs/msg/detail/urdf_robot__type_support.hpp
[0.550s] -- Up-to-date symlink: /home/flynn/webots_ros2_ws/install/webots_ros2_msgs/include/webots_ros2_msgs/webots_ros2_msgs/msg/float_stamped.hpp
[0.551s] -- Up-to-date symlink: /home/flynn/webots_ros2_ws/install/webots_ros2_msgs/include/webots_ros2_msgs/webots_ros2_msgs/msg/pen_ink_properties.hpp
[0.551s] -- Up-to-date symlink: /home/flynn/webots_ros2_ws/install/webots_ros2_msgs/include/webots_ros2_msgs/webots_ros2_msgs/msg/rosidl_generator_cpp__visibility_control.hpp
[0.551s] -- Up-to-date symlink: /home/flynn/webots_ros2_ws/install/webots_ros2_msgs/include/webots_ros2_msgs/webots_ros2_msgs/msg/string_stamped.hpp
[0.551s] -- Up-to-date symlink: /home/flynn/webots_ros2_ws/install/webots_ros2_msgs/include/webots_ros2_msgs/webots_ros2_msgs/msg/urdf_robot.hpp
[0.551s] -- Up-to-date symlink: /home/flynn/webots_ros2_ws/install/webots_ros2_msgs/include/webots_ros2_msgs/webots_ros2_msgs/srv/detail/emitter_send_string__builder.hpp
[0.551s] -- Up-to-date symlink: /home/flynn/webots_ros2_ws/install/webots_ros2_msgs/include/webots_ros2_msgs/webots_ros2_msgs/srv/detail/emitter_send_string__struct.hpp
[0.551s] -- Up-to-date symlink: /home/flynn/webots_ros2_ws/install/webots_ros2_msgs/include/webots_ros2_msgs/webots_ros2_msgs/srv/detail/emitter_send_string__traits.hpp
[0.551s] -- Up-to-date symlink: /home/flynn/webots_ros2_ws/install/webots_ros2_msgs/include/webots_ros2_msgs/webots_ros2_msgs/srv/detail/emitter_send_string__type_support.hpp
[0.551s] -- Up-to-date symlink: /home/flynn/webots_ros2_ws/install/webots_ros2_msgs/include/webots_ros2_msgs/webots_ros2_msgs/srv/detail/get_bool__builder.hpp
[0.551s] -- Up-to-date symlink: /home/flynn/webots_ros2_ws/install/webots_ros2_msgs/include/webots_ros2_msgs/webots_ros2_msgs/srv/detail/get_bool__struct.hpp
[0.551s] -- Up-to-date symlink: /home/flynn/webots_ros2_ws/install/webots_ros2_msgs/include/webots_ros2_msgs/webots_ros2_msgs/srv/detail/get_bool__traits.hpp
[0.551s] -- Up-to-date symlink: /home/flynn/webots_ros2_ws/install/webots_ros2_msgs/include/webots_ros2_msgs/webots_ros2_msgs/srv/detail/get_bool__type_support.hpp
[0.551s] -- Up-to-date symlink: /home/flynn/webots_ros2_ws/install/webots_ros2_msgs/include/webots_ros2_msgs/webots_ros2_msgs/srv/detail/set_string__builder.hpp
[0.551s] -- Up-to-date symlink: /home/flynn/webots_ros2_ws/install/webots_ros2_msgs/include/webots_ros2_msgs/webots_ros2_msgs/srv/detail/set_string__struct.hpp
[0.551s] -- Up-to-date symlink: /home/flynn/webots_ros2_ws/install/webots_ros2_msgs/include/webots_ros2_msgs/webots_ros2_msgs/srv/detail/set_string__traits.hpp
[0.552s] -- Up-to-date symlink: /home/flynn/webots_ros2_ws/install/webots_ros2_msgs/include/webots_ros2_msgs/webots_ros2_msgs/srv/detail/set_string__type_support.hpp
[0.552s] -- Up-to-date symlink: /home/flynn/webots_ros2_ws/install/webots_ros2_msgs/include/webots_ros2_msgs/webots_ros2_msgs/srv/detail/spawn_node_from_string__builder.hpp
[0.552s] -- Up-to-date symlink: /home/flynn/webots_ros2_ws/install/webots_ros2_msgs/include/webots_ros2_msgs/webots_ros2_msgs/srv/detail/spawn_node_from_string__struct.hpp
[0.552s] -- Up-to-date symlink: /home/flynn/webots_ros2_ws/install/webots_ros2_msgs/include/webots_ros2_msgs/webots_ros2_msgs/srv/detail/spawn_node_from_string__traits.hpp
[0.552s] -- Up-to-date symlink: /home/flynn/webots_ros2_ws/install/webots_ros2_msgs/include/webots_ros2_msgs/webots_ros2_msgs/srv/detail/spawn_node_from_string__type_support.hpp
[0.552s] -- Up-to-date symlink: /home/flynn/webots_ros2_ws/install/webots_ros2_msgs/include/webots_ros2_msgs/webots_ros2_msgs/srv/detail/spawn_urdf_robot__builder.hpp
[0.552s] -- Up-to-date symlink: /home/flynn/webots_ros2_ws/install/webots_ros2_msgs/include/webots_ros2_msgs/webots_ros2_msgs/srv/detail/spawn_urdf_robot__struct.hpp
[0.552s] -- Up-to-date symlink: /home/flynn/webots_ros2_ws/install/webots_ros2_msgs/include/webots_ros2_msgs/webots_ros2_msgs/srv/detail/spawn_urdf_robot__traits.hpp
[0.552s] -- Up-to-date symlink: /home/flynn/webots_ros2_ws/install/webots_ros2_msgs/include/webots_ros2_msgs/webots_ros2_msgs/srv/detail/spawn_urdf_robot__type_support.hpp
[0.552s] -- Up-to-date symlink: /home/flynn/webots_ros2_ws/install/webots_ros2_msgs/include/webots_ros2_msgs/webots_ros2_msgs/srv/emitter_send_string.hpp
[0.552s] -- Up-to-date symlink: /home/flynn/webots_ros2_ws/install/webots_ros2_msgs/include/webots_ros2_msgs/webots_ros2_msgs/srv/get_bool.hpp
[0.552s] -- Up-to-date symlink: /home/flynn/webots_ros2_ws/install/webots_ros2_msgs/include/webots_ros2_msgs/webots_ros2_msgs/srv/set_string.hpp
[0.552s] -- Up-to-date symlink: /home/flynn/webots_ros2_ws/install/webots_ros2_msgs/include/webots_ros2_msgs/webots_ros2_msgs/srv/spawn_node_from_string.hpp
[0.552s] -- Up-to-date symlink: /home/flynn/webots_ros2_ws/install/webots_ros2_msgs/include/webots_ros2_msgs/webots_ros2_msgs/srv/spawn_urdf_robot.hpp
[0.553s] -- Up-to-date symlink: /home/flynn/webots_ros2_ws/install/webots_ros2_msgs/include/webots_ros2_msgs/webots_ros2_msgs/msg/detail/bool_stamped__rosidl_typesupport_fastrtps_cpp.hpp
[0.553s] -- Up-to-date symlink: /home/flynn/webots_ros2_ws/install/webots_ros2_msgs/include/webots_ros2_msgs/webots_ros2_msgs/msg/detail/camera_recognition_object__rosidl_typesupport_fastrtps_cpp.hpp
[0.553s] -- Up-to-date symlink: /home/flynn/webots_ros2_ws/install/webots_ros2_msgs/include/webots_ros2_msgs/webots_ros2_msgs/msg/detail/camera_recognition_objects__rosidl_typesupport_fastrtps_cpp.hpp
[0.553s] -- Up-to-date symlink: /home/flynn/webots_ros2_ws/install/webots_ros2_msgs/include/webots_ros2_msgs/webots_ros2_msgs/msg/detail/float_stamped__rosidl_typesupport_fastrtps_cpp.hpp
[0.553s] -- Up-to-date symlink: /home/flynn/webots_ros2_ws/install/webots_ros2_msgs/include/webots_ros2_msgs/webots_ros2_msgs/msg/detail/pen_ink_properties__rosidl_typesupport_fastrtps_cpp.hpp
[0.553s] -- Up-to-date symlink: /home/flynn/webots_ros2_ws/install/webots_ros2_msgs/include/webots_ros2_msgs/webots_ros2_msgs/msg/detail/string_stamped__rosidl_typesupport_fastrtps_cpp.hpp
[0.553s] -- Up-to-date symlink: /home/flynn/webots_ros2_ws/install/webots_ros2_msgs/include/webots_ros2_msgs/webots_ros2_msgs/msg/detail/urdf_robot__rosidl_typesupport_fastrtps_cpp.hpp
[0.553s] -- Up-to-date symlink: /home/flynn/webots_ros2_ws/install/webots_ros2_msgs/include/webots_ros2_msgs/webots_ros2_msgs/msg/rosidl_typesupport_fastrtps_cpp__visibility_control.h
[0.553s] -- Up-to-date symlink: /home/flynn/webots_ros2_ws/install/webots_ros2_msgs/include/webots_ros2_msgs/webots_ros2_msgs/srv/detail/emitter_send_string__rosidl_typesupport_fastrtps_cpp.hpp
[0.554s] -- Up-to-date symlink: /home/flynn/webots_ros2_ws/install/webots_ros2_msgs/include/webots_ros2_msgs/webots_ros2_msgs/srv/detail/get_bool__rosidl_typesupport_fastrtps_cpp.hpp
[0.554s] -- Up-to-date symlink: /home/flynn/webots_ros2_ws/install/webots_ros2_msgs/include/webots_ros2_msgs/webots_ros2_msgs/srv/detail/set_string__rosidl_typesupport_fastrtps_cpp.hpp
[0.554s] -- Up-to-date symlink: /home/flynn/webots_ros2_ws/install/webots_ros2_msgs/include/webots_ros2_msgs/webots_ros2_msgs/srv/detail/spawn_node_from_string__rosidl_typesupport_fastrtps_cpp.hpp
[0.554s] -- Up-to-date symlink: /home/flynn/webots_ros2_ws/install/webots_ros2_msgs/include/webots_ros2_msgs/webots_ros2_msgs/srv/detail/spawn_urdf_robot__rosidl_typesupport_fastrtps_cpp.hpp
[0.554s] -- Up-to-date symlink: /home/flynn/webots_ros2_ws/install/webots_ros2_msgs/include/webots_ros2_msgs/webots_ros2_msgs/msg/detail/bool_stamped__rosidl_typesupport_introspection_c.h
[0.555s] -- Up-to-date symlink: /home/flynn/webots_ros2_ws/install/webots_ros2_msgs/include/webots_ros2_msgs/webots_ros2_msgs/msg/detail/camera_recognition_object__rosidl_typesupport_introspection_c.h
[0.555s] -- Up-to-date symlink: /home/flynn/webots_ros2_ws/install/webots_ros2_msgs/include/webots_ros2_msgs/webots_ros2_msgs/msg/detail/camera_recognition_objects__rosidl_typesupport_introspection_c.h
[0.555s] -- Up-to-date symlink: /home/flynn/webots_ros2_ws/install/webots_ros2_msgs/include/webots_ros2_msgs/webots_ros2_msgs/msg/detail/float_stamped__rosidl_typesupport_introspection_c.h
[0.555s] -- Up-to-date symlink: /home/flynn/webots_ros2_ws/install/webots_ros2_msgs/include/webots_ros2_msgs/webots_ros2_msgs/msg/detail/pen_ink_properties__rosidl_typesupport_introspection_c.h
[0.555s] -- Up-to-date symlink: /home/flynn/webots_ros2_ws/install/webots_ros2_msgs/include/webots_ros2_msgs/webots_ros2_msgs/msg/detail/string_stamped__rosidl_typesupport_introspection_c.h
[0.555s] -- Up-to-date symlink: /home/flynn/webots_ros2_ws/install/webots_ros2_msgs/include/webots_ros2_msgs/webots_ros2_msgs/msg/detail/urdf_robot__rosidl_typesupport_introspection_c.h
[0.555s] -- Up-to-date symlink: /home/flynn/webots_ros2_ws/install/webots_ros2_msgs/include/webots_ros2_msgs/webots_ros2_msgs/msg/rosidl_typesupport_introspection_c__visibility_control.h
[0.555s] -- Up-to-date symlink: /home/flynn/webots_ros2_ws/install/webots_ros2_msgs/include/webots_ros2_msgs/webots_ros2_msgs/srv/detail/emitter_send_string__rosidl_typesupport_introspection_c.h
[0.555s] -- Up-to-date symlink: /home/flynn/webots_ros2_ws/install/webots_ros2_msgs/include/webots_ros2_msgs/webots_ros2_msgs/srv/detail/get_bool__rosidl_typesupport_introspection_c.h
[0.555s] -- Up-to-date symlink: /home/flynn/webots_ros2_ws/install/webots_ros2_msgs/include/webots_ros2_msgs/webots_ros2_msgs/srv/detail/set_string__rosidl_typesupport_introspection_c.h
[0.556s] -- Up-to-date symlink: /home/flynn/webots_ros2_ws/install/webots_ros2_msgs/include/webots_ros2_msgs/webots_ros2_msgs/srv/detail/spawn_node_from_string__rosidl_typesupport_introspection_c.h
[0.556s] -- Up-to-date symlink: /home/flynn/webots_ros2_ws/install/webots_ros2_msgs/include/webots_ros2_msgs/webots_ros2_msgs/srv/detail/spawn_urdf_robot__rosidl_typesupport_introspection_c.h
[0.556s] -- Up-to-date symlink: /home/flynn/webots_ros2_ws/install/webots_ros2_msgs/include/webots_ros2_msgs/webots_ros2_msgs/msg/detail/bool_stamped__rosidl_typesupport_introspection_cpp.hpp
[0.556s] -- Up-to-date symlink: /home/flynn/webots_ros2_ws/install/webots_ros2_msgs/include/webots_ros2_msgs/webots_ros2_msgs/msg/detail/camera_recognition_object__rosidl_typesupport_introspection_cpp.hpp
[0.556s] -- Up-to-date symlink: /home/flynn/webots_ros2_ws/install/webots_ros2_msgs/include/webots_ros2_msgs/webots_ros2_msgs/msg/detail/camera_recognition_objects__rosidl_typesupport_introspection_cpp.hpp
[0.556s] -- Up-to-date symlink: /home/flynn/webots_ros2_ws/install/webots_ros2_msgs/include/webots_ros2_msgs/webots_ros2_msgs/msg/detail/float_stamped__rosidl_typesupport_introspection_cpp.hpp
[0.557s] -- Up-to-date symlink: /home/flynn/webots_ros2_ws/install/webots_ros2_msgs/include/webots_ros2_msgs/webots_ros2_msgs/msg/detail/pen_ink_properties__rosidl_typesupport_introspection_cpp.hpp
[0.557s] -- Up-to-date symlink: /home/flynn/webots_ros2_ws/install/webots_ros2_msgs/include/webots_ros2_msgs/webots_ros2_msgs/msg/detail/string_stamped__rosidl_typesupport_introspection_cpp.hpp
[0.557s] -- Up-to-date symlink: /home/flynn/webots_ros2_ws/install/webots_ros2_msgs/include/webots_ros2_msgs/webots_ros2_msgs/msg/detail/urdf_robot__rosidl_typesupport_introspection_cpp.hpp
[0.557s] -- Up-to-date symlink: /home/flynn/webots_ros2_ws/install/webots_ros2_msgs/include/webots_ros2_msgs/webots_ros2_msgs/srv/detail/emitter_send_string__rosidl_typesupport_introspection_cpp.hpp
[0.557s] -- Up-to-date symlink: /home/flynn/webots_ros2_ws/install/webots_ros2_msgs/include/webots_ros2_msgs/webots_ros2_msgs/srv/detail/get_bool__rosidl_typesupport_introspection_cpp.hpp
[0.557s] -- Up-to-date symlink: /home/flynn/webots_ros2_ws/install/webots_ros2_msgs/include/webots_ros2_msgs/webots_ros2_msgs/srv/detail/set_string__rosidl_typesupport_introspection_cpp.hpp
[0.557s] -- Up-to-date symlink: /home/flynn/webots_ros2_ws/install/webots_ros2_msgs/include/webots_ros2_msgs/webots_ros2_msgs/srv/detail/spawn_node_from_string__rosidl_typesupport_introspection_cpp.hpp
[0.557s] -- Up-to-date symlink: /home/flynn/webots_ros2_ws/install/webots_ros2_msgs/include/webots_ros2_msgs/webots_ros2_msgs/srv/detail/spawn_urdf_robot__rosidl_typesupport_introspection_cpp.hpp
[0.557s] -- Up-to-date symlink: /home/flynn/webots_ros2_ws/install/webots_ros2_msgs/share/webots_ros2_msgs/environment/pythonpath.sh
[0.558s] -- Up-to-date symlink: /home/flynn/webots_ros2_ws/install/webots_ros2_msgs/share/webots_ros2_msgs/environment/pythonpath.dsv
[0.558s] -- Up-to-date symlink: /home/flynn/webots_ros2_ws/install/webots_ros2_msgs/local/lib/python3.10/dist-packages/webots_ros2_msgs-2025.0.1-py3.10.egg-info/PKG-INFO
[0.558s] -- Up-to-date symlink: /home/flynn/webots_ros2_ws/install/webots_ros2_msgs/local/lib/python3.10/dist-packages/webots_ros2_msgs-2025.0.1-py3.10.egg-info/SOURCES.txt
[0.558s] -- Up-to-date symlink: /home/flynn/webots_ros2_ws/install/webots_ros2_msgs/local/lib/python3.10/dist-packages/webots_ros2_msgs-2025.0.1-py3.10.egg-info/dependency_links.txt
[0.558s] -- Up-to-date symlink: /home/flynn/webots_ros2_ws/install/webots_ros2_msgs/local/lib/python3.10/dist-packages/webots_ros2_msgs-2025.0.1-py3.10.egg-info/top_level.txt
[0.559s] -- Up-to-date symlink: /home/flynn/webots_ros2_ws/install/webots_ros2_msgs/local/lib/python3.10/dist-packages/webots_ros2_msgs/__init__.py
[0.559s] -- Up-to-date symlink: /home/flynn/webots_ros2_ws/install/webots_ros2_msgs/local/lib/python3.10/dist-packages/webots_ros2_msgs/_webots_ros2_msgs_s.ep.rosidl_typesupport_c.c
[0.559s] -- Up-to-date symlink: /home/flynn/webots_ros2_ws/install/webots_ros2_msgs/local/lib/python3.10/dist-packages/webots_ros2_msgs/_webots_ros2_msgs_s.ep.rosidl_typesupport_fastrtps_c.c
[0.559s] -- Up-to-date symlink: /home/flynn/webots_ros2_ws/install/webots_ros2_msgs/local/lib/python3.10/dist-packages/webots_ros2_msgs/_webots_ros2_msgs_s.ep.rosidl_typesupport_introspection_c.c
[0.560s] -- Up-to-date symlink: /home/flynn/webots_ros2_ws/install/webots_ros2_msgs/local/lib/python3.10/dist-packages/webots_ros2_msgs/libwebots_ros2_msgs__rosidl_generator_py.so
[0.560s] -- Up-to-date symlink: /home/flynn/webots_ros2_ws/install/webots_ros2_msgs/local/lib/python3.10/dist-packages/webots_ros2_msgs/msg/__init__.py
[0.560s] -- Up-to-date symlink: /home/flynn/webots_ros2_ws/install/webots_ros2_msgs/local/lib/python3.10/dist-packages/webots_ros2_msgs/msg/_bool_stamped.py
[0.560s] -- Up-to-date symlink: /home/flynn/webots_ros2_ws/install/webots_ros2_msgs/local/lib/python3.10/dist-packages/webots_ros2_msgs/msg/_bool_stamped_s.c
[0.560s] -- Up-to-date symlink: /home/flynn/webots_ros2_ws/install/webots_ros2_msgs/local/lib/python3.10/dist-packages/webots_ros2_msgs/msg/_camera_recognition_object.py
[0.560s] -- Up-to-date symlink: /home/flynn/webots_ros2_ws/install/webots_ros2_msgs/local/lib/python3.10/dist-packages/webots_ros2_msgs/msg/_camera_recognition_object_s.c
[0.560s] -- Up-to-date symlink: /home/flynn/webots_ros2_ws/install/webots_ros2_msgs/local/lib/python3.10/dist-packages/webots_ros2_msgs/msg/_camera_recognition_objects.py
[0.560s] -- Up-to-date symlink: /home/flynn/webots_ros2_ws/install/webots_ros2_msgs/local/lib/python3.10/dist-packages/webots_ros2_msgs/msg/_camera_recognition_objects_s.c
[0.560s] -- Up-to-date symlink: /home/flynn/webots_ros2_ws/install/webots_ros2_msgs/local/lib/python3.10/dist-packages/webots_ros2_msgs/msg/_float_stamped.py
[0.561s] -- Up-to-date symlink: /home/flynn/webots_ros2_ws/install/webots_ros2_msgs/local/lib/python3.10/dist-packages/webots_ros2_msgs/msg/_float_stamped_s.c
[0.561s] -- Up-to-date symlink: /home/flynn/webots_ros2_ws/install/webots_ros2_msgs/local/lib/python3.10/dist-packages/webots_ros2_msgs/msg/_pen_ink_properties.py
[0.561s] -- Up-to-date symlink: /home/flynn/webots_ros2_ws/install/webots_ros2_msgs/local/lib/python3.10/dist-packages/webots_ros2_msgs/msg/_pen_ink_properties_s.c
[0.561s] -- Up-to-date symlink: /home/flynn/webots_ros2_ws/install/webots_ros2_msgs/local/lib/python3.10/dist-packages/webots_ros2_msgs/msg/_string_stamped.py
[0.561s] -- Up-to-date symlink: /home/flynn/webots_ros2_ws/install/webots_ros2_msgs/local/lib/python3.10/dist-packages/webots_ros2_msgs/msg/_string_stamped_s.c
[0.561s] -- Up-to-date symlink: /home/flynn/webots_ros2_ws/install/webots_ros2_msgs/local/lib/python3.10/dist-packages/webots_ros2_msgs/msg/_urdf_robot.py
[0.561s] -- Up-to-date symlink: /home/flynn/webots_ros2_ws/install/webots_ros2_msgs/local/lib/python3.10/dist-packages/webots_ros2_msgs/msg/_urdf_robot_s.c
[0.561s] -- Up-to-date symlink: /home/flynn/webots_ros2_ws/install/webots_ros2_msgs/local/lib/python3.10/dist-packages/webots_ros2_msgs/srv/__init__.py
[0.561s] -- Up-to-date symlink: /home/flynn/webots_ros2_ws/install/webots_ros2_msgs/local/lib/python3.10/dist-packages/webots_ros2_msgs/srv/_emitter_send_string.py
[0.561s] -- Up-to-date symlink: /home/flynn/webots_ros2_ws/install/webots_ros2_msgs/local/lib/python3.10/dist-packages/webots_ros2_msgs/srv/_emitter_send_string_s.c
[0.561s] -- Up-to-date symlink: /home/flynn/webots_ros2_ws/install/webots_ros2_msgs/local/lib/python3.10/dist-packages/webots_ros2_msgs/srv/_get_bool.py
[0.562s] -- Up-to-date symlink: /home/flynn/webots_ros2_ws/install/webots_ros2_msgs/local/lib/python3.10/dist-packages/webots_ros2_msgs/srv/_get_bool_s.c
[0.562s] -- Up-to-date symlink: /home/flynn/webots_ros2_ws/install/webots_ros2_msgs/local/lib/python3.10/dist-packages/webots_ros2_msgs/srv/_set_string.py
[0.562s] -- Up-to-date symlink: /home/flynn/webots_ros2_ws/install/webots_ros2_msgs/local/lib/python3.10/dist-packages/webots_ros2_msgs/srv/_set_string_s.c
[0.562s] -- Up-to-date symlink: /home/flynn/webots_ros2_ws/install/webots_ros2_msgs/local/lib/python3.10/dist-packages/webots_ros2_msgs/srv/_spawn_node_from_string.py
[0.562s] -- Up-to-date symlink: /home/flynn/webots_ros2_ws/install/webots_ros2_msgs/local/lib/python3.10/dist-packages/webots_ros2_msgs/srv/_spawn_node_from_string_s.c
[0.562s] -- Up-to-date symlink: /home/flynn/webots_ros2_ws/install/webots_ros2_msgs/local/lib/python3.10/dist-packages/webots_ros2_msgs/srv/_spawn_urdf_robot.py
[0.562s] -- Up-to-date symlink: /home/flynn/webots_ros2_ws/install/webots_ros2_msgs/local/lib/python3.10/dist-packages/webots_ros2_msgs/srv/_spawn_urdf_robot_s.c
[0.562s] -- Up-to-date symlink: /home/flynn/webots_ros2_ws/install/webots_ros2_msgs/local/lib/python3.10/dist-packages/webots_ros2_msgs/webots_ros2_msgs_s__rosidl_typesupport_c.cpython-310-x86_64-linux-gnu.so
[0.562s] -- Up-to-date symlink: /home/flynn/webots_ros2_ws/install/webots_ros2_msgs/local/lib/python3.10/dist-packages/webots_ros2_msgs/webots_ros2_msgs_s__rosidl_typesupport_fastrtps_c.cpython-310-x86_64-linux-gnu.so
[0.562s] -- Up-to-date symlink: /home/flynn/webots_ros2_ws/install/webots_ros2_msgs/local/lib/python3.10/dist-packages/webots_ros2_msgs/webots_ros2_msgs_s__rosidl_typesupport_introspection_c.cpython-310-x86_64-linux-gnu.so
[0.563s] -- Up-to-date symlink: /home/flynn/webots_ros2_ws/install/webots_ros2_msgs/local/lib/python3.10/dist-packages/webots_ros2_msgs/webots_ros2_msgs_s__rosidl_typesupport_fastrtps_c.cpython-310-x86_64-linux-gnu.so
[0.563s] -- Up-to-date symlink: /home/flynn/webots_ros2_ws/install/webots_ros2_msgs/local/lib/python3.10/dist-packages/webots_ros2_msgs/webots_ros2_msgs_s__rosidl_typesupport_introspection_c.cpython-310-x86_64-linux-gnu.so
[0.563s] -- Up-to-date symlink: /home/flynn/webots_ros2_ws/install/webots_ros2_msgs/local/lib/python3.10/dist-packages/webots_ros2_msgs/webots_ros2_msgs_s__rosidl_typesupport_c.cpython-310-x86_64-linux-gnu.so
[0.563s] -- Up-to-date symlink: /home/flynn/webots_ros2_ws/install/webots_ros2_msgs/share/webots_ros2_msgs/msg/BoolStamped.idl
[0.564s] -- Up-to-date symlink: /home/flynn/webots_ros2_ws/install/webots_ros2_msgs/share/webots_ros2_msgs/msg/FloatStamped.idl
[0.564s] -- Up-to-date symlink: /home/flynn/webots_ros2_ws/install/webots_ros2_msgs/share/webots_ros2_msgs/msg/StringStamped.idl
[0.564s] -- Up-to-date symlink: /home/flynn/webots_ros2_ws/install/webots_ros2_msgs/share/webots_ros2_msgs/msg/CameraRecognitionObject.idl
[0.564s] -- Up-to-date symlink: /home/flynn/webots_ros2_ws/install/webots_ros2_msgs/share/webots_ros2_msgs/msg/CameraRecognitionObjects.idl
[0.564s] -- Up-to-date symlink: /home/flynn/webots_ros2_ws/install/webots_ros2_msgs/share/webots_ros2_msgs/msg/UrdfRobot.idl
[0.564s] -- Up-to-date symlink: /home/flynn/webots_ros2_ws/install/webots_ros2_msgs/share/webots_ros2_msgs/msg/PenInkProperties.idl
[0.564s] -- Up-to-date symlink: /home/flynn/webots_ros2_ws/install/webots_ros2_msgs/share/webots_ros2_msgs/srv/EmitterSendString.idl
[0.565s] -- Up-to-date symlink: /home/flynn/webots_ros2_ws/install/webots_ros2_msgs/share/webots_ros2_msgs/srv/GetBool.idl
[0.565s] -- Up-to-date symlink: /home/flynn/webots_ros2_ws/install/webots_ros2_msgs/share/webots_ros2_msgs/srv/SetString.idl
[0.565s] -- Up-to-date symlink: /home/flynn/webots_ros2_ws/install/webots_ros2_msgs/share/webots_ros2_msgs/srv/SpawnNodeFromString.idl
[0.565s] -- Up-to-date symlink: /home/flynn/webots_ros2_ws/install/webots_ros2_msgs/share/webots_ros2_msgs/srv/SpawnUrdfRobot.idl
[0.565s] -- Up-to-date symlink: /home/flynn/webots_ros2_ws/install/webots_ros2_msgs/share/webots_ros2_msgs/msg/BoolStamped.msg
[0.565s] -- Up-to-date symlink: /home/flynn/webots_ros2_ws/install/webots_ros2_msgs/share/webots_ros2_msgs/msg/FloatStamped.msg
[0.565s] -- Up-to-date symlink: /home/flynn/webots_ros2_ws/install/webots_ros2_msgs/share/webots_ros2_msgs/msg/StringStamped.msg
[0.566s] -- Up-to-date symlink: /home/flynn/webots_ros2_ws/install/webots_ros2_msgs/share/webots_ros2_msgs/msg/CameraRecognitionObject.msg
[0.566s] -- Up-to-date symlink: /home/flynn/webots_ros2_ws/install/webots_ros2_msgs/share/webots_ros2_msgs/msg/CameraRecognitionObjects.msg
[0.566s] -- Up-to-date symlink: /home/flynn/webots_ros2_ws/install/webots_ros2_msgs/share/webots_ros2_msgs/msg/UrdfRobot.msg
[0.566s] -- Up-to-date symlink: /home/flynn/webots_ros2_ws/install/webots_ros2_msgs/share/webots_ros2_msgs/msg/PenInkProperties.msg
[0.566s] -- Up-to-date symlink: /home/flynn/webots_ros2_ws/install/webots_ros2_msgs/share/webots_ros2_msgs/srv/EmitterSendString.srv
[0.566s] -- Up-to-date symlink: /home/flynn/webots_ros2_ws/install/webots_ros2_msgs/share/webots_ros2_msgs/srv/EmitterSendString_Request.msg
[0.567s] -- Up-to-date symlink: /home/flynn/webots_ros2_ws/install/webots_ros2_msgs/share/webots_ros2_msgs/srv/EmitterSendString_Response.msg
[0.567s] -- Up-to-date symlink: /home/flynn/webots_ros2_ws/install/webots_ros2_msgs/share/webots_ros2_msgs/srv/GetBool.srv
[0.567s] -- Up-to-date symlink: /home/flynn/webots_ros2_ws/install/webots_ros2_msgs/share/webots_ros2_msgs/srv/GetBool_Request.msg
[0.567s] -- Up-to-date symlink: /home/flynn/webots_ros2_ws/install/webots_ros2_msgs/share/webots_ros2_msgs/srv/GetBool_Response.msg
[0.567s] -- Up-to-date symlink: /home/flynn/webots_ros2_ws/install/webots_ros2_msgs/share/webots_ros2_msgs/srv/SetString.srv
[0.567s] -- Up-to-date symlink: /home/flynn/webots_ros2_ws/install/webots_ros2_msgs/share/webots_ros2_msgs/srv/SetString_Request.msg
[0.568s] -- Up-to-date symlink: /home/flynn/webots_ros2_ws/install/webots_ros2_msgs/share/webots_ros2_msgs/srv/SetString_Response.msg
[0.568s] -- Up-to-date symlink: /home/flynn/webots_ros2_ws/install/webots_ros2_msgs/share/webots_ros2_msgs/srv/SpawnNodeFromString.srv
[0.568s] -- Up-to-date symlink: /home/flynn/webots_ros2_ws/install/webots_ros2_msgs/share/webots_ros2_msgs/srv/SpawnNodeFromString_Request.msg
[0.568s] -- Up-to-date symlink: /home/flynn/webots_ros2_ws/install/webots_ros2_msgs/share/webots_ros2_msgs/srv/SpawnNodeFromString_Response.msg
[0.568s] -- Up-to-date symlink: /home/flynn/webots_ros2_ws/install/webots_ros2_msgs/share/webots_ros2_msgs/srv/SpawnUrdfRobot.srv
[0.568s] -- Up-to-date symlink: /home/flynn/webots_ros2_ws/install/webots_ros2_msgs/share/webots_ros2_msgs/srv/SpawnUrdfRobot_Request.msg
[0.568s] -- Up-to-date symlink: /home/flynn/webots_ros2_ws/install/webots_ros2_msgs/share/webots_ros2_msgs/srv/SpawnUrdfRobot_Response.msg
[0.569s] -- Up-to-date symlink: /home/flynn/webots_ros2_ws/install/webots_ros2_msgs/share/ament_index/resource_index/package_run_dependencies/webots_ros2_msgs
[0.569s] -- Up-to-date symlink: /home/flynn/webots_ros2_ws/install/webots_ros2_msgs/share/ament_index/resource_index/parent_prefix_path/webots_ros2_msgs
[0.569s] -- Up-to-date symlink: /home/flynn/webots_ros2_ws/install/webots_ros2_msgs/share/webots_ros2_msgs/environment/ament_prefix_path.sh
[0.569s] -- Up-to-date symlink: /home/flynn/webots_ros2_ws/install/webots_ros2_msgs/share/webots_ros2_msgs/environment/ament_prefix_path.dsv
[0.569s] -- Up-to-date symlink: /home/flynn/webots_ros2_ws/install/webots_ros2_msgs/share/webots_ros2_msgs/environment/path.sh
[0.569s] -- Up-to-date symlink: /home/flynn/webots_ros2_ws/install/webots_ros2_msgs/share/webots_ros2_msgs/environment/path.dsv
[0.569s] -- Up-to-date symlink: /home/flynn/webots_ros2_ws/install/webots_ros2_msgs/share/webots_ros2_msgs/local_setup.bash
[0.570s] -- Up-to-date symlink: /home/flynn/webots_ros2_ws/install/webots_ros2_msgs/share/webots_ros2_msgs/local_setup.sh
[0.570s] -- Up-to-date symlink: /home/flynn/webots_ros2_ws/install/webots_ros2_msgs/share/webots_ros2_msgs/local_setup.zsh
[0.570s] -- Up-to-date symlink: /home/flynn/webots_ros2_ws/install/webots_ros2_msgs/share/webots_ros2_msgs/local_setup.dsv
[0.570s] -- Symlinking: /home/flynn/webots_ros2_ws/install/webots_ros2_msgs/share/webots_ros2_msgs/package.dsv
[0.583s] -- Up-to-date symlink: /home/flynn/webots_ros2_ws/install/webots_ros2_msgs/share/ament_index/resource_index/packages/webots_ros2_msgs
[0.583s] -- Up-to-date symlink: /home/flynn/webots_ros2_ws/install/webots_ros2_msgs/share/webots_ros2_msgs/cmake/rosidl_cmake-extras.cmake
[0.583s] -- Up-to-date symlink: /home/flynn/webots_ros2_ws/install/webots_ros2_msgs/share/webots_ros2_msgs/cmake/ament_cmake_export_dependencies-extras.cmake
[0.583s] -- Up-to-date symlink: /home/flynn/webots_ros2_ws/install/webots_ros2_msgs/share/webots_ros2_msgs/cmake/ament_cmake_export_include_directories-extras.cmake
[0.583s] -- Up-to-date symlink: /home/flynn/webots_ros2_ws/install/webots_ros2_msgs/share/webots_ros2_msgs/cmake/ament_cmake_export_libraries-extras.cmake
[0.583s] -- Up-to-date symlink: /home/flynn/webots_ros2_ws/install/webots_ros2_msgs/share/webots_ros2_msgs/cmake/ament_cmake_export_targets-extras.cmake
[0.584s] -- Up-to-date symlink: /home/flynn/webots_ros2_ws/install/webots_ros2_msgs/share/webots_ros2_msgs/cmake/rosidl_cmake_export_typesupport_targets-extras.cmake
[0.584s] -- Up-to-date symlink: /home/flynn/webots_ros2_ws/install/webots_ros2_msgs/share/webots_ros2_msgs/cmake/rosidl_cmake_export_typesupport_libraries-extras.cmake
[0.584s] -- Up-to-date symlink: /home/flynn/webots_ros2_ws/install/webots_ros2_msgs/share/webots_ros2_msgs/cmake/webots_ros2_msgsConfig.cmake
[0.584s] -- Up-to-date symlink: /home/flynn/webots_ros2_ws/install/webots_ros2_msgs/share/webots_ros2_msgs/cmake/webots_ros2_msgsConfig-version.cmake
[0.584s] -- Up-to-date symlink: /home/flynn/webots_ros2_ws/install/webots_ros2_msgs/share/webots_ros2_msgs/package.xml
[0.584s] -- Up-to-date: /home/flynn/webots_ros2_ws/install/webots_ros2_msgs/lib/libwebots_ros2_msgs__rosidl_generator_c.so
[0.585s] -- Up-to-date: /home/flynn/webots_ros2_ws/install/webots_ros2_msgs/lib/libwebots_ros2_msgs__rosidl_typesupport_fastrtps_c.so
[0.585s] -- Up-to-date: /home/flynn/webots_ros2_ws/install/webots_ros2_msgs/lib/libwebots_ros2_msgs__rosidl_typesupport_fastrtps_cpp.so
[0.585s] -- Up-to-date: /home/flynn/webots_ros2_ws/install/webots_ros2_msgs/lib/libwebots_ros2_msgs__rosidl_typesupport_introspection_c.so
[0.585s] -- Up-to-date: /home/flynn/webots_ros2_ws/install/webots_ros2_msgs/lib/libwebots_ros2_msgs__rosidl_typesupport_c.so
[0.586s] -- Up-to-date: /home/flynn/webots_ros2_ws/install/webots_ros2_msgs/lib/libwebots_ros2_msgs__rosidl_typesupport_introspection_cpp.so
[0.586s] -- Up-to-date: /home/flynn/webots_ros2_ws/install/webots_ros2_msgs/lib/libwebots_ros2_msgs__rosidl_typesupport_cpp.so
[0.629s] Listing '/home/flynn/webots_ros2_ws/install/webots_ros2_msgs/local/lib/python3.10/dist-packages/webots_ros2_msgs'...
[0.630s] Listing '/home/flynn/webots_ros2_ws/install/webots_ros2_msgs/local/lib/python3.10/dist-packages/webots_ros2_msgs/msg'...
[0.630s] Listing '/home/flynn/webots_ros2_ws/install/webots_ros2_msgs/local/lib/python3.10/dist-packages/webots_ros2_msgs/srv'...
[0.636s] -- Up-to-date: /home/flynn/webots_ros2_ws/install/webots_ros2_msgs/lib/libwebots_ros2_msgs__rosidl_generator_py.so
[0.636s] -- Up-to-date: /home/flynn/webots_ros2_ws/install/webots_ros2_msgs/share/webots_ros2_msgs/cmake/export_webots_ros2_msgs__rosidl_generator_cExport.cmake
[0.636s] -- Up-to-date: /home/flynn/webots_ros2_ws/install/webots_ros2_msgs/share/webots_ros2_msgs/cmake/export_webots_ros2_msgs__rosidl_generator_cExport-noconfig.cmake
[0.636s] -- Up-to-date: /home/flynn/webots_ros2_ws/install/webots_ros2_msgs/share/webots_ros2_msgs/cmake/export_webots_ros2_msgs__rosidl_typesupport_fastrtps_cExport.cmake
[0.636s] -- Up-to-date: /home/flynn/webots_ros2_ws/install/webots_ros2_msgs/share/webots_ros2_msgs/cmake/export_webots_ros2_msgs__rosidl_typesupport_fastrtps_cExport-noconfig.cmake
[0.636s] -- Up-to-date: /home/flynn/webots_ros2_ws/install/webots_ros2_msgs/share/webots_ros2_msgs/cmake/export_webots_ros2_msgs__rosidl_generator_cppExport.cmake
[0.637s] -- Up-to-date: /home/flynn/webots_ros2_ws/install/webots_ros2_msgs/share/webots_ros2_msgs/cmake/export_webots_ros2_msgs__rosidl_typesupport_fastrtps_cppExport.cmake
[0.637s] -- Up-to-date: /home/flynn/webots_ros2_ws/install/webots_ros2_msgs/share/webots_ros2_msgs/cmake/export_webots_ros2_msgs__rosidl_typesupport_fastrtps_cppExport-noconfig.cmake
[0.637s] -- Up-to-date: /home/flynn/webots_ros2_ws/install/webots_ros2_msgs/share/webots_ros2_msgs/cmake/webots_ros2_msgs__rosidl_typesupport_introspection_cExport.cmake
[0.637s] -- Up-to-date: /home/flynn/webots_ros2_ws/install/webots_ros2_msgs/share/webots_ros2_msgs/cmake/webots_ros2_msgs__rosidl_typesupport_introspection_cExport-noconfig.cmake
[0.637s] -- Up-to-date: /home/flynn/webots_ros2_ws/install/webots_ros2_msgs/share/webots_ros2_msgs/cmake/webots_ros2_msgs__rosidl_typesupport_cExport.cmake
[0.637s] -- Up-to-date: /home/flynn/webots_ros2_ws/install/webots_ros2_msgs/share/webots_ros2_msgs/cmake/webots_ros2_msgs__rosidl_typesupport_cExport-noconfig.cmake
[0.637s] -- Up-to-date: /home/flynn/webots_ros2_ws/install/webots_ros2_msgs/share/webots_ros2_msgs/cmake/webots_ros2_msgs__rosidl_typesupport_introspection_cppExport.cmake
[0.638s] -- Up-to-date: /home/flynn/webots_ros2_ws/install/webots_ros2_msgs/share/webots_ros2_msgs/cmake/webots_ros2_msgs__rosidl_typesupport_introspection_cppExport-noconfig.cmake
[0.638s] -- Up-to-date: /home/flynn/webots_ros2_ws/install/webots_ros2_msgs/share/webots_ros2_msgs/cmake/webots_ros2_msgs__rosidl_typesupport_cppExport.cmake
[0.638s] -- Up-to-date: /home/flynn/webots_ros2_ws/install/webots_ros2_msgs/share/webots_ros2_msgs/cmake/webots_ros2_msgs__rosidl_typesupport_cppExport-noconfig.cmake
[0.638s] -- Up-to-date: /home/flynn/webots_ros2_ws/install/webots_ros2_msgs/share/webots_ros2_msgs/cmake/export_webots_ros2_msgs__rosidl_generator_pyExport.cmake
[0.638s] -- Up-to-date: /home/flynn/webots_ros2_ws/install/webots_ros2_msgs/share/webots_ros2_msgs/cmake/export_webots_ros2_msgs__rosidl_generator_pyExport-noconfig.cmake
[0.964s] Invoked command in '/home/flynn/webots_ros2_ws/build/webots_ros2_msgs' returned '0': CMAKE_PREFIX_PATH=/opt/ros/humble /usr/bin/cmake --install /home/flynn/webots_ros2_ws/build/webots_ros2_msgs
