[  3%] Built target turtlebot3_camera_service_interfaces__cpp
[ 12%] Built target turtlebot3_camera_service_interfaces__rosidl_generator_c
[ 12%] Built target ament_cmake_python_copy_turtlebot3_camera_service_interfaces
[ 22%] Built target turtlebot3_camera_service_interfaces__rosidl_typesupport_fastrtps_cpp
[ 32%] Built target turtlebot3_camera_service_interfaces__rosidl_typesupport_fastrtps_c
[ 41%] Built target turtlebot3_camera_service_interfaces__rosidl_typesupport_introspection_c
[ 61%] Built target turtlebot3_camera_service_interfaces__rosidl_typesupport_c
[ 61%] Built target turtlebot3_camera_service_interfaces__rosidl_typesupport_introspection_cpp
[ 70%] Built target turtlebot3_camera_service_interfaces__rosidl_typesupport_cpp
[ 70%] Built target turtlebot3_camera_service_interfaces
[ 74%] Built target turtlebot3_camera_service_interfaces__py
[ 80%] Built target turtlebot3_camera_service_interfaces__rosidl_generator_py
[ 87%] Built target turtlebot3_camera_service_interfaces__rosidl_typesupport_fastrtps_c__pyext
[ 93%] Built target turtlebot3_camera_service_interfaces__rosidl_typesupport_c__pyext
[100%] Built target turtlebot3_camera_service_interfaces__rosidl_typesupport_introspection_c__pyext
running egg_info
writing turtlebot3_camera_service_interfaces.egg-info/PKG-INFO
writing dependency_links to turtlebot3_camera_service_interfaces.egg-info/dependency_links.txt
writing top-level names to turtlebot3_camera_service_interfaces.egg-info/top_level.txt
reading manifest file 'turtlebot3_camera_service_interfaces.egg-info/SOURCES.txt'
writing manifest file 'turtlebot3_camera_service_interfaces.egg-info/SOURCES.txt'
[100%] Built target ament_cmake_python_build_turtlebot3_camera_service_interfaces_egg
-- Install configuration: ""
-- Up-to-date: /home/flynn/webots_ros2_ws/install/turtlebot3_camera_service_interfaces/share/ament_index/resource_index/rosidl_interfaces/turtlebot3_camera_service_interfaces
-- Up-to-date: /home/flynn/webots_ros2_ws/install/turtlebot3_camera_service_interfaces/include/turtlebot3_camera_service_interfaces/turtlebot3_camera_service_interfaces
-- Up-to-date: /home/flynn/webots_ros2_ws/install/turtlebot3_camera_service_interfaces/include/turtlebot3_camera_service_interfaces/turtlebot3_camera_service_interfaces/msg
-- Up-to-date: /home/flynn/webots_ros2_ws/install/turtlebot3_camera_service_interfaces/include/turtlebot3_camera_service_interfaces/turtlebot3_camera_service_interfaces/msg/rosidl_generator_c__visibility_control.h
-- Up-to-date: /home/flynn/webots_ros2_ws/install/turtlebot3_camera_service_interfaces/include/turtlebot3_camera_service_interfaces/turtlebot3_camera_service_interfaces/srv
-- Up-to-date: /home/flynn/webots_ros2_ws/install/turtlebot3_camera_service_interfaces/include/turtlebot3_camera_service_interfaces/turtlebot3_camera_service_interfaces/srv/detail
-- Up-to-date: /home/flynn/webots_ros2_ws/install/turtlebot3_camera_service_interfaces/include/turtlebot3_camera_service_interfaces/turtlebot3_camera_service_interfaces/srv/detail/image_capture__functions.c
-- Up-to-date: /home/flynn/webots_ros2_ws/install/turtlebot3_camera_service_interfaces/include/turtlebot3_camera_service_interfaces/turtlebot3_camera_service_interfaces/srv/detail/image_capture__struct.h
-- Up-to-date: /home/flynn/webots_ros2_ws/install/turtlebot3_camera_service_interfaces/include/turtlebot3_camera_service_interfaces/turtlebot3_camera_service_interfaces/srv/detail/image_capture__functions.h
-- Up-to-date: /home/flynn/webots_ros2_ws/install/turtlebot3_camera_service_interfaces/include/turtlebot3_camera_service_interfaces/turtlebot3_camera_service_interfaces/srv/detail/image_capture__type_support.h
-- Up-to-date: /home/flynn/webots_ros2_ws/install/turtlebot3_camera_service_interfaces/include/turtlebot3_camera_service_interfaces/turtlebot3_camera_service_interfaces/srv/image_capture.h
-- Up-to-date: /home/flynn/webots_ros2_ws/install/turtlebot3_camera_service_interfaces/share/turtlebot3_camera_service_interfaces/environment/library_path.sh
-- Up-to-date: /home/flynn/webots_ros2_ws/install/turtlebot3_camera_service_interfaces/share/turtlebot3_camera_service_interfaces/environment/library_path.dsv
-- Up-to-date: /home/flynn/webots_ros2_ws/install/turtlebot3_camera_service_interfaces/lib/libturtlebot3_camera_service_interfaces__rosidl_generator_c.so
-- Up-to-date: /home/flynn/webots_ros2_ws/install/turtlebot3_camera_service_interfaces/include/turtlebot3_camera_service_interfaces/turtlebot3_camera_service_interfaces
-- Up-to-date: /home/flynn/webots_ros2_ws/install/turtlebot3_camera_service_interfaces/include/turtlebot3_camera_service_interfaces/turtlebot3_camera_service_interfaces/msg
-- Up-to-date: /home/flynn/webots_ros2_ws/install/turtlebot3_camera_service_interfaces/include/turtlebot3_camera_service_interfaces/turtlebot3_camera_service_interfaces/msg/rosidl_typesupport_fastrtps_c__visibility_control.h
-- Up-to-date: /home/flynn/webots_ros2_ws/install/turtlebot3_camera_service_interfaces/include/turtlebot3_camera_service_interfaces/turtlebot3_camera_service_interfaces/srv
-- Up-to-date: /home/flynn/webots_ros2_ws/install/turtlebot3_camera_service_interfaces/include/turtlebot3_camera_service_interfaces/turtlebot3_camera_service_interfaces/srv/detail
-- Up-to-date: /home/flynn/webots_ros2_ws/install/turtlebot3_camera_service_interfaces/include/turtlebot3_camera_service_interfaces/turtlebot3_camera_service_interfaces/srv/detail/image_capture__rosidl_typesupport_fastrtps_c.h
-- Up-to-date: /home/flynn/webots_ros2_ws/install/turtlebot3_camera_service_interfaces/lib/libturtlebot3_camera_service_interfaces__rosidl_typesupport_fastrtps_c.so
-- Up-to-date: /home/flynn/webots_ros2_ws/install/turtlebot3_camera_service_interfaces/include/turtlebot3_camera_service_interfaces/turtlebot3_camera_service_interfaces
-- Up-to-date: /home/flynn/webots_ros2_ws/install/turtlebot3_camera_service_interfaces/include/turtlebot3_camera_service_interfaces/turtlebot3_camera_service_interfaces/msg
-- Up-to-date: /home/flynn/webots_ros2_ws/install/turtlebot3_camera_service_interfaces/include/turtlebot3_camera_service_interfaces/turtlebot3_camera_service_interfaces/msg/rosidl_typesupport_introspection_c__visibility_control.h
-- Up-to-date: /home/flynn/webots_ros2_ws/install/turtlebot3_camera_service_interfaces/include/turtlebot3_camera_service_interfaces/turtlebot3_camera_service_interfaces/srv
-- Up-to-date: /home/flynn/webots_ros2_ws/install/turtlebot3_camera_service_interfaces/include/turtlebot3_camera_service_interfaces/turtlebot3_camera_service_interfaces/srv/detail
-- Up-to-date: /home/flynn/webots_ros2_ws/install/turtlebot3_camera_service_interfaces/include/turtlebot3_camera_service_interfaces/turtlebot3_camera_service_interfaces/srv/detail/image_capture__rosidl_typesupport_introspection_c.h
-- Up-to-date: /home/flynn/webots_ros2_ws/install/turtlebot3_camera_service_interfaces/include/turtlebot3_camera_service_interfaces/turtlebot3_camera_service_interfaces/srv/detail/image_capture__type_support.c
-- Up-to-date: /home/flynn/webots_ros2_ws/install/turtlebot3_camera_service_interfaces/lib/libturtlebot3_camera_service_interfaces__rosidl_typesupport_introspection_c.so
-- Up-to-date: /home/flynn/webots_ros2_ws/install/turtlebot3_camera_service_interfaces/lib/libturtlebot3_camera_service_interfaces__rosidl_typesupport_c.so
-- Up-to-date: /home/flynn/webots_ros2_ws/install/turtlebot3_camera_service_interfaces/include/turtlebot3_camera_service_interfaces/turtlebot3_camera_service_interfaces
-- Up-to-date: /home/flynn/webots_ros2_ws/install/turtlebot3_camera_service_interfaces/include/turtlebot3_camera_service_interfaces/turtlebot3_camera_service_interfaces/msg
-- Up-to-date: /home/flynn/webots_ros2_ws/install/turtlebot3_camera_service_interfaces/include/turtlebot3_camera_service_interfaces/turtlebot3_camera_service_interfaces/msg/rosidl_generator_cpp__visibility_control.hpp
-- Up-to-date: /home/flynn/webots_ros2_ws/install/turtlebot3_camera_service_interfaces/include/turtlebot3_camera_service_interfaces/turtlebot3_camera_service_interfaces/srv
-- Up-to-date: /home/flynn/webots_ros2_ws/install/turtlebot3_camera_service_interfaces/include/turtlebot3_camera_service_interfaces/turtlebot3_camera_service_interfaces/srv/detail
-- Up-to-date: /home/flynn/webots_ros2_ws/install/turtlebot3_camera_service_interfaces/include/turtlebot3_camera_service_interfaces/turtlebot3_camera_service_interfaces/srv/detail/image_capture__builder.hpp
-- Up-to-date: /home/flynn/webots_ros2_ws/install/turtlebot3_camera_service_interfaces/include/turtlebot3_camera_service_interfaces/turtlebot3_camera_service_interfaces/srv/detail/image_capture__type_support.hpp
-- Up-to-date: /home/flynn/webots_ros2_ws/install/turtlebot3_camera_service_interfaces/include/turtlebot3_camera_service_interfaces/turtlebot3_camera_service_interfaces/srv/detail/image_capture__traits.hpp
-- Up-to-date: /home/flynn/webots_ros2_ws/install/turtlebot3_camera_service_interfaces/include/turtlebot3_camera_service_interfaces/turtlebot3_camera_service_interfaces/srv/detail/image_capture__struct.hpp
-- Up-to-date: /home/flynn/webots_ros2_ws/install/turtlebot3_camera_service_interfaces/include/turtlebot3_camera_service_interfaces/turtlebot3_camera_service_interfaces/srv/image_capture.hpp
-- Up-to-date: /home/flynn/webots_ros2_ws/install/turtlebot3_camera_service_interfaces/include/turtlebot3_camera_service_interfaces/turtlebot3_camera_service_interfaces
-- Up-to-date: /home/flynn/webots_ros2_ws/install/turtlebot3_camera_service_interfaces/include/turtlebot3_camera_service_interfaces/turtlebot3_camera_service_interfaces/msg
-- Up-to-date: /home/flynn/webots_ros2_ws/install/turtlebot3_camera_service_interfaces/include/turtlebot3_camera_service_interfaces/turtlebot3_camera_service_interfaces/msg/rosidl_typesupport_fastrtps_cpp__visibility_control.h
-- Up-to-date: /home/flynn/webots_ros2_ws/install/turtlebot3_camera_service_interfaces/include/turtlebot3_camera_service_interfaces/turtlebot3_camera_service_interfaces/srv
-- Up-to-date: /home/flynn/webots_ros2_ws/install/turtlebot3_camera_service_interfaces/include/turtlebot3_camera_service_interfaces/turtlebot3_camera_service_interfaces/srv/detail
-- Up-to-date: /home/flynn/webots_ros2_ws/install/turtlebot3_camera_service_interfaces/include/turtlebot3_camera_service_interfaces/turtlebot3_camera_service_interfaces/srv/detail/dds_fastrtps
-- Up-to-date: /home/flynn/webots_ros2_ws/install/turtlebot3_camera_service_interfaces/include/turtlebot3_camera_service_interfaces/turtlebot3_camera_service_interfaces/srv/detail/image_capture__rosidl_typesupport_fastrtps_cpp.hpp
-- Up-to-date: /home/flynn/webots_ros2_ws/install/turtlebot3_camera_service_interfaces/lib/libturtlebot3_camera_service_interfaces__rosidl_typesupport_fastrtps_cpp.so
-- Up-to-date: /home/flynn/webots_ros2_ws/install/turtlebot3_camera_service_interfaces/include/turtlebot3_camera_service_interfaces/turtlebot3_camera_service_interfaces
-- Up-to-date: /home/flynn/webots_ros2_ws/install/turtlebot3_camera_service_interfaces/include/turtlebot3_camera_service_interfaces/turtlebot3_camera_service_interfaces/srv
-- Up-to-date: /home/flynn/webots_ros2_ws/install/turtlebot3_camera_service_interfaces/include/turtlebot3_camera_service_interfaces/turtlebot3_camera_service_interfaces/srv/detail
-- Up-to-date: /home/flynn/webots_ros2_ws/install/turtlebot3_camera_service_interfaces/include/turtlebot3_camera_service_interfaces/turtlebot3_camera_service_interfaces/srv/detail/image_capture__type_support.cpp
-- Up-to-date: /home/flynn/webots_ros2_ws/install/turtlebot3_camera_service_interfaces/include/turtlebot3_camera_service_interfaces/turtlebot3_camera_service_interfaces/srv/detail/image_capture__rosidl_typesupport_introspection_cpp.hpp
-- Up-to-date: /home/flynn/webots_ros2_ws/install/turtlebot3_camera_service_interfaces/lib/libturtlebot3_camera_service_interfaces__rosidl_typesupport_introspection_cpp.so
-- Up-to-date: /home/flynn/webots_ros2_ws/install/turtlebot3_camera_service_interfaces/lib/libturtlebot3_camera_service_interfaces__rosidl_typesupport_cpp.so
-- Up-to-date: /home/flynn/webots_ros2_ws/install/turtlebot3_camera_service_interfaces/share/turtlebot3_camera_service_interfaces/environment/pythonpath.sh
-- Up-to-date: /home/flynn/webots_ros2_ws/install/turtlebot3_camera_service_interfaces/share/turtlebot3_camera_service_interfaces/environment/pythonpath.dsv
-- Up-to-date: /home/flynn/webots_ros2_ws/install/turtlebot3_camera_service_interfaces/local/lib/python3.10/dist-packages/turtlebot3_camera_service_interfaces-0.0.0-py3.10.egg-info
-- Installing: /home/flynn/webots_ros2_ws/install/turtlebot3_camera_service_interfaces/local/lib/python3.10/dist-packages/turtlebot3_camera_service_interfaces-0.0.0-py3.10.egg-info/dependency_links.txt
-- Installing: /home/flynn/webots_ros2_ws/install/turtlebot3_camera_service_interfaces/local/lib/python3.10/dist-packages/turtlebot3_camera_service_interfaces-0.0.0-py3.10.egg-info/PKG-INFO
-- Installing: /home/flynn/webots_ros2_ws/install/turtlebot3_camera_service_interfaces/local/lib/python3.10/dist-packages/turtlebot3_camera_service_interfaces-0.0.0-py3.10.egg-info/top_level.txt
-- Installing: /home/flynn/webots_ros2_ws/install/turtlebot3_camera_service_interfaces/local/lib/python3.10/dist-packages/turtlebot3_camera_service_interfaces-0.0.0-py3.10.egg-info/SOURCES.txt
-- Up-to-date: /home/flynn/webots_ros2_ws/install/turtlebot3_camera_service_interfaces/local/lib/python3.10/dist-packages/turtlebot3_camera_service_interfaces
-- Up-to-date: /home/flynn/webots_ros2_ws/install/turtlebot3_camera_service_interfaces/local/lib/python3.10/dist-packages/turtlebot3_camera_service_interfaces/__init__.py
-- Up-to-date: /home/flynn/webots_ros2_ws/install/turtlebot3_camera_service_interfaces/local/lib/python3.10/dist-packages/turtlebot3_camera_service_interfaces/turtlebot3_camera_service_interfaces_s__rosidl_typesupport_introspection_c.cpython-310-x86_64-linux-gnu.so
-- Up-to-date: /home/flynn/webots_ros2_ws/install/turtlebot3_camera_service_interfaces/local/lib/python3.10/dist-packages/turtlebot3_camera_service_interfaces/libturtlebot3_camera_service_interfaces__rosidl_generator_py.so
-- Up-to-date: /home/flynn/webots_ros2_ws/install/turtlebot3_camera_service_interfaces/local/lib/python3.10/dist-packages/turtlebot3_camera_service_interfaces/_turtlebot3_camera_service_interfaces_s.ep.rosidl_typesupport_fastrtps_c.c
-- Up-to-date: /home/flynn/webots_ros2_ws/install/turtlebot3_camera_service_interfaces/local/lib/python3.10/dist-packages/turtlebot3_camera_service_interfaces/_turtlebot3_camera_service_interfaces_s.ep.rosidl_typesupport_c.c
-- Up-to-date: /home/flynn/webots_ros2_ws/install/turtlebot3_camera_service_interfaces/local/lib/python3.10/dist-packages/turtlebot3_camera_service_interfaces/turtlebot3_camera_service_interfaces_s__rosidl_typesupport_fastrtps_c.cpython-310-x86_64-linux-gnu.so
-- Up-to-date: /home/flynn/webots_ros2_ws/install/turtlebot3_camera_service_interfaces/local/lib/python3.10/dist-packages/turtlebot3_camera_service_interfaces/_turtlebot3_camera_service_interfaces_s.ep.rosidl_typesupport_introspection_c.c
-- Up-to-date: /home/flynn/webots_ros2_ws/install/turtlebot3_camera_service_interfaces/local/lib/python3.10/dist-packages/turtlebot3_camera_service_interfaces/srv
-- Up-to-date: /home/flynn/webots_ros2_ws/install/turtlebot3_camera_service_interfaces/local/lib/python3.10/dist-packages/turtlebot3_camera_service_interfaces/srv/__init__.py
-- Up-to-date: /home/flynn/webots_ros2_ws/install/turtlebot3_camera_service_interfaces/local/lib/python3.10/dist-packages/turtlebot3_camera_service_interfaces/srv/_image_capture_s.c
-- Up-to-date: /home/flynn/webots_ros2_ws/install/turtlebot3_camera_service_interfaces/local/lib/python3.10/dist-packages/turtlebot3_camera_service_interfaces/srv/_image_capture.py
-- Up-to-date: /home/flynn/webots_ros2_ws/install/turtlebot3_camera_service_interfaces/local/lib/python3.10/dist-packages/turtlebot3_camera_service_interfaces/turtlebot3_camera_service_interfaces_s__rosidl_typesupport_c.cpython-310-x86_64-linux-gnu.so
Listing '/home/flynn/webots_ros2_ws/install/turtlebot3_camera_service_interfaces/local/lib/python3.10/dist-packages/turtlebot3_camera_service_interfaces'...
Listing '/home/flynn/webots_ros2_ws/install/turtlebot3_camera_service_interfaces/local/lib/python3.10/dist-packages/turtlebot3_camera_service_interfaces/srv'...
-- Up-to-date: /home/flynn/webots_ros2_ws/install/turtlebot3_camera_service_interfaces/local/lib/python3.10/dist-packages/turtlebot3_camera_service_interfaces/turtlebot3_camera_service_interfaces_s__rosidl_typesupport_fastrtps_c.cpython-310-x86_64-linux-gnu.so
-- Up-to-date: /home/flynn/webots_ros2_ws/install/turtlebot3_camera_service_interfaces/local/lib/python3.10/dist-packages/turtlebot3_camera_service_interfaces/turtlebot3_camera_service_interfaces_s__rosidl_typesupport_introspection_c.cpython-310-x86_64-linux-gnu.so
-- Up-to-date: /home/flynn/webots_ros2_ws/install/turtlebot3_camera_service_interfaces/local/lib/python3.10/dist-packages/turtlebot3_camera_service_interfaces/turtlebot3_camera_service_interfaces_s__rosidl_typesupport_c.cpython-310-x86_64-linux-gnu.so
-- Up-to-date: /home/flynn/webots_ros2_ws/install/turtlebot3_camera_service_interfaces/lib/libturtlebot3_camera_service_interfaces__rosidl_generator_py.so
-- Up-to-date: /home/flynn/webots_ros2_ws/install/turtlebot3_camera_service_interfaces/share/turtlebot3_camera_service_interfaces/srv/ImageCapture.idl
-- Up-to-date: /home/flynn/webots_ros2_ws/install/turtlebot3_camera_service_interfaces/share/turtlebot3_camera_service_interfaces/srv/ImageCapture.srv
-- Up-to-date: /home/flynn/webots_ros2_ws/install/turtlebot3_camera_service_interfaces/share/turtlebot3_camera_service_interfaces/srv/ImageCapture_Request.msg
-- Up-to-date: /home/flynn/webots_ros2_ws/install/turtlebot3_camera_service_interfaces/share/turtlebot3_camera_service_interfaces/srv/ImageCapture_Response.msg
-- Up-to-date: /home/flynn/webots_ros2_ws/install/turtlebot3_camera_service_interfaces/share/ament_index/resource_index/package_run_dependencies/turtlebot3_camera_service_interfaces
-- Up-to-date: /home/flynn/webots_ros2_ws/install/turtlebot3_camera_service_interfaces/share/ament_index/resource_index/parent_prefix_path/turtlebot3_camera_service_interfaces
-- Up-to-date: /home/flynn/webots_ros2_ws/install/turtlebot3_camera_service_interfaces/share/turtlebot3_camera_service_interfaces/environment/ament_prefix_path.sh
-- Up-to-date: /home/flynn/webots_ros2_ws/install/turtlebot3_camera_service_interfaces/share/turtlebot3_camera_service_interfaces/environment/ament_prefix_path.dsv
-- Up-to-date: /home/flynn/webots_ros2_ws/install/turtlebot3_camera_service_interfaces/share/turtlebot3_camera_service_interfaces/environment/path.sh
-- Up-to-date: /home/flynn/webots_ros2_ws/install/turtlebot3_camera_service_interfaces/share/turtlebot3_camera_service_interfaces/environment/path.dsv
-- Up-to-date: /home/flynn/webots_ros2_ws/install/turtlebot3_camera_service_interfaces/share/turtlebot3_camera_service_interfaces/local_setup.bash
-- Up-to-date: /home/flynn/webots_ros2_ws/install/turtlebot3_camera_service_interfaces/share/turtlebot3_camera_service_interfaces/local_setup.sh
-- Up-to-date: /home/flynn/webots_ros2_ws/install/turtlebot3_camera_service_interfaces/share/turtlebot3_camera_service_interfaces/local_setup.zsh
-- Up-to-date: /home/flynn/webots_ros2_ws/install/turtlebot3_camera_service_interfaces/share/turtlebot3_camera_service_interfaces/local_setup.dsv
-- Up-to-date: /home/flynn/webots_ros2_ws/install/turtlebot3_camera_service_interfaces/share/turtlebot3_camera_service_interfaces/package.dsv
-- Up-to-date: /home/flynn/webots_ros2_ws/install/turtlebot3_camera_service_interfaces/share/ament_index/resource_index/packages/turtlebot3_camera_service_interfaces
-- Up-to-date: /home/flynn/webots_ros2_ws/install/turtlebot3_camera_service_interfaces/share/turtlebot3_camera_service_interfaces/cmake/export_turtlebot3_camera_service_interfaces__rosidl_generator_cExport.cmake
-- Up-to-date: /home/flynn/webots_ros2_ws/install/turtlebot3_camera_service_interfaces/share/turtlebot3_camera_service_interfaces/cmake/export_turtlebot3_camera_service_interfaces__rosidl_generator_cExport-noconfig.cmake
-- Up-to-date: /home/flynn/webots_ros2_ws/install/turtlebot3_camera_service_interfaces/share/turtlebot3_camera_service_interfaces/cmake/export_turtlebot3_camera_service_interfaces__rosidl_typesupport_fastrtps_cExport.cmake
-- Up-to-date: /home/flynn/webots_ros2_ws/install/turtlebot3_camera_service_interfaces/share/turtlebot3_camera_service_interfaces/cmake/export_turtlebot3_camera_service_interfaces__rosidl_typesupport_fastrtps_cExport-noconfig.cmake
-- Up-to-date: /home/flynn/webots_ros2_ws/install/turtlebot3_camera_service_interfaces/share/turtlebot3_camera_service_interfaces/cmake/turtlebot3_camera_service_interfaces__rosidl_typesupport_introspection_cExport.cmake
-- Up-to-date: /home/flynn/webots_ros2_ws/install/turtlebot3_camera_service_interfaces/share/turtlebot3_camera_service_interfaces/cmake/turtlebot3_camera_service_interfaces__rosidl_typesupport_introspection_cExport-noconfig.cmake
-- Up-to-date: /home/flynn/webots_ros2_ws/install/turtlebot3_camera_service_interfaces/share/turtlebot3_camera_service_interfaces/cmake/turtlebot3_camera_service_interfaces__rosidl_typesupport_cExport.cmake
-- Up-to-date: /home/flynn/webots_ros2_ws/install/turtlebot3_camera_service_interfaces/share/turtlebot3_camera_service_interfaces/cmake/turtlebot3_camera_service_interfaces__rosidl_typesupport_cExport-noconfig.cmake
-- Up-to-date: /home/flynn/webots_ros2_ws/install/turtlebot3_camera_service_interfaces/share/turtlebot3_camera_service_interfaces/cmake/export_turtlebot3_camera_service_interfaces__rosidl_generator_cppExport.cmake
-- Up-to-date: /home/flynn/webots_ros2_ws/install/turtlebot3_camera_service_interfaces/share/turtlebot3_camera_service_interfaces/cmake/export_turtlebot3_camera_service_interfaces__rosidl_typesupport_fastrtps_cppExport.cmake
-- Up-to-date: /home/flynn/webots_ros2_ws/install/turtlebot3_camera_service_interfaces/share/turtlebot3_camera_service_interfaces/cmake/export_turtlebot3_camera_service_interfaces__rosidl_typesupport_fastrtps_cppExport-noconfig.cmake
-- Up-to-date: /home/flynn/webots_ros2_ws/install/turtlebot3_camera_service_interfaces/share/turtlebot3_camera_service_interfaces/cmake/turtlebot3_camera_service_interfaces__rosidl_typesupport_introspection_cppExport.cmake
-- Up-to-date: /home/flynn/webots_ros2_ws/install/turtlebot3_camera_service_interfaces/share/turtlebot3_camera_service_interfaces/cmake/turtlebot3_camera_service_interfaces__rosidl_typesupport_introspection_cppExport-noconfig.cmake
-- Up-to-date: /home/flynn/webots_ros2_ws/install/turtlebot3_camera_service_interfaces/share/turtlebot3_camera_service_interfaces/cmake/turtlebot3_camera_service_interfaces__rosidl_typesupport_cppExport.cmake
-- Up-to-date: /home/flynn/webots_ros2_ws/install/turtlebot3_camera_service_interfaces/share/turtlebot3_camera_service_interfaces/cmake/turtlebot3_camera_service_interfaces__rosidl_typesupport_cppExport-noconfig.cmake
-- Up-to-date: /home/flynn/webots_ros2_ws/install/turtlebot3_camera_service_interfaces/share/turtlebot3_camera_service_interfaces/cmake/export_turtlebot3_camera_service_interfaces__rosidl_generator_pyExport.cmake
-- Up-to-date: /home/flynn/webots_ros2_ws/install/turtlebot3_camera_service_interfaces/share/turtlebot3_camera_service_interfaces/cmake/export_turtlebot3_camera_service_interfaces__rosidl_generator_pyExport-noconfig.cmake
-- Up-to-date: /home/flynn/webots_ros2_ws/install/turtlebot3_camera_service_interfaces/share/turtlebot3_camera_service_interfaces/cmake/rosidl_cmake-extras.cmake
-- Up-to-date: /home/flynn/webots_ros2_ws/install/turtlebot3_camera_service_interfaces/share/turtlebot3_camera_service_interfaces/cmake/ament_cmake_export_include_directories-extras.cmake
-- Up-to-date: /home/flynn/webots_ros2_ws/install/turtlebot3_camera_service_interfaces/share/turtlebot3_camera_service_interfaces/cmake/ament_cmake_export_libraries-extras.cmake
-- Up-to-date: /home/flynn/webots_ros2_ws/install/turtlebot3_camera_service_interfaces/share/turtlebot3_camera_service_interfaces/cmake/ament_cmake_export_targets-extras.cmake
-- Up-to-date: /home/flynn/webots_ros2_ws/install/turtlebot3_camera_service_interfaces/share/turtlebot3_camera_service_interfaces/cmake/rosidl_cmake_export_typesupport_targets-extras.cmake
-- Up-to-date: /home/flynn/webots_ros2_ws/install/turtlebot3_camera_service_interfaces/share/turtlebot3_camera_service_interfaces/cmake/ament_cmake_export_dependencies-extras.cmake
-- Up-to-date: /home/flynn/webots_ros2_ws/install/turtlebot3_camera_service_interfaces/share/turtlebot3_camera_service_interfaces/cmake/rosidl_cmake_export_typesupport_libraries-extras.cmake
-- Up-to-date: /home/flynn/webots_ros2_ws/install/turtlebot3_camera_service_interfaces/share/turtlebot3_camera_service_interfaces/cmake/turtlebot3_camera_service_interfacesConfig.cmake
-- Up-to-date: /home/flynn/webots_ros2_ws/install/turtlebot3_camera_service_interfaces/share/turtlebot3_camera_service_interfaces/cmake/turtlebot3_camera_service_interfacesConfig-version.cmake
-- Up-to-date: /home/flynn/webots_ros2_ws/install/turtlebot3_camera_service_interfaces/share/turtlebot3_camera_service_interfaces/package.xml
