[0.014s] Invoking command in '/home/flynn/webots_ros2_ws/build/webots_ros2_control': AMENT_PREFIX_PATH=/home/flynn/webots_ros2_ws/install/webots_ros2_driver:/home/flynn/webots_ros2_ws/install/webots_ros2_msgs:${AMENT_PREFIX_PATH} CMAKE_PREFIX_PATH=/home/flynn/webots_ros2_ws/install/webots_ros2_driver:/home/flynn/webots_ros2_ws/install/webots_ros2_msgs:/opt/ros/humble LD_LIBRARY_PATH=/home/flynn/webots_ros2_ws/install/webots_ros2_driver/lib:/home/flynn/webots_ros2_ws/install/webots_ros2_msgs/lib:${LD_LIBRARY_PATH} PYTHONPATH=/home/flynn/webots_ros2_ws/install/webots_ros2_driver/local/lib/python3.10/dist-packages:/home/flynn/webots_ros2_ws/install/webots_ros2_msgs/local/lib/python3.10/dist-packages:${PYTHONPATH} /usr/bin/cmake --build /home/flynn/webots_ros2_ws/build/webots_ros2_control -- -j24 -l24
[0.066s] [35m[1mConsolidate compiler generated dependencies of target webots_ros2_control[0m
[0.066s] [35m[1mConsolidate compiler generated dependencies of target webots_ros2_control_system[0m
[0.089s] [ 25%] [32m[1mLinking CXX shared library libwebots_ros2_control_system.so[0m
[0.091s] [ 50%] [32m[1mLinking CXX shared library libwebots_ros2_control.so[0m
[0.319s] [ 75%] Built target webots_ros2_control_system
[0.546s] [100%] Built target webots_ros2_control
[0.560s] Invoked command in '/home/flynn/webots_ros2_ws/build/webots_ros2_control' returned '0': AMENT_PREFIX_PATH=/home/flynn/webots_ros2_ws/install/webots_ros2_driver:/home/flynn/webots_ros2_ws/install/webots_ros2_msgs:${AMENT_PREFIX_PATH} CMAKE_PREFIX_PATH=/home/flynn/webots_ros2_ws/install/webots_ros2_driver:/home/flynn/webots_ros2_ws/install/webots_ros2_msgs:/opt/ros/humble LD_LIBRARY_PATH=/home/flynn/webots_ros2_ws/install/webots_ros2_driver/lib:/home/flynn/webots_ros2_ws/install/webots_ros2_msgs/lib:${LD_LIBRARY_PATH} PYTHONPATH=/home/flynn/webots_ros2_ws/install/webots_ros2_driver/local/lib/python3.10/dist-packages:/home/flynn/webots_ros2_ws/install/webots_ros2_msgs/local/lib/python3.10/dist-packages:${PYTHONPATH} /usr/bin/cmake --build /home/flynn/webots_ros2_ws/build/webots_ros2_control -- -j24 -l24
[0.562s] Invoking command in '/home/flynn/webots_ros2_ws/build/webots_ros2_control': AMENT_PREFIX_PATH=/home/flynn/webots_ros2_ws/install/webots_ros2_driver:/home/flynn/webots_ros2_ws/install/webots_ros2_msgs:${AMENT_PREFIX_PATH} CMAKE_PREFIX_PATH=/home/flynn/webots_ros2_ws/install/webots_ros2_driver:/home/flynn/webots_ros2_ws/install/webots_ros2_msgs:/opt/ros/humble LD_LIBRARY_PATH=/home/flynn/webots_ros2_ws/install/webots_ros2_driver/lib:/home/flynn/webots_ros2_ws/install/webots_ros2_msgs/lib:${LD_LIBRARY_PATH} PYTHONPATH=/home/flynn/webots_ros2_ws/install/webots_ros2_driver/local/lib/python3.10/dist-packages:/home/flynn/webots_ros2_ws/install/webots_ros2_msgs/local/lib/python3.10/dist-packages:${PYTHONPATH} /usr/bin/cmake --install /home/flynn/webots_ros2_ws/build/webots_ros2_control
[0.571s] -- Install configuration: ""
[0.572s] -- Execute custom install script
[0.572s] -- Up-to-date symlink: /home/flynn/webots_ros2_ws/install/webots_ros2_control/share/webots_ros2_control//webots_ros2_control.xml
[0.572s] -- Up-to-date symlink: /home/flynn/webots_ros2_ws/install/webots_ros2_control/share/webots_ros2_control//webots_ros2_control_system.xml
[0.573s] -- Up-to-date symlink: /home/flynn/webots_ros2_ws/install/webots_ros2_control/lib/libwebots_ros2_control.so
[0.573s] -- Up-to-date symlink: /home/flynn/webots_ros2_ws/install/webots_ros2_control/lib/libwebots_ros2_control_system.so
[0.573s] -- Up-to-date symlink: /home/flynn/webots_ros2_ws/install/webots_ros2_control/include/webots_ros2_control/Ros2Control.hpp
[0.573s] -- Up-to-date symlink: /home/flynn/webots_ros2_ws/install/webots_ros2_control/include/webots_ros2_control/Ros2ControlSystem.hpp
[0.574s] -- Up-to-date symlink: /home/flynn/webots_ros2_ws/install/webots_ros2_control/include/webots_ros2_control/Ros2ControlSystemInterface.hpp
[0.574s] -- Up-to-date symlink: /home/flynn/webots_ros2_ws/install/webots_ros2_control/share/webots_ros2_control/environment/library_path.sh
[0.574s] -- Up-to-date symlink: /home/flynn/webots_ros2_ws/install/webots_ros2_control/share/webots_ros2_control/environment/library_path.dsv
[0.574s] -- Up-to-date symlink: /home/flynn/webots_ros2_ws/install/webots_ros2_control/share/ament_index/resource_index/package_run_dependencies/webots_ros2_control
[0.574s] -- Up-to-date symlink: /home/flynn/webots_ros2_ws/install/webots_ros2_control/share/ament_index/resource_index/parent_prefix_path/webots_ros2_control
[0.574s] -- Up-to-date symlink: /home/flynn/webots_ros2_ws/install/webots_ros2_control/share/webots_ros2_control/environment/ament_prefix_path.sh
[0.574s] -- Up-to-date symlink: /home/flynn/webots_ros2_ws/install/webots_ros2_control/share/webots_ros2_control/environment/ament_prefix_path.dsv
[0.574s] -- Up-to-date symlink: /home/flynn/webots_ros2_ws/install/webots_ros2_control/share/webots_ros2_control/environment/path.sh
[0.575s] -- Up-to-date symlink: /home/flynn/webots_ros2_ws/install/webots_ros2_control/share/webots_ros2_control/environment/path.dsv
[0.575s] -- Up-to-date symlink: /home/flynn/webots_ros2_ws/install/webots_ros2_control/share/webots_ros2_control/local_setup.bash
[0.575s] -- Up-to-date symlink: /home/flynn/webots_ros2_ws/install/webots_ros2_control/share/webots_ros2_control/local_setup.sh
[0.575s] -- Up-to-date symlink: /home/flynn/webots_ros2_ws/install/webots_ros2_control/share/webots_ros2_control/local_setup.zsh
[0.575s] -- Up-to-date symlink: /home/flynn/webots_ros2_ws/install/webots_ros2_control/share/webots_ros2_control/local_setup.dsv
[0.575s] -- Symlinking: /home/flynn/webots_ros2_ws/install/webots_ros2_control/share/webots_ros2_control/package.dsv
[0.585s] -- Up-to-date symlink: /home/flynn/webots_ros2_ws/install/webots_ros2_control/share/ament_index/resource_index/packages/webots_ros2_control
[0.585s] -- Up-to-date symlink: /home/flynn/webots_ros2_ws/install/webots_ros2_control/share/ament_index/resource_index/webots_ros2_driver__pluginlib__plugin/webots_ros2_control
[0.585s] -- Up-to-date symlink: /home/flynn/webots_ros2_ws/install/webots_ros2_control/share/ament_index/resource_index/webots_ros2_control__pluginlib__plugin/webots_ros2_control
[0.585s] -- Up-to-date symlink: /home/flynn/webots_ros2_ws/install/webots_ros2_control/share/webots_ros2_control/cmake/ament_cmake_export_include_directories-extras.cmake
[0.585s] -- Up-to-date symlink: /home/flynn/webots_ros2_ws/install/webots_ros2_control/share/webots_ros2_control/cmake/ament_cmake_export_dependencies-extras.cmake
[0.586s] -- Up-to-date symlink: /home/flynn/webots_ros2_ws/install/webots_ros2_control/share/webots_ros2_control/cmake/ament_cmake_export_libraries-extras.cmake
[0.586s] -- Up-to-date symlink: /home/flynn/webots_ros2_ws/install/webots_ros2_control/share/webots_ros2_control/cmake/webots_ros2_controlConfig.cmake
[0.586s] -- Up-to-date symlink: /home/flynn/webots_ros2_ws/install/webots_ros2_control/share/webots_ros2_control/cmake/webots_ros2_controlConfig-version.cmake
[0.586s] -- Up-to-date symlink: /home/flynn/webots_ros2_ws/install/webots_ros2_control/share/webots_ros2_control/package.xml
[0.588s] Invoked command in '/home/flynn/webots_ros2_ws/build/webots_ros2_control' returned '0': AMENT_PREFIX_PATH=/home/flynn/webots_ros2_ws/install/webots_ros2_driver:/home/flynn/webots_ros2_ws/install/webots_ros2_msgs:${AMENT_PREFIX_PATH} CMAKE_PREFIX_PATH=/home/flynn/webots_ros2_ws/install/webots_ros2_driver:/home/flynn/webots_ros2_ws/install/webots_ros2_msgs:/opt/ros/humble LD_LIBRARY_PATH=/home/flynn/webots_ros2_ws/install/webots_ros2_driver/lib:/home/flynn/webots_ros2_ws/install/webots_ros2_msgs/lib:${LD_LIBRARY_PATH} PYTHONPATH=/home/flynn/webots_ros2_ws/install/webots_ros2_driver/local/lib/python3.10/dist-packages:/home/flynn/webots_ros2_ws/install/webots_ros2_msgs/local/lib/python3.10/dist-packages:${PYTHONPATH} /usr/bin/cmake --install /home/flynn/webots_ros2_ws/build/webots_ros2_control
