running develop
Removing /home/flynn/webots_ros2_ws/install/nav2_bt_hw/lib/python3.10/site-packages/nav2-bt-hw.egg-link (link to .)
running egg_info
writing ../../build/nav2_bt_hw/nav2_bt_hw.egg-info/PKG-INFO
writing dependency_links to ../../build/nav2_bt_hw/nav2_bt_hw.egg-info/dependency_links.txt
writing entry points to ../../build/nav2_bt_hw/nav2_bt_hw.egg-info/entry_points.txt
writing requirements to ../../build/nav2_bt_hw/nav2_bt_hw.egg-info/requires.txt
writing top-level names to ../../build/nav2_bt_hw/nav2_bt_hw.egg-info/top_level.txt
reading manifest file '../../build/nav2_bt_hw/nav2_bt_hw.egg-info/SOURCES.txt'
writing manifest file '../../build/nav2_bt_hw/nav2_bt_hw.egg-info/SOURCES.txt'
running build
running build_py
creating /home/flynn/webots_ros2_ws/build/nav2_bt_hw/build
creating /home/flynn/webots_ros2_ws/build/nav2_bt_hw/build/lib
creating /home/flynn/webots_ros2_ws/build/nav2_bt_hw/build/lib/nav2_bt_hw
copying nav2_bt_hw/bt_sequence_node.py -> /home/flynn/webots_ros2_ws/build/nav2_bt_hw/build/lib/nav2_bt_hw
copying nav2_bt_hw/move_to_goal.py -> /home/flynn/webots_ros2_ws/build/nav2_bt_hw/build/lib/nav2_bt_hw
copying nav2_bt_hw/__init__.py -> /home/flynn/webots_ros2_ws/build/nav2_bt_hw/build/lib/nav2_bt_hw
copying nav2_bt_hw/start_pose_saver.py -> /home/flynn/webots_ros2_ws/build/nav2_bt_hw/build/lib/nav2_bt_hw
copying nav2_bt_hw/return_to_start.py -> /home/flynn/webots_ros2_ws/build/nav2_bt_hw/build/lib/nav2_bt_hw
running install
running install_lib
creating /home/flynn/webots_ros2_ws/install/nav2_bt_hw/lib/python3.10/site-packages/nav2_bt_hw
copying /home/flynn/webots_ros2_ws/build/nav2_bt_hw/build/lib/nav2_bt_hw/bt_sequence_node.py -> /home/flynn/webots_ros2_ws/install/nav2_bt_hw/lib/python3.10/site-packages/nav2_bt_hw
copying /home/flynn/webots_ros2_ws/build/nav2_bt_hw/build/lib/nav2_bt_hw/move_to_goal.py -> /home/flynn/webots_ros2_ws/install/nav2_bt_hw/lib/python3.10/site-packages/nav2_bt_hw
copying /home/flynn/webots_ros2_ws/build/nav2_bt_hw/build/lib/nav2_bt_hw/__init__.py -> /home/flynn/webots_ros2_ws/install/nav2_bt_hw/lib/python3.10/site-packages/nav2_bt_hw
copying /home/flynn/webots_ros2_ws/build/nav2_bt_hw/build/lib/nav2_bt_hw/start_pose_saver.py -> /home/flynn/webots_ros2_ws/install/nav2_bt_hw/lib/python3.10/site-packages/nav2_bt_hw
copying /home/flynn/webots_ros2_ws/build/nav2_bt_hw/build/lib/nav2_bt_hw/return_to_start.py -> /home/flynn/webots_ros2_ws/install/nav2_bt_hw/lib/python3.10/site-packages/nav2_bt_hw
byte-compiling /home/flynn/webots_ros2_ws/install/nav2_bt_hw/lib/python3.10/site-packages/nav2_bt_hw/bt_sequence_node.py to bt_sequence_node.cpython-310.pyc
byte-compiling /home/flynn/webots_ros2_ws/install/nav2_bt_hw/lib/python3.10/site-packages/nav2_bt_hw/move_to_goal.py to move_to_goal.cpython-310.pyc
byte-compiling /home/flynn/webots_ros2_ws/install/nav2_bt_hw/lib/python3.10/site-packages/nav2_bt_hw/__init__.py to __init__.cpython-310.pyc
byte-compiling /home/flynn/webots_ros2_ws/install/nav2_bt_hw/lib/python3.10/site-packages/nav2_bt_hw/start_pose_saver.py to start_pose_saver.cpython-310.pyc
byte-compiling /home/flynn/webots_ros2_ws/install/nav2_bt_hw/lib/python3.10/site-packages/nav2_bt_hw/return_to_start.py to return_to_start.cpython-310.pyc
running install_data
copying resource/nav2_bt_hw -> /home/flynn/webots_ros2_ws/install/nav2_bt_hw/share/ament_index/resource_index/packages
copying package.xml -> /home/flynn/webots_ros2_ws/install/nav2_bt_hw/share/nav2_bt_hw
running install_egg_info
Copying ../../build/nav2_bt_hw/nav2_bt_hw.egg-info to /home/flynn/webots_ros2_ws/install/nav2_bt_hw/lib/python3.10/site-packages/nav2_bt_hw-0.0.0-py3.10.egg-info
running install_scripts
Installing bt_sequence_node script to /home/flynn/webots_ros2_ws/install/nav2_bt_hw/lib/nav2_bt_hw
writing list of installed files to '/home/flynn/webots_ros2_ws/build/nav2_bt_hw/install.log'
