[1.406s] Invoking command in '/home/flynn/webots_ros2_ws/build/nav2_bt_hw': CMAKE_PREFIX_PATH=/home/flynn/webots_ros2_ws/install/turtlebot3_camera_service_interfaces LD_LIBRARY_PATH=/home/flynn/webots_ros2_ws/install/turtlebot3_camera_service_interfaces/lib:${LD_LIBRARY_PATH} PKG_CONFIG_PATH=/home/flynn/webots_ros2_ws/install/turtlebot3_camera_service_interfaces/lib/x86_64-linux-gnu/pkgconfig:/home/flynn/webots_ros2_ws/install/turtlebot3_camera_service_interfaces/lib/pkgconfig PYTHONPATH=/home/flynn/webots_ros2_ws/build/nav2_bt_hw/prefix_override:/usr/lib/python3/dist-packages/colcon_core/task/python/colcon_distutils_commands:/home/flynn/webots_ros2_ws/install/nav2_bt_hw/lib/python3.10/site-packages:/home/flynn/webots_ros2_ws/install/turtlebot3_camera_service_interfaces/local/lib/python3.10/dist-packages:${PYTHONPATH} ROS_PACKAGE_PATH=/home/flynn/webots_ros2_ws/install/turtlebot3_camera_service_interfaces/share /usr/bin/python3 -W ignore:setup.py install is deprecated -W ignore:easy_install command is deprecated setup.py develop --uninstall --editable --build-directory /home/flynn/webots_ros2_ws/build/nav2_bt_hw/build
[1.767s] /usr/lib/python3/dist-packages/setuptools/dist.py:723: UserWarning: Usage of dash-separated 'script-dir' will not be supported in future versions. Please use the underscore name 'script_dir' instead
[1.767s]   warnings.warn(
[1.812s] running develop
[2.065s] Removing /home/flynn/webots_ros2_ws/install/nav2_bt_hw/lib/python3.10/site-packages/nav2-bt-hw.egg-link (link to .)
[2.106s] Invoked command in '/home/flynn/webots_ros2_ws/build/nav2_bt_hw' returned '0': CMAKE_PREFIX_PATH=/home/flynn/webots_ros2_ws/install/turtlebot3_camera_service_interfaces LD_LIBRARY_PATH=/home/flynn/webots_ros2_ws/install/turtlebot3_camera_service_interfaces/lib:${LD_LIBRARY_PATH} PKG_CONFIG_PATH=/home/flynn/webots_ros2_ws/install/turtlebot3_camera_service_interfaces/lib/x86_64-linux-gnu/pkgconfig:/home/flynn/webots_ros2_ws/install/turtlebot3_camera_service_interfaces/lib/pkgconfig PYTHONPATH=/home/flynn/webots_ros2_ws/build/nav2_bt_hw/prefix_override:/usr/lib/python3/dist-packages/colcon_core/task/python/colcon_distutils_commands:/home/flynn/webots_ros2_ws/install/nav2_bt_hw/lib/python3.10/site-packages:/home/flynn/webots_ros2_ws/install/turtlebot3_camera_service_interfaces/local/lib/python3.10/dist-packages:${PYTHONPATH} ROS_PACKAGE_PATH=/home/flynn/webots_ros2_ws/install/turtlebot3_camera_service_interfaces/share /usr/bin/python3 -W ignore:setup.py install is deprecated -W ignore:easy_install command is deprecated setup.py develop --uninstall --editable --build-directory /home/flynn/webots_ros2_ws/build/nav2_bt_hw/build
[2.109s] Invoking command in '/home/flynn/webots_ros2_ws/src/nav2_bt_hw': CMAKE_PREFIX_PATH=/home/flynn/webots_ros2_ws/install/turtlebot3_camera_service_interfaces LD_LIBRARY_PATH=/home/flynn/webots_ros2_ws/install/turtlebot3_camera_service_interfaces/lib:${LD_LIBRARY_PATH} PKG_CONFIG_PATH=/home/flynn/webots_ros2_ws/install/turtlebot3_camera_service_interfaces/lib/x86_64-linux-gnu/pkgconfig:/home/flynn/webots_ros2_ws/install/turtlebot3_camera_service_interfaces/lib/pkgconfig PYTHONPATH=/home/flynn/webots_ros2_ws/build/nav2_bt_hw/prefix_override:/usr/lib/python3/dist-packages/colcon_core/task/python/colcon_distutils_commands:/home/flynn/webots_ros2_ws/install/nav2_bt_hw/lib/python3.10/site-packages:/home/flynn/webots_ros2_ws/install/turtlebot3_camera_service_interfaces/local/lib/python3.10/dist-packages:${PYTHONPATH} ROS_PACKAGE_PATH=/home/flynn/webots_ros2_ws/install/turtlebot3_camera_service_interfaces/share /usr/bin/python3 -W ignore:setup.py install is deprecated -W ignore:easy_install command is deprecated setup.py egg_info --egg-base ../../build/nav2_bt_hw build --build-base /home/flynn/webots_ros2_ws/build/nav2_bt_hw/build install --record /home/flynn/webots_ros2_ws/build/nav2_bt_hw/install.log --install-scripts $base/lib/nav2_bt_hw --single-version-externally-managed install_data --force
[2.431s] /usr/lib/python3/dist-packages/setuptools/dist.py:723: UserWarning: Usage of dash-separated 'script-dir' will not be supported in future versions. Please use the underscore name 'script_dir' instead
[2.432s]   warnings.warn(
[2.442s] running egg_info
[2.443s] writing ../../build/nav2_bt_hw/nav2_bt_hw.egg-info/PKG-INFO
[2.444s] writing dependency_links to ../../build/nav2_bt_hw/nav2_bt_hw.egg-info/dependency_links.txt
[2.444s] writing entry points to ../../build/nav2_bt_hw/nav2_bt_hw.egg-info/entry_points.txt
[2.444s] writing requirements to ../../build/nav2_bt_hw/nav2_bt_hw.egg-info/requires.txt
[2.444s] writing top-level names to ../../build/nav2_bt_hw/nav2_bt_hw.egg-info/top_level.txt
[2.448s] reading manifest file '../../build/nav2_bt_hw/nav2_bt_hw.egg-info/SOURCES.txt'
[2.448s] writing manifest file '../../build/nav2_bt_hw/nav2_bt_hw.egg-info/SOURCES.txt'
[2.448s] running build
[2.448s] running build_py
[2.449s] creating /home/flynn/webots_ros2_ws/build/nav2_bt_hw/build
[2.449s] creating /home/flynn/webots_ros2_ws/build/nav2_bt_hw/build/lib
[2.449s] creating /home/flynn/webots_ros2_ws/build/nav2_bt_hw/build/lib/nav2_bt_hw
[2.449s] copying nav2_bt_hw/bt_sequence_node.py -> /home/flynn/webots_ros2_ws/build/nav2_bt_hw/build/lib/nav2_bt_hw
[2.450s] copying nav2_bt_hw/move_to_goal.py -> /home/flynn/webots_ros2_ws/build/nav2_bt_hw/build/lib/nav2_bt_hw
[2.450s] copying nav2_bt_hw/__init__.py -> /home/flynn/webots_ros2_ws/build/nav2_bt_hw/build/lib/nav2_bt_hw
[2.450s] copying nav2_bt_hw/start_pose_saver.py -> /home/flynn/webots_ros2_ws/build/nav2_bt_hw/build/lib/nav2_bt_hw
[2.450s] copying nav2_bt_hw/return_to_start.py -> /home/flynn/webots_ros2_ws/build/nav2_bt_hw/build/lib/nav2_bt_hw
[2.450s] running install
[2.451s] running install_lib
[2.451s] creating /home/flynn/webots_ros2_ws/install/nav2_bt_hw/lib/python3.10/site-packages/nav2_bt_hw
[2.451s] copying /home/flynn/webots_ros2_ws/build/nav2_bt_hw/build/lib/nav2_bt_hw/bt_sequence_node.py -> /home/flynn/webots_ros2_ws/install/nav2_bt_hw/lib/python3.10/site-packages/nav2_bt_hw
[2.452s] copying /home/flynn/webots_ros2_ws/build/nav2_bt_hw/build/lib/nav2_bt_hw/move_to_goal.py -> /home/flynn/webots_ros2_ws/install/nav2_bt_hw/lib/python3.10/site-packages/nav2_bt_hw
[2.452s] copying /home/flynn/webots_ros2_ws/build/nav2_bt_hw/build/lib/nav2_bt_hw/__init__.py -> /home/flynn/webots_ros2_ws/install/nav2_bt_hw/lib/python3.10/site-packages/nav2_bt_hw
[2.452s] copying /home/flynn/webots_ros2_ws/build/nav2_bt_hw/build/lib/nav2_bt_hw/start_pose_saver.py -> /home/flynn/webots_ros2_ws/install/nav2_bt_hw/lib/python3.10/site-packages/nav2_bt_hw
[2.452s] copying /home/flynn/webots_ros2_ws/build/nav2_bt_hw/build/lib/nav2_bt_hw/return_to_start.py -> /home/flynn/webots_ros2_ws/install/nav2_bt_hw/lib/python3.10/site-packages/nav2_bt_hw
[2.452s] byte-compiling /home/flynn/webots_ros2_ws/install/nav2_bt_hw/lib/python3.10/site-packages/nav2_bt_hw/bt_sequence_node.py to bt_sequence_node.cpython-310.pyc
[2.455s] byte-compiling /home/flynn/webots_ros2_ws/install/nav2_bt_hw/lib/python3.10/site-packages/nav2_bt_hw/move_to_goal.py to move_to_goal.cpython-310.pyc
[2.456s] byte-compiling /home/flynn/webots_ros2_ws/install/nav2_bt_hw/lib/python3.10/site-packages/nav2_bt_hw/__init__.py to __init__.cpython-310.pyc
[2.456s] byte-compiling /home/flynn/webots_ros2_ws/install/nav2_bt_hw/lib/python3.10/site-packages/nav2_bt_hw/start_pose_saver.py to start_pose_saver.cpython-310.pyc
[2.457s] byte-compiling /home/flynn/webots_ros2_ws/install/nav2_bt_hw/lib/python3.10/site-packages/nav2_bt_hw/return_to_start.py to return_to_start.cpython-310.pyc
[2.457s] running install_data
[2.457s] copying resource/nav2_bt_hw -> /home/flynn/webots_ros2_ws/install/nav2_bt_hw/share/ament_index/resource_index/packages
[2.458s] copying package.xml -> /home/flynn/webots_ros2_ws/install/nav2_bt_hw/share/nav2_bt_hw
[2.458s] running install_egg_info
[2.460s] Copying ../../build/nav2_bt_hw/nav2_bt_hw.egg-info to /home/flynn/webots_ros2_ws/install/nav2_bt_hw/lib/python3.10/site-packages/nav2_bt_hw-0.0.0-py3.10.egg-info
[2.461s] running install_scripts
[2.489s] Installing bt_sequence_node script to /home/flynn/webots_ros2_ws/install/nav2_bt_hw/lib/nav2_bt_hw
[2.490s] writing list of installed files to '/home/flynn/webots_ros2_ws/build/nav2_bt_hw/install.log'
[2.531s] Invoked command in '/home/flynn/webots_ros2_ws/src/nav2_bt_hw' returned '0': CMAKE_PREFIX_PATH=/home/flynn/webots_ros2_ws/install/turtlebot3_camera_service_interfaces LD_LIBRARY_PATH=/home/flynn/webots_ros2_ws/install/turtlebot3_camera_service_interfaces/lib:${LD_LIBRARY_PATH} PKG_CONFIG_PATH=/home/flynn/webots_ros2_ws/install/turtlebot3_camera_service_interfaces/lib/x86_64-linux-gnu/pkgconfig:/home/flynn/webots_ros2_ws/install/turtlebot3_camera_service_interfaces/lib/pkgconfig PYTHONPATH=/home/flynn/webots_ros2_ws/build/nav2_bt_hw/prefix_override:/usr/lib/python3/dist-packages/colcon_core/task/python/colcon_distutils_commands:/home/flynn/webots_ros2_ws/install/nav2_bt_hw/lib/python3.10/site-packages:/home/flynn/webots_ros2_ws/install/turtlebot3_camera_service_interfaces/local/lib/python3.10/dist-packages:${PYTHONPATH} ROS_PACKAGE_PATH=/home/flynn/webots_ros2_ws/install/turtlebot3_camera_service_interfaces/share /usr/bin/python3 -W ignore:setup.py install is deprecated -W ignore:easy_install command is deprecated setup.py egg_info --egg-base ../../build/nav2_bt_hw build --build-base /home/flynn/webots_ros2_ws/build/nav2_bt_hw/build install --record /home/flynn/webots_ros2_ws/build/nav2_bt_hw/install.log --install-scripts $base/lib/nav2_bt_hw --single-version-externally-managed install_data --force
